59.4166374206543 449.4067687988281
59.4166374206543 449.4067687988281
59.4166374206543 449.4067687988281
59.4166374206543 449.4067687988281
59.4166374206543 449.4067687988281
59.4166374206543 449.4067687988281
59.4166374206543 449.4067687988281
59.4166374206543 449.4067687988281
59.4166374206543 449.4067687988281
59.4166374206543 449.4067687988281
59.4166374206543 449.4067687988281
59.4166374206543 449.4067687988281
59.09128952026367 450.352294921875
59.09128952026367 450.352294921875
58.673152923583984 451.2606506347656
58.25501251220703 452.16900634765625
57.83686828613281 453.0773620605469
57.418724060058594 453.9857177734375
57.00057601928711 454.8940734863281
56.58242416381836 455.80242919921875
56.16427230834961 456.7107849121094
55.746116638183594 457.619140625
55.32795715332031 458.5274658203125
54.909793853759766 459.435791015625
54.49163055419922 460.3441162109375
54.073463439941406 461.25244140625
53.65529251098633 462.1607666015625
53.237117767333984 463.069091796875
52.81894302368164 463.9774169921875
52.40076446533203 464.8857421875
51.982582092285156 465.7940673828125
51.564395904541016 466.702392578125
51.146209716796875 467.6107177734375
50.72801971435547 468.51904296875
50.3098258972168 469.4273681640625
49.89162826538086 470.335693359375
49.47343063354492 471.2440185546875
49.05522918701172 472.15234375
48.63702392578125 473.0606689453125
48.21881866455078 473.968994140625
47.80060958862305 474.8773193359375
47.38239669799805 475.78564453125
46.96417999267578 476.6939697265625
46.545963287353516 477.602294921875
46.127742767333984 478.5106201171875
45.70951843261719 479.4189453125
45.291290283203125 480.3272399902344
44.87306213378906 481.23553466796875
44.454830169677734 482.1438293457031
44.03659439086914 483.0521240234375
43.61835479736328 483.9604187011719
43.20011520385742 484.86871337890625
43.20011520385742 484.86871337890625
43.20011520385742 484.86871337890625
43.20011520385742 484.86871337890625
43.20011520385742 484.86871337890625
43.20011520385742 484.86871337890625
43.20011520385742 484.86871337890625
43.20011520385742 484.86871337890625
43.20011520385742 484.86871337890625
43.20011520385742 484.86871337890625
43.20011520385742 484.86871337890625
43.20011520385742 484.86871337890625
43.20011520385742 484.86871337890625
43.20011520385742 484.86871337890625
43.99855422973633 485.0059509277344
44.77685546875 485.15570068359375
44.77685546875 485.15570068359375
44.77685546875 485.15570068359375
44.77685546875 485.15570068359375
44.77685546875 485.15570068359375
44.77685546875 485.15570068359375
44.77685546875 485.15570068359375
44.77685546875 485.15570068359375
44.77685546875 485.15570068359375
44.77685546875 485.15570068359375
45.14767837524414 485.9005126953125
45.50593948364258 486.6514587402344
45.851539611816406 487.4082946777344
46.18437576293945 488.17083740234375
46.504356384277344 488.9388732910156
46.81139373779297 489.712158203125
47.10540008544922 490.4905090332031
47.38629150390625 491.273681640625
47.653987884521484 492.06146240234375
47.908416748046875 492.8536376953125
48.14950180053711 493.64996337890625
48.37717819213867 494.4502258300781
48.59138107299805 495.25421142578125
48.792049407958984 496.0616760253906
48.9791259765625 496.87237548828125
49.15256118774414 497.6861267089844
49.31230163574219 498.5026550292969
49.45830535888672 499.32177734375
49.59053039550781 500.1432189941406
49.70893859863281 500.9667663574219
49.813499450683594 501.79217529296875
49.90418243408203 502.6192321777344
49.980960845947266 503.44769287109375
50.0438117980957 504.27734375
50.043827056884766 504.27825927734375
50.043827056884766 504.27825927734375
50.043827056884766 504.27825927734375
50.043827056884766 504.27825927734375
50.043827056884766 504.27825927734375
50.043827056884766 504.27825927734375
50.043827056884766 504.27825927734375
50.043827056884766 504.27825927734375
50.043827056884766 504.27825927734375
50.043827056884766 504.27825927734375
50.043827056884766 504.27825927734375
50.043827056884766 504.27825927734375
50.043827056884766 504.27825927734375
50.043827056884766 504.27825927734375
50.043827056884766 504.27825927734375
50.043827056884766 504.27825927734375
50.043827056884766 504.27825927734375
50.043827056884766 504.27825927734375
50.043827056884766 504.27825927734375
50.043827056884766 504.27825927734375
50.043827056884766 504.27825927734375
50.043827056884766 504.27825927734375
50.043827056884766 504.27825927734375
50.043827056884766 504.27825927734375
50.043827056884766 504.27825927734375
50.043827056884766 504.27825927734375
50.043827056884766 504.27825927734375
50.043827056884766 504.27825927734375
50.043827056884766 504.27825927734375
50.043827056884766 504.27825927734375
50.043827056884766 504.27825927734375
50.043827056884766 504.27825927734375
50.043827056884766 504.27825927734375
50.043827056884766 504.27825927734375
50.043827056884766 504.27825927734375
49.75682830810547 505.23614501953125
49.469825744628906 506.19403076171875
49.18281936645508 507.15191650390625
48.895809173583984 508.10980224609375
48.60879898071289 509.06768798828125
48.32178497314453 510.02557373046875
48.034767150878906 510.98345947265625
47.747745513916016 511.94134521484375
47.46072006225586 512.8992309570312
47.1736946105957 513.8571166992188
46.88666534423828 514.8150024414062
46.88666534423828 514.8150024414062
46.505435943603516 515.7394409179688
46.12420654296875 516.6638793945312
45.74297332763672 517.5883178710938
45.36173629760742 518.5127563476562
44.98049545288086 519.4371948242188
44.5992546081543 520.3616333007812
44.21800994873047 521.2860717773438
43.836761474609375 522.2105102539062
43.455509185791016 523.1349487304688
43.074256896972656 524.0593872070312
42.69300079345703 524.9838256835938
42.31174087524414 525.9082641601562
41.930477142333984 526.8327026367188
41.54921340942383 527.7571411132812
41.167945861816406 528.6815795898438
40.78667449951172 529.6060180664062
40.405399322509766 530.5304565429688
40.02412414550781 531.4548950195312
39.642845153808594 532.3793334960938
39.26156234741211 533.3037719726562
39.26156234741211 533.3037719726562
38.789894104003906 534.1854858398438
38.31822204589844 535.0671997070312
37.8465461730957 535.9489135742188
37.37487030029297 536.8306274414062
36.90319061279297 537.7123413085938
36.4315071105957 538.5940551757812
35.95981979370117 539.4757690429688
35.48813247680664 540.3574829101562
35.016441345214844 541.2391967773438
34.54474639892578 542.1209106445312
34.07305145263672 543.0026245117188
33.60135269165039 543.8843383789062
33.1296501159668 544.7660522460938
32.65794372558594 545.6477661132812
32.18623733520508 546.5294799804688
31.714527130126953 547.4111938476562
31.242815017700195 548.2929077148438
30.771099090576172 549.1746215820312
30.299381256103516 550.0563354492188
29.827659606933594 550.9380493164062
29.35593605041504 551.8197631835938
28.88420867919922 552.7014770507812
28.412479400634766 553.5831909179688
27.94074821472168 554.4649047851562
27.469013214111328 555.3466186523438
26.997276306152344 556.2283325195312
26.525535583496094 557.1100463867188
26.05379295349121 557.9917602539062
25.582046508789062 558.8734741210938
25.11029815673828 559.7551879882812
24.638551712036133 560.6369018554688
24.166797637939453 561.5186157226562
23.695039749145508 562.4003295898438
23.22327995300293 563.2820434570312
23.22327995300293 563.2820434570312
23.22327995300293 563.2820434570312
23.22327995300293 563.2820434570312
23.22327995300293 563.2820434570312
23.22327995300293 563.2820434570312
23.22327995300293 563.2820434570312
23.22327995300293 563.2820434570312
23.22327995300293 563.2820434570312
23.22327995300293 563.2820434570312
23.22327995300293 563.2820434570312
23.22327995300293 563.2820434570312
23.22327995300293 563.2820434570312
23.22327995300293 563.2820434570312
23.953882217407227 563.4553833007812
23.953882217407227 563.4553833007812
23.953882217407227 563.4553833007812
23.953882217407227 563.4553833007812
23.953882217407227 563.4553833007812
23.953882217407227 563.4553833007812
23.953882217407227 563.4553833007812
23.953882217407227 563.4553833007812
23.953882217407227 563.4553833007812
23.953882217407227 563.4553833007812
23.953882217407227 563.4553833007812
23.953882217407227 563.4553833007812
23.953882217407227 563.4553833007812
24.05099105834961 564.28173828125
24.13420867919922 565.1095581054688
24.203508377075195 565.9386596679688
24.258872985839844 566.7688598632812
24.30028533935547 567.599853515625
24.327733993530273 568.431396484375
24.341211318969727 569.2633056640625
24.340713500976562 570.0953369140625
24.32624053955078 570.92724609375
24.29779815673828 571.7587890625
24.25539207458496 572.5897216796875
24.19903564453125 573.4197998046875
24.12874412536621 574.2488403320312
24.044538497924805 575.0765991210938
23.946441650390625 575.90283203125
23.83448028564453 576.727294921875
23.70868682861328 577.5497436523438
23.5690975189209 578.3699951171875
23.41575050354004 579.187744140625
23.248689651489258 580.0028076171875
23.248689651489258 580.0028076171875
23.248689651489258 580.0028076171875
23.248689651489258 580.0028076171875
23.248689651489258 580.0028076171875
23.248689651489258 580.0028076171875
23.248689651489258 580.0028076171875
23.248689651489258 580.0028076171875
23.248689651489258 580.0028076171875
23.248689651489258 580.0028076171875
23.248689651489258 580.0028076171875
23.248689651489258 580.0028076171875
23.248689651489258 580.0028076171875
23.248689651489258 580.0028076171875
23.248689651489258 580.0028076171875
23.248689651489258 580.0028076171875
23.248689651489258 580.0028076171875
23.248689651489258 580.0028076171875
23.248689651489258 580.0028076171875
23.248689651489258 580.0028076171875
23.248689651489258 580.0028076171875
23.248689651489258 580.0028076171875
23.248689651489258 580.0028076171875
23.248689651489258 580.0028076171875
24.097042083740234 579.4734497070312
24.945396423339844 578.944091796875
25.793750762939453 578.4147338867188
26.642107009887695 577.8853759765625
27.49046516418457 577.3560180664062
28.338825225830078 576.82666015625
29.18718719482422 576.2973022460938
29.18718719482422 576.2973022460938
30.08415985107422 575.8552856445312
30.98113441467285 575.4132690429688
31.878108978271484 574.9712524414062
32.77508544921875 574.5292358398438
33.672061920166016 574.0872192382812
34.56904220581055 573.6452026367188
35.46602249145508 573.2031860351562
36.36300277709961 572.7611694335938
37.259986877441406 572.3191528320312
38.1569709777832 571.8771362304688
39.053955078125 571.4351196289062
39.053955078125 571.4351196289062
39.99058532714844 571.0848999023438
40.92721939086914 570.7346801757812
41.863853454589844 570.3844604492188
42.80048751831055 570.0342407226562
43.73712158203125 569.6840209960938
44.67375946044922 569.3338012695312
45.61039733886719 568.9835815429688
46.547035217285156 568.6333618164062
47.483673095703125 568.2831420898438
48.42031478881836 567.9329223632812
49.356956481933594 567.5827026367188
50.29359817504883 567.2324829101562
51.23024368286133 566.8822631835938
52.16688919067383 566.5320434570312
53.10353469848633 566.1818237304688
54.04018020629883 565.8316650390625
54.04018020629883 565.8316650390625
55.007110595703125 565.5767211914062
55.97404098510742 565.32177734375
56.94097137451172 565.0668334960938
57.907901763916016 564.8118896484375
58.87483215332031 564.5569458007812
59.841766357421875 564.3020629882812
60.80870056152344 564.0471801757812
61.775634765625 563.7922973632812
62.74256896972656 563.5374145507812
63.709503173828125 563.2825317382812
64.67643737792969 563.0276489257812
65.64337158203125 562.7727661132812
66.61031341552734 562.5178833007812
67.57725524902344 562.2630004882812
68.54419708251953 562.0081176757812
68.54419708251953 562.0081176757812
69.53175354003906 561.8510131835938
70.5193099975586 561.6939697265625
71.50686645507812 561.5369262695312
72.49442291259766 561.3798828125
73.48197937011719 561.2228393554688
74.46953582763672 561.0657958984375
75.45709228515625 560.9087524414062
76.44464874267578 560.751708984375
77.43220520019531 560.5946655273438
78.41976165771484 560.4376220703125
79.4073257446289 560.2805786132812
80.39488983154297 560.12353515625
81.38245391845703 559.9664916992188
82.3700180053711 559.8094482421875
83.35758209228516 559.6524047851562
84.34514617919922 559.495361328125
85.33271026611328 559.3383178710938
86.32027435302734 559.1812744140625
87.3078384399414 559.0242309570312
88.29540252685547 558.8671875
89.28296661376953 558.7101440429688
90.2705307006836 558.5531616210938
91.25809478759766 558.3961791992188
92.24565887451172 558.2391967773438
93.23322296142578 558.0822143554688
94.22078704833984 557.9252319335938
95.20835876464844 557.7682495117188
96.19593048095703 557.6112670898438
97.18350219726562 557.4542846679688
98.17107391357422 557.2973022460938
99.15864562988281 557.1403198242188
100.1462173461914 556.9833374023438
101.1337890625 556.8263549804688
102.1213607788086 556.6693725585938
103.10893249511719 556.5123901367188
104.09650421142578 556.3554077148438
104.09650421142578 556.3554077148438
105.09481048583984 556.2977905273438
106.0931167602539 556.240234375
107.0914306640625 556.1826782226562
108.0897445678711 556.1251220703125
109.08805847167969 556.0675659179688
110.08637237548828 556.010009765625
111.08468627929688 555.9524536132812
112.08300018310547 555.8948974609375
113.08131408691406 555.8373413085938
114.07962799072266 555.77978515625
115.07794189453125 555.7222290039062
116.07625579833984 555.6646728515625
117.07456970214844 555.6071166992188
118.07288360595703 555.549560546875
119.07119750976562 555.4920043945312
120.06951141357422 555.4344482421875
121.06782531738281 555.3768920898438
122.0661392211914 555.3193359375
123.064453125 555.2617797851562
124.0627670288086 555.2042236328125
125.06108093261719 555.1466674804688
126.05939483642578 555.0891723632812
127.05770874023438 555.0316772460938
128.05601501464844 554.9741821289062
129.05433654785156 554.9166870117188
130.0526580810547 554.8591918945312
131.0509796142578 554.8016967773438
132.04930114746094 554.7442016601562
133.04762268066406 554.6867065429688
134.0459442138672 554.6292114257812
135.0442657470703 554.5717163085938
136.04258728027344 554.5142211914062
137.04090881347656 554.4567260742188
138.0392303466797 554.3992309570312
139.0375518798828 554.3417358398438
140.03587341308594 554.2842407226562
141.03419494628906 554.2267456054688
142.0325164794922 554.1692504882812
143.0308380126953 554.1117553710938
144.02915954589844 554.0542602539062
145.02748107910156 553.9967651367188
146.0258026123047 553.9393310546875
147.0241241455078 553.8818969726562
148.02244567871094 553.824462890625
149.02076721191406 553.7670288085938
150.0190887451172 553.7095947265625
151.0174102783203 553.6521606445312
152.01573181152344 553.5947265625
152.01683044433594 553.5947265625
152.01683044433594 553.5947265625
152.01683044433594 553.5947265625
152.01683044433594 553.5947265625
152.01683044433594 553.5947265625
152.01683044433594 553.5947265625
152.01683044433594 553.5947265625
152.01683044433594 553.5947265625
152.01683044433594 553.5947265625
152.01683044433594 553.5947265625
152.01683044433594 553.5947265625
152.01683044433594 553.5947265625
152.01683044433594 553.5947265625
152.01683044433594 553.5947265625
152.01683044433594 553.5947265625
152.01683044433594 553.5947265625
152.01683044433594 553.5947265625
152.01683044433594 553.5947265625
152.16275024414062 552.7978515625
152.16275024414062 552.7978515625
152.16275024414062 552.7978515625
152.16275024414062 552.7978515625
152.16275024414062 552.7978515625
152.16275024414062 552.7978515625
152.16275024414062 552.7978515625
152.16275024414062 552.7978515625
152.16275024414062 552.7978515625
152.16275024414062 552.7978515625
152.90386962890625 552.4197387695312
153.6512451171875 552.0540771484375
154.40464782714844 551.7010498046875
155.16387939453125 551.3607177734375
155.9287109375 551.033203125
156.69894409179688 550.7185668945312
157.47434997558594 550.4169311523438
158.2547149658203 550.1283569335938
159.03981018066406 549.8529052734375
159.8294219970703 549.5906982421875
160.6233367919922 549.341796875
161.4213104248047 549.1062622070312
162.22312927246094 548.8841552734375
163.028564453125 548.675537109375
163.83740234375 548.48046875
164.64939880371094 548.2990112304688
165.46432495117188 548.1312255859375
166.28195190429688 547.9771728515625
167.10205078125 547.8368530273438
167.9243927001953 547.7103271484375
168.74874877929688 547.59765625
169.5748748779297 547.4988403320312
170.4025421142578 547.4138793945312
171.2315216064453 547.3428344726562
172.06039428710938 547.285888671875
172.06039428710938 547.285888671875
172.06039428710938 547.285888671875
172.06039428710938 547.285888671875
172.06039428710938 547.285888671875
172.06039428710938 547.285888671875
172.06039428710938 547.285888671875
172.06039428710938 547.285888671875
172.06039428710938 547.285888671875
172.06039428710938 547.285888671875
172.06039428710938 547.285888671875
172.06039428710938 547.285888671875
172.06039428710938 547.285888671875
172.06039428710938 547.285888671875
172.06039428710938 547.285888671875
172.06039428710938 547.285888671875
172.06039428710938 547.285888671875
172.06039428710938 547.285888671875
172.06039428710938 547.285888671875
172.06039428710938 547.285888671875
172.06039428710938 547.285888671875
172.06039428710938 547.285888671875
172.06039428710938 547.285888671875
172.06039428710938 547.285888671875
172.06039428710938 547.285888671875
172.06039428710938 547.285888671875
172.06039428710938 547.285888671875
172.06039428710938 547.285888671875
172.06039428710938 547.285888671875
172.06039428710938 547.285888671875
172.06039428710938 547.285888671875
172.06039428710938 547.285888671875
172.06039428710938 547.285888671875
172.06039428710938 547.285888671875
172.06039428710938 547.285888671875
172.06039428710938 547.285888671875
172.06039428710938 547.285888671875
172.06039428710938 547.285888671875
172.06039428710938 547.285888671875
172.06039428710938 547.285888671875
172.06039428710938 547.285888671875
172.06039428710938 547.285888671875
172.06039428710938 547.285888671875
172.06039428710938 547.285888671875
172.06039428710938 547.285888671875
172.06039428710938 547.285888671875
172.06039428710938 547.285888671875
172.06039428710938 547.285888671875
172.06039428710938 547.285888671875
172.06039428710938 547.285888671875
172.06039428710938 547.285888671875
172.06039428710938 547.285888671875
172.06039428710938 547.285888671875
172.06039428710938 547.285888671875
172.06039428710938 547.285888671875
172.06039428710938 547.285888671875
172.06039428710938 547.285888671875
172.06039428710938 547.285888671875
172.06039428710938 547.285888671875
172.77618408203125 546.8617553710938
173.49899291992188 546.44970703125
174.22862243652344 546.0498657226562
174.96485900878906 545.6622924804688
175.70750427246094 545.2871704101562
176.4563446044922 544.924560546875
177.21116638183594 544.5745849609375
177.97177124023438 544.2373046875
178.73793029785156 543.912841796875
179.50942993164062 543.601318359375
180.2860565185547 543.3027954101562
181.0675811767578 543.0173950195312
181.85379028320312 542.7451171875
182.64447021484375 542.486083984375
183.4393768310547 542.2403564453125
184.23829650878906 542.008056640625
185.041015625 541.7891845703125
185.8472900390625 541.5838623046875
186.6569061279297 541.39208984375
186.6569061279297 541.39208984375
186.6569061279297 541.39208984375
186.6569061279297 541.39208984375
186.6569061279297 541.39208984375
186.6569061279297 541.39208984375
186.6569061279297 541.39208984375
186.6569061279297 541.39208984375
186.6569061279297 541.39208984375
186.6569061279297 541.39208984375
186.6569061279297 541.39208984375
186.6569061279297 541.39208984375
186.6569061279297 541.39208984375
186.6569061279297 541.39208984375
186.6569061279297 541.39208984375
186.6569061279297 541.39208984375
186.6569061279297 541.39208984375
186.6569061279297 541.39208984375
186.6569061279297 541.39208984375
186.6569061279297 541.39208984375
186.6569061279297 541.39208984375
186.6569061279297 541.39208984375
186.6569061279297 541.39208984375
186.6569061279297 541.39208984375
186.6569061279297 541.39208984375
186.6569061279297 541.39208984375
186.6569061279297 541.39208984375
186.6569061279297 541.39208984375
186.6569061279297 541.39208984375
187.5010528564453 540.8560180664062
187.5010528564453 540.8560180664062
188.39450073242188 540.4069213867188
189.28794860839844 539.9578247070312
190.181396484375 539.5087280273438
191.07484436035156 539.0596313476562
191.96829223632812 538.6105346679688
192.8617401123047 538.1614379882812
193.75518798828125 537.7123413085938
194.6486358642578 537.2632446289062
195.54208374023438 536.8141479492188
196.435546875 536.3650512695312
197.32901000976562 535.9159545898438
198.22247314453125 535.4668579101562
199.11593627929688 535.0177612304688
200.0093994140625 534.5686645507812
200.90286254882812 534.1195678710938
201.79632568359375 533.6705322265625
202.68978881835938 533.2214965820312
203.583251953125 532.7724609375
204.47671508789062 532.3234252929688
205.37017822265625 531.8743896484375
206.26365661621094 531.4253540039062
207.15713500976562 530.976318359375
208.0506134033203 530.5272827148438
208.944091796875 530.0782470703125
209.8375701904297 529.6292114257812
210.73104858398438 529.18017578125
211.62452697753906 528.7311401367188
212.51800537109375 528.2821044921875
213.41148376464844 527.8330688476562
214.30496215820312 527.384033203125
215.1984405517578 526.9349975585938
216.09193420410156 526.4859619140625
216.9854278564453 526.0369262695312
217.87892150878906 525.587890625
218.7724151611328 525.1388549804688
219.66590881347656 524.6898193359375
220.5594024658203 524.2407836914062
221.45289611816406 523.791748046875
222.3463897705078 523.3427734375
223.23988342285156 522.893798828125
224.1333770751953 522.44482421875
225.02687072753906 521.995849609375
225.92037963867188 521.546875
226.8138885498047 521.097900390625
227.7073974609375 520.64892578125
227.7073974609375 520.64892578125
227.7073974609375 520.64892578125
227.7073974609375 520.64892578125
227.7073974609375 520.64892578125
227.7073974609375 520.64892578125
227.7073974609375 520.64892578125
227.7073974609375 520.64892578125
227.7073974609375 520.64892578125
227.7073974609375 520.64892578125
227.7073974609375 520.64892578125
227.7073974609375 520.64892578125
227.7073974609375 520.64892578125
227.7073974609375 520.64892578125
227.7073974609375 520.64892578125
227.7073974609375 520.64892578125
227.7073974609375 520.64892578125
227.7073974609375 520.64892578125
227.7073974609375 520.64892578125
227.7073974609375 520.64892578125
227.7073974609375 520.64892578125
227.7073974609375 520.64892578125
227.7073974609375 520.64892578125
227.7073974609375 520.64892578125
227.7073974609375 520.64892578125
227.7073974609375 520.64892578125
227.7073974609375 520.64892578125
228.15774536132812 519.9493408203125
228.61978149414062 519.2573852539062
229.0933837890625 518.5733032226562
229.57839965820312 517.8972778320312
230.07470703125 517.2294921875
230.58216857910156 516.5701293945312
231.1006317138672 515.9193725585938
231.62994384765625 515.2774658203125
232.1699676513672 514.64453125
232.72055053710938 514.020751953125
233.28152465820312 513.4063110351562
233.8527374267578 512.8013305664062
234.4340362548828 512.2060546875
235.02525329589844 511.6206359863281
235.626220703125 511.04522705078125
236.2367706298828 510.47998046875
236.85671997070312 509.9250793457031
237.48590087890625 509.38067626953125
238.1241455078125 508.846923828125
238.77117919921875 508.32403564453125
239.42698669433594 507.81201171875
239.42698669433594 507.81201171875
239.42698669433594 507.81201171875
239.42698669433594 507.81201171875
239.42698669433594 507.81201171875
239.42698669433594 507.81201171875
239.42698669433594 507.81201171875
239.42698669433594 507.81201171875
239.42698669433594 507.81201171875
239.42698669433594 507.81201171875
239.42698669433594 507.81201171875
239.42698669433594 507.81201171875
239.42698669433594 507.81201171875
239.42698669433594 507.81201171875
239.42698669433594 507.81201171875
239.42698669433594 507.81201171875
239.42698669433594 507.81201171875
239.42698669433594 507.81201171875
239.42698669433594 507.81201171875
239.42698669433594 507.81201171875
239.42698669433594 507.81201171875
239.42698669433594 507.81201171875
239.42698669433594 507.81201171875
239.42698669433594 507.81201171875
239.42698669433594 507.81201171875
239.42698669433594 507.81201171875
239.42698669433594 507.81201171875
239.42698669433594 507.81201171875
239.42698669433594 507.81201171875
239.97056579589844 506.9726867675781
240.51414489746094 506.13336181640625
241.05772399902344 505.2940368652344
241.601318359375 504.4547119140625
242.14491271972656 503.6153869628906
242.68850708007812 502.77606201171875
243.2321014404297 501.9367370605469
243.77569580078125 501.0974426269531
244.3192901611328 500.2581481933594
244.86289978027344 499.4188537597656
245.40650939941406 498.5795593261719
245.5214385986328 498.4167785644531
246.13043212890625 497.6236572265625
246.7394256591797 496.8305358886719
247.3484344482422 496.03741455078125
247.9574432373047 495.2442932128906
248.5664520263672 494.451171875
249.1754608154297 493.6580505371094
249.7844696044922 492.86492919921875
250.3934783935547 492.0718078613281
251.0024871826172 491.2786865234375
251.61151123046875 490.4855651855469
252.2205352783203 489.69244384765625
252.82955932617188 488.8993225097656
253.43858337402344 488.106201171875
254.047607421875 487.3130798339844
254.65663146972656 486.51995849609375
255.2656707763672 485.7268371582031
255.8747100830078 484.9337463378906
256.4837341308594 484.1406555175781
257.0927734375 483.3475646972656
257.7018127441406 482.5544738769531
258.31085205078125 481.7613830566406
258.9198913574219 480.9682922363281
259.5289306640625 480.1752014160156
260.1379699707031 479.3821105957031
260.7470397949219 478.5890197753906
261.3561096191406 477.7959289550781
261.9651794433594 477.0028381347656
262.5742492675781 476.2097473144531
263.1833190917969 475.4166564941406
263.1833190917969 475.4166564941406
263.8685302734375 474.6883544921875
264.5537414550781 473.9600524902344
265.23895263671875 473.23175048828125
265.9241638183594 472.5034484863281
266.609375 471.775146484375
267.2945861816406 471.0468444824219
267.97979736328125 470.31854248046875
268.6650085449219 469.5902404785156
269.3502197265625 468.8619384765625
269.3502197265625 468.8619384765625
270.104736328125 468.2056884765625
270.8592529296875 467.5494384765625
271.61376953125 466.8931884765625
272.3682861328125 466.2369384765625
273.122802734375 465.5806884765625
273.8773193359375 464.9244384765625
273.8773193359375 464.9244384765625
274.6935729980469 464.3468017578125
275.50982666015625 463.7691650390625
276.3260803222656 463.1915283203125
277.142333984375 462.6138916015625
277.9585876464844 462.0362854003906
278.7748718261719 461.45867919921875
278.7748718261719 461.45867919921875
279.6447448730469 460.9654541015625
280.5146179199219 460.47222900390625
281.3844909667969 459.97900390625
282.2543640136719 459.48577880859375
283.1242370605469 458.9925537109375
283.9941101074219 458.49932861328125
284.8639831542969 458.006103515625
285.7338562011719 457.51287841796875
285.7338562011719 457.51287841796875
286.64862060546875 457.1089782714844
286.64862060546875 457.1089782714844
287.5991516113281 456.79840087890625
288.5496826171875 456.4878234863281
289.5002136230469 456.1772766113281
290.45074462890625 455.8667297363281
291.4012756347656 455.5561828613281
292.351806640625 455.2456359863281
293.3023376464844 454.9350891113281
294.25286865234375 454.6245422363281
295.2033996582031 454.3139953613281
295.2033996582031 454.3139953613281
296.18017578125 454.09991455078125
296.18017578125 454.09991455078125
297.1734619140625 453.9844055175781
298.166748046875 453.868896484375
299.1600341796875 453.7533874511719
300.1533203125 453.63787841796875
301.1466064453125 453.52239990234375
302.139892578125 453.40692138671875
302.139892578125 453.40692138671875
303.1397399902344 453.39117431640625
304.13958740234375 453.37542724609375
305.1394348144531 453.35968017578125
305.1394348144531 453.35968017578125
305.1394348144531 453.35968017578125
305.1394348144531 453.35968017578125
305.1394348144531 453.35968017578125
305.1394348144531 453.35968017578125
305.1394348144531 453.35968017578125
305.1394348144531 453.35968017578125
305.1394348144531 453.35968017578125
305.1394348144531 453.35968017578125
305.1394348144531 453.35968017578125
305.1394348144531 453.35968017578125
305.1394348144531 453.35968017578125
305.1394348144531 453.35968017578125
305.1394348144531 453.35968017578125
305.1394348144531 453.35968017578125
305.1394348144531 453.35968017578125
305.1394348144531 453.35968017578125
305.1394348144531 453.35968017578125
305.1394348144531 453.35968017578125
305.1394348144531 453.35968017578125
305.1394348144531 453.35968017578125
305.55419921875 452.6383972167969
305.98101806640625 451.9241943359375
306.4197692871094 451.2172546386719
306.8703308105469 450.5177917480469
307.33258056640625 449.82598876953125
307.8063659667969 449.1420593261719
308.29156494140625 448.4661865234375
308.7880554199219 447.7985534667969
309.2956848144531 447.13934326171875
309.8143310546875 446.48876953125
310.3438415527344 445.84698486328125
310.884033203125 445.21417236328125
311.4347839355469 444.5905456542969
311.9959411621094 443.97625732421875
312.56732177734375 443.3714599609375
313.1488037109375 442.7763671875
313.74017333984375 442.19110107421875
314.34130859375 441.6158752441406
314.9520263671875 441.0508117675781
315.5721435546875 440.49609375
316.20147705078125 439.9518737792969
316.8398742675781 439.4183044433594
317.4871520996094 438.8955078125
318.1430969238281 438.3836669921875
318.80755615234375 437.8829040527344
319.4803161621094 437.39337158203125
320.1612243652344 436.91522216796875
320.8500671386719 436.4485778808594
321.546630859375 435.9935607910156
322.2507629394531 435.5503234863281
322.96221923828125 435.11895751953125
323.6808166503906 434.6996154785156
324.4063720703125 434.2923889160156
325.138671875 433.8974304199219
325.87750244140625 433.5148010253906
326.6226501464844 433.1446533203125
327.3739013671875 432.7870788574219
328.1310729980469 432.4421691894531
328.8939208984375 432.1100158691406
329.6622314453125 431.79071044921875
330.435791015625 431.484375
331.2143859863281 431.1910705566406
331.997802734375 430.910888671875
332.78582763671875 430.6438903808594
333.5782165527344 430.3901672363281
334.374755859375 430.1498107910156
335.17523193359375 429.9228515625
335.9794006347656 429.7093811035156
336.78704833984375 429.5094299316406
337.5979309082031 429.3230895996094
338.4118347167969 429.150390625
338.4118347167969 429.150390625
338.4118347167969 429.150390625
338.4118347167969 429.150390625
337.4167785644531 429.0512390136719
337.4167785644531 429.0512390136719
336.4366149902344 428.8532409667969
335.4564514160156 428.6552429199219
334.4762878417969 428.4572448730469
333.4961242675781 428.2592468261719
332.5159606933594 428.0612487792969
331.5357971191406 427.8632507324219
330.5556335449219 427.6652526855469
329.5754699707031 427.4672546386719
328.5953063964844 427.2692565917969
327.6151428222656 427.07122802734375
327.6151428222656 427.07122802734375
326.6596374511719 426.7763366699219
325.7041320800781 426.4814453125
324.7486267089844 426.1865539550781
323.7931213378906 425.89166259765625
322.8376159667969 425.5967712402344
321.8821105957031 425.3018798828125
320.9266052246094 425.0069885253906
319.9710998535156 424.71209716796875
319.0155944824219 424.4172058105469
318.0600891113281 424.1222839355469
317.1045837402344 423.8273620605469
316.1490783691406 423.5324401855469
315.1935729980469 423.2375183105469
314.23809814453125 422.9425964355469
313.2826232910156 422.6476745605469
312.3271484375 422.3527526855469
311.3716735839844 422.0578308105469
310.41619873046875 421.7629089355469
309.4607238769531 421.4679870605469
308.5052490234375 421.17303466796875
307.5497741699219 420.8780822753906
306.59429931640625 420.5831298828125
305.6388244628906 420.2881774902344
304.683349609375 419.99322509765625
303.7278747558594 419.6982727050781
302.77239990234375 419.4033203125
301.8169250488281 419.1083679199219
300.8614501953125 418.81341552734375
299.9059753417969 418.5184631347656
299.9059753417969 418.5184631347656
298.9847106933594 418.12957763671875
298.0634460449219 417.7406921386719
297.1421813964844 417.351806640625
296.2209167480469 416.9629211425781
295.2996826171875 416.57403564453125
294.3784484863281 416.1851501464844
293.45721435546875 415.7962646484375
292.5359802246094 415.4073486328125
291.61474609375 415.0184326171875
290.6935119628906 414.6295166015625
289.77227783203125 414.2406005859375
288.8510437011719 413.8516845703125
287.9298095703125 413.4627685546875
287.0085754394531 413.0738525390625
286.08734130859375 412.6849365234375
285.1661071777344 412.2960205078125
284.244873046875 411.9071044921875
283.3236389160156 411.5181579589844
282.40240478515625 411.12921142578125
281.4811706542969 410.7402648925781
280.5599365234375 410.351318359375
279.6387023925781 409.9623718261719
278.71746826171875 409.57342529296875
277.7962341308594 409.1844787597656
276.875 408.7955322265625
275.9537658691406 408.4065856933594
275.03253173828125 408.01763916015625
274.1112976074219 407.6286926269531
273.1900634765625 407.2397155761719
272.2688293457031 406.8507385253906
271.3476257324219 406.4617614746094
270.4264221191406 406.0727844238281
269.5052185058594 405.6838073730469
268.5840148925781 405.2948303222656
267.6628112792969 404.9058532714844
266.7416076660156 404.5168762207031
266.7416076660156 404.5168762207031
265.86383056640625 404.0378723144531
264.9860534667969 403.5588684082031
264.1082763671875 403.0798645019531
263.2304992675781 402.6008605957031
262.35272216796875 402.121826171875
261.4749450683594 401.6427917480469
260.59716796875 401.16375732421875
259.7193908691406 400.6847229003906
258.84161376953125 400.2056884765625
257.9638671875 399.7266540527344
257.08612060546875 399.24761962890625
257.08612060546875 399.24761962890625
256.26055908203125 398.683349609375
255.4350128173828 398.11907958984375
254.60946655273438 397.5548095703125
253.78392028808594 396.99053955078125
252.9583740234375 396.4262390136719
252.13282775878906 395.8619384765625
251.3072967529297 395.2976379394531
250.4817657470703 394.73333740234375
249.65623474121094 394.1690368652344
248.83070373535156 393.604736328125
248.0051727294922 393.0404357910156
247.1796417236328 392.47613525390625
247.17848205566406 392.4752502441406
246.41331481933594 391.8314514160156
245.6481475830078 391.1876525878906
244.88299560546875 390.5438537597656
244.1178436279297 389.9000549316406
243.35269165039062 389.2562561035156
242.58753967285156 388.6124572753906
241.8223876953125 387.9686584472656
241.05723571777344 387.3248596191406
240.29208374023438 386.6810607910156
239.52694702148438 386.0372619628906
238.76181030273438 385.3934326171875
237.99667358398438 384.7496032714844
237.23153686523438 384.10577392578125
236.46640014648438 383.4619445800781
235.70126342773438 382.818115234375
234.93612670898438 382.1742858886719
234.17098999023438 381.53045654296875
233.40586853027344 380.8866271972656
232.6407470703125 380.2427978515625
231.87562561035156 379.5989685058594
231.11050415039062 378.95513916015625
230.3453826904297 378.3113098144531
229.58026123046875 377.66748046875
228.8151397705078 377.02362060546875
228.05003356933594 376.3797607421875
227.28492736816406 375.73590087890625
226.5198211669922 375.092041015625
225.7547149658203 374.44818115234375
224.98960876464844 373.8043212890625
224.22450256347656 373.16046142578125
223.4593963623047 372.5166015625
223.4593963623047 372.5166015625
222.7624053955078 371.799560546875
222.06541442871094 371.08251953125
221.36842346191406 370.365478515625
220.6714324951172 369.6484375
219.9744415283203 368.931396484375
219.27745056152344 368.21435546875
218.58045959472656 367.497314453125
217.88348388671875 366.7802734375
217.18650817871094 366.063232421875
216.8466033935547 365.69561767578125
216.186279296875 364.9446716308594
215.5259552001953 364.1937255859375
214.86563110351562 363.4427795410156
214.20530700683594 362.69183349609375
213.5449981689453 361.9408874511719
212.8846893310547 361.18994140625
212.22438049316406 360.4389953613281
211.56407165527344 359.68804931640625
210.9037628173828 358.9371032714844
210.2434539794922 358.1861572265625
210.2434539794922 358.1861572265625
209.6614227294922 357.3730163574219
209.0793914794922 356.55987548828125
208.4973602294922 355.7467346191406
207.9153289794922 354.93359375
207.33331298828125 354.1204528808594
206.7512969970703 353.30731201171875
206.16928100585938 352.4941711425781
205.58726501464844 351.6810302734375
205.0052490234375 350.8678894042969
204.42323303222656 350.05474853515625
203.8412322998047 349.2416076660156
203.2592315673828 348.428466796875
202.67723083496094 347.6153259277344
202.09523010253906 346.80218505859375
201.5132293701172 345.9890441894531
200.9312286376953 345.1759033203125
200.3492431640625 344.36273193359375
199.7672576904297 343.549560546875
199.18527221679688 342.73638916015625
198.60328674316406 341.9232177734375
198.02130126953125 341.11004638671875
197.43931579589844 340.296875
196.8573455810547 339.48370361328125
196.27537536621094 338.6705322265625
195.6934051513672 337.85736083984375
195.11143493652344 337.044189453125
194.5294647216797 336.23101806640625
193.94749450683594 335.4178466796875
193.36553955078125 334.60467529296875
193.36553955078125 334.60467529296875
192.86767578125 333.7374572753906
192.86767578125 333.7374572753906
192.86767578125 333.7374572753906
192.86767578125 333.7374572753906
192.86767578125 333.7374572753906
192.86767578125 333.7374572753906
192.86767578125 333.7374572753906
192.86767578125 333.7374572753906
192.86767578125 333.7374572753906
192.86767578125 333.7374572753906
192.86767578125 333.7374572753906
192.86767578125 333.7374572753906
192.86767578125 333.7374572753906
192.35302734375 334.3631286621094
191.82659912109375 334.9789123535156
191.28860473632812 335.5845642089844
191.28860473632812 335.5845642089844
191.28860473632812 335.5845642089844
191.28860473632812 335.5845642089844
191.28860473632812 335.5845642089844
191.28860473632812 335.5845642089844
191.28860473632812 335.5845642089844
191.28860473632812 335.5845642089844
191.28860473632812 335.5845642089844
191.28860473632812 335.5845642089844
191.28860473632812 335.5845642089844
191.28860473632812 335.5845642089844
191.28860473632812 335.5845642089844
191.28860473632812 335.5845642089844
190.548095703125 335.2052307128906
190.548095703125 335.2052307128906
190.548095703125 335.2052307128906
190.548095703125 335.2052307128906
190.548095703125 335.2052307128906
190.548095703125 335.2052307128906
190.548095703125 335.2052307128906
190.548095703125 335.2052307128906
190.548095703125 335.2052307128906
190.548095703125 335.2052307128906
190.548095703125 335.2052307128906
190.548095703125 335.2052307128906
190.548095703125 335.2052307128906
190.548095703125 335.2052307128906
190.548095703125 335.2052307128906
190.548095703125 335.2052307128906
190.548095703125 335.2052307128906
190.548095703125 335.2052307128906
190.548095703125 335.2052307128906
190.548095703125 335.2052307128906
190.548095703125 335.2052307128906
190.548095703125 335.2052307128906
190.548095703125 335.2052307128906
190.548095703125 335.2052307128906
190.548095703125 335.2052307128906
190.548095703125 335.2052307128906
190.548095703125 335.2052307128906
190.548095703125 335.2052307128906
190.548095703125 335.2052307128906
191.12803649902344 336.0198669433594
191.7079620361328 336.8345031738281
192.2878875732422 337.6491394042969
192.2878875732422 337.6491394042969
192.78358459472656 338.5176086425781
193.27928161621094 339.3860778808594
193.7749786376953 340.2545471191406
194.2706756591797 341.1230163574219
194.76637268066406 341.9914855957031
195.26205444335938 342.8599548339844
195.7577362060547 343.7284240722656
196.25341796875 344.5968933105469
196.7490997314453 345.4653625488281
196.7490997314453 345.4653625488281
197.1555938720703 346.37896728515625
197.5620880126953 347.2925720214844
197.9685821533203 348.2062072753906
198.3750762939453 349.1198425292969
198.7815704345703 350.0334777832031
199.18804931640625 350.9471130371094
199.5945281982422 351.8607482910156
200.00100708007812 352.7743835449219
200.40748596191406 353.6880187988281
200.81396484375 354.6016540527344
201.22042846679688 355.5152893066406
201.62689208984375 356.4289245605469
202.03335571289062 357.3425598144531
202.4398193359375 358.2561950683594
202.4398193359375 358.2561950683594
202.75303649902344 359.2058410644531
203.06625366210938 360.1554870605469
203.3794708251953 361.1051330566406
203.6926727294922 362.0547790527344
204.00587463378906 363.0044250488281
204.31907653808594 363.9540710449219
204.6322784423828 364.9037170410156
204.9454803466797 365.8533630371094
205.2586669921875 366.8030090332031
205.5718536376953 367.7526550292969
205.88504028320312 368.7023010253906
205.88504028320312 368.7023010253906
206.1018524169922 369.6784973144531
206.31866455078125 370.6546936035156
206.5354766845703 371.6308898925781
206.7522735595703 372.6070861816406
206.9690704345703 373.5832824707031
207.1858673095703 374.5594787597656
207.4026641845703 375.5356750488281
207.6194610595703 376.5118713378906
207.83624267578125 377.4880676269531
208.0530242919922 378.4642639160156
208.26980590820312 379.4404602050781
208.48658752441406 380.4166564941406
208.703369140625 381.3928527832031
208.92013549804688 382.3690490722656
209.13690185546875 383.3452453613281
209.35366821289062 384.3214416503906
209.5704345703125 385.2976379394531
209.78720092773438 386.2738342285156
210.0039520263672 387.2500305175781
210.220703125 388.2262268066406
210.4374542236328 389.2024230957031
210.65420532226562 390.1786193847656
210.87095642089844 391.1548156738281
211.0876922607422 392.1310119628906
211.30442810058594 393.1072082519531
211.5211639404297 394.0834045410156
211.5211639404297 394.0834045410156
211.6393585205078 395.07635498046875
211.75755310058594 396.0693054199219
211.87574768066406 397.062255859375
211.99392700195312 398.0552062988281
212.1121063232422 399.04815673828125
212.23028564453125 400.0411071777344
212.3484649658203 401.0340576171875
212.46664428710938 402.0270080566406
212.58480834960938 403.01995849609375
212.70297241210938 404.0129089355469
212.82113647460938 405.005859375
212.93930053710938 405.9988098144531
213.05746459960938 406.99176025390625
213.1756134033203 407.9847106933594
213.29376220703125 408.9776611328125
213.4119110107422 409.9706115722656
213.53005981445312 410.96356201171875
213.64820861816406 411.95654296875
213.76634216308594 412.94952392578125
213.8844757080078 413.9425048828125
214.0026092529297 414.93548583984375
214.12074279785156 415.928466796875
214.12074279785156 415.928466796875
214.13914489746094 416.9282531738281
214.1575469970703 417.92803955078125
214.1759490966797 418.9278259277344
214.19435119628906 419.9276123046875
214.21273803710938 420.9273986816406
214.2311248779297 421.92718505859375
214.24951171875 422.9269714355469
214.2678985595703 423.9267578125
214.28628540039062 424.9265441894531
214.28628540039062 424.9265441894531
214.2047576904297 425.9231872558594
214.12322998046875 426.9198303222656
214.0417022705078 427.9164733886719
213.9601593017578 428.9131164550781
213.8786163330078 429.9097595214844
213.7970733642578 430.9064025878906
213.7970733642578 430.9064025878906
213.61643981933594 431.8899230957031
213.43580627441406 432.8734436035156
213.25515747070312 433.8569641113281
213.0745086669922 434.8404846191406
212.89385986328125 435.8240051269531
212.7132110595703 436.8075256347656
212.7132110595703 436.8075256347656
212.43527221679688 437.7680969238281
212.15733337402344 438.7286682128906
211.87937927246094 439.6892395019531
211.87937927246094 439.6892395019531
211.50692749023438 440.61724853515625
211.13446044921875 441.5452575683594
211.13446044921875 441.5452575683594
211.13446044921875 441.5452575683594
211.1344451904297 441.5452575683594
211.13442993164062 441.5452575683594
211.13441467285156 441.5452575683594
211.1343994140625 441.5452575683594
211.13438415527344 441.5452575683594
211.13438415527344 441.5452575683594
211.13438415527344 441.5452575683594
211.13438415527344 441.5452575683594
211.13438415527344 441.5452575683594
211.13438415527344 441.5452575683594
211.13438415527344 441.5452575683594
211.13438415527344 441.5452575683594
211.13438415527344 441.5452575683594
211.13438415527344 441.5452575683594
211.13438415527344 441.5452575683594
211.13438415527344 441.5452575683594
211.13438415527344 441.5452575683594
211.13438415527344 441.5452575683594
211.13438415527344 441.5452575683594
211.13438415527344 441.5452575683594
211.13438415527344 441.5452575683594
211.13438415527344 441.5452575683594
211.42088317871094 442.3263854980469
211.6942138671875 443.1122131347656
211.95431518554688 443.90252685546875
212.2010955810547 444.6971130371094
212.4344940185547 445.4957275390625
212.65444946289062 446.29815673828125
212.86090087890625 447.1041564941406
213.0537872314453 447.91351318359375
213.23304748535156 448.7259826660156
213.3986358642578 449.5413513183594
213.55050659179688 450.3594055175781
213.68861389160156 451.17987060546875
213.81292724609375 452.0025634765625
213.92340087890625 452.82720947265625
214.02000427246094 453.6535949707031
214.10272216796875 454.48150634765625
214.17152404785156 455.3106689453125
214.22637939453125 456.140869140625
214.2672882080078 456.9718933105469
214.2942352294922 457.803466796875
214.3072052001953 458.6353759765625
214.3061981201172 459.4674072265625
214.2912139892578 460.2992858886719
214.26226806640625 461.13079833984375
214.2193603515625 461.9617004394531
214.16249084472656 462.7917785644531
214.09169006347656 463.62078857421875
214.00697326660156 464.448486328125
213.9083709716797 465.2746276855469
213.79591369628906 466.0989990234375
213.66961669921875 466.92138671875
213.52952575683594 467.74151611328125
213.3756866455078 468.5591735839844
213.25726318359375 469.0966796875
213.25726318359375 469.0966796875
213.25726318359375 469.0966796875
213.25726318359375 469.0966796875
213.25726318359375 469.0966796875
213.25726318359375 469.0966796875
213.25726318359375 469.0966796875
213.25726318359375 469.0966796875
213.25726318359375 469.0966796875
213.25726318359375 469.0966796875
213.25726318359375 469.0966796875
213.25726318359375 469.0966796875
213.25726318359375 469.0966796875
213.25726318359375 469.0966796875
213.25726318359375 469.0966796875
213.25726318359375 469.0966796875
213.25726318359375 469.0966796875
213.25726318359375 469.0966796875
213.25726318359375 469.0966796875
213.25726318359375 469.0966796875
213.25726318359375 469.0966796875
213.25726318359375 469.0966796875
213.25726318359375 469.0966796875
213.25726318359375 469.0966796875
213.25726318359375 469.0966796875
213.25726318359375 469.0966796875
213.25726318359375 469.0966796875
213.25726318359375 469.0966796875
213.25726318359375 469.0966796875
213.25726318359375 469.0966796875
213.25726318359375 469.0966796875
213.25726318359375 469.0966796875
213.25726318359375 469.0966796875
213.25726318359375 469.0966796875
213.25726318359375 469.0966796875
213.25726318359375 469.0966796875
213.25726318359375 469.0966796875
213.25726318359375 469.0966796875
213.25726318359375 469.0966796875
213.25726318359375 469.0966796875
213.25726318359375 469.0966796875
212.3671112060547 469.5522766113281
211.47695922851562 470.00787353515625
210.58680725097656 470.4634704589844
209.6966552734375 470.9190673828125
208.80650329589844 471.3746643066406
207.91635131835938 471.83026123046875
207.91635131835938 471.83026123046875
206.9851531982422 472.1947021484375
206.053955078125 472.55914306640625
205.1227569580078 472.923583984375
204.19155883789062 473.28802490234375
203.26036071777344 473.6524353027344
203.26036071777344 473.6524353027344
202.29742431640625 473.92205810546875
201.33448791503906 474.1916809082031
200.37155151367188 474.4613037109375
199.4086151123047 474.7309265136719
198.4456787109375 475.00054931640625
197.4827423095703 475.2701721191406
196.51980590820312 475.539794921875
196.51980590820312 475.539794921875
195.53475952148438 475.7119445800781
195.53460693359375 475.71197509765625
195.5345916748047 475.71197509765625
195.53457641601562 475.71197509765625
195.53456115722656 475.71197509765625
195.5345458984375 475.71197509765625
195.53453063964844 475.71197509765625
194.6243438720703 475.2978515625
193.7141571044922 474.88372802734375
192.80397033691406 474.4696044921875
192.803955078125 474.4696044921875
191.9396514892578 473.9666748046875
191.07534790039062 473.4637451171875
190.21104431152344 472.9608154296875
190.21102905273438 472.9608154296875
190.21102905273438 472.9608154296875
190.21102905273438 472.9608154296875
190.21102905273438 472.9608154296875
190.21102905273438 472.9608154296875
190.21102905273438 472.9608154296875
190.21102905273438 472.9608154296875
190.21102905273438 472.9608154296875
190.21102905273438 472.9608154296875
190.21102905273438 472.9608154296875
190.240478515625 473.79229736328125
190.25596618652344 474.6241760253906
190.25747680664062 475.4562072753906
190.24501037597656 476.28814697265625
190.21856689453125 477.1197509765625
190.17816162109375 477.9507751464844
190.12380981445312 478.781005859375
190.05551147460938 479.6102294921875
189.97329711914062 480.43817138671875
189.877197265625 481.2646179199219
189.76722717285156 482.0893249511719
189.64341735839844 482.9120788574219
189.50579833984375 483.7326354980469
189.3544158935547 484.55078125
189.18931579589844 485.3662414550781
189.0105438232422 486.1788330078125
188.81814575195312 486.9883117675781
188.6121826171875 487.79443359375
188.39271545410156 488.59698486328125
188.1597900390625 489.3957214355469
187.91348266601562 490.1904602050781
187.65386962890625 490.9809265136719
187.38101196289062 491.7669372558594
187.09498596191406 492.5482482910156
186.79588317871094 493.32464599609375
186.48377990722656 494.0959167480469
186.1587677001953 494.86181640625
185.82093811035156 495.6221618652344
185.4703826904297 496.376708984375
185.10720825195312 497.1252746582031
184.73150634765625 497.8676452636719
184.3433837890625 498.6036071777344
183.94296264648438 499.3329162597656
183.5303497314453 500.055419921875
183.10565185546875 500.7708740234375
182.6689910888672 501.4790954589844
182.2205047607422 502.1799011230469
181.76031494140625 502.8730773925781
181.28854370117188 503.55841064453125
180.80532836914062 504.2357177734375
180.31080627441406 504.9048156738281
179.80511474609375 505.5655212402344
179.28839111328125 506.2176513671875
178.7607879638672 506.8609924316406
178.2224578857422 507.4953918457031
177.6735382080078 508.12066650390625
177.11419677734375 508.73663330078125
176.54458618164062 509.3431091308594
175.96487426757812 509.93994140625
175.37522888183594 510.5269470214844
174.7758026123047 511.10394287109375
174.16676330566406 511.6708068847656
173.5482940673828 512.2273559570312
172.92056274414062 512.7734375
172.92056274414062 512.7734375
172.92056274414062 512.7734375
172.92056274414062 512.7734375
172.92056274414062 512.7734375
172.92056274414062 512.7734375
172.92056274414062 512.7734375
172.92056274414062 512.7734375
172.92056274414062 512.7734375
172.92056274414062 512.7734375
172.92056274414062 512.7734375
172.92056274414062 512.7734375
172.92056274414062 512.7734375
172.92056274414062 512.7734375
172.92056274414062 512.7734375
172.92056274414062 512.7734375
172.92056274414062 512.7734375
172.92056274414062 512.7734375
172.92056274414062 512.7734375
172.92056274414062 512.7734375
172.92056274414062 512.7734375
172.92056274414062 512.7734375
172.92056274414062 512.7734375
172.92056274414062 512.7734375
172.92056274414062 512.7734375
172.92056274414062 512.7734375
172.92056274414062 512.7734375
172.92056274414062 512.7734375
172.92056274414062 512.7734375
172.92056274414062 512.7734375
172.92056274414062 512.7734375
172.92056274414062 512.7734375
172.92056274414062 512.7734375
172.92056274414062 512.7734375
172.92056274414062 512.7734375
172.92056274414062 512.7734375
172.92056274414062 512.7734375
172.92056274414062 512.7734375
172.92056274414062 512.7734375
172.92056274414062 512.7734375
172.92056274414062 512.7734375
172.92056274414062 512.7734375
172.92056274414062 512.7734375
172.92056274414062 512.7734375
172.92056274414062 512.7734375
172.92056274414062 512.7734375
172.92056274414062 512.7734375
172.18948364257812 512.0911865234375
171.45840454101562 511.408935546875
170.72732543945312 510.7266845703125
169.99624633789062 510.04443359375
169.26516723632812 509.3621826171875
169.26516723632812 509.3621826171875
168.60586547851562 508.6103515625
167.94656372070312 507.8585205078125
167.28726196289062 507.106689453125
166.62796020507812 506.3548583984375
165.96865844726562 505.60302734375
165.30935668945312 504.8511962890625
164.65005493164062 504.099365234375
163.9907684326172 503.3475341796875
163.33148193359375 502.5956726074219
162.6721954345703 501.84381103515625
162.6721954345703 501.84381103515625
162.0912628173828 501.0299072265625
161.5103302001953 500.21600341796875
160.9293975830078 499.402099609375
160.34848022460938 498.5881652832031
159.76756286621094 497.77423095703125
159.1866455078125 496.9602966308594
158.60572814941406 496.1463623046875
158.02481079101562 495.3324279785156
157.4438934326172 494.51849365234375
157.4438934326172 494.51849365234375
156.9471435546875 493.650634765625
156.4503936767578 492.78277587890625
155.95364379882812 491.9149169921875
155.4569091796875 491.04705810546875
154.96017456054688 490.17919921875
154.46343994140625 489.31134033203125
153.96670532226562 488.4434814453125
153.469970703125 487.57562255859375
152.97323608398438 486.707763671875
152.4765167236328 485.83990478515625
151.97979736328125 484.9720458984375
151.4830780029297 484.1041564941406
151.4830780029297 484.1041564941406
151.0754852294922 483.1910400390625
150.6678924560547 482.2779235839844
150.2602996826172 481.3647766113281
149.85272216796875 480.4516296386719
149.4451446533203 479.5384826660156
149.03756713867188 478.6253356933594
148.62998962402344 477.7121887207031
148.222412109375 476.7990417480469
147.81483459472656 475.8858947753906
147.4072723388672 474.9727478027344
146.9997100830078 474.0596008300781
146.59214782714844 473.1464538574219
146.18458557128906 472.2333068847656
145.7770233154297 471.3201599121094
145.36947631835938 470.4070129394531
145.36947631835938 470.4070129394531
145.0551300048828 469.4577331542969
144.74078369140625 468.5084533691406
144.4264373779297 467.5591735839844
144.11209106445312 466.6098937988281
143.79774475097656 465.6606140136719
143.48341369628906 464.7113342285156
143.16908264160156 463.7620544433594
142.85475158691406 462.8127746582031
142.54042053222656 461.8634948730469
142.22608947753906 460.9142150878906
141.91184997558594 459.96514892578125
141.59754943847656 459.015869140625
141.59754943847656 459.015869140625
141.3795928955078 458.0399475097656
141.16165161132812 457.06402587890625
140.94371032714844 456.0881042480469
140.72576904296875 455.1121826171875
140.50782775878906 454.1362609863281
140.28988647460938 453.16033935546875
140.0719451904297 452.1844177246094
139.85401916503906 451.20849609375
139.63609313964844 450.2325744628906
139.4181671142578 449.25665283203125
139.2002410888672 448.2807312011719
138.98231506347656 447.3048095703125
138.764404296875 446.3288879394531
138.54649353027344 445.35296630859375
138.32858276367188 444.37701416015625
138.1106719970703 443.40106201171875
137.89276123046875 442.42510986328125
137.67486572265625 441.44915771484375
137.45697021484375 440.47320556640625
137.23907470703125 439.49725341796875
137.02117919921875 438.52130126953125
136.80328369140625 437.54534912109375
136.5854034423828 436.56939697265625
136.36752319335938 435.59344482421875
136.36752319335938 435.59344482421875
136.2481689453125 434.6006164550781
136.12881469726562 433.6077880859375
136.00946044921875 432.6149597167969
135.89010620117188 431.62213134765625
135.77076721191406 430.6293029785156
135.65142822265625 429.636474609375
135.53208923339844 428.6436462402344
135.41275024414062 427.65081787109375
135.2934112548828 426.6579895019531
135.17408752441406 425.6651611328125
135.0547637939453 424.6723327636719
134.93544006347656 423.67950439453125
134.8161163330078 422.6866760253906
134.69679260253906 421.69384765625
134.57748413085938 420.7010192871094
134.4581756591797 419.70819091796875
134.3388671875 418.7153625488281
134.2195587158203 417.7225341796875
134.10025024414062 416.7297058105469
133.98095703125 415.73687744140625
133.86166381835938 414.7440490722656
133.74237060546875 413.751220703125
133.62307739257812 412.7583923339844
133.5037841796875 411.76556396484375
133.38450622558594 410.7727355957031
133.26522827148438 409.7799072265625
133.1459503173828 408.7870788574219
133.02667236328125 407.79425048828125
132.9073944091797 406.8014221191406
132.7881317138672 405.80859375
132.6688690185547 404.8157653808594
132.5496063232422 403.82293701171875
132.4303436279297 402.8301086425781
132.3110809326172 401.8372802734375
132.19183349609375 400.8444519042969
132.0725860595703 399.85162353515625
131.95333862304688 398.8587951660156
131.83409118652344 397.865966796875
131.71484375 396.8731384277344
131.59561157226562 395.88031005859375
131.47637939453125 394.8874816894531
131.47637939453125 394.8874816894531
131.4568634033203 393.8876953125
131.43734741210938 392.8879089355469
131.41783142089844 391.88812255859375
131.3983154296875 390.8883361816406
131.37881469726562 389.8885498046875
131.35931396484375 388.8887634277344
131.33981323242188 387.88897705078125
131.3203125 386.8891906738281
131.30081176757812 385.889404296875
131.2813262939453 384.8896179199219
131.2618408203125 383.88983154296875
131.2423553466797 382.8900451660156
131.22286987304688 381.8902587890625
131.20338439941406 380.8904724121094
131.1839141845703 379.89068603515625
131.16444396972656 378.8908996582031
131.1449737548828 377.89111328125
131.12550354003906 376.8913269042969
131.1060333251953 375.89154052734375
131.08657836914062 374.8917541503906
131.06712341308594 373.8919677734375
131.04766845703125 372.8921813964844
131.02821350097656 371.89239501953125
131.00875854492188 370.8926086425781
130.98931884765625 369.892822265625
130.96987915039062 368.8930358886719
130.950439453125 367.89324951171875
130.93099975585938 366.8934631347656
130.91156005859375 365.8936767578125
130.8921356201172 364.8938903808594
130.87271118164062 363.89410400390625
130.85328674316406 362.8943176269531
130.8338623046875 361.89453125
130.814453125 360.8947448730469
130.7950439453125 359.89495849609375
130.775634765625 358.8951721191406
130.7562255859375 357.8953857421875
130.73681640625 356.8955993652344
130.71742248535156 355.89581298828125
130.69802856445312 354.8960266113281
130.6786346435547 353.896240234375
130.65924072265625 352.8964538574219
130.6398468017578 351.89666748046875
130.62046813964844 350.8968811035156
130.60108947753906 349.8970947265625
130.5817108154297 348.8973083496094
130.5623321533203 347.89752197265625
130.54295349121094 346.8977355957031
130.52359008789062 345.89794921875
130.5042266845703 344.8981628417969
130.48486328125 343.89837646484375
130.4654998779297 342.8985900878906
130.44613647460938 341.8988037109375
130.42678833007812 340.8990173339844
130.40744018554688 339.89923095703125
130.38809204101562 338.8994445800781
130.36874389648438 337.899658203125
130.34939575195312 336.8998718261719
130.33006286621094 335.90008544921875
130.31072998046875 334.9002990722656
130.29139709472656 333.9005126953125
130.27206420898438 332.9007263183594
130.2527313232422 331.90093994140625
130.23341369628906 330.9011535644531
130.21409606933594 329.9013671875
130.1947784423828 328.9015808105469
130.1754608154297 327.90179443359375
130.15614318847656 326.9020080566406
130.1368408203125 325.9022216796875
130.11753845214844 324.9024353027344
130.09823608398438 323.90264892578125
130.0789337158203 322.9028625488281
130.05963134765625 321.903076171875
130.04034423828125 320.9032897949219
130.02105712890625 319.90350341796875
130.00177001953125 318.9037170410156
129.98248291015625 317.9039306640625
129.96319580078125 316.9041442871094
129.9439239501953 315.90435791015625
129.92465209960938 314.9045715332031
129.90538024902344 313.90478515625
129.8861083984375 312.9049987792969
129.86683654785156 311.90521240234375
129.8475799560547 310.9054260253906
129.8283233642578 309.9056396484375
129.80906677246094 308.9058532714844
129.78981018066406 307.90606689453125
129.7705535888672 306.9062805175781
129.75131225585938 305.906494140625
129.73207092285156 304.9067077636719
129.71282958984375 303.90692138671875
129.69358825683594 302.9071350097656
129.67434692382812 301.9073486328125
129.65512084960938 300.9075622558594
129.63589477539062 299.90777587890625
129.61666870117188 298.9079895019531
129.59744262695312 297.908203125
129.57823181152344 296.9084167480469
129.55902099609375 295.90863037109375
129.53981018066406 294.9088439941406
129.52059936523438 293.9090576171875
129.5013885498047 292.9092712402344
129.48219299316406 291.90948486328125
129.46299743652344 290.9096984863281
129.4438018798828 289.909912109375
129.4246063232422 288.9101257324219
129.40541076660156 287.91033935546875
129.38623046875 286.9105529785156
129.36705017089844 285.9107666015625
129.34786987304688 284.9109802246094
129.3286895751953 283.91119384765625
129.30950927734375 282.9114074707031
129.29034423828125 281.91162109375
129.27117919921875 280.9118347167969
129.25201416015625 279.91204833984375
129.23284912109375 278.9122619628906
129.21368408203125 277.9124755859375
129.1945343017578 276.9126892089844
129.17538452148438 275.91290283203125
129.15623474121094 274.9131164550781
129.1370849609375 273.913330078125
129.11793518066406 272.9135437011719
129.0988006591797 271.91375732421875
129.0796661376953 270.9139709472656
129.06053161621094 269.9141845703125
129.04139709472656 268.9143981933594
129.0222625732422 267.91461181640625
129.00314331054688 266.9148254394531
128.98402404785156 265.9150390625
128.96490478515625 264.9152526855469
128.94578552246094 263.91546630859375
128.92666625976562 262.9156799316406
128.90756225585938 261.9158935546875
128.88845825195312 260.9161071777344
128.86935424804688 259.91632080078125
128.85025024414062 258.9165344238281
128.83114624023438 257.916748046875
128.8120574951172 256.9169616699219
128.79296875 255.91717529296875
128.7738800048828 254.91738891601562
128.75479125976562 253.9176025390625
128.73570251464844 252.91781616210938
128.7166290283203 251.91802978515625
128.6975555419922 250.91824340820312
128.67848205566406 249.91845703125
128.65940856933594 248.91867065429688
128.6403350830078 247.91888427734375
128.62127685546875 246.91909790039062
128.62127685546875 246.91909790039062
128.70211791992188 245.9224090576172
128.78297424316406 244.92572021484375
128.86383056640625 243.9290313720703
128.94468688964844 242.93234252929688
129.02554321289062 241.93565368652344
129.1063995361328 240.93896484375
129.18727111816406 239.94227600097656
129.2681427001953 238.94558715820312
129.34901428222656 237.9488983154297
129.352294921875 237.92376708984375
129.52976989746094 236.93966674804688
129.70724487304688 235.95559692382812
129.70724487304688 235.95559692382812
129.70724487304688 235.95559692382812
130.0767059326172 235.02638244628906
130.4461669921875 234.09716796875
130.8156280517578 233.16795349121094
131.18508911132812 232.23873901367188
131.5545654296875 231.3095245361328
131.92404174804688 230.38031005859375
132.29351806640625 229.4510955810547
132.66299438476562 228.5218963623047
133.032470703125 227.5926971435547
133.40196228027344 226.6634979248047
133.77145385742188 225.7342987060547
134.1409454345703 224.8050994873047
134.51043701171875 223.8759002685547
134.8799285888672 222.9467010498047
135.24942016601562 222.0175018310547
135.61892700195312 221.0883026123047
135.98843383789062 220.1591033935547
136.35794067382812 219.2299041748047
136.72744750976562 218.3007049560547
137.09695434570312 217.3715057373047
137.4664764404297 216.44232177734375
137.83599853515625 215.5131378173828
138.2055206298828 214.58395385742188
138.57504272460938 213.65476989746094
138.94456481933594 212.7255859375
139.31410217285156 211.79640197753906
139.6836395263672 210.86721801757812
140.0531768798828 209.9380340576172
140.42271423339844 209.00885009765625
140.79225158691406 208.0796661376953
141.16180419921875 207.15048217773438
141.53135681152344 206.22129821777344
141.90090942382812 205.2921142578125
142.2704620361328 204.36293029785156
142.6400146484375 203.4337615966797
143.0095672607422 202.5045928955078
143.37913513183594 201.57542419433594
143.7487030029297 200.64625549316406
144.11827087402344 199.7170867919922
144.4878387451172 198.7879180908203
144.85740661621094 197.85874938964844
145.22698974609375 196.92958068847656
145.59657287597656 196.0004119873047
145.96615600585938 195.0712432861328
146.3357391357422 194.14207458496094
146.705322265625 193.21290588378906
147.07492065429688 192.2837371826172
147.44451904296875 191.35458374023438
147.81411743164062 190.42543029785156
148.1836700439453 189.49642944335938
148.4505615234375 188.8541717529297
148.84829711914062 187.93670654296875
149.24603271484375 187.0192413330078
149.64376831054688 186.10177612304688
150.04150390625 185.18431091308594
150.43923950195312 184.266845703125
150.44061279296875 184.26406860351562
150.9276885986328 183.3907470703125
151.41477966308594 182.51742553710938
151.90187072753906 181.64410400390625
152.3889617919922 180.77078247070312
152.8760528564453 179.8974609375
153.36314392089844 179.02413940429688
153.85023498535156 178.1508331298828
154.33734130859375 177.27752685546875
154.82444763183594 176.4042205810547
154.82444763183594 176.4042205810547
154.82444763183594 176.4042205810547
154.82444763183594 176.4042205810547
154.82444763183594 176.4042205810547
154.82444763183594 176.4042205810547
154.82444763183594 176.4042205810547
154.82444763183594 176.4042205810547
154.82444763183594 176.4042205810547
154.82444763183594 176.4042205810547
154.82444763183594 176.4042205810547
154.82444763183594 176.4042205810547
154.82444763183594 176.4042205810547
154.82444763183594 176.4042205810547
154.0389862060547 176.2057647705078
154.0389862060547 176.2057647705078
154.0389862060547 176.2057647705078
154.0389862060547 176.2057647705078
154.0389862060547 176.2057647705078
154.0389862060547 176.2057647705078
154.0389862060547 176.2057647705078
154.0389862060547 176.2057647705078
154.0389862060547 176.2057647705078
154.0389862060547 176.2057647705078
154.0389862060547 176.2057647705078
154.0389862060547 176.2057647705078
154.0389862060547 176.2057647705078
153.95143127441406 175.3783721923828
153.87779235839844 174.54962158203125
153.81808471679688 173.71974182128906
153.77232360839844 172.88897705078125
153.7405242919922 172.0575714111328
153.72268676757812 171.22573852539062
153.7188262939453 170.3937225341797
153.72894287109375 169.561767578125
153.75303649902344 168.7301025390625
153.7910919189453 167.89895629882812
153.8430938720703 167.0685577392578
153.90904235839844 166.23915100097656
153.98890686035156 165.41098022460938
154.08267211914062 164.58425903320312
154.1903076171875 163.7592315673828
154.1903076171875 163.7592315673828
154.1903076171875 163.7592315673828
154.1903076171875 163.7592315673828
154.1903076171875 163.7592315673828
154.1903076171875 163.7592315673828
154.1903076171875 163.7592315673828
154.1903076171875 163.7592315673828
154.1903076171875 163.7592315673828
154.1903076171875 163.7592315673828
154.1903076171875 163.7592315673828
154.1903076171875 163.7592315673828
154.1903076171875 163.7592315673828
154.1903076171875 163.7592315673828
154.1903076171875 163.7592315673828
154.1903076171875 163.7592315673828
154.1903076171875 163.7592315673828
154.1903076171875 163.7592315673828
154.1903076171875 163.7592315673828
154.1903076171875 163.7592315673828
154.1903076171875 163.7592315673828
154.1903076171875 163.7592315673828
154.1903076171875 163.7592315673828
154.1903076171875 163.7592315673828
154.1903076171875 163.7592315673828
154.1903076171875 163.7592315673828
154.1903076171875 163.7592315673828
154.1903076171875 163.7592315673828
154.1903076171875 163.7592315673828
154.1903076171875 163.7592315673828
154.1903076171875 163.7592315673828
153.2811737060547 164.1756591796875
152.37203979492188 164.5920867919922
151.46290588378906 165.00851440429688
150.55377197265625 165.4249267578125
149.64463806152344 165.84133911132812
148.73550415039062 166.25775146484375
147.82635498046875 166.67416381835938
146.91720581054688 167.090576171875
146.008056640625 167.50698852539062
145.09890747070312 167.9233856201172
144.18975830078125 168.33978271484375
143.28060913085938 168.7561798095703
143.28060913085938 168.7561798095703
142.3344268798828 169.07972717285156
141.38824462890625 169.4032745361328
140.4420623779297 169.72682189941406
139.49588012695312 170.0503692626953
138.54969787597656 170.3739013671875
137.603515625 170.6974334716797
136.65733337402344 171.02096557617188
135.71115112304688 171.34449768066406
134.7649688720703 171.66802978515625
133.81878662109375 171.99154663085938
132.8726043701172 172.3150634765625
131.92642211914062 172.63858032226562
131.92642211914062 172.63858032226562
130.95266723632812 172.8660125732422
129.97891235351562 173.09344482421875
129.00514221191406 173.3208770751953
128.0313720703125 173.54830932617188
127.05760955810547 173.77574157714844
126.08384704589844 174.00315856933594
125.1100845336914 174.23057556152344
124.13632202148438 174.45799255371094
123.16255187988281 174.68540954589844
122.18878173828125 174.91282653808594
121.21501159667969 175.14022827148438
120.24124145507812 175.3676300048828
119.26747131347656 175.59503173828125
118.293701171875 175.8224334716797
117.31993103027344 176.04983520507812
116.34616088867188 176.2772216796875
115.37239074707031 176.50460815429688
114.39862060546875 176.73199462890625
113.42485046386719 176.95938110351562
112.4510726928711 177.186767578125
112.4510726928711 177.186767578125
111.45946502685547 177.3157958984375
110.46785736083984 177.44482421875
109.47624969482422 177.57383728027344
108.48463439941406 177.70285034179688
107.4930191040039 177.8318634033203
106.50140380859375 177.96087646484375
105.5097885131836 178.0898895263672
104.51817321777344 178.21888732910156
103.52655792236328 178.34788513183594
102.53494262695312 178.4768829345703
101.54332733154297 178.6058807373047
100.55171966552734 178.73487854003906
99.56010437011719 178.86386108398438
99.56010437011719 178.86386108398438
98.56056213378906 178.89320373535156
97.56101989746094 178.92254638671875
96.56147766113281 178.95188903808594
95.56193542480469 178.98123168945312
94.56239318847656 179.01055908203125
93.56285095214844 179.03988647460938
93.56285095214844 179.03988647460938
92.56537628173828 178.9692840576172
91.56790161132812 178.89866638183594
90.57042694091797 178.8280487060547
89.57295227050781 178.75743103027344
88.57547760009766 178.6868133544922
87.5780029296875 178.61619567871094
86.58052825927734 178.54556274414062
85.58305358886719 178.4749298095703
84.58557891845703 178.404296875
83.5881118774414 178.3336639404297
82.59063720703125 178.26303100585938
81.5931625366211 178.1923828125
81.5931625366211 178.1923828125
80.60772705078125 178.0225067138672
79.6222915649414 177.85263061523438
78.63685607910156 177.68275451660156
77.65142059326172 177.51287841796875
76.66598510742188 177.34298706054688
75.68054962158203 177.173095703125
75.68054962158203 177.173095703125
74.71700286865234 176.90567016601562
73.75345611572266 176.63824462890625
72.78990936279297 176.37081909179688
