60.0 450.0
60.0 450.0
60.0 450.0
60.0 450.0
60.0 450.0
60.0 450.0
60.0 450.0
60.0 450.0
60.0 450.0
60.0 450.0
60.0 450.0
60.0 450.0
59.59718322753906 450.9152526855469
59.194366455078125 451.83050537109375
58.79154586791992 452.7457580566406
58.38872146606445 453.6610107421875
57.985897064208984 454.5762634277344
57.58306884765625 455.49151611328125
57.18023681640625 456.4067687988281
56.77740478515625 457.322021484375
56.374568939208984 458.2372741699219
55.97172927856445 459.15252685546875
55.568885803222656 460.0677795410156
55.16604232788086 460.9830322265625
54.7631950378418 461.89825439453125
54.36034393310547 462.8134765625
53.95749282836914 463.72869873046875
53.55463790893555 464.6439208984375
53.15177917480469 465.55914306640625
52.74892044067383 466.474365234375
52.3460578918457 467.38958740234375
51.94319152832031 468.3048095703125
51.54032516479492 469.22003173828125
51.137454986572266 470.13525390625
50.734580993652344 471.05047607421875
50.33170700073242 471.9656982421875
49.928829193115234 472.88092041015625
49.52594757080078 473.796142578125
49.12306213378906 474.71136474609375
48.720176696777344 475.6265869140625
48.31728744506836 476.54180908203125
47.91439437866211 477.45703125
47.51150131225586 478.37225341796875
47.108604431152344 479.2874755859375
46.70570373535156 480.20269775390625
46.30280303955078 481.117919921875
45.899898529052734 482.03314208984375
45.49699020385742 482.9483642578125
45.09408187866211 483.86358642578125
44.69116973876953 484.77880859375
44.28825378417969 485.6940002441406
43.885337829589844 486.60919189453125
43.482418060302734 487.5243835449219
43.07949447631836 488.4395751953125
42.67656707763672 489.3547668457031
42.67655944824219 489.3547668457031
42.67655944824219 489.3547668457031
42.67655944824219 489.3547668457031
42.67655944824219 489.3547668457031
42.67655944824219 489.3547668457031
42.67655944824219 489.3547668457031
42.67655944824219 489.3547668457031
42.67655944824219 489.3547668457031
42.67655944824219 489.3547668457031
42.67655944824219 489.3547668457031
42.67655944824219 489.3547668457031
42.67655944824219 489.3547668457031
42.67655944824219 489.3547668457031
42.67655944824219 489.3547668457031
42.67655944824219 489.3547668457031
42.67655944824219 489.3547668457031
42.67655944824219 489.3547668457031
42.67655944824219 489.3547668457031
42.67655944824219 489.3547668457031
42.67655944824219 489.3547668457031
42.67655944824219 489.3547668457031
42.67655944824219 489.3547668457031
42.67655944824219 489.3547668457031
43.007286071777344 490.1000671386719
43.324195861816406 490.8513488769531
43.6271858215332 491.60833740234375
43.9161491394043 492.3708190917969
44.19099044799805 493.13848876953125
44.45161437988281 493.9111022949219
44.697933197021484 494.6883850097656
44.92985916137695 495.4700927734375
45.147315979003906 496.2559509277344
45.3502311706543 497.0456848144531
45.53853225708008 497.8390197753906
45.712158203125 498.6357116699219
45.87104797363281 499.4354553222656
46.0151481628418 500.2380065917969
46.1444091796875 501.0430908203125
46.258785247802734 501.85040283203125
46.35824203491211 502.6596984863281
46.44274139404297 503.470703125
46.51225662231445 504.2831115722656
46.56676483154297 505.0966796875
46.60624694824219 505.9111022949219
46.63068771362305 506.72613525390625
46.640079498291016 507.5414733886719
46.63441848754883 508.3568420410156
46.61370849609375 509.1719665527344
46.61370849609375 509.1719665527344
46.61370849609375 509.1719665527344
46.61370849609375 509.1719665527344
46.61370849609375 509.1719665527344
46.61370849609375 509.1719665527344
46.61370849609375 509.1719665527344
46.61370849609375 509.1719665527344
46.61370849609375 509.1719665527344
46.61370849609375 509.1719665527344
46.61370849609375 509.1719665527344
46.61370849609375 509.1719665527344
46.61370849609375 509.1719665527344
46.61370849609375 509.1719665527344
46.61370849609375 509.1719665527344
46.61370849609375 509.1719665527344
46.61370849609375 509.1719665527344
46.61370849609375 509.1719665527344
46.61370849609375 509.1719665527344
46.61370849609375 509.1719665527344
46.61370849609375 509.1719665527344
46.61370849609375 509.1719665527344
46.61370849609375 509.1719665527344
46.61370849609375 509.1719665527344
46.61370849609375 509.1719665527344
46.61370849609375 509.1719665527344
46.61370849609375 509.1719665527344
46.61370849609375 509.1719665527344
46.61370849609375 509.1719665527344
46.61370849609375 509.1719665527344
46.61370849609375 509.1719665527344
46.61370849609375 509.1719665527344
46.61370849609375 509.1719665527344
46.61370849609375 509.1719665527344
46.61370849609375 509.1719665527344
46.324851989746094 510.1293029785156
46.03599166870117 511.0866394042969
45.747127532958984 512.0440063476562
45.4582633972168 513.0013427734375
45.169395446777344 513.9586791992188
44.880523681640625 514.916015625
44.59164810180664 515.8733520507812
44.302772521972656 516.8306884765625
44.013893127441406 517.7880249023438
43.72500991821289 518.745361328125
43.436126708984375 519.7026977539062
43.147239685058594 520.6600341796875
42.85834884643555 521.6173706054688
42.85834884643555 521.6173706054688
42.47532653808594 522.5410766601562
42.09230041503906 523.4647827148438
41.70927047729492 524.3884887695312
41.32624053955078 525.3121948242188
40.943206787109375 526.2359008789062
40.5601692199707 527.1596069335938
40.177127838134766 528.0833129882812
39.79408645629883 529.0070190429688
39.411041259765625 529.9307250976562
39.027992248535156 530.8544311523438
38.64494323730469 531.7781372070312
38.26189041137695 532.7018432617188
37.87883377075195 533.6255493164062
37.49577713012695 534.5492553710938
37.11271667480469 535.4729614257812
36.729652404785156 536.3966674804688
36.346588134765625 537.3203735351562
35.96352005004883 538.2440795898438
35.580448150634766 539.1677856445312
35.19737243652344 540.0914916992188
34.81429672241211 541.0151977539062
34.431217193603516 541.9389038085938
34.431217193603516 541.9389038085938
33.95783615112305 542.8197021484375
33.48445129394531 543.7005004882812
33.01106262207031 544.581298828125
32.53767395019531 545.4620971679688
32.06428146362305 546.3428955078125
31.59088706970215 547.2236938476562
31.117488861083984 548.1044921875
30.644088745117188 548.9852905273438
30.170686721801758 549.8660888671875
29.697280883789062 550.7468872070312
29.223873138427734 551.627685546875
28.750463485717773 552.5084838867188
28.277050018310547 553.3892822265625
27.803634643554688 554.2700805664062
27.330217361450195 555.15087890625
26.856796264648438 556.0316772460938
26.383373260498047 556.9124755859375
25.909948348999023 557.7932739257812
25.436519622802734 558.674072265625
24.963088989257812 559.5548706054688
24.489656448364258 560.4356689453125
24.01622200012207 561.3164672851562
23.542783737182617 562.197265625
23.06934356689453 563.0780639648438
23.06934356689453 563.0780639648438
22.510347366333008 563.9071655273438
21.951332092285156 564.7362670898438
21.392314910888672 565.5653686523438
21.392314910888672 565.5653686523438
21.392314910888672 565.5653686523438
21.392314910888672 565.5653686523438
21.392314910888672 565.5653686523438
21.392314910888672 565.5653686523438
21.392314910888672 565.5653686523438
21.392314910888672 565.5653686523438
21.392314910888672 565.5653686523438
21.392314910888672 565.5653686523438
21.392314910888672 565.5653686523438
21.392314910888672 565.5653686523438
21.392314910888672 565.5653686523438
21.392314910888672 565.5653686523438
21.392314910888672 565.5653686523438
21.392314910888672 565.5653686523438
21.392314910888672 565.5653686523438
21.392314910888672 565.5653686523438
21.392314910888672 565.5653686523438
21.392314910888672 565.5653686523438
21.392314910888672 565.5653686523438
21.392314910888672 565.5653686523438
21.392314910888672 565.5653686523438
21.392314910888672 565.5653686523438
21.392314910888672 565.5653686523438
21.392314910888672 565.5653686523438
21.424224853515625 566.380126953125
21.441089630126953 567.1953125
21.442903518676758 568.0106811523438
21.429664611816406 568.8259887695312
21.401378631591797 569.640869140625
21.358055114746094 570.455078125
21.29970932006836 571.2683715820312
21.226360321044922 572.0804443359375
21.13803482055664 572.8910522460938
21.034761428833008 573.6998901367188
20.916574478149414 574.5066528320312
20.78351593017578 575.3110961914062
20.635629653930664 576.1129760742188
20.47296714782715 576.9119873046875
20.295583724975586 577.7078247070312
20.103540420532227 578.500244140625
19.896902084350586 579.2890014648438
19.675739288330078 580.0737915039062
19.675739288330078 580.0737915039062
19.675739288330078 580.0737915039062
19.675739288330078 580.0737915039062
19.675739288330078 580.0737915039062
19.675739288330078 580.0737915039062
19.675739288330078 580.0737915039062
19.675739288330078 580.0737915039062
19.675739288330078 580.0737915039062
19.675739288330078 580.0737915039062
19.675739288330078 580.0737915039062
19.675739288330078 580.0737915039062
19.675739288330078 580.0737915039062
19.675739288330078 580.0737915039062
19.675739288330078 580.0737915039062
19.675739288330078 580.0737915039062
19.675739288330078 580.0737915039062
19.675739288330078 580.0737915039062
19.675739288330078 580.0737915039062
20.345754623413086 579.5958862304688
20.345754623413086 579.5958862304688
21.218111038208008 579.1070556640625
21.21813201904297 579.1070556640625
21.21814727783203 579.1070556640625
21.218162536621094 579.1070556640625
21.218177795410156 579.1070556640625
21.21819305419922 579.1070556640625
21.21820831298828 579.1070556640625
21.218223571777344 579.1070556640625
21.218223571777344 579.1070556640625
21.218223571777344 579.1070556640625
21.218223571777344 579.1070556640625
21.218223571777344 579.1070556640625
21.218223571777344 579.1070556640625
21.218223571777344 579.1070556640625
21.218223571777344 579.1070556640625
21.218223571777344 579.1070556640625
21.218223571777344 579.1070556640625
21.218223571777344 579.1070556640625
21.218223571777344 579.1070556640625
21.218223571777344 579.1070556640625
21.218223571777344 579.1070556640625
21.218223571777344 579.1070556640625
21.218223571777344 579.1070556640625
21.21833610534668 579.1063842773438
21.21833610534668 579.1063842773438
21.21833610534668 579.1063842773438
21.21833610534668 579.1063842773438
21.21833610534668 579.1063842773438
21.21833610534668 579.1063842773438
21.21833610534668 579.1063842773438
21.21833610534668 579.1063842773438
21.21833610534668 579.1063842773438
21.21833610534668 579.1063842773438
21.21833610534668 579.1063842773438
21.21833610534668 579.1063842773438
21.21833610534668 579.1063842773438
21.21833610534668 579.1063842773438
21.21833610534668 579.1063842773438
21.227264404296875 579.1072387695312
21.23606300354004 579.1090087890625
21.23606300354004 579.1090087890625
21.23606300354004 579.1090087890625
21.23606300354004 579.1090087890625
21.23606300354004 579.1090087890625
21.23606300354004 579.1090087890625
21.23606300354004 579.1090087890625
21.23606300354004 579.1090087890625
21.23606300354004 579.1090087890625
21.23606300354004 579.1090087890625
21.23606300354004 579.1090087890625
21.23606300354004 579.1090087890625
21.23606300354004 579.1090087890625
21.33025550842285 579.9189453125
21.33025550842285 579.9189453125
21.33025550842285 579.9189453125
21.33025550842285 579.9189453125
21.33025550842285 579.9189453125
21.33025550842285 579.9189453125
21.33025550842285 579.9189453125
21.33025550842285 579.9189453125
21.33025550842285 579.9189453125
21.33025550842285 579.9189453125
21.33025550842285 579.9189453125
21.33025550842285 579.9189453125
21.33025550842285 579.9189453125
21.33025550842285 579.9189453125
21.33025550842285 579.9189453125
21.33025550842285 579.9189453125
21.33025550842285 579.9189453125
21.33025550842285 579.9189453125
21.33025550842285 579.9189453125
21.33025550842285 579.9189453125
21.33025550842285 579.9189453125
21.33025550842285 579.9189453125
21.33025550842285 579.9189453125
21.33025550842285 579.9189453125
21.33025550842285 579.9189453125
21.33025550842285 579.9189453125
21.33025550842285 579.9189453125
21.33025550842285 579.9189453125
21.33025550842285 579.9189453125
21.33025550842285 579.9189453125
21.33025550842285 579.9189453125
21.33025550842285 579.9189453125
21.33025550842285 579.9189453125
21.33025550842285 579.9189453125
21.33025550842285 579.9189453125
21.33025550842285 579.9189453125
21.33025550842285 579.9189453125
21.33025550842285 579.9189453125
21.33025550842285 579.9189453125
21.33025550842285 579.9189453125
21.33025550842285 579.9189453125
21.330270767211914 579.9189453125
21.330286026000977 579.9189453125
21.33030128479004 579.9189453125
21.3303165435791 579.9189453125
21.330331802368164 579.9189453125
21.330347061157227 579.9189453125
21.33036231994629 579.9189453125
21.33036231994629 579.9189453125
21.33036231994629 579.9189453125
21.33036231994629 579.9189453125
21.33036231994629 579.9189453125
21.33036231994629 579.9189453125
21.33036231994629 579.9189453125
21.33036231994629 579.9189453125
21.33036231994629 579.9189453125
21.33036231994629 579.9189453125
21.33036231994629 579.9189453125
21.33036231994629 579.9189453125
21.33036231994629 579.9189453125
21.33036231994629 579.9189453125
21.33036231994629 579.9189453125
21.33036231994629 579.9189453125
21.331680297851562 579.9100952148438
21.331680297851562 579.9100952148438
21.334728240966797 579.9016723632812
21.334728240966797 579.9016723632812
21.612581253051758 579.4142456054688
21.612581253051758 579.4142456054688
21.612581253051758 579.4142456054688
21.612581253051758 579.4142456054688
21.612581253051758 579.4142456054688
21.612581253051758 579.4142456054688
21.612581253051758 579.4142456054688
21.612581253051758 579.4142456054688
21.612581253051758 579.4142456054688
21.612581253051758 579.4142456054688
21.612581253051758 579.4142456054688
21.612581253051758 579.4142456054688
21.621488571166992 579.415283203125
21.630247116088867 579.417236328125
21.630247116088867 579.417236328125
21.630247116088867 579.417236328125
21.630247116088867 579.417236328125
21.630247116088867 579.417236328125
21.630247116088867 579.417236328125
21.630247116088867 579.417236328125
21.630247116088867 579.417236328125
21.630247116088867 579.417236328125
21.630247116088867 579.417236328125
21.630247116088867 579.417236328125
21.630247116088867 579.417236328125
21.630247116088867 579.417236328125
21.70686912536621 580.22900390625
21.70686912536621 580.22900390625
21.70686912536621 580.22900390625
21.70686912536621 580.22900390625
21.70686912536621 580.22900390625
21.70686912536621 580.22900390625
21.70686912536621 580.22900390625
21.70686912536621 580.22900390625
21.70686912536621 580.22900390625
21.70686912536621 580.22900390625
21.70686912536621 580.22900390625
21.70686912536621 580.22900390625
21.70686912536621 580.22900390625
21.70686912536621 580.22900390625
21.70686912536621 580.22900390625
21.70686912536621 580.22900390625
21.70686912536621 580.22900390625
21.70686912536621 580.22900390625
21.70686912536621 580.22900390625
21.70686912536621 580.22900390625
21.70686912536621 580.22900390625
21.70686912536621 580.22900390625
21.70686912536621 580.22900390625
21.70686912536621 580.22900390625
21.70686912536621 580.22900390625
21.70686912536621 580.22900390625
21.70686912536621 580.22900390625
21.70686912536621 580.22900390625
21.70686912536621 580.22900390625
21.70686912536621 580.22900390625
21.70686912536621 580.22900390625
21.70686912536621 580.22900390625
21.70686912536621 580.22900390625
21.70686912536621 580.22900390625
21.70686912536621 580.22900390625
21.70686912536621 580.22900390625
21.70686912536621 580.22900390625
21.70686912536621 580.22900390625
21.70686912536621 580.22900390625
22.561199188232422 579.7093505859375
23.415531158447266 579.189697265625
24.26986312866211 578.6700439453125
25.124197006225586 578.150390625
25.978532791137695 577.6307373046875
26.832870483398438 577.111083984375
27.687210083007812 576.5914306640625
28.541549682617188 576.07177734375
28.541549682617188 576.07177734375
29.44350242614746 575.6400146484375
30.345457077026367 575.208251953125
31.247411727905273 574.7764892578125
32.14936828613281 574.3447265625
33.051326751708984 573.9129638671875
33.953285217285156 573.481201171875
34.85524368286133 573.0494384765625
35.757205963134766 572.61767578125
36.6591682434082 572.1859130859375
37.56113052368164 571.754150390625
38.463096618652344 571.3223876953125
39.36506271362305 570.890625
39.36506271362305 570.890625
40.305625915527344 570.5510864257812
41.24618911743164 570.2115478515625
42.1867561340332 569.8720092773438
43.127323150634766 569.532470703125
44.06789016723633 569.1929321289062
45.00845718383789 568.8533935546875
45.94902801513672 568.5138549804688
46.88959884643555 568.17431640625
47.830169677734375 567.8347778320312
48.7707405090332 567.4952392578125
49.7113151550293 567.15576171875
50.65188980102539 566.8162841796875
51.592464447021484 566.476806640625
52.53303909301758 566.1373291015625
53.47361755371094 565.7978515625
54.4141960144043 565.4583740234375
54.521400451660156 565.4249877929688
55.488372802734375 565.1702270507812
56.455345153808594 564.9154663085938
57.42231750488281 564.6607055664062
58.38928985595703 564.4059448242188
59.356266021728516 564.1511840820312
60.3232421875 563.8964233398438
61.290218353271484 563.6416625976562
62.25719451904297 563.3869018554688
63.22417068481445 563.1321411132812
64.19114685058594 562.8773803710938
65.15812683105469 562.6226196289062
66.12510681152344 562.3678588867188
67.09208679199219 562.1130981445312
68.05906677246094 561.8583374023438
69.02604675292969 561.6035766601562
69.99302673339844 561.348876953125
70.96000671386719 561.0941772460938
71.92699432373047 560.8394775390625
72.88514709472656 560.5875854492188
73.85237121582031 560.333740234375
74.81959533691406 560.0798950195312
74.81959533691406 560.0798950195312
75.80732727050781 559.9238891601562
76.79505920410156 559.7678833007812
77.78279113769531 559.6118774414062
78.77052307128906 559.4558715820312
79.75825500488281 559.2998657226562
80.74598693847656 559.1439208984375
81.73371887207031 558.9879760742188
82.72145080566406 558.83203125
83.70918273925781 558.6760864257812
84.69691467285156 558.5201416015625
85.68464660644531 558.3641967773438
86.67237854003906 558.208251953125
87.66011047363281 558.0523071289062
88.6478500366211 557.8963623046875
89.63558959960938 557.7404174804688
90.62332916259766 557.58447265625
91.61106872558594 557.4285278320312
92.59880828857422 557.2725830078125
93.5865478515625 557.1166381835938
94.57428741455078 556.960693359375
95.56202697753906 556.8047485351562
96.54976654052734 556.6488037109375
97.53750610351562 556.4928588867188
98.5252456665039 556.3369140625
98.5252456665039 556.3369140625
99.52362060546875 556.2803955078125
100.5219955444336 556.223876953125
101.52037048339844 556.1673583984375
102.51874542236328 556.11083984375
103.51712036132812 556.0543212890625
104.51549530029297 555.997802734375
105.51387023925781 555.9412841796875
106.51224517822266 555.884765625
107.5106201171875 555.8282470703125
108.50899505615234 555.771728515625
109.50736999511719 555.7152099609375
110.50574493408203 555.65869140625
111.50411987304688 555.6021728515625
112.50249481201172 555.545654296875
113.50086975097656 555.4891357421875
114.4992446899414 555.4326171875
115.49761962890625 555.3761596679688
116.4959945678711 555.3197021484375
117.49436950683594 555.2632446289062
118.49274444580078 555.206787109375
119.49111938476562 555.1503295898438
120.48949432373047 555.0938720703125
121.48786926269531 555.0374145507812
122.48624420166016 554.98095703125
123.484619140625 554.9244995117188
124.48299407958984 554.8680419921875
125.48136901855469 554.8115844726562
126.47974395751953 554.755126953125
127.47811889648438 554.6986694335938
128.47650146484375 554.6422119140625
129.47488403320312 554.5857543945312
130.4732666015625 554.529296875
131.47164916992188 554.4728393554688
132.47003173828125 554.4163818359375
133.46841430664062 554.3599243164062
134.466796875 554.303466796875
135.46517944335938 554.2470092773438
136.46356201171875 554.1905517578125
137.46194458007812 554.1341552734375
138.4603271484375 554.0777587890625
139.45870971679688 554.0213623046875
140.45709228515625 553.9649658203125
141.45547485351562 553.9085693359375
142.453857421875 553.8521728515625
143.45223999023438 553.7957763671875
144.45062255859375 553.7393798828125
145.44900512695312 553.6829833984375
146.4473876953125 553.6265869140625
147.44577026367188 553.5701904296875
148.44415283203125 553.5137939453125
149.44253540039062 553.4573974609375
150.44091796875 553.4010009765625
151.43930053710938 553.3446044921875
152.43768310546875 553.2882080078125
153.43605041503906 553.2318115234375
154.43441772460938 553.1754150390625
155.4327850341797 553.1190185546875
155.4327850341797 553.1190185546875
155.4327850341797 553.1190185546875
155.4327850341797 553.1190185546875
155.4327850341797 553.1190185546875
155.4327850341797 553.1190185546875
155.4327850341797 553.1190185546875
155.4327850341797 553.1190185546875
155.4327850341797 553.1190185546875
155.4327850341797 553.1190185546875
155.4327850341797 553.1190185546875
155.4327850341797 553.1190185546875
155.4327850341797 553.1190185546875
155.4327850341797 553.1190185546875
155.4327850341797 553.1190185546875
155.4327850341797 553.1190185546875
155.4327850341797 553.1190185546875
155.4327850341797 553.1190185546875
155.4327850341797 553.1190185546875
155.4327850341797 553.1190185546875
155.4327850341797 553.1190185546875
155.4327850341797 553.1190185546875
155.4327850341797 553.1190185546875
155.4327850341797 553.1190185546875
155.4327850341797 553.1190185546875
155.4327850341797 553.1190185546875
155.4327850341797 553.1190185546875
155.4327850341797 553.1190185546875
155.4327850341797 553.1190185546875
156.1873321533203 552.8099365234375
156.94744873046875 552.5148315429688
157.712890625 552.2338256835938
158.48338317871094 551.9669799804688
159.2586669921875 551.7144165039062
160.03848266601562 551.4761962890625
160.8225555419922 551.25244140625
161.61062622070312 551.0431518554688
162.40243530273438 550.8484497070312
163.19769287109375 550.6683959960938
163.9961395263672 550.5030517578125
164.79750061035156 550.3524780273438
165.6015167236328 550.2167358398438
166.40789794921875 550.0958862304688
167.21636962890625 549.9899291992188
168.0266571044922 549.89892578125
168.83848571777344 549.8228759765625
169.65158081054688 549.7618408203125
170.46566772460938 549.7158203125
171.2804718017578 549.684814453125
172.095703125 549.6688842773438
172.9110870361328 549.66796875
173.72634887695312 549.68212890625
173.72634887695312 549.68212890625
173.72634887695312 549.68212890625
173.72634887695312 549.68212890625
173.72634887695312 549.68212890625
173.72634887695312 549.68212890625
173.72634887695312 549.68212890625
173.72634887695312 549.68212890625
173.72634887695312 549.68212890625
173.72634887695312 549.68212890625
173.72634887695312 549.68212890625
173.72634887695312 549.68212890625
173.72634887695312 549.68212890625
173.72634887695312 549.68212890625
173.72634887695312 549.68212890625
173.72634887695312 549.68212890625
173.72634887695312 549.68212890625
173.72634887695312 549.68212890625
173.72634887695312 549.68212890625
173.72634887695312 549.68212890625
173.72634887695312 549.68212890625
173.72634887695312 549.68212890625
173.72634887695312 549.68212890625
173.72634887695312 549.68212890625
173.72634887695312 549.68212890625
173.72634887695312 549.68212890625
173.72634887695312 549.68212890625
173.72634887695312 549.68212890625
174.6414337158203 549.2789306640625
175.5565185546875 548.875732421875
176.47161865234375 548.4725341796875
177.38671875 548.0693359375
178.30181884765625 547.6661376953125
179.2169189453125 547.2630004882812
180.13201904296875 546.85986328125
181.047119140625 546.4567260742188
181.96221923828125 546.0535888671875
182.8773193359375 545.6504516601562
183.79241943359375 545.247314453125
184.70751953125 544.8441772460938
185.62261962890625 544.4410400390625
186.5377197265625 544.0379028320312
187.45281982421875 543.634765625
188.367919921875 543.2316284179688
189.2830352783203 542.8284912109375
190.19815063476562 542.4253540039062
191.11326599121094 542.022216796875
192.02838134765625 541.6190795898438
192.94349670410156 541.2159423828125
193.85861206054688 540.8128051757812
194.7737274169922 540.40966796875
195.6888427734375 540.0065307617188
196.6039581298828 539.6033935546875
197.51907348632812 539.2002563476562
198.43418884277344 538.797119140625
199.34930419921875 538.3939819335938
200.26441955566406 537.9909057617188
201.17955017089844 537.5878295898438
202.0946807861328 537.1847534179688
203.0098114013672 536.7816772460938
203.92494201660156 536.3786010742188
204.84007263183594 535.9755249023438
205.7552032470703 535.5724487304688
206.6703338623047 535.1693725585938
207.58546447753906 534.7662963867188
207.58546447753906 534.7662963867188
207.58546447753906 534.7662963867188
207.58546447753906 534.7662963867188
207.58546447753906 534.7662963867188
207.58546447753906 534.7662963867188
207.58546447753906 534.7662963867188
207.58546447753906 534.7662963867188
207.58546447753906 534.7662963867188
207.58546447753906 534.7662963867188
207.58546447753906 534.7662963867188
207.58546447753906 534.7662963867188
207.58546447753906 534.7662963867188
207.58546447753906 534.7662963867188
207.58546447753906 534.7662963867188
207.58546447753906 534.7662963867188
207.58546447753906 534.7662963867188
207.58546447753906 534.7662963867188
207.36289978027344 533.9818725585938
207.1548614501953 533.1934814453125
206.96141052246094 532.4013671875
206.78260803222656 531.6058349609375
206.61851501464844 530.80712890625
206.4691925048828 530.0055541992188
206.33470153808594 529.2013549804688
206.21507263183594 528.394775390625
206.1103515625 527.5861206054688
206.0205841064453 526.7756958007812
205.94578552246094 525.9637451171875
205.885986328125 525.1505737304688
205.84121704101562 524.33642578125
205.8114776611328 523.5216064453125
205.79678344726562 522.7063598632812
205.79678344726562 522.7063598632812
205.79678344726562 522.7063598632812
205.79678344726562 522.7063598632812
205.79678344726562 522.7063598632812
206.11463928222656 521.9555053710938
206.44630432128906 521.2106323242188
206.79165649414062 520.4719848632812
207.1505889892578 519.7398681640625
207.52297973632812 519.0144653320312
207.90869140625 518.2960815429688
208.30760192871094 517.5849609375
208.71957397460938 516.8812866210938
209.1444549560547 516.1853637695312
209.1444549560547 516.1853637695312
209.1444549560547 516.1853637695312
209.1444549560547 516.1853637695312
209.1444549560547 516.1853637695312
209.1444549560547 516.1853637695312
209.1444549560547 516.1853637695312
209.1444549560547 516.1853637695312
209.1444549560547 516.1853637695312
209.1444549560547 516.1853637695312
209.1444549560547 516.1853637695312
209.1444549560547 516.1853637695312
209.1444549560547 516.1853637695312
209.1444549560547 516.1853637695312
209.1444549560547 516.1853637695312
209.1444549560547 516.1853637695312
209.1444549560547 516.1853637695312
209.1444549560547 516.1853637695312
209.1444549560547 516.1853637695312
209.1444549560547 516.1853637695312
209.1444549560547 516.1853637695312
209.1444549560547 516.1853637695312
209.1444549560547 516.1853637695312
209.1444549560547 516.1853637695312
209.1444549560547 516.1853637695312
209.1444549560547 516.1853637695312
209.1444549560547 516.1853637695312
209.1444549560547 516.1853637695312
209.1444549560547 516.1853637695312
209.1444549560547 516.1853637695312
209.1444549560547 516.1853637695312
209.1444549560547 516.1853637695312
209.1444549560547 516.1853637695312
209.1444549560547 516.1853637695312
209.1444549560547 516.1853637695312
209.1444549560547 516.1853637695312
209.1444549560547 516.1853637695312
209.1444549560547 516.1853637695312
210.0426788330078 515.7459106445312
210.94090270996094 515.3064575195312
211.83912658691406 514.8670043945312
212.7373504638672 514.4275512695312
213.6355743408203 513.9880981445312
214.53379821777344 513.5486450195312
215.43202209472656 513.1091918945312
216.3302459716797 512.6697387695312
217.2284698486328 512.2302856445312
218.12669372558594 511.79083251953125
219.02493286132812 511.35137939453125
219.9231719970703 510.91192626953125
220.8214111328125 510.47247314453125
221.7196502685547 510.03302001953125
222.61788940429688 509.59356689453125
223.51612854003906 509.15411376953125
224.41436767578125 508.71466064453125
225.31260681152344 508.27520751953125
226.21084594726562 507.8357849121094
227.1090850830078 507.3963623046875
228.00732421875 506.9569396972656
228.9055633544922 506.51751708984375
229.80381774902344 506.0780944824219
230.7020721435547 505.638671875
231.60032653808594 505.1992492675781
232.4985809326172 504.75982666015625
233.39683532714844 504.3204040527344
234.2950897216797 503.8809814453125
235.19334411621094 503.4415588378906
236.0915985107422 503.00213623046875
236.98985290527344 502.562744140625
237.8881072998047 502.12335205078125
238.78636169433594 501.6839599609375
239.6846160888672 501.24456787109375
240.5828857421875 500.80517578125
240.58290100097656 500.80517578125
240.58290100097656 500.80517578125
240.58290100097656 500.80517578125
240.58290100097656 500.80517578125
240.58290100097656 500.80517578125
240.58290100097656 500.80517578125
240.58290100097656 500.80517578125
240.58290100097656 500.80517578125
240.58290100097656 500.80517578125
240.58290100097656 500.80517578125
240.58290100097656 500.80517578125
240.58290100097656 500.80517578125
240.58290100097656 500.80517578125
240.58290100097656 500.80517578125
240.58290100097656 500.80517578125
240.58290100097656 500.80517578125
240.58290100097656 500.80517578125
240.58290100097656 500.80517578125
240.58290100097656 500.80517578125
240.58290100097656 500.80517578125
240.58290100097656 500.80517578125
240.58290100097656 500.80517578125
240.58290100097656 500.80517578125
240.81097412109375 500.0223388671875
241.053466796875 499.24383544921875
241.31028747558594 498.4699401855469
241.5813446044922 497.700927734375
241.86654663085938 496.9370422363281
242.16580200195312 496.1785583496094
242.47900390625 495.42572021484375
242.80606079101562 494.6788024902344
243.14683532714844 493.93804931640625
243.50123596191406 493.2037048339844
243.86912536621094 492.4760437011719
244.25038146972656 491.7552795410156
244.64488220214844 491.04168701171875
245.052490234375 490.3354797363281
245.4730682373047 489.6369323730469
245.90646362304688 488.9462585449219
246.3525390625 488.2637023925781
246.81114196777344 487.5895080566406
247.2821044921875 486.92388916015625
247.76527404785156 486.26708984375
248.26048278808594 485.6192932128906
248.76756286621094 484.98077392578125
249.28634643554688 484.3517150878906
249.816650390625 483.7323303222656
250.35830688476562 483.1228332519531
250.35830688476562 483.1228332519531
250.35830688476562 483.1228332519531
250.35830688476562 483.1228332519531
250.35830688476562 483.1228332519531
250.35830688476562 483.1228332519531
250.35830688476562 483.1228332519531
250.35830688476562 483.1228332519531
250.35830688476562 483.1228332519531
250.35830688476562 483.1228332519531
250.35830688476562 483.1228332519531
250.35830688476562 483.1228332519531
250.35830688476562 483.1228332519531
250.35830688476562 483.1228332519531
250.35830688476562 483.1228332519531
250.35830688476562 483.1228332519531
250.35830688476562 483.1228332519531
250.35830688476562 483.1228332519531
250.35830688476562 483.1228332519531
250.35830688476562 483.1228332519531
250.35830688476562 483.1228332519531
250.35830688476562 483.1228332519531
250.35830688476562 483.1228332519531
250.35830688476562 483.1228332519531
250.35830688476562 483.1228332519531
250.35830688476562 483.1228332519531
250.35830688476562 483.1228332519531
250.35830688476562 483.1228332519531
250.35830688476562 483.1228332519531
250.35830688476562 483.1228332519531
250.35830688476562 483.1228332519531
250.35830688476562 483.1228332519531
250.998046875 482.3542785644531
251.63778686523438 481.5857238769531
252.27752685546875 480.8171691894531
252.27752685546875 480.8171691894531
252.9907989501953 480.1163330078125
253.70407104492188 479.4154968261719
254.41734313964844 478.71466064453125
255.130615234375 478.0138244628906
255.84390258789062 477.31298828125
256.55718994140625 476.6121520996094
257.2704772949219 475.91131591796875
257.9837646484375 475.2104797363281
258.6970520019531 474.5096435546875
259.41033935546875 473.8088073730469
260.1236267089844 473.10797119140625
260.8369140625 472.4071350097656
261.5502014160156 471.706298828125
262.26348876953125 471.0054931640625
262.9767761230469 470.3046875
263.6900939941406 469.6038818359375
264.4034118652344 468.903076171875
265.1167297363281 468.2022705078125
265.1167297363281 468.2022705078125
265.8964538574219 467.576171875
266.6761779785156 466.9500732421875
267.4559020996094 466.323974609375
268.2356262207031 465.6978759765625
269.0153503417969 465.07177734375
269.7950744628906 464.4456787109375
270.5747985839844 463.8196105957031
271.3545227050781 463.19354248046875
271.3545227050781 463.19354248046875
272.1928405761719 462.6484375
273.03118896484375 462.10333251953125
273.8695373535156 461.5582275390625
274.7078857421875 461.01312255859375
275.5462341308594 460.468017578125
275.5462341308594 460.468017578125
276.434814453125 460.00933837890625
277.3233947753906 459.5506591796875
278.21197509765625 459.09197998046875
279.1005554199219 458.63330078125
279.9891357421875 458.17462158203125
280.8777160644531 457.7159423828125
281.76629638671875 457.2572937011719
282.6548767089844 456.79864501953125
282.6548767089844 456.79864501953125
283.5848083496094 456.4309997558594
284.5147399902344 456.0633544921875
285.4446716308594 455.6957092285156
286.3746032714844 455.32806396484375
287.3045349121094 454.9604187011719
288.2344665527344 454.5927734375
289.1643981933594 454.2251281738281
289.1643981933594 454.2251281738281
290.12640380859375 453.9521789550781
291.0884094238281 453.6792297363281
292.0504150390625 453.4062805175781
293.0124206542969 453.1333312988281
293.0124206542969 453.1333312988281
293.9968566894531 452.9577941894531
294.970703125 452.7846984863281
295.955322265625 452.6102294921875
296.93994140625 452.4357604980469
297.924560546875 452.26129150390625
298.9092102050781 452.0868225097656
298.9092102050781 452.0868225097656
298.90924072265625 452.0868225097656
298.9092712402344 452.0868225097656
298.9093017578125 452.0868225097656
298.9093322753906 452.0868225097656
298.9093322753906 452.0868225097656
298.9093322753906 452.0868225097656
298.9093322753906 452.0868225097656
298.9093322753906 452.0868225097656
298.9093322753906 452.0868225097656
298.9093322753906 452.0868225097656
298.9093322753906 452.0868225097656
298.9093322753906 452.0868225097656
298.9093322753906 452.0868225097656
298.9093322753906 452.0868225097656
298.9093322753906 452.0868225097656
298.9093322753906 452.0868225097656
298.9093322753906 452.0868225097656
298.9093322753906 452.0868225097656
298.9093322753906 452.0868225097656
298.9093322753906 452.0868225097656
298.9093322753906 452.0868225097656
298.9093322753906 452.0868225097656
299.3445739746094 451.3973083496094
299.7924499511719 450.7159423828125
300.2528381347656 450.04296875
300.7255554199219 449.37860107421875
301.2104797363281 448.72308349609375
301.7073974609375 448.0766296386719
302.2161865234375 447.439453125
302.73663330078125 446.811767578125
303.2685852050781 446.19378662109375
303.8118591308594 445.58575439453125
304.36627197265625 444.98785400390625
304.9316101074219 444.4002685546875
305.5076904296875 443.8232421875
306.0943298339844 443.2569274902344
306.69134521484375 442.7015380859375
307.2984924316406 442.15728759765625
307.91558837890625 441.62432861328125
308.54241943359375 441.10284423828125
309.17877197265625 440.593017578125
309.8244323730469 440.09503173828125
310.4791564941406 439.6090393066406
311.14276123046875 439.1352233886719
311.8149719238281 438.6737365722656
312.49560546875 438.2247314453125
313.1844177246094 437.7883605957031
313.88116455078125 437.3647766113281
314.5856018066406 436.9541320800781
315.2974853515625 436.55657958984375
316.0166015625 436.1722106933594
316.74267578125 435.80120849609375
317.4754943847656 435.44366455078125
318.21478271484375 435.0997009277344
318.21478271484375 435.0997009277344
318.21478271484375 435.0997009277344
318.21478271484375 435.0997009277344
318.21478271484375 435.0997009277344
318.21478271484375 435.0997009277344
318.21478271484375 435.0997009277344
318.21478271484375 435.0997009277344
318.21478271484375 435.0997009277344
318.21478271484375 435.0997009277344
317.324951171875 434.64349365234375
316.43511962890625 434.187255859375
315.5452880859375 433.73101806640625
314.65545654296875 433.2747802734375
313.765625 432.81854248046875
312.87579345703125 432.3623046875
311.9859619140625 431.90606689453125
311.09613037109375 431.4498291015625
310.206298828125 430.99359130859375
309.31646728515625 430.537353515625
308.4266357421875 430.08111572265625
307.53680419921875 429.6248779296875
306.64697265625 429.16864013671875
305.75714111328125 428.7123718261719
304.8673400878906 428.256103515625
303.9775390625 427.7998352050781
303.0877380371094 427.34356689453125
302.19793701171875 426.8872985839844
301.3081359863281 426.4310302734375
300.4183349609375 425.9747619628906
299.5285339355469 425.51849365234375
298.63873291015625 425.0622253417969
297.7489318847656 424.60595703125
296.859130859375 424.1496887207031
295.9693298339844 423.69342041015625
295.07952880859375 423.23712158203125
294.1897277832031 422.78082275390625
293.2999267578125 422.32452392578125
292.4101257324219 421.86822509765625
291.52032470703125 421.41192626953125
290.6305236816406 420.95562744140625
289.74072265625 420.49932861328125
288.8509216308594 420.04302978515625
287.96112060546875 419.58673095703125
287.0713195800781 419.13043212890625
287.0713195800781 419.13043212890625
286.2315368652344 418.58758544921875
285.3917541503906 418.0447082519531
284.5519714355469 417.5018310546875
283.7121887207031 416.9589538574219
282.8724060058594 416.41607666015625
282.0326232910156 415.8731994628906
281.1928405761719 415.330322265625
280.3530578613281 414.7874450683594
279.5132751464844 414.24456787109375
278.6734924316406 413.7016906738281
277.8337097167969 413.1588134765625
276.9939270019531 412.6159362792969
276.1541442871094 412.07305908203125
275.3143615722656 411.5301513671875
274.474609375 410.98724365234375
273.6348571777344 410.4443359375
272.79510498046875 409.90142822265625
271.9553527832031 409.3585205078125
271.1156005859375 408.81561279296875
270.2758483886719 408.272705078125
269.43609619140625 407.72979736328125
268.5963439941406 407.1868896484375
267.756591796875 406.64398193359375
266.9168395996094 406.10107421875
266.07708740234375 405.55816650390625
265.2373352050781 405.0152587890625
264.3975830078125 404.4723205566406
263.5578308105469 403.92938232421875
262.71807861328125 403.3864440917969
261.8783264160156 402.843505859375
261.03857421875 402.3005676269531
260.1988220214844 401.75762939453125
259.35906982421875 401.2146911621094
258.5193176269531 400.6717529296875
257.6795959472656 400.1288146972656
256.8398742675781 399.58587646484375
256.0001525878906 399.0429382324219
255.16041564941406 398.5
254.3206787109375 397.9570617675781
253.48095703125 397.4140930175781
252.6412353515625 396.8711242675781
251.801513671875 396.3281555175781
250.9617919921875 395.7851867675781
250.1220703125 395.2422180175781
249.2823486328125 394.6992492675781
248.442626953125 394.1562805175781
247.6029052734375 393.6133117675781
246.76318359375 393.0703430175781
246.76318359375 393.0703430175781
245.98187255859375 392.4462585449219
245.2005615234375 391.8221740722656
244.41925048828125 391.19805908203125
243.637939453125 390.5739440917969
242.85662841796875 389.9498291015625
242.07533264160156 389.3257141113281
241.29403686523438 388.70159912109375
240.5127410888672 388.0774841308594
239.7314453125 387.453369140625
238.9501495361328 386.8292541503906
238.16885375976562 386.20513916015625
237.38755798339844 385.5810241699219
237.38755798339844 385.5810241699219
236.6724853515625 384.88201904296875
235.95741271972656 384.1830139160156
235.24234008789062 383.4840087890625
234.5272674560547 382.7850036621094
233.81219482421875 382.08599853515625
233.0971221923828 381.3869934082031
232.38204956054688 380.68798828125
231.6669921875 379.9889831542969
230.95193481445312 379.28997802734375
230.23687744140625 378.5909423828125
229.52182006835938 377.89190673828125
228.8067626953125 377.19287109375
228.09170532226562 376.49383544921875
227.37664794921875 375.7947998046875
226.66159057617188 375.09576416015625
225.94654846191406 374.396728515625
225.23150634765625 373.69769287109375
224.51646423339844 372.9986572265625
223.80142211914062 372.29962158203125
223.0863800048828 371.6005859375
222.371337890625 370.90155029296875
221.6562957763672 370.2025146484375
220.94125366210938 369.50347900390625
220.22622680664062 368.804443359375
219.51119995117188 368.1053771972656
218.79617309570312 367.40631103515625
218.08114624023438 366.7072448730469
217.36611938476562 366.0081787109375
217.36611938476562 366.0081787109375
216.72445678710938 365.2412414550781
216.08279418945312 364.4742736816406
215.44113159179688 363.7073059082031
214.7994842529297 362.9403381347656
214.1578369140625 362.1733703613281
213.5161895751953 361.4064025878906
212.87454223632812 360.6394348144531
212.23289489746094 359.8724670410156
211.59124755859375 359.1054992675781
210.94960021972656 358.3385314941406
210.30796813964844 357.5715637207031
209.6663360595703 356.8045959472656
209.0247039794922 356.0376281738281
208.38307189941406 355.2706604003906
207.74143981933594 354.5036926269531
207.0998077392578 353.7367248535156
206.4581756591797 352.9697570800781
205.81655883789062 352.2027893066406
205.17494201660156 351.435791015625
204.5333251953125 350.6687927246094
203.89170837402344 349.90179443359375
203.25009155273438 349.1347961425781
202.6084747314453 348.3677978515625
201.96685791015625 347.6007995605469
201.32525634765625 346.83380126953125
200.68365478515625 346.0668029785156
200.04205322265625 345.2998046875
199.40045166015625 344.5328063964844
199.40045166015625 344.5328063964844
198.838623046875 343.7055969238281
198.2768096923828 342.87835693359375
197.71499633789062 342.0511169433594
197.15318298339844 341.223876953125
196.59136962890625 340.3966369628906
196.02955627441406 339.56939697265625
195.46774291992188 338.7421569824219
194.90594482421875 337.9149169921875
194.34414672851562 337.0876770019531
193.7823486328125 336.26043701171875
193.22055053710938 335.4331970214844
193.22055053710938 335.4331970214844
193.22055053710938 335.4331970214844
193.22055053710938 335.4331970214844
193.22055053710938 335.4331970214844
193.22055053710938 335.4331970214844
193.22055053710938 335.4331970214844
193.22055053710938 335.4331970214844
193.22055053710938 335.4331970214844
193.22055053710938 335.4331970214844
193.22055053710938 335.4331970214844
193.22055053710938 335.4331970214844
193.22055053710938 335.4331970214844
193.22055053710938 335.4331970214844
193.21441650390625 335.4397277832031
193.21441650390625 335.4397277832031
193.21441650390625 335.4397277832031
193.21441650390625 335.4397277832031
193.21441650390625 335.4397277832031
193.21441650390625 335.4397277832031
193.21441650390625 335.4397277832031
193.21441650390625 335.4397277832031
193.21441650390625 335.4397277832031
193.21441650390625 335.4397277832031
193.21441650390625 335.4397277832031
193.21441650390625 335.4397277832031
193.21441650390625 335.4397277832031
192.47715759277344 335.0917663574219
191.74632263183594 334.7301940917969
191.0222930908203 334.3551940917969
191.0222930908203 334.3551940917969
191.0222930908203 334.3551940917969
191.0222930908203 334.3551940917969
191.0222930908203 334.3551940917969
191.0222930908203 334.3551940917969
191.0222930908203 334.3551940917969
191.0222930908203 334.3551940917969
191.0222930908203 334.3551940917969
191.0222930908203 334.3551940917969
191.0222930908203 334.3551940917969
191.0222930908203 334.3551940917969
191.0222930908203 334.3551940917969
191.0222930908203 334.3551940917969
191.0222930908203 334.3551940917969
191.0222930908203 334.3551940917969
191.0222930908203 334.3551940917969
191.0222930908203 334.3551940917969
191.0222930908203 334.3551940917969
191.0222930908203 334.3551940917969
191.0222930908203 334.3551940917969
191.0222930908203 334.3551940917969
190.5052947998047 333.72467041015625
190.5052947998047 333.72467041015625
190.5052947998047 333.72467041015625
190.5052947998047 333.72467041015625
191.08807373046875 334.5372619628906
191.6708526611328 335.349853515625
192.25363159179688 336.1624450683594
191.78456115722656 335.4954833984375
192.35223388671875 336.3186950683594
192.91990661621094 337.14190673828125
193.48757934570312 337.9651184082031
194.0552520751953 338.788330078125
194.0552520751953 338.788330078125
194.53790283203125 339.66412353515625
195.02053833007812 340.5399169921875
195.503173828125 341.41571044921875
195.98580932617188 342.29150390625
196.46844482421875 343.16729736328125
196.95108032226562 344.0430908203125
197.4337158203125 344.91888427734375
197.4337158203125 344.91888427734375
197.8264923095703 345.8384704589844
198.21926879882812 346.7580871582031
198.61204528808594 347.6777038574219
199.00482177734375 348.5973205566406
199.39759826660156 349.5169372558594
199.7903594970703 350.4365539550781
200.18312072753906 351.3561706542969
200.5758819580078 352.2757873535156
200.96864318847656 353.1954040527344
201.3614044189453 354.1150207519531
201.75416564941406 355.0346374511719
202.14691162109375 355.9542541503906
202.53965759277344 356.8738708496094
202.93240356445312 357.7934875488281
203.3251495361328 358.7131042480469
203.3251495361328 358.7131042480469
203.62411499023438 359.6673278808594
203.92308044433594 360.6215515136719
204.2220458984375 361.5757751464844
204.52101135253906 362.5299987792969
204.81997680664062 363.4842224121094
205.11892700195312 364.4384460449219
205.41787719726562 365.3926696777344
205.71682739257812 366.3468933105469
206.01577758789062 367.3011474609375
206.31472778320312 368.2554016113281
206.61367797851562 369.20965576171875
206.91261291503906 370.1639099121094
207.21095275878906 371.1165466308594
207.5097198486328 372.0708312988281
207.5097198486328 372.0708312988281
207.71173095703125 373.0502014160156
207.91372680664062 374.0295715332031
208.11572265625 375.0089416503906
208.31771850585938 375.9883117675781
208.51971435546875 376.9676818847656
208.72171020507812 377.9470520019531
208.9237060546875 378.9264221191406
209.1256866455078 379.9057922363281
209.32766723632812 380.8851623535156
209.52964782714844 381.8645324707031
209.73162841796875 382.8439025878906
209.93360900878906 383.8232727050781
210.1355743408203 384.8026428222656
210.33753967285156 385.7820129394531
210.5395050048828 386.7613830566406
210.74147033691406 387.7407531738281
210.9434356689453 388.7201232910156
211.14540100097656 389.6994934082031
211.34735107421875 390.6788635253906
211.54930114746094 391.6582336425781
211.75125122070312 392.6376037597656
211.9532012939453 393.6169738769531
212.1551513671875 394.5963439941406
212.35708618164062 395.5757141113281
212.55902099609375 396.5550842285156
212.55902099609375 396.5550842285156
212.66217041015625 397.5497131347656
212.76531982421875 398.5443420410156
212.86846923828125 399.5389709472656
212.97161865234375 400.5335998535156
213.0747528076172 401.5282287597656
213.17788696289062 402.5228576660156
213.28102111816406 403.5174865722656
213.3841552734375 404.5121154785156
213.48728942871094 405.5067443847656
213.59042358398438 406.5013732910156
213.69354248046875 407.4960021972656
213.79666137695312 408.4906311035156
213.8997802734375 409.4852600097656
214.00289916992188 410.4798889160156
214.10601806640625 411.4745178222656
214.20912170410156 412.4691467285156
214.31222534179688 413.4637756347656
214.4153289794922 414.4584045410156
214.5184326171875 415.4530334472656
214.6215362548828 416.4476623535156
214.6215362548828 416.4476623535156
214.62481689453125 417.4476318359375
214.6280975341797 418.4476013183594
214.63137817382812 419.44757080078125
214.63465881347656 420.4475402832031
214.63792419433594 421.447509765625
214.6411895751953 422.4474792480469
214.6444549560547 423.44744873046875
214.64772033691406 424.4474182128906
214.65098571777344 425.4473876953125
214.65098571777344 425.4473876953125
214.5543975830078 426.44268798828125
214.4578094482422 427.43798828125
214.36122131347656 428.43328857421875
214.26461791992188 429.4285888671875
214.1680145263672 430.42388916015625
214.0714111328125 431.419189453125
214.0714111328125 431.419189453125
214.0714111328125 431.4192199707031
214.0714111328125 431.4192199707031
214.0714111328125 431.4192199707031
214.07139587402344 431.4192199707031
214.07138061523438 431.4192199707031
214.0713653564453 431.4192199707031
214.07135009765625 431.4192199707031
214.07135009765625 431.4192199707031
214.07135009765625 431.4192199707031
214.07135009765625 431.4192199707031
214.07135009765625 431.4192199707031
214.07135009765625 431.4192199707031
214.07135009765625 431.4192199707031
214.07135009765625 431.4192199707031
214.07135009765625 431.4192199707031
214.07135009765625 431.4192199707031
214.07135009765625 431.4192199707031
214.07135009765625 431.4192199707031
214.07135009765625 431.4192199707031
214.07135009765625 431.4192199707031
214.07135009765625 431.4192199707031
214.07135009765625 431.4192199707031
214.07135009765625 431.4192199707031
214.07135009765625 431.4192199707031
214.07135009765625 431.4192199707031
214.41542053222656 432.158447265625
214.74578857421875 432.9039001464844
215.0623321533203 433.65533447265625
215.36495971679688 434.4124755859375
215.65354919433594 435.1750793457031
215.9280242919922 435.94287109375
216.1882781982422 436.7156066894531
216.43421936035156 437.4930114746094
216.665771484375 438.27484130859375
216.88284301757812 439.060791015625
217.0853729248047 439.8506164550781
217.27328491210938 440.64404296875
217.44651794433594 441.4408264160156
217.6050262451172 442.24066162109375
217.7487335205078 443.04327392578125
217.8776092529297 443.8484191894531
217.99159240722656 444.6557922363281
218.0906524658203 445.46514892578125
218.1747589111328 446.27618408203125
218.24388122558594 447.088623046875
218.29798889160156 447.9022216796875
218.33706665039062 448.7166748046875
218.36111450195312 449.5317077636719
218.3701171875 450.3470458984375
218.3640594482422 451.16241455078125
218.34295654296875 451.9775390625
218.3068084716797 452.7921142578125
218.25563049316406 453.60589599609375
218.25563049316406 453.60589599609375
218.25563049316406 453.60589599609375
218.25563049316406 453.60589599609375
218.25563049316406 453.60589599609375
218.25563049316406 453.60589599609375
218.25563049316406 453.60589599609375
218.25563049316406 453.60589599609375
218.25563049316406 453.60589599609375
218.25563049316406 453.60589599609375
218.25563049316406 453.60589599609375
218.25563049316406 453.60589599609375
218.25563049316406 453.60589599609375
218.25563049316406 453.60589599609375
218.25563049316406 453.60589599609375
218.25563049316406 453.60589599609375
218.25563049316406 453.60589599609375
218.25563049316406 453.60589599609375
218.25563049316406 453.60589599609375
218.25563049316406 453.60589599609375
218.25563049316406 453.60589599609375
218.25563049316406 453.60589599609375
218.25563049316406 453.60589599609375
218.25563049316406 453.60589599609375
218.25563049316406 453.60589599609375
218.25563049316406 453.60589599609375
218.25563049316406 453.60589599609375
218.25563049316406 453.60589599609375
218.25563049316406 453.60589599609375
218.25563049316406 453.60589599609375
218.25563049316406 453.60589599609375
218.25563049316406 453.60589599609375
218.25563049316406 453.60589599609375
218.25563049316406 453.60589599609375
218.25563049316406 453.60589599609375
218.25563049316406 453.60589599609375
218.25563049316406 453.60589599609375
218.25563049316406 453.60589599609375
218.25563049316406 453.60589599609375
218.255615234375 453.60589599609375
218.25559997558594 453.60589599609375
218.25558471679688 453.60589599609375
218.2555694580078 453.60589599609375
218.25555419921875 453.60589599609375
217.3129425048828 453.939697265625
216.37033081054688 454.27349853515625
215.42771911621094 454.6072998046875
215.42770385742188 454.6072998046875
215.4276885986328 454.6072998046875
214.4375457763672 454.7471923828125
213.44740295410156 454.8870849609375
213.4473876953125 454.8870849609375
213.4473876953125 454.8870849609375
213.4473876953125 454.8870849609375
213.4473876953125 454.8870849609375
213.4473876953125 454.8870849609375
213.4473876953125 454.8870849609375
213.4473876953125 454.8870849609375
213.4473876953125 454.8870849609375
213.4473876953125 454.8870849609375
213.4473876953125 454.8870849609375
213.4473876953125 454.8870849609375
213.4473876953125 454.8870849609375
213.4473876953125 454.8870849609375
213.4473876953125 454.8870849609375
213.68984985351562 455.66558837890625
213.9178924560547 456.44842529296875
214.13143920898438 457.2353515625
214.33042907714844 458.0260925292969
214.51478576660156 458.82037353515625
214.6844482421875 459.617919921875
214.83937072753906 460.41845703125
214.9794921875 461.2217102050781
215.10475158691406 462.02740478515625
215.21511840820312 462.8352966308594
215.31056213378906 463.64508056640625
215.3910369873047 464.45648193359375
215.45651245117188 465.26922607421875
215.50697326660156 466.0830383300781
215.5424041748047 466.89764404296875
215.56280517578125 467.7127685546875
215.56814575195312 468.52813720703125
215.55844116210938 469.3434753417969
215.53369140625 470.1584777832031
215.493896484375 470.972900390625
215.43907165527344 471.78643798828125
215.36924743652344 472.59881591796875
215.28443908691406 473.4097900390625
215.18466186523438 474.21905517578125
215.06997680664062 475.0263366699219
214.94039916992188 475.83135986328125
214.94039916992188 475.83135986328125
214.94039916992188 475.83135986328125
214.94039916992188 475.83135986328125
214.94039916992188 475.83135986328125
214.94039916992188 475.83135986328125
214.94039916992188 475.83135986328125
214.94039916992188 475.83135986328125
214.94039916992188 475.83135986328125
214.94039916992188 475.83135986328125
214.94039916992188 475.83135986328125
214.94039916992188 475.83135986328125
214.94039916992188 475.83135986328125
214.94039916992188 475.83135986328125
214.94039916992188 475.83135986328125
214.94039916992188 475.83135986328125
214.94039916992188 475.83135986328125
214.94039916992188 475.83135986328125
214.94039916992188 475.83135986328125
214.94039916992188 475.83135986328125
214.94039916992188 475.83135986328125
214.94039916992188 475.83135986328125
214.94039916992188 475.83135986328125
214.94039916992188 475.83135986328125
214.94039916992188 475.83135986328125
214.94039916992188 475.83135986328125
214.94039916992188 475.83135986328125
214.94039916992188 475.83135986328125
214.94039916992188 475.83135986328125
214.94039916992188 475.83135986328125
214.94039916992188 475.83135986328125
214.94039916992188 475.83135986328125
214.94039916992188 475.83135986328125
214.94039916992188 475.83135986328125
214.94039916992188 475.83135986328125
214.94039916992188 475.83135986328125
214.94039916992188 475.83135986328125
214.94039916992188 475.83135986328125
214.94039916992188 475.83135986328125
214.94039916992188 475.83135986328125
214.94039916992188 475.83135986328125
214.94039916992188 475.83135986328125
214.94039916992188 475.83135986328125
213.99887084960938 476.168212890625
213.05734252929688 476.50506591796875
212.11581420898438 476.8418884277344
211.17428588867188 477.1787109375
210.23275756835938 477.5155334472656
209.2912139892578 477.85235595703125
208.34967041015625 478.1891784667969
208.34967041015625 478.1891784667969
207.3792266845703 478.4303283691406
207.37921142578125 478.4303283691406
207.3791961669922 478.4303283691406
207.37918090820312 478.4303283691406
206.38079833984375 478.3739013671875
205.38241577148438 478.3174743652344
205.3824005126953 478.3174743652344
204.39463806152344 478.1616516113281
203.40687561035156 478.0058288574219
202.4191131591797 477.8500061035156
202.41909790039062 477.8500061035156
201.4518280029297 477.5963439941406
200.48455810546875 477.3426818847656
199.5172882080078 477.0890197753906
198.55001831054688 476.8353576660156
198.5500030517578 476.8353576660156
198.54998779296875 476.8353576660156
197.65240478515625 476.39459228515625
196.75482177734375 475.9538269042969
195.85723876953125 475.5130615234375
194.95965576171875 475.0722961425781
194.06207275390625 474.63153076171875
193.16448974609375 474.19073486328125
193.1644744873047 474.19073486328125
192.3153839111328 473.66253662109375
191.46629333496094 473.13433837890625
190.61720275878906 472.60614013671875
189.7681121826172 472.07794189453125
189.7681121826172 472.07794189453125
189.7681121826172 472.07794189453125
189.7681121826172 472.07794189453125
189.7681121826172 472.07794189453125
189.7681121826172 472.07794189453125
189.7681121826172 472.07794189453125
189.7681121826172 472.07794189453125
189.7681121826172 472.07794189453125
189.7681121826172 472.07794189453125
189.7681121826172 472.07794189453125
189.77224731445312 472.893310546875
189.76133728027344 473.7086181640625
189.73536682128906 474.5235900878906
189.69436645507812 475.33795166015625
189.63833618164062 476.1513977050781
189.5673065185547 476.96368408203125
189.48129272460938 477.7745361328125
189.3803253173828 478.5836486816406
189.26443481445312 479.3907470703125
189.1336669921875 480.1955871582031
188.98806762695312 480.99786376953125
188.8276824951172 481.7973327636719
188.65257263183594 482.59368896484375
188.46278381347656 483.3866882324219
188.25839233398438 484.1760559082031
188.03945922851562 484.9615173339844
187.8060760498047 485.7427978515625
187.5583038330078 486.5196228027344
187.29623413085938 487.291748046875
187.01995849609375 488.05889892578125
186.7295684814453 488.8208312988281
186.4251708984375 489.5772705078125
186.1068572998047 490.32794189453125
185.7747344970703 491.0726318359375
185.42892456054688 491.8110656738281
185.06954956054688 492.54296875
184.69671630859375 493.26812744140625
184.31056213378906 493.98626708984375
183.91122436523438 494.6971740722656
183.4988250732422 495.40057373046875
183.07351684570312 496.09625244140625
182.63543701171875 496.7839660644531
182.1847381591797 497.4634704589844
181.72157287597656 498.1345520019531
181.24609375 498.7969665527344
180.7584686279297 499.4504699707031
180.2588653564453 500.0948791503906
179.74745178222656 500.7299499511719
179.2244110107422 501.35546875
178.68991088867188 501.9712219238281
178.14413452148438 502.5769958496094
177.58726501464844 503.172607421875
177.01950073242188 503.7578430175781
176.44102478027344 504.3324890136719
175.85203552246094 504.8963623046875
175.25274658203125 505.44927978515625
174.6433563232422 505.99102783203125
174.02406311035156 506.52142333984375
173.39508056640625 507.0403137207031
172.7566375732422 507.5475158691406
172.1089324951172 508.0428466796875
171.4521942138672 508.526123046875
170.78665161132812 508.9971923828125
170.11251831054688 509.4559020996094
169.43003845214844 509.902099609375
168.73944091796875 510.3356018066406
168.73944091796875 510.3356018066406
168.73944091796875 510.3356018066406
168.73944091796875 510.3356018066406
168.73944091796875 510.3356018066406
168.73944091796875 510.3356018066406
168.73944091796875 510.3356018066406
168.73944091796875 510.3356018066406
168.73944091796875 510.3356018066406
168.73944091796875 510.3356018066406
168.73944091796875 510.3356018066406
168.73944091796875 510.3356018066406
168.73944091796875 510.3356018066406
168.73944091796875 510.3356018066406
168.73944091796875 510.3356018066406
168.73944091796875 510.3356018066406
168.73944091796875 510.3356018066406
168.73944091796875 510.3356018066406
168.73944091796875 510.3356018066406
168.73944091796875 510.3356018066406
168.73944091796875 510.3356018066406
168.73944091796875 510.3356018066406
168.73944091796875 510.3356018066406
168.73944091796875 510.3356018066406
168.73944091796875 510.3356018066406
168.73944091796875 510.3356018066406
168.73944091796875 510.3356018066406
168.73944091796875 510.3356018066406
168.73944091796875 510.3356018066406
168.73944091796875 510.3356018066406
168.73944091796875 510.3356018066406
168.73944091796875 510.3356018066406
168.73944091796875 510.3356018066406
168.73944091796875 510.3356018066406
168.73944091796875 510.3356018066406
168.73944091796875 510.3356018066406
168.73944091796875 510.3356018066406
168.73944091796875 510.3356018066406
168.73944091796875 510.3356018066406
168.73944091796875 510.3356018066406
168.73944091796875 510.3356018066406
168.73944091796875 510.3356018066406
168.73944091796875 510.3356018066406
168.73944091796875 510.3356018066406
168.73944091796875 510.3356018066406
168.73944091796875 510.3356018066406
168.0478515625 509.61334228515625
167.35626220703125 508.8910827636719
166.6646728515625 508.1688232421875
165.97308349609375 507.4465637207031
165.281494140625 506.72430419921875
164.58990478515625 506.0020446777344
163.89833068847656 505.27978515625
163.89833068847656 505.27978515625
163.28231811523438 504.4920959472656
162.6663055419922 503.70440673828125
162.05029296875 502.9167175292969
161.4342803955078 502.1290283203125
160.81826782226562 501.3413391113281
160.20225524902344 500.5536193847656
160.20225524902344 500.5536193847656
159.66796875 499.7083435058594
159.13368225097656 498.8630676269531
158.59939575195312 498.0177917480469
158.0651092529297 497.1725158691406
157.5308380126953 496.3272399902344
156.99656677246094 495.4819641113281
156.46229553222656 494.6366882324219
155.9280242919922 493.7914123535156
155.3937530517578 492.9461364746094
154.85948181152344 492.1008605957031
154.32522583007812 491.2555847167969
153.7909698486328 490.4103088378906
153.7909698486328 490.4103088378906
153.34376525878906 489.5158996582031
152.8965606689453 488.6214904785156
152.44937133789062 487.7270812988281
152.00218200683594 486.8326721191406
151.55499267578125 485.9382629394531
151.10780334472656 485.0438537597656
150.66061401367188 484.1494445800781
150.2134246826172 483.2550354003906
149.76625061035156 482.3606262207031
149.31907653808594 481.4662170410156
148.8719024658203 480.5718078613281
148.4247283935547 479.6773986816406
148.4247283935547 479.6773986816406
148.069091796875 478.7427978515625
147.7134552001953 477.8081970214844
147.35781860351562 476.87359619140625
147.00218200683594 475.9389953613281
146.64654541015625 475.00439453125
146.29090881347656 474.0697937011719
145.93528747558594 473.13519287109375
145.5796661376953 472.2005920410156
145.2240447998047 471.2659912109375
144.86842346191406 470.3313903808594
144.51280212402344 469.39678955078125
144.15719604492188 468.4621887207031
143.8015899658203 467.527587890625
143.44598388671875 466.5929870605469
143.0903778076172 465.65838623046875
143.0903778076172 465.65838623046875
142.82984924316406 464.6929626464844
142.5693359375 463.7275085449219
142.30882263183594 462.7620544433594
142.04830932617188 461.7966003417969
141.7877960205078 460.8311462402344
141.52728271484375 459.8656921386719
141.26678466796875 458.9002380371094
141.00628662109375 457.9347839355469
140.74578857421875 456.9693298339844
140.48529052734375 456.0038757324219
140.22479248046875 455.0384216308594
139.96429443359375 454.0729675292969
139.7038116455078 453.1075134277344
139.44332885742188 452.1420593261719
139.18284606933594 451.1766052246094
139.18284606933594 451.1766052246094
139.02005004882812 450.1899719238281
138.8572540283203 449.2033386230469
138.6944580078125 448.2167053222656
138.53167724609375 447.2300720214844
138.368896484375 446.2434387207031
138.20611572265625 445.2568054199219
138.0433349609375 444.2701721191406
137.88055419921875 443.2835388183594
137.71778869628906 442.2969055175781
137.55502319335938 441.3102722167969
137.3922576904297 440.3236389160156
137.2294921875 439.3370056152344
137.0667266845703 438.3503723144531
136.9039764404297 437.3637390136719
136.74122619628906 436.3771057128906
136.57847595214844 435.3904724121094
136.4157257080078 434.4038391113281
136.2529754638672 433.4172058105469
136.09022521972656 432.4305725097656
135.927490234375 431.4439392089844
135.76475524902344 430.4573059082031
135.60202026367188 429.4706726074219
135.4392852783203 428.4840393066406
135.27655029296875 427.4974060058594
135.11383056640625 426.5107727050781
134.95111083984375 425.5241394042969
134.78839111328125 424.5375061035156
134.62567138671875 423.5508728027344
134.46295166015625 422.5642395019531
134.30023193359375 421.5776062011719
134.1375274658203 420.5909729003906
133.97482299804688 419.6043395996094
133.81211853027344 418.6177062988281
133.6494140625 417.6310729980469
133.48670959472656 416.6444396972656
133.3240203857422 415.6578063964844
133.3240203857422 415.6578063964844
133.26063537597656 414.65985107421875
133.197265625 413.6618957519531
133.13389587402344 412.6639404296875
133.07052612304688 411.6659851074219
133.0071563720703 410.66802978515625
132.94378662109375 409.6700744628906
132.8804168701172 408.672119140625
132.8170623779297 407.6741638183594
132.7537078857422 406.67620849609375
132.6903533935547 405.6782531738281
132.6269989013672 404.6802978515625
132.5636444091797 403.6823425292969
132.50030517578125 402.68438720703125
132.4369659423828 401.6864318847656
132.37362670898438 400.6884765625
132.31028747558594 399.6905212402344
132.2469482421875 398.69256591796875
132.18362426757812 397.6946105957031
132.12030029296875 396.6966552734375
132.05697631835938 395.6986999511719
131.99365234375 394.70074462890625
131.93032836914062 393.7027893066406
131.86700439453125 392.704833984375
131.80369567871094 391.7068786621094
131.74038696289062 390.70892333984375
131.6770782470703 389.7109680175781
131.61376953125 388.7130126953125
131.5504608154297 387.7150573730469
131.48716735839844 386.71710205078125
131.4238739013672 385.7191467285156
131.36058044433594 384.72119140625
131.2972869873047 383.7232360839844
131.23399353027344 382.72528076171875
131.17071533203125 381.7273254394531
131.10743713378906 380.7293701171875
131.04415893554688 379.7314147949219
130.9808807373047 378.73345947265625
130.9176025390625 377.7355041503906
130.8543243408203 376.737548828125
130.7910614013672 375.7395935058594
130.72779846191406 374.74163818359375
130.66453552246094 373.7436828613281
130.6012725830078 372.7457275390625
130.5380096435547 371.7477722167969
130.47476196289062 370.74981689453125
130.41151428222656 369.7518615722656
130.3482666015625 368.75390625
130.28501892089844 367.7559509277344
130.22177124023438 366.75799560546875
130.15853881835938 365.7600402832031
130.09530639648438 364.7620849609375
130.03207397460938 363.7641296386719
129.96884155273438 362.76617431640625
129.90560913085938 361.7681884765625
129.84237670898438 360.77020263671875
129.77915954589844 359.772216796875
129.7159423828125 358.77423095703125
129.65272521972656 357.7762451171875
129.58950805664062 356.77825927734375
129.5262908935547 355.7802734375
129.4630889892578 354.78228759765625
129.39988708496094 353.7843017578125
129.33668518066406 352.78631591796875
129.2734832763672 351.788330078125
129.2102813720703 350.79034423828125
129.1470947265625 349.7923583984375
129.0839080810547 348.79437255859375
129.02072143554688 347.79638671875
128.95753479003906 346.79840087890625
128.89434814453125 345.8004150390625
128.83116149902344 344.80242919921875
128.7679901123047 343.804443359375
128.70481872558594 342.80645751953125
128.6416473388672 341.8084716796875
128.57847595214844 340.81048583984375
128.5153045654297 339.8125
128.4521484375 338.81451416015625
128.3889923095703 337.8165283203125
128.32583618164062 336.81854248046875
128.32583618164062 336.81854248046875
128.3626251220703 335.8192443847656
128.3994140625 334.8199462890625
128.43621826171875 333.8206481933594
128.4730224609375 332.82135009765625
128.50982666015625 331.8220520019531
128.546630859375 330.82275390625
128.58343505859375 329.8234558105469
128.62025451660156 328.82415771484375
128.65707397460938 327.8248596191406
128.6938934326172 326.8255615234375
128.730712890625 325.8262634277344
128.7675323486328 324.82696533203125
128.80435180664062 323.8276672363281
128.8411865234375 322.828369140625
128.87802124023438 321.8290710449219
128.91485595703125 320.82977294921875
128.95169067382812 319.8304748535156
128.988525390625 318.8311767578125
129.02537536621094 317.8318786621094
129.06222534179688 316.83258056640625
129.0990753173828 315.8332824707031
129.13592529296875 314.833984375
129.1727752685547 313.8346862792969
129.2096405029297 312.83538818359375
129.2465057373047 311.8360900878906
129.2833709716797 310.8367919921875
129.3202362060547 309.8374938964844
129.3571014404297 308.83819580078125
129.3939666748047 307.8388977050781
129.43084716796875 306.839599609375
129.4677276611328 305.8403015136719
129.50460815429688 304.84100341796875
129.54148864746094 303.8417053222656
129.578369140625 302.8424072265625
129.61526489257812 301.8431091308594
129.65216064453125 300.84381103515625
129.68905639648438 299.8445129394531
129.7259521484375 298.84521484375
129.76284790039062 297.8459167480469
129.7997589111328 296.84661865234375
129.836669921875 295.8473205566406
129.8735809326172 294.8480224609375
129.91049194335938 293.8487243652344
129.94740295410156 292.84942626953125
129.98431396484375 291.8501281738281
130.021240234375 290.850830078125
130.05816650390625 289.8515319824219
130.0950927734375 288.85223388671875
130.13201904296875 287.8529357910156
130.1689453125 286.8536376953125
130.2058868408203 285.8543395996094
130.24282836914062 284.85504150390625
130.27976989746094 283.8557434082031
130.31671142578125 282.8564453125
130.35365295410156 281.8571472167969
130.39060974121094 280.85784912109375
130.4275665283203 279.8585510253906
130.4645233154297 278.8592529296875
130.50148010253906 277.8599548339844
130.53843688964844 276.86065673828125
130.5753936767578 275.8613586425781
130.61236572265625 274.862060546875
130.6493377685547 273.8627624511719
130.68630981445312 272.86346435546875
130.72328186035156 271.8641662597656
130.76025390625 270.8648681640625
130.7972412109375 269.8655700683594
130.834228515625 268.86627197265625
130.8712158203125 267.8669738769531
130.908203125 266.86767578125
130.9451904296875 265.8683776855469
130.98219299316406 264.86907958984375
131.01919555664062 263.8697814941406
131.0561981201172 262.8704833984375
131.09320068359375 261.8711853027344
131.1302032470703 260.87188720703125
131.16720581054688 259.8725891113281
131.2042236328125 258.873291015625
131.24124145507812 257.8739929199219
131.27825927734375 256.87469482421875
131.31527709960938 255.8754119873047
131.352294921875 254.87612915039062
131.3893280029297 253.87684631347656
131.42636108398438 252.8775634765625
131.46339416503906 251.87828063964844
131.50042724609375 250.87899780273438
131.53746032714844 249.8797149658203
131.5745086669922 248.88043212890625
131.61155700683594 247.8811492919922
131.6486053466797 246.88186645507812
131.68565368652344 245.88258361816406
131.7227020263672 244.88330078125
131.75975036621094 243.88401794433594
131.79681396484375 242.88473510742188
131.83387756347656 241.8854522705078
131.87094116210938 240.88616943359375
131.9080047607422 239.8868865966797
131.945068359375 238.88760375976562
131.98214721679688 237.88832092285156
131.98214721679688 237.88832092285156
132.11880493164062 236.89773559570312
132.11880493164062 236.89773559570312
132.11880493164062 236.89773559570312
132.4495391845703 235.95404052734375
132.7802734375 235.01034545898438
133.1110076904297 234.066650390625
133.44174194335938 233.12295532226562
133.77249145507812 232.17926025390625
134.10324096679688 231.23556518554688
134.39466857910156 230.42176818847656
134.7381591796875 229.48272705078125
135.08168029785156 228.54360961914062
