60.0 450.0
60.0 450.0
60.0 450.0
60.0 450.0
60.0 450.0
60.0 450.0
60.0 450.0
60.0 450.0
60.0 450.0
60.0 450.0
60.0 450.0
60.0 450.0
59.59718704223633 450.9152526855469
59.19437026977539 451.83050537109375
58.79154968261719 452.7457580566406
58.38872528076172 453.6610107421875
57.98590087890625 454.5762634277344
57.583072662353516 455.49151611328125
57.180240631103516 456.4067687988281
56.77740478515625 457.322021484375
56.374568939208984 458.2372741699219
55.97172927856445 459.1524963378906
55.568885803222656 460.0677185058594
55.166038513183594 460.9829406738281
54.76319122314453 461.8981628417969
54.3603401184082 462.8133850097656
53.95748519897461 463.7286071777344
53.55462646484375 464.6438293457031
53.15176773071289 465.5590515136719
52.748905181884766 466.4742736816406
52.346038818359375 467.3894958496094
51.94316864013672 468.3047180175781
51.54029846191406 469.2199401855469
51.13742446899414 470.1351623535156
50.73454666137695 471.0503845214844
50.3316650390625 471.9656066894531
49.92878341674805 472.8808288574219
49.52589797973633 473.7960510253906
49.123008728027344 474.7112731933594
48.720115661621094 475.6264953613281
48.317222595214844 476.5417175292969
47.91432571411133 477.4569396972656
47.51142501831055 478.3721618652344
47.1085205078125 479.2873840332031
46.70561599731445 480.2026062011719
46.30270767211914 481.1177978515625
45.89979553222656 482.0329895019531
45.49687957763672 482.94818115234375
45.093963623046875 483.8633728027344
44.691043853759766 484.778564453125
44.28812026977539 485.6937561035156
43.885196685791016 486.60894775390625
43.482269287109375 487.5241394042969
43.07933807373047 488.4393310546875
42.6764030456543 489.3545227050781
42.273468017578125 490.26971435546875
41.87052917480469 491.1849060058594
41.467586517333984 492.10009765625
41.467586517333984 492.10009765625
41.467586517333984 492.10009765625
41.467586517333984 492.10009765625
41.467586517333984 492.10009765625
41.467586517333984 492.10009765625
41.467586517333984 492.10009765625
41.467586517333984 492.10009765625
41.467586517333984 492.10009765625
41.467586517333984 492.10009765625
41.467586517333984 492.10009765625
41.467586517333984 492.10009765625
41.467586517333984 492.10009765625
41.467586517333984 492.10009765625
41.467586517333984 492.10009765625
41.467586517333984 492.10009765625
41.467586517333984 492.10009765625
41.467586517333984 492.10009765625
41.467586517333984 492.10009765625
41.467586517333984 492.10009765625
41.467586517333984 492.10009765625
41.467586517333984 492.10009765625
41.467586517333984 492.10009765625
41.467586517333984 492.10009765625
41.8054084777832 492.85980224609375
42.130374908447266 493.6250915527344
42.44239807128906 494.395751953125
42.74138641357422 495.1715393066406
43.027252197265625 495.9522705078125
43.29991912841797 496.7377014160156
43.55930709838867 497.5276184082031
43.80534362792969 498.3218078613281
44.037960052490234 499.1200256347656
44.25708770751953 499.92205810546875
44.46266555786133 500.7276611328125
44.654632568359375 501.53662109375
44.83293914794922 502.34869384765625
44.997528076171875 503.1636657714844
45.14835739135742 503.9812927246094
45.28538513183594 504.80133056640625
45.4085693359375 505.6235656738281
45.51787567138672 506.44775390625
45.61327362060547 507.273681640625
45.69473648071289 508.1011047363281
45.76224136352539 508.9297790527344
45.81576919555664 509.75946044921875
45.85530090332031 510.5899353027344
45.880828857421875 511.42095947265625
45.8923454284668 512.2523193359375
45.88984680175781 513.083740234375
45.87333297729492 513.9149780273438
45.842811584472656 514.7457275390625
45.842811584472656 514.7457275390625
45.842811584472656 514.7457275390625
45.842811584472656 514.7457275390625
45.842811584472656 514.7457275390625
45.842811584472656 514.7457275390625
45.842811584472656 514.7457275390625
45.842811584472656 514.7457275390625
45.842811584472656 514.7457275390625
45.842811584472656 514.7457275390625
45.842811584472656 514.7457275390625
45.842811584472656 514.7457275390625
45.842811584472656 514.7457275390625
45.842811584472656 514.7457275390625
45.842811584472656 514.7457275390625
45.842811584472656 514.7457275390625
45.842811584472656 514.7457275390625
45.842811584472656 514.7457275390625
45.842811584472656 514.7457275390625
45.842811584472656 514.7457275390625
45.842811584472656 514.7457275390625
45.842811584472656 514.7457275390625
45.842811584472656 514.7457275390625
45.842811584472656 514.7457275390625
45.842811584472656 514.7457275390625
45.842811584472656 514.7457275390625
45.842811584472656 514.7457275390625
45.842811584472656 514.7457275390625
45.842811584472656 514.7457275390625
45.842811584472656 514.7457275390625
45.842811584472656 514.7457275390625
45.842811584472656 514.7457275390625
45.842811584472656 514.7457275390625
45.842811584472656 514.7457275390625
45.842811584472656 514.7457275390625
45.54389572143555 515.699951171875
45.24497985839844 516.6541748046875
44.94606018066406 517.6083984375
44.64713668823242 518.5626220703125
44.348209381103516 519.516845703125
44.348209381103516 519.516845703125
43.955509185791016 520.4364624023438
43.56280517578125 521.3560791015625
43.17009735107422 522.2756958007812
42.77738571166992 523.1953125
42.384674072265625 524.1149291992188
41.99195861816406 525.0345458984375
41.599239349365234 525.9541625976562
41.20651626586914 526.873779296875
40.81379318237305 527.7933959960938
40.42106628417969 528.7130126953125
40.02833557128906 529.6326293945312
39.63560104370117 530.55224609375
39.24286651611328 531.4718627929688
38.850128173828125 532.3914794921875
38.4573860168457 533.3110961914062
38.064640045166016 534.230712890625
37.67189407348633 535.1503295898438
37.279144287109375 536.0699462890625
36.886390686035156 536.9895629882812
36.49363327026367 537.9091796875
36.10087585449219 538.8287963867188
35.708221435546875 539.7481079101562
35.315433502197266 540.6676635742188
34.922637939453125 541.5872802734375
34.922637939453125 541.5872802734375
34.43999481201172 542.4630737304688
33.95734786987305 543.3388671875
33.474700927734375 544.2146606445312
32.99205017089844 545.0904541015625
32.509395599365234 545.9662475585938
32.026737213134766 546.842041015625
31.544076919555664 547.7178344726562
31.06141471862793 548.5936279296875
30.578750610351562 549.4694213867188
30.09608268737793 550.34521484375
29.613412857055664 551.2210083007812
29.130739212036133 552.0968017578125
28.64806365966797 552.9725952148438
28.165386199951172 553.8483276367188
27.68270492553711 554.7240600585938
27.200021743774414 555.5997924804688
26.717334747314453 556.4755249023438
26.23464584350586 557.3512573242188
25.751953125 558.2269897460938
25.269258499145508 559.1027221679688
24.786561965942383 559.9784545898438
24.303861618041992 560.8541870117188
23.82115936279297 561.7299194335938
23.33845329284668 562.6056518554688
23.33845329284668 562.6056518554688
23.23689079284668 562.7405395507812
23.23689079284668 562.7405395507812
23.23689079284668 562.7405395507812
23.23689079284668 562.7405395507812
23.23689079284668 562.7405395507812
23.23689079284668 562.7405395507812
23.23689079284668 562.7405395507812
23.23689079284668 562.7405395507812
23.23689079284668 562.7405395507812
23.23689079284668 562.7405395507812
23.23689079284668 562.7405395507812
23.23689079284668 562.7405395507812
24.017431259155273 562.9200439453125
24.017431259155273 562.9200439453125
24.017431259155273 562.9200439453125
24.017431259155273 562.9200439453125
24.017431259155273 562.9200439453125
24.017431259155273 562.9200439453125
24.017431259155273 562.9200439453125
24.017431259155273 562.9200439453125
24.017431259155273 562.9200439453125
24.017431259155273 562.9200439453125
24.017431259155273 562.9200439453125
24.017431259155273 562.9200439453125
24.017431259155273 562.9200439453125
24.122234344482422 563.7448120117188
24.213119506835938 564.5712280273438
24.290061950683594 565.3991088867188
24.353038787841797 566.2281494140625
24.40203285217285 567.05810546875
24.437028884887695 567.8887939453125
24.458017349243164 568.719970703125
24.46499252319336 569.5513305664062
24.45795440673828 570.3826904296875
24.43690299987793 571.2138671875
24.401844024658203 572.0445556640625
24.352787017822266 572.87451171875
24.28974723815918 573.7035522460938
24.21274185180664 574.5313720703125
24.121793746948242 575.3577880859375
24.01692771911621 576.1825561523438
23.898174285888672 577.0054321289062
23.765565872192383 577.8262329101562
23.619142532348633 578.6446533203125
23.45894432067871 579.4605102539062
23.285017013549805 580.2735595703125
23.285017013549805 580.2735595703125
23.285017013549805 580.2735595703125
23.285017013549805 580.2735595703125
23.285017013549805 580.2735595703125
23.285017013549805 580.2735595703125
23.285017013549805 580.2735595703125
23.285017013549805 580.2735595703125
23.285017013549805 580.2735595703125
23.285017013549805 580.2735595703125
23.285017013549805 580.2735595703125
23.285017013549805 580.2735595703125
23.285017013549805 580.2735595703125
23.285017013549805 580.2735595703125
23.285017013549805 580.2735595703125
23.285017013549805 580.2735595703125
23.285017013549805 580.2735595703125
23.285017013549805 580.2735595703125
23.285017013549805 580.2735595703125
23.285017013549805 580.2735595703125
23.285017013549805 580.2735595703125
23.285017013549805 580.2735595703125
23.285017013549805 580.2735595703125
24.129554748535156 579.7380981445312
24.97409439086914 579.20263671875
25.818635940551758 578.6671752929688
26.663179397583008 578.1317749023438
27.50772476196289 577.5963745117188
28.352270126342773 577.0609741210938
29.19681739807129 576.5255737304688
29.19681739807129 576.5255737304688
30.090600967407227 576.0771484375
30.984384536743164 575.6287231445312
31.878170013427734 575.1802978515625
32.77195739746094 574.7318725585938
33.66574478149414 574.283447265625
34.55953598022461 573.8350219726562
35.45332717895508 573.3865966796875
36.34711837768555 572.9381713867188
37.24091339111328 572.48974609375
38.134708404541016 572.0413208007812
39.02850341796875 571.5928955078125
39.92230224609375 571.1444702148438
39.92230224609375 571.1444702148438
40.85640335083008 570.7875366210938
41.790504455566406 570.4306030273438
42.724605560302734 570.0736694335938
43.65870666503906 569.7167358398438
44.592811584472656 569.3598022460938
45.52691650390625 569.0028686523438
46.461021423339844 568.6459350585938
47.3951301574707 568.2890014648438
48.32923889160156 567.9320678710938
49.26334762573242 567.5751953125
50.19745635986328 567.2183227539062
51.131568908691406 566.8614501953125
52.06568145751953 566.5045776367188
52.999794006347656 566.147705078125
52.999794006347656 566.147705078125
53.96487045288086 565.8858642578125
54.92994689941406 565.6240234375
55.89502716064453 565.3621826171875
56.860107421875 565.100341796875
57.82518768310547 564.8385009765625
58.79026794433594 564.57666015625
59.755348205566406 564.3148193359375
60.72043228149414 564.052978515625
61.685516357421875 563.7911376953125
62.65060043334961 563.529296875
63.615684509277344 563.2674560546875
64.58077239990234 563.005615234375
65.54586029052734 562.7437744140625
66.51094818115234 562.4819946289062
67.47603607177734 562.22021484375
68.44112396240234 561.9584350585938
68.44112396240234 561.9584350585938
69.42752838134766 561.7943115234375
70.41393280029297 561.6301879882812
71.40033721923828 561.466064453125
72.3867416381836 561.3019409179688
73.3731460571289 561.1378173828125
74.35955047607422 560.9736938476562
75.34596252441406 560.8095703125
76.3323745727539 560.6454467773438
77.31878662109375 560.4813232421875
78.3051986694336 560.3171997070312
79.29161071777344 560.153076171875
80.27802276611328 559.9889526367188
81.26443481445312 559.8248291015625
82.25084686279297 559.6607055664062
83.23725891113281 559.49658203125
84.22367095947266 559.3324584960938
85.2100830078125 559.1683349609375
86.19649505615234 559.0042114257812
87.18290710449219 558.8401489257812
88.16931915283203 558.6760864257812
89.15573120117188 558.5120239257812
90.14214324951172 558.3479614257812
91.1285629272461 558.1838989257812
92.11498260498047 558.0198364257812
93.10140228271484 557.8557739257812
94.08782196044922 557.6917114257812
95.0742416381836 557.5276489257812
96.06066131591797 557.3635864257812
97.04708099365234 557.1995239257812
98.03350067138672 557.0354614257812
99.0199203491211 556.8713989257812
100.00634002685547 556.7073364257812
100.99275970458984 556.5432739257812
101.97917938232422 556.3792114257812
101.97917938232422 556.3792114257812
102.97705078125 556.314453125
103.97492218017578 556.2496948242188
104.97279357910156 556.1849365234375
105.97066497802734 556.1201782226562
106.96853637695312 556.055419921875
107.9664077758789 555.9906616210938
108.96427917480469 555.9259643554688
109.96215057373047 555.8612670898438
110.96002197265625 555.7965698242188
111.95789337158203 555.7318725585938
112.95576477050781 555.6671752929688
113.9536361694336 555.6024780273438
114.95150756835938 555.5377807617188
115.94937896728516 555.4730834960938
116.94725036621094 555.4083862304688
117.94512176513672 555.3436889648438
118.9429931640625 555.2789916992188
119.94086456298828 555.2142944335938
120.93873596191406 555.1495971679688
121.93660736083984 555.0848999023438
122.93447875976562 555.0202026367188
123.93235778808594 554.9555053710938
124.93023681640625 554.8908081054688
125.92811584472656 554.8261108398438
126.92599487304688 554.7614135742188
127.92387390136719 554.6967163085938
128.9217529296875 554.632080078125
129.9196319580078 554.5674438476562
130.91751098632812 554.5028076171875
131.91539001464844 554.4381713867188
132.91326904296875 554.37353515625
133.91114807128906 554.3088989257812
134.90902709960938 554.2442626953125
135.9069061279297 554.1796264648438
136.90478515625 554.114990234375
137.9026641845703 554.0503540039062
138.90054321289062 553.9857177734375
139.89842224121094 553.9210815429688
140.89630126953125 553.8564453125
141.89418029785156 553.7918090820312
142.89205932617188 553.7271728515625
143.8899383544922 553.6625366210938
144.8878173828125 553.597900390625
145.8856964111328 553.5332641601562
146.88357543945312 553.4686279296875
147.88145446777344 553.4039916992188
148.87933349609375 553.3394165039062
148.87933349609375 553.3394165039062
149.87867736816406 553.374755859375
150.87413024902344 553.41015625
150.87413024902344 553.41015625
150.87413024902344 553.41015625
150.87413024902344 553.41015625
150.87413024902344 553.41015625
150.87413024902344 553.41015625
150.87413024902344 553.41015625
150.87413024902344 553.41015625
150.87413024902344 553.41015625
150.87413024902344 553.41015625
150.87413024902344 553.41015625
150.87413024902344 553.41015625
150.87413024902344 553.41015625
150.87413024902344 553.41015625
150.87413024902344 553.41015625
150.87413024902344 553.41015625
150.87413024902344 553.41015625
150.87413024902344 553.41015625
151.0135040283203 552.6214599609375
151.16854858398438 551.835693359375
151.16854858398438 551.835693359375
151.16854858398438 551.835693359375
151.16854858398438 551.835693359375
151.16854858398438 551.835693359375
151.16854858398438 551.835693359375
151.16854858398438 551.835693359375
151.16854858398438 551.835693359375
151.16854858398438 551.835693359375
151.16854858398438 551.835693359375
151.9144287109375 551.4683837890625
152.66639709472656 551.1137084960938
153.42422485351562 550.771728515625
154.18771362304688 550.4425659179688
154.95664978027344 550.1263427734375
155.73080444335938 549.8231201171875
156.5099639892578 549.532958984375
157.2938995361328 549.2559814453125
158.0823974609375 548.9922485351562
158.87522888183594 548.7418823242188
159.6721649169922 548.5048828125
160.4729766845703 548.2813720703125
161.27745056152344 548.0714111328125
162.08534240722656 547.875
162.89642333984375 547.6922607421875
163.71047973632812 547.523193359375
164.5272674560547 547.367919921875
165.3465576171875 547.2264404296875
166.16812133789062 547.0987548828125
166.99171447753906 546.9849243164062
167.81710815429688 546.885009765625
168.64407348632812 546.7990112304688
169.4723663330078 546.7269897460938
170.3017578125 546.6689453125
171.1319122314453 546.6248779296875
171.1319122314453 546.6248779296875
171.1319122314453 546.6248779296875
171.1319122314453 546.6248779296875
171.1319122314453 546.6248779296875
171.1319122314453 546.6248779296875
171.1319122314453 546.6248779296875
171.1319122314453 546.6248779296875
171.1319122314453 546.6248779296875
171.1319122314453 546.6248779296875
171.1319122314453 546.6248779296875
171.1319122314453 546.6248779296875
171.1319122314453 546.6248779296875
171.1319122314453 546.6248779296875
171.1319122314453 546.6248779296875
171.1319122314453 546.6248779296875
171.1319122314453 546.6248779296875
171.1319122314453 546.6248779296875
171.1319122314453 546.6248779296875
171.1319122314453 546.6248779296875
171.1319122314453 546.6248779296875
171.1319122314453 546.6248779296875
171.1319122314453 546.6248779296875
171.1319122314453 546.6248779296875
171.1319122314453 546.6248779296875
171.1319122314453 546.6248779296875
171.1319122314453 546.6248779296875
171.1319122314453 546.6248779296875
171.1319122314453 546.6248779296875
171.1319122314453 546.6248779296875
171.1319122314453 546.6248779296875
171.1319122314453 546.6248779296875
171.1319122314453 546.6248779296875
171.1319122314453 546.6248779296875
171.1319122314453 546.6248779296875
171.1319122314453 546.6248779296875
171.1319122314453 546.6248779296875
171.1319122314453 546.6248779296875
171.1319122314453 546.6248779296875
171.1319122314453 546.6248779296875
171.1319122314453 546.6248779296875
171.1319122314453 546.6248779296875
171.1319122314453 546.6248779296875
171.1319122314453 546.6248779296875
171.1319122314453 546.6248779296875
171.1319122314453 546.6248779296875
171.1319122314453 546.6248779296875
171.1319122314453 546.6248779296875
171.1319122314453 546.6248779296875
171.1319122314453 546.6248779296875
171.23651123046875 545.9777221679688
171.38572692871094 545.1908569335938
171.38572692871094 545.1908569335938
171.38572692871094 545.1908569335938
171.38572692871094 545.1908569335938
171.38572692871094 545.1908569335938
171.38572692871094 545.1908569335938
171.38572692871094 545.1908569335938
171.38572692871094 545.1908569335938
171.38572692871094 545.1908569335938
172.0879364013672 544.7457275390625
172.79754638671875 544.3124389648438
173.5143585205078 543.8911743164062
174.23817443847656 543.4820556640625
174.96878051757812 543.085205078125
175.70596313476562 542.7007446289062
176.44952392578125 542.3287353515625
177.19924926757812 541.9693603515625
177.95492553710938 541.6226806640625
178.71633911132812 541.2887573242188
179.4832763671875 540.9677124023438
180.25552368164062 540.65966796875
181.03285217285156 540.3646850585938
181.81503295898438 540.0828247070312
182.6018524169922 539.814208984375
183.39309692382812 539.5588989257812
184.18853759765625 539.3169555664062
184.9246368408203 539.1091918945312
184.9246368408203 539.1091918945312
184.9246368408203 539.1091918945312
184.9246368408203 539.1091918945312
184.9246368408203 539.1091918945312
184.9246368408203 539.1091918945312
184.9246368408203 539.1091918945312
184.9246368408203 539.1091918945312
184.9246368408203 539.1091918945312
184.9246368408203 539.1091918945312
184.9246368408203 539.1091918945312
184.9246368408203 539.1091918945312
184.9246368408203 539.1091918945312
184.9246368408203 539.1091918945312
184.9246368408203 539.1091918945312
184.9246368408203 539.1091918945312
184.9246368408203 539.1091918945312
184.9246368408203 539.1091918945312
184.9246368408203 539.1091918945312
184.9246368408203 539.1091918945312
184.9246368408203 539.1091918945312
184.9246368408203 539.1091918945312
184.9246368408203 539.1091918945312
184.9246368408203 539.1091918945312
184.9246368408203 539.1091918945312
184.9246368408203 539.1091918945312
184.9246368408203 539.1091918945312
184.9246368408203 539.1091918945312
184.9246368408203 539.1091918945312
184.9246368408203 539.1091918945312
184.9246368408203 539.1091918945312
185.84373474121094 538.7152099609375
186.76283264160156 538.3212890625
187.6819305419922 537.9273681640625
188.6010284423828 537.533447265625
189.52012634277344 537.1395263671875
190.43922424316406 536.74560546875
191.3583221435547 536.3516845703125
192.2774200439453 535.957763671875
193.196533203125 535.5638427734375
194.1156463623047 535.169921875
195.03475952148438 534.7760009765625
195.95387268066406 534.382080078125
196.87298583984375 533.9881591796875
197.79209899902344 533.59423828125
198.71121215820312 533.2003173828125
199.6303253173828 532.806396484375
200.5494384765625 532.4124755859375
201.4685516357422 532.0185546875
202.38766479492188 531.6246337890625
203.30677795410156 531.230712890625
204.2259063720703 530.8367919921875
205.14503479003906 530.44287109375
206.0641632080078 530.0489501953125
206.98329162597656 529.6550903320312
207.9024200439453 529.26123046875
208.82154846191406 528.8673706054688
209.7406768798828 528.4735107421875
210.65980529785156 528.0796508789062
211.5789337158203 527.685791015625
212.49806213378906 527.2919311523438
213.4171905517578 526.8980712890625
213.4171905517578 526.8980712890625
213.4171905517578 526.8980712890625
213.4171905517578 526.8980712890625
213.4171905517578 526.8980712890625
213.4171905517578 526.8980712890625
213.4171905517578 526.8980712890625
213.4171905517578 526.8980712890625
213.4171905517578 526.8980712890625
213.4171905517578 526.8980712890625
213.4171905517578 526.8980712890625
213.4171905517578 526.8980712890625
213.4171905517578 526.8980712890625
213.4171905517578 526.8980712890625
213.4171905517578 526.8980712890625
212.98789978027344 526.221923828125
212.57215881347656 525.537353515625
212.1701202392578 524.8446655273438
211.78195190429688 524.1441040039062
211.40780639648438 523.4359741210938
211.04782104492188 522.7205200195312
210.70216369628906 521.998046875
210.37094116210938 521.268798828125
210.05430603027344 520.5331420898438
209.75234985351562 519.791259765625
209.46469116210938 519.0422973632812
209.19241333007812 518.2890625
208.93519592285156 517.5305786132812
208.6826934814453 516.7384033203125
208.44358825683594 515.942138671875
208.22738647460938 515.1709594726562
208.0177001953125 514.3663940429688
207.8216094970703 513.5584106445312
207.63916015625 512.7472534179688
207.4704132080078 511.9331359863281
207.31541442871094 511.1163024902344
207.17420959472656 510.2969665527344
207.0468292236328 509.4753723144531
206.93331909179688 508.6517333984375
206.83370971679688 507.8262939453125
206.74803161621094 506.9992980957031
206.67630004882812 506.1709899902344
206.61854553222656 505.3415832519531
206.5747833251953 504.5113220214844
206.54501342773438 503.6804504394531
206.5292510986328 502.84918212890625
206.5275115966797 502.01776123046875
206.53977966308594 501.1864318847656
206.56605529785156 500.3554382324219
206.6049041748047 499.6392822265625
206.6049041748047 499.6392822265625
206.6049041748047 499.6392822265625
206.6049041748047 499.6392822265625
206.6049041748047 499.6392822265625
206.6049041748047 499.6392822265625
206.6049041748047 499.6392822265625
206.6049041748047 499.6392822265625
206.6049041748047 499.6392822265625
206.6049041748047 499.6392822265625
206.6049041748047 499.6392822265625
206.6049041748047 499.6392822265625
206.6049041748047 499.6392822265625
206.6049041748047 499.6392822265625
206.6049041748047 499.6392822265625
206.6049041748047 499.6392822265625
206.6049041748047 499.6392822265625
205.60968017578125 499.5419006347656
204.6144561767578 499.44451904296875
203.61923217773438 499.3471374511719
202.62400817871094 499.249755859375
201.62879943847656 499.1523742675781
200.6335906982422 499.05499267578125
199.6383819580078 498.9576110839844
199.6383819580078 498.9576110839844
198.65786743164062 498.7613525390625
197.67735290527344 498.5650939941406
196.69683837890625 498.36883544921875
195.71632385253906 498.1725769042969
194.73580932617188 497.976318359375
193.7552947998047 497.780029296875
192.7747802734375 497.583740234375
192.7747802734375 497.583740234375
191.81875610351562 497.2905578613281
190.86273193359375 496.99737548828125
189.90670776367188 496.7041931152344
188.95068359375 496.4109802246094
187.99465942382812 496.1177673339844
187.03863525390625 495.8245544433594
186.08261108398438 495.5313415527344
186.08261108398438 495.5313415527344
185.16064453125 495.1441650390625
184.23867797851562 494.7569885253906
183.31671142578125 494.3697814941406
182.39474487304688 493.9825744628906
181.4727783203125 493.5953674316406
181.4727783203125 493.5953674316406
180.59408569335938 493.1180419921875
179.71539306640625 492.6407165527344
178.83670043945312 492.16339111328125
177.9580078125 491.6860656738281
177.07931518554688 491.208740234375
176.20062255859375 490.7314147949219
176.20062255859375 490.7314147949219
175.3739776611328 490.16876220703125
174.54733276367188 489.6061096191406
173.72068786621094 489.0434265136719
173.72067260742188 489.0434265136719
173.7206573486328 489.0434265136719
173.72064208984375 489.0434265136719
173.7206268310547 489.0434265136719
173.7206268310547 489.0434265136719
173.7206268310547 489.0434265136719
173.7206268310547 489.0434265136719
173.7206268310547 489.0434265136719
173.7206268310547 489.0434265136719
173.7206268310547 489.0434265136719
173.7206268310547 489.0434265136719
173.7206268310547 489.0434265136719
173.7206268310547 489.0434265136719
173.7206268310547 489.0434265136719
173.7206268310547 489.0434265136719
173.7206268310547 489.0434265136719
173.22727966308594 489.712646484375
172.72271728515625 490.37347412109375
172.20709228515625 491.02569580078125
171.6805419921875 491.66912841796875
171.14321899414062 492.3035888671875
170.59527587890625 492.92889404296875
170.036865234375 493.5448913574219
169.46815490722656 494.1513671875
168.88929748535156 494.7481994628906
168.30047607421875 495.3351745605469
167.70184326171875 495.9121398925781
167.09356689453125 496.47894287109375
166.47581481933594 497.035400390625
165.84877014160156 497.58135986328125
165.21261596679688 498.1166687011719
164.56753540039062 498.6412048339844
163.9136962890625 499.15478515625
163.2512969970703 499.6572570800781
162.5805206298828 500.14849853515625
161.9015655517578 500.62835693359375
161.21461486816406 501.0967102050781
160.51986694335938 501.55340576171875
159.81752014160156 501.9983215332031
159.10777282714844 502.43133544921875
158.3908233642578 502.8523254394531
157.66688537597656 503.26116943359375
156.9361572265625 503.65777587890625
156.19883728027344 504.0419921875
155.4551544189453 504.4137268066406
154.70530700683594 504.77288818359375
153.9495086669922 505.1193542480469
153.18798828125 505.4530334472656
152.4209442138672 505.7738342285156
151.6486053466797 506.0816345214844
150.87118530273438 506.3763732910156
150.0889129638672 506.6579895019531
149.302001953125 506.9263610839844
148.51068115234375 507.1814270019531
147.71524047851562 507.423095703125
146.915771484375 507.6513366699219
146.11256408691406 507.8660888671875
146.11256408691406 507.8660888671875
146.11256408691406 507.8660888671875
146.11256408691406 507.8660888671875
146.11256408691406 507.8660888671875
146.11256408691406 507.8660888671875
146.11256408691406 507.8660888671875
146.11256408691406 507.8660888671875
146.11256408691406 507.8660888671875
146.11256408691406 507.8660888671875
146.11256408691406 507.8660888671875
146.11256408691406 507.8660888671875
146.11256408691406 507.8660888671875
146.11256408691406 507.8660888671875
146.11256408691406 507.8660888671875
146.11256408691406 507.8660888671875
146.11256408691406 507.8660888671875
146.11256408691406 507.8660888671875
146.11256408691406 507.8660888671875
146.11256408691406 507.8660888671875
146.11256408691406 507.8660888671875
146.11256408691406 507.8660888671875
146.11256408691406 507.8660888671875
146.11256408691406 507.8660888671875
146.11256408691406 507.8660888671875
146.11256408691406 507.8660888671875
146.11256408691406 507.8660888671875
146.11256408691406 507.8660888671875
146.11256408691406 507.8660888671875
146.11256408691406 507.8660888671875
146.11256408691406 507.8660888671875
146.11256408691406 507.8660888671875
146.11256408691406 507.8660888671875
146.11256408691406 507.8660888671875
146.11256408691406 507.8660888671875
146.11256408691406 507.8660888671875
146.11256408691406 507.8660888671875
146.11256408691406 507.8660888671875
146.11256408691406 507.8660888671875
146.11256408691406 507.8660888671875
146.11256408691406 507.8660888671875
146.11256408691406 507.8660888671875
146.11256408691406 507.8660888671875
146.11256408691406 507.8660888671875
146.11256408691406 507.8660888671875
146.11256408691406 507.8660888671875
146.11256408691406 507.8660888671875
145.75543212890625 506.93206787109375
145.39830017089844 505.998046875
145.04116821289062 505.06402587890625
144.68405151367188 504.1300048828125
144.32693481445312 503.19598388671875
143.96981811523438 502.261962890625
143.61270141601562 501.32794189453125
143.61270141601562 501.32794189453125
143.35061645507812 500.3629150390625
143.0885467529297 499.39788818359375
142.82647705078125 498.432861328125
142.5644073486328 497.46783447265625
142.30233764648438 496.5028076171875
142.04026794433594 495.53778076171875
141.77821350097656 494.57275390625
141.5161590576172 493.60772705078125
141.2541046142578 492.6427001953125
140.99205017089844 491.67767333984375
140.72999572753906 490.712646484375
140.46795654296875 489.74761962890625
140.20591735839844 488.7825927734375
139.94387817382812 487.81756591796875
139.6818389892578 486.8525390625
139.4197998046875 485.88751220703125
139.15777587890625 484.9224853515625
138.895751953125 483.95745849609375
138.895751953125 483.95745849609375
138.73138427734375 482.9710998535156
138.5670166015625 481.9847412109375
138.40264892578125 480.9983825683594
138.23828125 480.01202392578125
138.07391357421875 479.0256652832031
137.90956115722656 478.039306640625
137.74520874023438 477.0529479980469
137.5808563232422 476.06658935546875
137.41650390625 475.0802307128906
137.2521514892578 474.0938720703125
137.0878143310547 473.1075134277344
136.92347717285156 472.12115478515625
136.75914001464844 471.1347961425781
136.5948028564453 470.1484375
136.4304656982422 469.16204833984375
136.26614379882812 468.1756591796875
136.10182189941406 467.18927001953125
135.9375 466.202880859375
135.77317810058594 465.21649169921875
135.60885620117188 464.2301025390625
135.44454956054688 463.24371337890625
135.28024291992188 462.25732421875
135.11593627929688 461.27093505859375
134.95162963867188 460.2845458984375
134.78732299804688 459.29815673828125
134.62303161621094 458.311767578125
134.458740234375 457.32537841796875
134.29444885253906 456.3389892578125
134.13015747070312 455.35260009765625
133.9658660888672 454.3662109375
133.8015899658203 453.37982177734375
133.63731384277344 452.3934326171875
133.47303771972656 451.40704345703125
133.47303771972656 451.40704345703125
133.40806579589844 450.4091796875
133.3430938720703 449.41131591796875
133.2781219482422 448.4134521484375
133.21315002441406 447.41558837890625
133.14817810058594 446.417724609375
133.08322143554688 445.41986083984375
133.0182647705078 444.4219970703125
132.95330810546875 443.42413330078125
132.8883514404297 442.42626953125
132.82339477539062 441.42840576171875
132.75845336914062 440.4305419921875
132.69351196289062 439.43267822265625
132.62857055664062 438.434814453125
132.56362915039062 437.43695068359375
132.49868774414062 436.4390869140625
132.4337615966797 435.44122314453125
132.36883544921875 434.443359375
132.3039093017578 433.44549560546875
132.23898315429688 432.4476318359375
132.17405700683594 431.44976806640625
132.10914611816406 430.451904296875
132.0442352294922 429.45404052734375
131.9793243408203 428.4561767578125
131.91441345214844 427.45831298828125
131.84950256347656 426.46044921875
131.78460693359375 425.46258544921875
131.71971130371094 424.4647216796875
131.65481567382812 423.46685791015625
131.5899200439453 422.468994140625
131.5250244140625 421.47113037109375
131.46014404296875 420.4732666015625
131.395263671875 419.47540283203125
131.33038330078125 418.4775390625
131.2655029296875 417.47967529296875
131.20062255859375 416.4818115234375
131.13575744628906 415.48394775390625
131.07089233398438 414.486083984375
131.0060272216797 413.48822021484375
130.941162109375 412.4903564453125
130.8762969970703 411.49249267578125
130.8114471435547 410.49462890625
130.74659729003906 409.49676513671875
130.68174743652344 408.4989013671875
130.6168975830078 407.50103759765625
130.5520477294922 406.503173828125
130.48721313476562 405.50531005859375
130.4828338623047 405.3231506347656
130.49972534179688 404.3233337402344
130.51661682128906 403.3235168457031
130.53350830078125 402.3236999511719
130.55039978027344 401.3238830566406
130.5673065185547 400.3240661621094
130.58421325683594 399.3242492675781
130.6011199951172 398.3244323730469
130.61802673339844 397.3246154785156
130.6349334716797 396.3247985839844
130.65185546875 395.3249816894531
130.6687774658203 394.3251647949219
130.68569946289062 393.3253479003906
130.70262145996094 392.3255310058594
130.71954345703125 391.3257141113281
130.73648071289062 390.3258972167969
130.75341796875 389.3260803222656
130.77035522460938 388.3262634277344
130.78729248046875 387.3264465332031
130.80422973632812 386.3266296386719
130.82118225097656 385.3268127441406
130.838134765625 384.3269958496094
130.85508728027344 383.3271789550781
130.87203979492188 382.3273620605469
130.8889923095703 381.3275451660156
130.9059600830078 380.3277282714844
130.9229278564453 379.3279113769531
130.9398956298828 378.3280944824219
130.9568634033203 377.3282775878906
130.9738311767578 376.3284606933594
130.99081420898438 375.3286437988281
131.00779724121094 374.3288269042969
131.0247802734375 373.3290100097656
131.04176330566406 372.3291931152344
131.05874633789062 371.3293762207031
131.07574462890625 370.3295593261719
131.09274291992188 369.3297424316406
131.1097412109375 368.3299255371094
131.12673950195312 367.3301086425781
131.14373779296875 366.3302917480469
131.16075134277344 365.3304748535156
131.17776489257812 364.3306579589844
131.1947784423828 363.3308410644531
131.2117919921875 362.3310241699219
131.2288055419922 361.3312072753906
131.24583435058594 360.3313903808594
131.2628631591797 359.3315734863281
131.27989196777344 358.3317565917969
131.2969207763672 357.3319396972656
131.31394958496094 356.3321228027344
131.33099365234375 355.3323059082031
131.34803771972656 354.3324890136719
131.36508178710938 353.3326721191406
131.3821258544922 352.3328552246094
131.39918518066406 351.3330383300781
131.41624450683594 350.3332214355469
131.4333038330078 349.3334045410156
131.4503631591797 348.3335876464844
131.46742248535156 347.3337707519531
131.4844970703125 346.3339538574219
131.50157165527344 345.3341369628906
131.51864624023438 344.3343200683594
131.5357208251953 343.3345031738281
131.55279541015625 342.3346862792969
131.56988525390625 341.3348693847656
131.58697509765625 340.3350524902344
131.60406494140625 339.3352355957031
131.62115478515625 338.3354187011719
131.63824462890625 337.3356018066406
131.6553497314453 336.3357849121094
131.67245483398438 335.3359680175781
131.68955993652344 334.3361511230469
131.7066650390625 333.3363342285156
131.72377014160156 332.3365173339844
131.7408905029297 331.3367004394531
131.7580108642578 330.3368835449219
131.77513122558594 329.3370666503906
131.79225158691406 328.3372497558594
131.8093719482422 327.3374328613281
131.82650756835938 326.3376159667969
131.84364318847656 325.3377990722656
131.86077880859375 324.3379821777344
131.87791442871094 323.3381652832031
131.89505004882812 322.3383483886719
131.91220092773438 321.3385314941406
131.92935180664062 320.3387145996094
131.94650268554688 319.3388977050781
131.96365356445312 318.3390808105469
131.98080444335938 317.3392639160156
131.9979705810547 316.3394470214844
132.01513671875 315.3396301269531
132.0323028564453 314.3398132324219
132.04946899414062 313.3399963378906
132.06663513183594 312.3401794433594
132.0838165283203 311.3403625488281
132.1009979248047 310.3405456542969
132.11817932128906 309.3407287597656
132.13536071777344 308.3409118652344
132.1525421142578 307.3410949707031
132.16973876953125 306.3412780761719
132.1869354248047 305.3414611816406
132.20413208007812 304.3416442871094
132.22132873535156 303.3418273925781
132.238525390625 302.3420104980469
132.2557373046875 301.3421936035156
132.27294921875 300.3423767089844
132.2901611328125 299.3425598144531
132.307373046875 298.3427429199219
132.3245849609375 297.3429260253906
132.34181213378906 296.3431091308594
132.35903930664062 295.3432922363281
132.3762664794922 294.3434753417969
132.39349365234375 293.3436584472656
132.4107208251953 292.3438415527344
132.42796325683594 291.3440246582031
132.44520568847656 290.3442077636719
132.4624481201172 289.3443908691406
132.4796905517578 288.3445739746094
132.4969482421875 287.3447570800781
132.5142059326172 286.3449401855469
132.53146362304688 285.3451232910156
132.54872131347656 284.3453063964844
132.56597900390625 283.3454895019531
132.583251953125 282.3456726074219
132.60052490234375 281.3458557128906
132.6177978515625 280.3460388183594
132.63507080078125 279.3462219238281
132.65234375 278.3464050292969
132.6696319580078 277.3465881347656
132.68692016601562 276.3467712402344
132.70420837402344 275.3469543457031
132.72149658203125 274.3471374511719
132.73878479003906 273.3473205566406
132.75608825683594 272.3475036621094
132.7733917236328 271.3476867675781
132.7906951904297 270.3478698730469
132.80799865722656 269.3480529785156
132.82530212402344 268.3482360839844
132.84262084960938 267.3484191894531
132.8599395751953 266.3486022949219
132.87725830078125 265.3487854003906
132.8945770263672 264.3489685058594
132.91189575195312 263.3491516113281
132.92922973632812 262.3493347167969
132.94656372070312 261.3495178222656
132.96389770507812 260.3497009277344
132.98123168945312 259.3498840332031
132.99856567382812 258.3500671386719
133.0159149169922 257.3502502441406
133.03326416015625 256.3504333496094
133.0506134033203 255.35061645507812
133.06796264648438 254.35079956054688
133.08531188964844 253.35098266601562
133.10267639160156 252.35116577148438
133.1200408935547 251.35134887695312
133.1374053955078 250.35153198242188
133.15476989746094 249.35171508789062
133.17213439941406 248.35189819335938
133.18951416015625 247.35208129882812
133.20689392089844 246.35226440429688
133.22427368164062 245.35244750976562
133.2416534423828 244.35263061523438
133.259033203125 243.35281372070312
133.27642822265625 242.35299682617188
133.2938232421875 241.35317993164062
133.31121826171875 240.35336303710938
133.32861328125 239.35354614257812
133.3460235595703 238.3538055419922
133.3460235595703 238.3538055419922
133.46316528320312 237.36073303222656
133.46316528320312 237.36073303222656
133.46316528320312 237.36073303222656
133.7752685546875 236.4107208251953
134.08737182617188 235.46070861816406
134.39947509765625 234.5106964111328
134.7115936279297 233.56068420410156
135.02369689941406 232.61070251464844
135.0237274169922 232.61061096191406
135.0237274169922 232.61061096191406
135.0237274169922 232.61061096191406
135.0237274169922 232.61061096191406
135.0237274169922 232.61061096191406
135.0237274169922 232.61061096191406
135.0237274169922 232.61061096191406
135.0237274169922 232.61061096191406
135.0237274169922 232.61061096191406
135.0237274169922 232.61061096191406
135.0237274169922 232.61061096191406
135.0237274169922 232.61061096191406
135.0237274169922 232.61061096191406
135.0237274169922 232.61061096191406
134.23291015625 232.48574829101562
133.44444274902344 232.34510803222656
132.65892028808594 232.1887969970703
132.65892028808594 232.1887969970703
132.65892028808594 232.1887969970703
132.65892028808594 232.1887969970703
132.65892028808594 232.1887969970703
132.65892028808594 232.1887969970703
132.65892028808594 232.1887969970703
132.65892028808594 232.1887969970703
132.65892028808594 232.1887969970703
132.65892028808594 232.1887969970703
132.65892028808594 232.1887969970703
132.36915588378906 231.4095001220703
132.0925750732422 230.62542724609375
131.82923889160156 229.83680725097656
131.57923889160156 229.0438690185547
131.34263610839844 228.246826171875
131.1195068359375 227.44590759277344
130.909912109375 226.64134216308594
130.7139129638672 225.83335876464844
130.53155517578125 225.02218627929688
130.36289978027344 224.2080535888672
130.20799255371094 223.3911895751953
130.06687927246094 222.57183837890625
129.93959045410156 221.75021362304688
129.826171875 220.9265594482422
129.72665405273438 220.1011199951172
129.6410675048828 219.2741241455078
129.56942749023438 218.44580078125
129.5117645263672 217.6163787841797
129.46807861328125 216.78611755371094
129.4384002685547 215.95523071289062
129.4227294921875 215.12396240234375
129.42108154296875 214.29254150390625
129.42108154296875 214.29254150390625
129.42108154296875 214.29254150390625
129.42108154296875 214.29254150390625
129.42108154296875 214.29254150390625
129.42108154296875 214.29254150390625
129.42108154296875 214.29254150390625
129.42108154296875 214.29254150390625
129.42108154296875 214.29254150390625
129.42108154296875 214.29254150390625
129.42108154296875 214.29254150390625
129.42108154296875 214.29254150390625
129.42108154296875 214.29254150390625
129.42108154296875 214.29254150390625
129.42108154296875 214.29254150390625
129.42108154296875 214.29254150390625
129.42108154296875 214.29254150390625
129.42108154296875 214.29254150390625
129.42108154296875 214.29254150390625
129.42108154296875 214.29254150390625
129.42108154296875 214.29254150390625
129.42108154296875 214.29254150390625
129.42108154296875 214.29254150390625
129.42108154296875 214.29254150390625
129.42108154296875 214.29254150390625
129.42108154296875 214.29254150390625
129.42108154296875 214.29254150390625
129.42108154296875 214.29254150390625
129.42108154296875 214.29254150390625
129.42108154296875 214.29254150390625
129.42108154296875 214.29254150390625
129.42108154296875 214.29254150390625
129.42108154296875 214.29254150390625
129.42108154296875 214.29254150390625
129.42108154296875 214.29254150390625
129.42108154296875 214.29254150390625
129.42108154296875 214.29254150390625
129.42108154296875 214.29254150390625
129.9563446044922 213.44789123535156
130.4916229248047 212.60324096679688
131.0269012451172 211.75860595703125
131.5621795654297 210.91397094726562
132.0974578857422 210.0693359375
132.6327362060547 209.22470092773438
133.1680145263672 208.38006591796875
133.70330810546875 207.53543090820312
134.2386016845703 206.6907958984375
134.77389526367188 205.84616088867188
135.30918884277344 205.00152587890625
135.844482421875 204.1569061279297
136.37979125976562 203.31228637695312
136.91510009765625 202.46766662597656
137.45040893554688 201.623046875
137.9857177734375 200.77842712402344
138.52102661132812 199.93380737304688
139.05633544921875 199.0891876220703
139.59165954589844 198.24456787109375
140.12698364257812 197.3999481201172
140.6623077392578 196.5553436279297
141.1976318359375 195.7107391357422
141.7329559326172 194.8661346435547
142.26828002929688 194.0215301513672
142.80361938476562 193.1769256591797
143.33895874023438 192.3323211669922
143.87429809570312 191.48773193359375
144.40963745117188 190.64312744140625
144.94497680664062 189.79852294921875
145.48031616210938 188.9539337158203
146.0156707763672 188.10934448242188
146.5168914794922 187.32456970214844
147.05804443359375 186.4836883544922
147.5991973876953 185.64280700683594
148.14035034179688 184.8019256591797
148.68150329589844 183.96104431152344
148.68150329589844 183.96104431152344
148.68150329589844 183.96104431152344
148.68150329589844 183.96104431152344
148.68150329589844 183.96104431152344
148.68150329589844 183.96104431152344
148.68150329589844 183.96104431152344
148.68150329589844 183.96104431152344
148.68150329589844 183.96104431152344
148.68150329589844 183.96104431152344
148.68150329589844 183.96104431152344
148.68150329589844 183.96104431152344
148.68150329589844 183.96104431152344
147.89834594726562 183.79330444335938
147.89834594726562 183.79330444335938
147.89834594726562 183.79330444335938
147.89834594726562 183.79330444335938
147.89834594726562 183.79330444335938
147.89834594726562 183.79330444335938
147.89834594726562 183.79330444335938
147.89834594726562 183.79330444335938
147.89834594726562 183.79330444335938
147.89834594726562 183.79330444335938
147.89834594726562 183.79330444335938
147.89834594726562 183.79330444335938
147.89834594726562 183.79330444335938
147.78115844726562 182.97018432617188
147.6778564453125 182.14520263671875
147.58848571777344 181.318603515625
147.5130615234375 180.49061584472656
147.45159912109375 179.66146850585938
147.40411376953125 178.83140563964844
147.37063598632812 178.0006561279297
147.35116577148438 177.16946411132812
147.345703125 176.3380584716797
147.35426330566406 175.50668334960938
147.3768310546875 174.67556762695312
147.4134063720703 173.84495544433594
147.46397399902344 173.01507568359375
147.52853393554688 172.18617248535156
147.6070556640625 171.3584747314453
147.6995086669922 170.53221130371094
147.80587768554688 169.70762634277344
147.92613220214844 168.88494873046875
148.06024169921875 168.06442260742188
148.20816040039062 167.2462615966797
148.36984252929688 166.4307098388672
148.54525756835938 165.61801147460938
148.73434448242188 164.80838012695312
148.9370574951172 164.00204467773438
149.1533203125 163.19924926757812
149.38308715820312 162.40020751953125
149.6262969970703 161.6051483154297
149.88287353515625 160.81431579589844
149.88287353515625 160.81431579589844
149.88287353515625 160.81431579589844
149.88287353515625 160.81431579589844
149.88287353515625 160.81431579589844
149.88287353515625 160.81431579589844
149.88287353515625 160.81431579589844
149.88287353515625 160.81431579589844
149.88287353515625 160.81431579589844
149.88287353515625 160.81431579589844
149.88287353515625 160.81431579589844
149.88287353515625 160.81431579589844
149.88287353515625 160.81431579589844
149.88287353515625 160.81431579589844
149.88287353515625 160.81431579589844
149.88287353515625 160.81431579589844
149.88287353515625 160.81431579589844
149.037353515625 161.34820556640625
148.19183349609375 161.88209533691406
148.19183349609375 161.88209533691406
148.1918182373047 161.88209533691406
148.19180297851562 161.88209533691406
148.19178771972656 161.88209533691406
148.1917724609375 161.88209533691406
148.19175720214844 161.88209533691406
148.19174194335938 161.88209533691406
148.1917266845703 161.88209533691406
148.1917266845703 161.88209533691406
148.1917266845703 161.88209533691406
148.1917266845703 161.88209533691406
148.1917266845703 161.88209533691406
148.1917266845703 161.88209533691406
148.1917266845703 161.88209533691406
148.1917266845703 161.88209533691406
148.1917266845703 161.88209533691406
148.1917266845703 161.88209533691406
148.1917266845703 161.88209533691406
148.1917266845703 161.88209533691406
148.1917266845703 161.88209533691406
148.1917266845703 161.88209533691406
148.1917266845703 161.88209533691406
148.1917266845703 161.88209533691406
148.1917266845703 161.88209533691406
148.1917266845703 161.88209533691406
147.8983154296875 162.625244140625
147.690673828125 163.1029510498047
147.3466796875 163.82623291015625
146.9883575439453 164.5425262451172
146.6158447265625 165.2515411376953
146.2292938232422 165.9530029296875
145.828857421875 166.64663696289062
145.828857421875 166.64663696289062
145.828857421875 166.64663696289062
145.828857421875 166.64663696289062
145.828857421875 166.64663696289062
145.828857421875 166.64663696289062
145.828857421875 166.64663696289062
145.828857421875 166.64663696289062
145.04269409179688 166.9148712158203
145.04269409179688 166.9148712158203
144.22987365722656 167.08975219726562
143.41421508789062 167.2509002685547
142.59596252441406 167.3982696533203
141.7753448486328 167.53182983398438
140.9525909423828 167.6515350341797
140.1279296875 167.75735473632812
139.30160522460938 167.84925842285156
138.47384643554688 167.92723083496094
137.6448974609375 167.99124145507812
136.8149871826172 168.041259765625
135.98434448242188 168.07728576660156
135.15321350097656 168.09930419921875
134.32183837890625 168.10731506347656
133.49044799804688 168.10130310058594
133.49044799804688 168.10130310058594
133.49044799804688 168.10130310058594
133.49044799804688 168.10130310058594
133.49044799804688 168.10130310058594
133.49044799804688 168.10130310058594
133.49044799804688 168.10130310058594
133.49044799804688 168.10130310058594
133.49044799804688 168.10130310058594
133.49044799804688 168.10130310058594
133.49044799804688 168.10130310058594
133.49044799804688 168.10130310058594
133.49044799804688 168.10130310058594
133.2079315185547 167.31935119628906
132.93862915039062 166.5327606201172
132.68263244628906 165.74172973632812
132.44000244140625 164.94650268554688
132.21080017089844 164.1472930908203
131.99510192871094 163.34434509277344
131.79298400878906 162.53787231445312
131.60447692871094 161.7281036376953
131.42965698242188 160.91526794433594
131.42965698242188 160.91526794433594
131.42965698242188 160.91526794433594
131.42965698242188 160.91526794433594
131.42965698242188 160.91526794433594
131.42965698242188 160.91526794433594
131.42965698242188 160.91526794433594
131.42965698242188 160.91526794433594
131.42965698242188 160.91526794433594
131.42965698242188 160.91526794433594
131.42965698242188 160.91526794433594
131.42965698242188 160.91526794433594
131.42965698242188 160.91526794433594
131.42965698242188 160.91526794433594
131.42965698242188 160.91526794433594
131.42965698242188 160.91526794433594
131.42965698242188 160.91526794433594
131.42965698242188 160.91526794433594
131.42965698242188 160.91526794433594
131.42965698242188 160.91526794433594
131.42965698242188 160.91526794433594
131.42965698242188 160.91526794433594
131.42965698242188 160.91526794433594
131.42965698242188 160.91526794433594
131.42965698242188 160.91526794433594
131.42965698242188 160.91526794433594
131.42965698242188 160.91526794433594
131.42965698242188 160.91526794433594
131.42965698242188 160.91526794433594
131.42965698242188 160.91526794433594
131.42965698242188 160.91526794433594
130.55938720703125 161.4077911376953
129.68911743164062 161.9003143310547
128.81884765625 162.39283752441406
127.94857788085938 162.88536071777344
127.07830810546875 163.37786865234375
127.07830810546875 163.37786865234375
126.16321563720703 163.78103637695312
125.24812316894531 164.1842041015625
124.3330307006836 164.58737182617188
123.41793823242188 164.99053955078125
122.50283813476562 165.39369201660156
121.58773803710938 165.79684448242188
120.67263793945312 166.1999969482422
119.75753784179688 166.6031494140625
118.84243774414062 167.0063018798828
117.92733764648438 167.40943908691406
117.92733764648438 167.40943908691406
116.97655487060547 167.71920776367188
116.02577209472656 168.0289764404297
115.07498931884766 168.3387451171875
114.12420654296875 168.64849853515625
113.17342376708984 168.958251953125
112.22264099121094 169.26800537109375
111.27185821533203 169.5777587890625
110.32107543945312 169.88751220703125
110.32107543945312 169.88751220703125
109.3441162109375 170.1007843017578
108.36715698242188 170.31405639648438
107.39019775390625 170.52732849121094
106.41323852539062 170.7406005859375
105.436279296875 170.95387268066406
104.45931243896484 171.16712951660156
103.48234558105469 171.38038635253906
102.50537872314453 171.59364318847656
101.52841186523438 171.80690002441406
100.55144500732422 172.02015686035156
99.57447814941406 172.2333984375
98.5975112915039 172.44664001464844
97.62054443359375 172.65988159179688
96.6435775756836 172.8731231689453
95.66661071777344 173.08636474609375
95.66661071777344 173.08636474609375
94.67323303222656 173.2010040283203
93.67985534667969 173.3156280517578
92.68647766113281 173.4302520751953
91.69309997558594 173.5448760986328
90.69972229003906 173.6595001220703
89.70634460449219 173.7741241455078
88.71296691894531 173.88873291015625
87.71958923339844 174.0033416748047
86.72621154785156 174.11795043945312
85.73283386230469 174.23255920410156
85.73283386230469 174.23255920410156
84.73297119140625 174.24742126464844
83.73310852050781 174.2622833251953
82.73324584960938 174.27713012695312
81.73338317871094 174.29197692871094
80.7335205078125 174.30682373046875
79.73365783691406 174.32167053222656
78.73379516601562 174.3365020751953
78.73379516601562 174.3365020751953
77.7374496459961 174.25144958496094
76.74110412597656 174.1663818359375
75.74475860595703 174.08131408691406
74.7484130859375 173.99624633789062
74.7484130859375 173.99624633789062
74.7484130859375 173.99624633789062
73.78883361816406 173.71493530273438
72.82925415039062 173.43360900878906
71.86967468261719 173.15228271484375
70.91009521484375 172.87095642089844
69.95051574707031 172.58963012695312
68.99093627929688 172.3083038330078
68.03135681152344 172.02696228027344
67.07177734375 171.74562072753906
66.11219787597656 171.4642791748047
65.15262603759766 171.1829376220703
64.19305419921875 170.90159606933594
63.233482360839844 170.6202392578125
62.27391052246094 170.33888244628906
61.31433868408203 170.05752563476562
60.354766845703125 169.7761688232422
59.39519500732422 169.49481201171875
58.43562698364258 169.21343994140625
57.47605895996094 168.93206787109375
56.5164909362793 168.65069580078125
55.556922912597656 168.36932373046875
54.59735870361328 168.08795166015625
53.637813568115234 167.80657958984375
53.637657165527344 167.8065185546875
52.71097183227539 167.43075561523438
51.7842903137207 167.05499267578125
50.857608795166016 166.67922973632812
49.93092727661133 166.303466796875
49.004249572753906 165.9276885986328
48.077571868896484 165.55191040039062
47.15089416503906 165.17613220214844
46.22421646118164 164.80035400390625
45.297542572021484 164.42457580566406
44.37086868286133 164.04879760742188
43.44419479370117 163.67300415039062
42.51752471923828 163.29721069335938
41.59085464477539 162.92141723632812
40.6641845703125 162.54562377929688
39.737518310546875 162.16983032226562
38.81142807006836 161.7942352294922
37.88478469848633 161.41836547851562
36.95814514160156 161.04249572753906
36.95814514160156 161.04249572753906
36.07365798950195 160.57598876953125
35.18917465209961 160.10948181152344
34.304691314697266 159.64297485351562
33.42020797729492 159.1764678955078
32.535728454589844 158.7099609375
31.651248931884766 158.2434539794922
30.76677131652832 157.7769317626953
29.882295608520508 157.31040954589844
28.997819900512695 156.84388732910156
28.113346099853516 156.3773651123047
28.113346099853516 156.3773651123047
28.113344192504883 156.3773651123047
27.339187622070312 155.74441528320312
26.565032958984375 155.11146545410156
26.565032958984375 155.11146545410156
26.565032958984375 155.11146545410156
26.565032958984375 155.11146545410156
26.565032958984375 155.11146545410156
26.565032958984375 155.11146545410156
26.565032958984375 155.11146545410156
26.565032958984375 155.11146545410156
26.565032958984375 155.11146545410156
26.565032958984375 155.11146545410156
26.565032958984375 155.11146545410156
26.565032958984375 155.11146545410156
26.565032958984375 155.11146545410156
26.565032958984375 155.11146545410156
26.565032958984375 155.11146545410156
26.565032958984375 155.11146545410156
26.565032958984375 155.11146545410156
26.565032958984375 155.11146545410156
26.565032958984375 155.11146545410156
26.565032958984375 155.11146545410156
26.565032958984375 155.11146545410156
26.565032958984375 155.11146545410156
26.565032958984375 155.11146545410156
26.565032958984375 155.11146545410156
26.565032958984375 155.11146545410156
26.565032958984375 155.11146545410156
26.565032958984375 155.11146545410156
26.565032958984375 155.11146545410156
26.565032958984375 155.11146545410156
26.565032958984375 155.11146545410156
26.565032958984375 155.11146545410156
26.565032958984375 155.11146545410156
26.565032958984375 155.11146545410156
26.565032958984375 155.11146545410156
26.565032958984375 155.11146545410156
26.565032958984375 155.11146545410156
26.565032958984375 155.11146545410156
26.565032958984375 155.11146545410156
26.565032958984375 155.11146545410156
26.565032958984375 155.11146545410156
26.565032958984375 155.11146545410156
26.565032958984375 155.11146545410156
26.565032958984375 155.11146545410156
26.565032958984375 155.11146545410156
26.565032958984375 155.11146545410156
26.565032958984375 155.11146545410156
26.565032958984375 155.11146545410156
26.565032958984375 155.11146545410156
26.565032958984375 155.11146545410156
26.565032958984375 155.11146545410156
26.565032958984375 155.11146545410156
26.565032958984375 155.11146545410156
26.565032958984375 155.11146545410156
26.565032958984375 155.11146545410156
26.565032958984375 155.11146545410156
26.565032958984375 155.11146545410156
26.565032958984375 155.11146545410156
26.565032958984375 155.11146545410156
26.565032958984375 155.11146545410156
26.565032958984375 155.11146545410156
26.565032958984375 155.11146545410156
26.565032958984375 155.11146545410156
26.565032958984375 155.11146545410156
26.565032958984375 155.11146545410156
26.565032958984375 155.11146545410156
26.565032958984375 155.11146545410156
26.565032958984375 155.11146545410156
26.565032958984375 155.11146545410156
26.565032958984375 155.11146545410156
26.565032958984375 155.11146545410156
26.565032958984375 155.11146545410156
26.565032958984375 155.11146545410156
26.565032958984375 155.11146545410156
26.565032958984375 155.11146545410156
26.565032958984375 155.11146545410156
26.565032958984375 155.11146545410156
26.565032958984375 155.11146545410156
26.565032958984375 155.11146545410156
26.565032958984375 155.11146545410156
26.565032958984375 155.11146545410156
26.565032958984375 155.11146545410156
26.565032958984375 155.11146545410156
26.565032958984375 155.11146545410156
26.565032958984375 155.11146545410156
26.565032958984375 155.11146545410156
26.565032958984375 155.11146545410156
26.565032958984375 155.11146545410156
26.565032958984375 155.11146545410156
26.565032958984375 155.11146545410156
26.565032958984375 155.11146545410156
26.565032958984375 155.11146545410156
26.565032958984375 155.11146545410156
26.565032958984375 155.11146545410156
26.565032958984375 155.11146545410156
26.565032958984375 155.11146545410156
26.565032958984375 155.11146545410156
26.565032958984375 155.11146545410156
26.565032958984375 155.11146545410156
26.565032958984375 155.11146545410156
26.565032958984375 155.11146545410156
26.565032958984375 155.11146545410156
26.565032958984375 155.11146545410156
26.565032958984375 155.11146545410156
26.565032958984375 155.11146545410156
26.565032958984375 155.11146545410156
26.565032958984375 155.11146545410156
26.565032958984375 155.11146545410156
26.565032958984375 155.11146545410156
26.565032958984375 155.11146545410156
26.565032958984375 155.11146545410156
26.565032958984375 155.11146545410156
26.565032958984375 155.11146545410156
26.565032958984375 155.11146545410156
26.565032958984375 155.11146545410156
26.565032958984375 155.11146545410156
26.565032958984375 155.11146545410156
26.565032958984375 155.11146545410156
26.565032958984375 155.11146545410156
26.565032958984375 155.11146545410156
26.565032958984375 155.11146545410156
26.565032958984375 155.11146545410156
26.565032958984375 155.11146545410156
26.565032958984375 155.11146545410156
26.565032958984375 155.11146545410156
26.565032958984375 155.11146545410156
26.565032958984375 155.11146545410156
26.565032958984375 155.11146545410156
26.565032958984375 155.11146545410156
26.565032958984375 155.11146545410156
26.565032958984375 155.11146545410156
26.565032958984375 155.11146545410156
26.565032958984375 155.11146545410156
26.565032958984375 155.11146545410156
26.565032958984375 155.11146545410156
26.565032958984375 155.11146545410156
26.565032958984375 155.11146545410156
26.565032958984375 155.11146545410156
26.565032958984375 155.11146545410156
26.565032958984375 155.11146545410156
26.565032958984375 155.11146545410156
26.565032958984375 155.11146545410156
26.565032958984375 155.11146545410156
26.565032958984375 155.11146545410156
26.565032958984375 155.11146545410156
26.565032958984375 155.11146545410156
26.565032958984375 155.11146545410156
26.565032958984375 155.11146545410156
26.565032958984375 155.11146545410156
26.565032958984375 155.11146545410156
26.565032958984375 155.11146545410156
26.565032958984375 155.11146545410156
26.565032958984375 155.11146545410156
26.565032958984375 155.11146545410156
26.565032958984375 155.11146545410156
26.565032958984375 155.11146545410156
26.565032958984375 155.11146545410156
26.565032958984375 155.11146545410156
26.565032958984375 155.11146545410156
26.565032958984375 155.11146545410156
26.565032958984375 155.11146545410156
26.565032958984375 155.11146545410156
26.565032958984375 155.11146545410156
26.565032958984375 155.11146545410156
26.565032958984375 155.11146545410156
26.565032958984375 155.11146545410156
26.565032958984375 155.11146545410156
26.565032958984375 155.11146545410156
26.565032958984375 155.11146545410156
26.565032958984375 155.11146545410156
26.565032958984375 155.11146545410156
26.565032958984375 155.11146545410156
26.565032958984375 155.11146545410156
26.565032958984375 155.11146545410156
26.565032958984375 155.11146545410156
26.565032958984375 155.11146545410156
26.565032958984375 155.11146545410156
26.565032958984375 155.11146545410156
26.565032958984375 155.11146545410156
26.565032958984375 155.11146545410156
26.565032958984375 155.11146545410156
26.565032958984375 155.11146545410156
26.565032958984375 155.11146545410156
26.565032958984375 155.11146545410156
26.565032958984375 155.11146545410156
26.565032958984375 155.11146545410156
26.565032958984375 155.11146545410156
26.565032958984375 155.11146545410156
26.565032958984375 155.11146545410156
26.565032958984375 155.11146545410156
26.565032958984375 155.11146545410156
26.565032958984375 155.11146545410156
26.565032958984375 155.11146545410156
26.565032958984375 155.11146545410156
26.565032958984375 155.11146545410156
26.565032958984375 155.11146545410156
26.565032958984375 155.11146545410156
26.565032958984375 155.11146545410156
26.565032958984375 155.11146545410156
26.565032958984375 155.11146545410156
26.565032958984375 155.11146545410156
26.565032958984375 155.11146545410156
26.565032958984375 155.11146545410156
26.565032958984375 155.11146545410156
26.565032958984375 155.11146545410156
26.565032958984375 155.11146545410156
26.565032958984375 155.11146545410156
26.565032958984375 155.11146545410156
26.565032958984375 155.11146545410156
26.565032958984375 155.11146545410156
26.565032958984375 155.11146545410156
26.565032958984375 155.11146545410156
26.565032958984375 155.11146545410156
26.565032958984375 155.11146545410156
26.565032958984375 155.11146545410156
26.565032958984375 155.11146545410156
26.565032958984375 155.11146545410156
26.565032958984375 155.11146545410156
26.565032958984375 155.11146545410156
26.565032958984375 155.11146545410156
26.565032958984375 155.11146545410156
26.565032958984375 155.11146545410156
26.565032958984375 155.11146545410156
26.565032958984375 155.11146545410156
26.565032958984375 155.11146545410156
26.565032958984375 155.11146545410156
26.565032958984375 155.11146545410156
26.565032958984375 155.11146545410156
26.565032958984375 155.11146545410156
26.565032958984375 155.11146545410156
26.565032958984375 155.11146545410156
26.565032958984375 155.11146545410156
26.565032958984375 155.11146545410156
26.565032958984375 155.11146545410156
26.565032958984375 155.11146545410156
26.565032958984375 155.11146545410156
26.565032958984375 155.11146545410156
26.565032958984375 155.11146545410156
26.565032958984375 155.11146545410156
26.565032958984375 155.11146545410156
26.565032958984375 155.11146545410156
26.565032958984375 155.11146545410156
26.565032958984375 155.11146545410156
26.565032958984375 155.11146545410156
26.565032958984375 155.11146545410156
26.565032958984375 155.11146545410156
26.565032958984375 155.11146545410156
26.565032958984375 155.11146545410156
26.565032958984375 155.11146545410156
26.565032958984375 155.11146545410156
26.565032958984375 155.11146545410156
26.565032958984375 155.11146545410156
26.565032958984375 155.11146545410156
26.565032958984375 155.11146545410156
26.565032958984375 155.11146545410156
26.565032958984375 155.11146545410156
26.565032958984375 155.11146545410156
26.565032958984375 155.11146545410156
26.565032958984375 155.11146545410156
26.565032958984375 155.11146545410156
26.565032958984375 155.11146545410156
26.565032958984375 155.11146545410156
26.565032958984375 155.11146545410156
26.565032958984375 155.11146545410156
26.565032958984375 155.11146545410156
26.565032958984375 155.11146545410156
26.565032958984375 155.11146545410156
26.565032958984375 155.11146545410156
26.565032958984375 155.11146545410156
26.565032958984375 155.11146545410156
26.565032958984375 155.11146545410156
26.565032958984375 155.11146545410156
26.565032958984375 155.11146545410156
26.565032958984375 155.11146545410156
26.565032958984375 155.11146545410156
26.565032958984375 155.11146545410156
26.565032958984375 155.11146545410156
26.565032958984375 155.11146545410156
26.565032958984375 155.11146545410156
26.565032958984375 155.11146545410156
26.565032958984375 155.11146545410156
26.565032958984375 155.11146545410156
26.565032958984375 155.11146545410156
26.565032958984375 155.11146545410156
26.565032958984375 155.11146545410156
26.565032958984375 155.11146545410156
26.565032958984375 155.11146545410156
26.565032958984375 155.11146545410156
26.565032958984375 155.11146545410156
26.565032958984375 155.11146545410156
26.565032958984375 155.11146545410156
26.565032958984375 155.11146545410156
26.565032958984375 155.11146545410156
26.565032958984375 155.11146545410156
26.565032958984375 155.11146545410156
26.565032958984375 155.11146545410156
26.565032958984375 155.11146545410156
26.565032958984375 155.11146545410156
26.565032958984375 155.11146545410156
26.565032958984375 155.11146545410156
26.565032958984375 155.11146545410156
26.565032958984375 155.11146545410156
26.565032958984375 155.11146545410156
26.565032958984375 155.11146545410156
26.565032958984375 155.11146545410156
26.565032958984375 155.11146545410156
26.565032958984375 155.11146545410156
26.565032958984375 155.11146545410156
26.565032958984375 155.11146545410156
26.565032958984375 155.11146545410156
26.565032958984375 155.11146545410156
26.565032958984375 155.11146545410156
26.565032958984375 155.11146545410156
26.565032958984375 155.11146545410156
26.565032958984375 155.11146545410156
26.565032958984375 155.11146545410156
26.565032958984375 155.11146545410156
26.565032958984375 155.11146545410156
26.565032958984375 155.11146545410156
26.565032958984375 155.11146545410156
26.565032958984375 155.11146545410156
26.565032958984375 155.11146545410156
26.565032958984375 155.11146545410156
26.565032958984375 155.11146545410156
26.565032958984375 155.11146545410156
26.565032958984375 155.11146545410156
26.565032958984375 155.11146545410156
26.565032958984375 155.11146545410156
26.565032958984375 155.11146545410156
26.565032958984375 155.11146545410156
26.565032958984375 155.11146545410156
26.565032958984375 155.11146545410156
26.565032958984375 155.11146545410156
26.565032958984375 155.11146545410156
26.565032958984375 155.11146545410156
26.565032958984375 155.11146545410156
26.565032958984375 155.11146545410156
26.565032958984375 155.11146545410156
26.565032958984375 155.11146545410156
26.565032958984375 155.11146545410156
26.565032958984375 155.11146545410156
26.565032958984375 155.11146545410156
26.565032958984375 155.11146545410156
26.565032958984375 155.11146545410156
26.565032958984375 155.11146545410156
26.565032958984375 155.11146545410156
26.565032958984375 155.11146545410156
26.565032958984375 155.11146545410156
26.565032958984375 155.11146545410156
26.565032958984375 155.11146545410156
26.565032958984375 155.11146545410156
26.565032958984375 155.11146545410156
26.565032958984375 155.11146545410156
26.565032958984375 155.11146545410156
26.565032958984375 155.11146545410156
26.565032958984375 155.11146545410156
26.565032958984375 155.11146545410156
26.565032958984375 155.11146545410156
26.565032958984375 155.11146545410156
26.565032958984375 155.11146545410156
26.565032958984375 155.11146545410156
26.565032958984375 155.11146545410156
26.565032958984375 155.11146545410156
26.565032958984375 155.11146545410156
26.565032958984375 155.11146545410156
26.565032958984375 155.11146545410156
26.565032958984375 155.11146545410156
26.565032958984375 155.11146545410156
26.565032958984375 155.11146545410156
26.565032958984375 155.11146545410156
26.565032958984375 155.11146545410156
26.565032958984375 155.11146545410156
26.565032958984375 155.11146545410156
26.565032958984375 155.11146545410156
26.565032958984375 155.11146545410156
26.565032958984375 155.11146545410156
26.565032958984375 155.11146545410156
26.565032958984375 155.11146545410156
26.565032958984375 155.11146545410156
26.565032958984375 155.11146545410156
26.565032958984375 155.11146545410156
26.565032958984375 155.11146545410156
26.565032958984375 155.11146545410156
26.565032958984375 155.11146545410156
26.565032958984375 155.11146545410156
26.565032958984375 155.11146545410156
26.565032958984375 155.11146545410156
26.565032958984375 155.11146545410156
26.565032958984375 155.11146545410156
26.565032958984375 155.11146545410156
26.565032958984375 155.11146545410156
26.565032958984375 155.11146545410156
26.565032958984375 155.11146545410156
26.565032958984375 155.11146545410156
26.565032958984375 155.11146545410156
26.565032958984375 155.11146545410156
26.565032958984375 155.11146545410156
26.565032958984375 155.11146545410156
26.565032958984375 155.11146545410156
26.565032958984375 155.11146545410156
26.565032958984375 155.11146545410156
26.565032958984375 155.11146545410156
26.565032958984375 155.11146545410156
26.565032958984375 155.11146545410156
26.565032958984375 155.11146545410156
26.565032958984375 155.11146545410156
26.565032958984375 155.11146545410156
26.565032958984375 155.11146545410156
26.565032958984375 155.11146545410156
26.565032958984375 155.11146545410156
26.565032958984375 155.11146545410156
26.565032958984375 155.11146545410156
26.565032958984375 155.11146545410156
26.565032958984375 155.11146545410156
26.565032958984375 155.11146545410156
26.565032958984375 155.11146545410156
26.565032958984375 155.11146545410156
26.565032958984375 155.11146545410156
26.565032958984375 155.11146545410156
26.565032958984375 155.11146545410156
26.565032958984375 155.11146545410156
26.565032958984375 155.11146545410156
26.565032958984375 155.11146545410156
26.565032958984375 155.11146545410156
26.565032958984375 155.11146545410156
26.565032958984375 155.11146545410156
26.565032958984375 155.11146545410156
26.565032958984375 155.11146545410156
26.565032958984375 155.11146545410156
26.565032958984375 155.11146545410156
26.565032958984375 155.11146545410156
26.565032958984375 155.11146545410156
26.565032958984375 155.11146545410156
26.565032958984375 155.11146545410156
26.565032958984375 155.11146545410156
26.565032958984375 155.11146545410156
26.565032958984375 155.11146545410156
26.565032958984375 155.11146545410156
26.565032958984375 155.11146545410156
26.565032958984375 155.11146545410156
26.565032958984375 155.11146545410156
26.565032958984375 155.11146545410156
26.565032958984375 155.11146545410156
26.565032958984375 155.11146545410156
26.565032958984375 155.11146545410156
26.565032958984375 155.11146545410156
26.565032958984375 155.11146545410156
26.565032958984375 155.11146545410156
26.565032958984375 155.11146545410156
26.565032958984375 155.11146545410156
26.565032958984375 155.11146545410156
26.565032958984375 155.11146545410156
26.565032958984375 155.11146545410156
26.565032958984375 155.11146545410156
26.565032958984375 155.11146545410156
26.565032958984375 155.11146545410156
26.565032958984375 155.11146545410156
26.565032958984375 155.11146545410156
26.565032958984375 155.11146545410156
26.565032958984375 155.11146545410156
26.565032958984375 155.11146545410156
26.565032958984375 155.11146545410156
26.565032958984375 155.11146545410156
26.565032958984375 155.11146545410156
26.565032958984375 155.11146545410156
26.565032958984375 155.11146545410156
26.565032958984375 155.11146545410156
26.565032958984375 155.11146545410156
26.565032958984375 155.11146545410156
26.565032958984375 155.11146545410156
26.565032958984375 155.11146545410156
26.565032958984375 155.11146545410156
26.565032958984375 155.11146545410156
26.565032958984375 155.11146545410156
26.565032958984375 155.11146545410156
26.565032958984375 155.11146545410156
26.565032958984375 155.11146545410156
26.565032958984375 155.11146545410156
26.565032958984375 155.11146545410156
26.565032958984375 155.11146545410156
26.565032958984375 155.11146545410156
26.565032958984375 155.11146545410156
26.565032958984375 155.11146545410156
26.565032958984375 155.11146545410156
26.565032958984375 155.11146545410156
26.565032958984375 155.11146545410156
26.565032958984375 155.11146545410156
26.565032958984375 155.11146545410156
26.565032958984375 155.11146545410156
26.565032958984375 155.11146545410156
26.565032958984375 155.11146545410156
26.565032958984375 155.11146545410156
