59.41677474975586 449.4068908691406
59.41677474975586 449.4068908691406
59.41677474975586 449.4068908691406
59.41677474975586 449.4068908691406
59.41677474975586 449.4068908691406
59.41677474975586 449.4068908691406
59.41677474975586 449.4068908691406
59.41677474975586 449.4068908691406
59.41677474975586 449.4068908691406
59.41677474975586 449.4068908691406
59.41677474975586 449.4068908691406
59.41677474975586 449.4068908691406
59.09141159057617 450.3524169921875
59.09141159057617 450.3524169921875
58.673255920410156 451.2607727050781
58.25510025024414 452.16912841796875
57.83694076538086 453.07745361328125
57.41877746582031 453.98577880859375
57.0006103515625 454.89410400390625
56.58244323730469 455.80242919921875
56.16427230834961 456.71075439453125
55.746097564697266 457.61907958984375
55.327919006347656 458.52740478515625
54.90974044799805 459.43572998046875
54.49155807495117 460.34405517578125
54.07337188720703 461.25238037109375
53.655181884765625 462.16070556640625
53.23699188232422 463.06903076171875
52.81879806518555 463.97735595703125
52.40060043334961 464.88568115234375
51.982398986816406 465.79400634765625
51.5641975402832 466.70233154296875
51.145992279052734 467.61065673828125
50.727783203125 468.51898193359375
50.3095703125 469.42730712890625
49.891357421875 470.33563232421875
49.473140716552734 471.24395751953125
49.0549201965332 472.15228271484375
48.63669967651367 473.06060791015625
48.218475341796875 473.9689025878906
47.80024719238281 474.877197265625
47.382015228271484 475.7854919433594
46.963783264160156 476.69378662109375
46.54554748535156 477.6020812988281
46.1273078918457 478.5103759765625
45.70906448364258 479.4186706542969
45.29082107543945 480.32696533203125
44.87257385253906 481.2352600097656
44.454322814941406 482.1435546875
44.036067962646484 483.0518493652344
43.61781311035156 483.96014404296875
43.199554443359375 484.8684387207031
43.199554443359375 484.8684387207031
43.199554443359375 484.8684387207031
43.199554443359375 484.8684387207031
43.199554443359375 484.8684387207031
43.199554443359375 484.8684387207031
43.199554443359375 484.8684387207031
43.199554443359375 484.8684387207031
43.199554443359375 484.8684387207031
43.199554443359375 484.8684387207031
43.199554443359375 484.8684387207031
43.199554443359375 484.8684387207031
43.199554443359375 484.8684387207031
43.199554443359375 484.8684387207031
44.001590728759766 485.00616455078125
44.7769775390625 485.1551818847656
44.7769775390625 485.1551818847656
44.7769775390625 485.1551818847656
44.7769775390625 485.1551818847656
44.7769775390625 485.1551818847656
44.7769775390625 485.1551818847656
44.7769775390625 485.1551818847656
44.7769775390625 485.1551818847656
44.7769775390625 485.1551818847656
44.7769775390625 485.1551818847656
45.147743225097656 485.8998107910156
45.50593566894531 486.65057373046875
45.8514518737793 487.4072570800781
46.18419647216797 488.1696472167969
46.50407409667969 488.9375
46.81099319458008 489.71063232421875
47.1048698425293 490.48883056640625
47.385616302490234 491.2718505859375
47.65315628051758 492.0594787597656
47.90741729736328 492.85150146484375
48.14832305908203 493.6476745605469
48.37580490112305 494.4477844238281
48.58980178833008 495.2516174316406
48.790252685546875 496.0589294433594
48.97710037231445 496.8695068359375
49.150291442871094 497.68310546875
49.309776306152344 498.49951171875
49.455509185791016 499.3184814453125
49.58745193481445 500.1397705078125
49.705562591552734 500.9631652832031
49.809810638427734 501.7884216308594
49.900169372558594 502.6153259277344
49.97660827636719 503.4436340332031
50.03910827636719 504.2731018066406
50.03914260864258 504.27508544921875
50.03914260864258 504.27508544921875
50.03914260864258 504.27508544921875
50.03914260864258 504.27508544921875
50.03914260864258 504.27508544921875
50.03914260864258 504.27508544921875
50.03914260864258 504.27508544921875
50.03914260864258 504.27508544921875
50.03914260864258 504.27508544921875
50.03914260864258 504.27508544921875
50.03914260864258 504.27508544921875
50.03914260864258 504.27508544921875
50.03914260864258 504.27508544921875
50.03914260864258 504.27508544921875
50.03914260864258 504.27508544921875
50.03914260864258 504.27508544921875
50.03914260864258 504.27508544921875
50.03914260864258 504.27508544921875
50.03914260864258 504.27508544921875
50.03914260864258 504.27508544921875
50.03914260864258 504.27508544921875
50.03914260864258 504.27508544921875
50.03914260864258 504.27508544921875
50.03914260864258 504.27508544921875
50.03914260864258 504.27508544921875
50.03914260864258 504.27508544921875
50.03914260864258 504.27508544921875
50.03914260864258 504.27508544921875
50.03914260864258 504.27508544921875
50.03914260864258 504.27508544921875
50.03914260864258 504.27508544921875
50.03914260864258 504.27508544921875
50.03914260864258 504.27508544921875
50.03914260864258 504.27508544921875
50.03914260864258 504.27508544921875
49.75184631347656 505.23291015625
49.46454620361328 506.1907043457031
49.177242279052734 507.14849853515625
48.88993453979492 508.1062927246094
48.60262680053711 509.0640869140625
48.31531524658203 510.0218811035156
48.02799987792969 510.97967529296875
47.74068069458008 511.9374694824219
47.45336151123047 512.895263671875
47.166038513183594 513.8530883789062
46.87871170043945 514.8109130859375
46.87871170043945 514.8109130859375
46.497196197509766 515.7352294921875
46.11567687988281 516.6595458984375
45.73415756225586 517.5838623046875
45.35263442993164 518.5081787109375
44.971107482910156 519.4324951171875
44.589576721191406 520.3568115234375
44.208045959472656 521.2811279296875
43.82651138305664 522.2054443359375
43.44497299194336 523.1297607421875
43.06343078613281 524.0540771484375
42.681888580322266 524.9783935546875
42.30034255981445 525.9027099609375
41.918792724609375 526.8270263671875
41.53723907470703 527.7513427734375
41.15568542480469 528.6756591796875
40.77412796020508 529.5999755859375
40.3925666809082 530.5242919921875
40.01100158691406 531.4486083984375
39.62943649291992 532.3729248046875
39.247867584228516 533.2972412109375
39.247867584228516 533.2972412109375
38.77592468261719 534.1788330078125
38.303977966308594 535.0604248046875
37.83203125 535.9420166015625
37.36008071899414 536.8236083984375
36.888126373291016 537.7052001953125
36.41617202758789 538.5867919921875
35.9442138671875 539.4683837890625
35.472251892089844 540.3499755859375
35.00028610229492 541.2315673828125
34.5283203125 542.1131591796875
34.05635070800781 542.9947509765625
33.58437728881836 543.8763427734375
33.112403869628906 544.7579345703125
32.64042663574219 545.6395263671875
32.1684455871582 546.5211181640625
31.696462631225586 547.4027099609375
31.224475860595703 548.2843017578125
30.752487182617188 549.1658935546875
30.28049659729004 550.0474853515625
29.808502197265625 550.9290771484375
29.336505889892578 551.8106689453125
28.864505767822266 552.6922607421875
28.39250373840332 553.5738525390625
27.92049789428711 554.4553833007812
27.448490142822266 555.3369140625
26.976478576660156 556.2184448242188
26.504465103149414 557.0999755859375
26.03244972229004 557.9815063476562
25.5604305267334 558.863037109375
25.088409423828125 559.7445678710938
24.61638832092285 560.6260986328125
24.14436149597168 561.5076293945312
23.672330856323242 562.38916015625
23.200298309326172 563.2706909179688
23.200298309326172 563.2706909179688
23.200298309326172 563.2706909179688
23.200298309326172 563.2706909179688
23.200298309326172 563.2706909179688
23.200298309326172 563.2706909179688
23.200298309326172 563.2706909179688
23.200298309326172 563.2706909179688
23.200298309326172 563.2706909179688
23.200298309326172 563.2706909179688
23.200298309326172 563.2706909179688
23.200298309326172 563.2706909179688
23.200298309326172 563.2706909179688
23.200298309326172 563.2706909179688
23.91339111328125 563.4407958984375
23.91339111328125 563.4407958984375
23.91339111328125 563.4407958984375
23.91339111328125 563.4407958984375
23.91339111328125 563.4407958984375
23.91339111328125 563.4407958984375
23.91339111328125 563.4407958984375
23.91339111328125 563.4407958984375
23.91339111328125 563.4407958984375
23.91339111328125 563.4407958984375
23.91339111328125 563.4407958984375
23.91339111328125 563.4407958984375
23.91339111328125 563.4407958984375
24.008745193481445 564.2671508789062
24.090190887451172 565.094970703125
24.157705307006836 565.924072265625
24.211267471313477 566.754150390625
24.250864028930664 567.5850219726562
24.2764835357666 568.4164428710938
24.288118362426758 569.2481689453125
24.285764694213867 570.0800170898438
24.269424438476562 570.9116821289062
24.23910140991211 571.7429809570312
24.194805145263672 572.5736083984375
24.136547088623047 573.4033813476562
24.06434440612793 574.2320556640625
23.97821617126465 575.0593872070312
23.87818717956543 575.8851928710938
23.7642879486084 576.7091674804688
23.63654899597168 577.5311279296875
23.495006561279297 578.350830078125
23.339698791503906 579.1680297851562
23.170671463012695 579.9824829101562
23.170671463012695 579.9824829101562
23.170671463012695 579.9824829101562
23.170671463012695 579.9824829101562
23.170671463012695 579.9824829101562
23.170671463012695 579.9824829101562
23.170671463012695 579.9824829101562
23.170671463012695 579.9824829101562
23.170671463012695 579.9824829101562
23.170671463012695 579.9824829101562
23.170671463012695 579.9824829101562
23.170671463012695 579.9824829101562
23.170671463012695 579.9824829101562
23.170671463012695 579.9824829101562
23.170671463012695 579.9824829101562
23.170671463012695 579.9824829101562
23.170671463012695 579.9824829101562
23.170671463012695 579.9824829101562
23.170671463012695 579.9824829101562
23.170671463012695 579.9824829101562
23.170671463012695 579.9824829101562
23.170671463012695 579.9824829101562
23.170671463012695 579.9824829101562
23.170671463012695 579.9824829101562
24.020509719848633 579.4555053710938
24.87034797668457 578.9285278320312
25.72018814086914 578.4015502929688
26.570030212402344 577.8745727539062
27.41987419128418 577.3475952148438
28.26972007751465 576.8206176757812
29.11956787109375 576.2936401367188
29.11956787109375 576.2936401367188
30.017780303955078 575.8541259765625
30.91599464416504 575.4146118164062
31.814208984375 574.97509765625
32.712425231933594 574.5355834960938
33.61064147949219 574.0961303710938
34.50886154174805 573.6566772460938
35.407081604003906 573.2172241210938
36.305301666259766 572.7777709960938
37.20352554321289 572.3383178710938
38.101749420166016 571.8988647460938
38.99997329711914 571.4594116210938
38.99997329711914 571.4594116210938
39.93758773803711 571.11181640625
40.87520217895508 570.7642211914062
41.81281661987305 570.4166259765625
42.750431060791016 570.0690307617188
43.68804931640625 569.721435546875
44.625667572021484 569.3738403320312
45.56328582763672 569.0262451171875
46.50090408325195 568.6786499023438
47.43852615356445 568.3310546875
48.37614822387695 567.9834594726562
49.31377029418945 567.6358642578125
50.25139617919922 567.288330078125
51.189022064208984 566.9407958984375
52.12664794921875 566.59326171875
53.064273834228516 566.2457275390625
54.00190353393555 565.898193359375
54.93953323364258 565.5506591796875
55.87697219848633 565.2031860351562
55.87697219848633 565.2031860351562
56.84461975097656 564.9509887695312
57.81227111816406 564.6987915039062
58.77992248535156 564.4465942382812
59.74757385253906 564.1943969726562
60.71522521972656 563.9421997070312
61.68287658691406 563.6900634765625
62.65053176879883 563.4379272460938
63.618186950683594 563.185791015625
64.58584594726562 562.9336547851562
65.55350494384766 562.6815185546875
66.52116394042969 562.4293823242188
67.48882293701172 562.17724609375
68.45648193359375 561.9251098632812
68.45648193359375 561.9251098632812
69.4444808959961 561.7708129882812
70.43247985839844 561.6165161132812
71.42047882080078 561.4622192382812
72.40847778320312 561.3079223632812
73.39647674560547 561.1536865234375
74.38447570800781 560.9994506835938
75.37247467041016 560.84521484375
76.3604736328125 560.6909790039062
77.34847259521484 560.5367431640625
78.33647155761719 560.3825073242188
79.32447052001953 560.228271484375
80.31246948242188 560.0740356445312
81.30046844482422 559.9197998046875
82.2884750366211 559.7655639648438
83.27648162841797 559.611328125
84.26448822021484 559.4570922851562
85.25249481201172 559.3028564453125
86.2405014038086 559.1486206054688
87.22850799560547 558.994384765625
88.21651458740234 558.8401489257812
89.20452117919922 558.6859130859375
90.1925277709961 558.5316772460938
91.18053436279297 558.37744140625
92.16854095458984 558.2232055664062
93.15654754638672 558.0690307617188
94.1445541381836 557.9148559570312
95.13256072998047 557.7606811523438
96.12056732177734 557.6065063476562
97.10857391357422 557.4523315429688
98.09658813476562 557.2981567382812
99.08460235595703 557.1439819335938
100.07261657714844 556.9898071289062
101.06063079833984 556.8356323242188
102.04864501953125 556.6814575195312
103.03665924072266 556.5272827148438
104.02467346191406 556.3731079101562
104.02467346191406 556.3731079101562
105.02313995361328 556.318359375
106.0216064453125 556.2636108398438
107.02007293701172 556.2088623046875
108.01853942871094 556.1541137695312
109.01700592041016 556.099365234375
110.01547241210938 556.0446166992188
111.0139389038086 555.9898681640625
112.01240539550781 555.9351196289062
113.01087188720703 555.88037109375
114.00934600830078 555.8256225585938
115.00782012939453 555.7708740234375
116.00629425048828 555.7161254882812
117.00476837158203 555.661376953125
118.00324249267578 555.6066284179688
119.00171661376953 555.5519409179688
120.00019073486328 555.4972534179688
120.99866485595703 555.4425659179688
121.99713897705078 555.3878784179688
122.99561309814453 555.3331909179688
123.99408721923828 555.2785034179688
124.99256134033203 555.2238159179688
125.99103546142578 555.1691284179688
126.98950958251953 555.1144409179688
127.98798370361328 555.0597534179688
128.9864501953125 555.0050659179688
129.98492431640625 554.9503784179688
130.9833984375 554.8956909179688
131.98187255859375 554.8410034179688
132.9803466796875 554.7863159179688
133.97882080078125 554.7316284179688
134.977294921875 554.6769409179688
135.97576904296875 554.6222534179688
136.9742431640625 554.5675659179688
137.97271728515625 554.5128784179688
138.97119140625 554.458251953125
139.96966552734375 554.4036254882812
140.9681396484375 554.3489990234375
141.96661376953125 554.2943725585938
142.965087890625 554.23974609375
143.96356201171875 554.1851196289062
144.9620361328125 554.1304931640625
145.96051025390625 554.0758666992188
146.958984375 554.021240234375
147.95745849609375 553.9666137695312
148.9559326171875 553.9119873046875
149.95440673828125 553.8573608398438
150.952880859375 553.802734375
151.95135498046875 553.7481079101562
152.9498291015625 553.6934814453125
153.94802856445312 553.638916015625
154.94638061523438 553.5843505859375
155.9447784423828 553.52978515625
155.9447784423828 553.52978515625
155.9447784423828 553.52978515625
155.9447784423828 553.52978515625
155.9447784423828 553.52978515625
155.9447784423828 553.52978515625
155.9447784423828 553.52978515625
155.9447784423828 553.52978515625
155.9447784423828 553.52978515625
155.9447784423828 553.52978515625
155.9447784423828 553.52978515625
155.9447784423828 553.52978515625
155.9447784423828 553.52978515625
155.9447784423828 553.52978515625
155.9447784423828 553.52978515625
155.9447784423828 553.52978515625
155.9447784423828 553.52978515625
155.9447784423828 553.52978515625
155.9447784423828 553.52978515625
156.09361267089844 552.729736328125
156.09361267089844 552.729736328125
156.09361267089844 552.729736328125
156.09361267089844 552.729736328125
156.09361267089844 552.729736328125
156.09361267089844 552.729736328125
156.09361267089844 552.729736328125
156.09361267089844 552.729736328125
156.09361267089844 552.729736328125
156.09361267089844 552.729736328125
156.8355712890625 552.3536376953125
157.583740234375 551.9900512695312
158.33792114257812 551.6390991210938
159.097900390625 551.3009033203125
159.8634490966797 550.9755249023438
160.63436889648438 550.6630859375
161.41043090820312 550.3636474609375
162.19142150878906 550.0772705078125
162.97711181640625 549.8040771484375
163.7672882080078 549.5441284179688
164.5617218017578 549.2975463867188
165.3601837158203 549.0643310546875
166.16246032714844 548.8446044921875
166.96832275390625 548.6383666992188
167.7775421142578 548.4457397460938
168.58987426757812 548.2667236328125
169.4051055908203 548.1013793945312
170.22300720214844 547.9497680664062
171.0433349609375 547.8119506835938
171.86585998535156 547.6879272460938
172.69036865234375 547.5777587890625
173.5166015625 547.4815063476562
174.34434509277344 547.3991088867188
175.17335510253906 547.3306884765625
176.00340270996094 547.2761840820312
176.00340270996094 547.2761840820312
176.00340270996094 547.2761840820312
176.00340270996094 547.2761840820312
176.00340270996094 547.2761840820312
176.00340270996094 547.2761840820312
176.00340270996094 547.2761840820312
176.00340270996094 547.2761840820312
176.00340270996094 547.2761840820312
176.00340270996094 547.2761840820312
176.00340270996094 547.2761840820312
176.00340270996094 547.2761840820312
176.00340270996094 547.2761840820312
176.00340270996094 547.2761840820312
176.00340270996094 547.2761840820312
176.00340270996094 547.2761840820312
176.00340270996094 547.2761840820312
176.00340270996094 547.2761840820312
176.00340270996094 547.2761840820312
176.00340270996094 547.2761840820312
176.00340270996094 547.2761840820312
176.00340270996094 547.2761840820312
176.00340270996094 547.2761840820312
176.00340270996094 547.2761840820312
176.00340270996094 547.2761840820312
176.00340270996094 547.2761840820312
176.00340270996094 547.2761840820312
176.00340270996094 547.2761840820312
176.00340270996094 547.2761840820312
176.00340270996094 547.2761840820312
176.95907592773438 546.9818725585938
177.9147491455078 546.6875610351562
178.87042236328125 546.3932495117188
179.82611083984375 546.0989379882812
180.78179931640625 545.8046264648438
181.73748779296875 545.5103149414062
182.69317626953125 545.2160034179688
183.64886474609375 544.9216918945312
184.60455322265625 544.6273803710938
185.56024169921875 544.3330688476562
186.51593017578125 544.038818359375
187.47161865234375 543.7445678710938
188.42730712890625 543.4503173828125
189.38299560546875 543.1560668945312
190.33868408203125 542.86181640625
191.29437255859375 542.5675659179688
191.29437255859375 542.5675659179688
191.29437255859375 542.5675659179688
191.29437255859375 542.5675659179688
191.29437255859375 542.5675659179688
191.29437255859375 542.5675659179688
191.29437255859375 542.5675659179688
191.29437255859375 542.5675659179688
191.29437255859375 542.5675659179688
191.29437255859375 542.5675659179688
191.29437255859375 542.5675659179688
191.29437255859375 542.5675659179688
191.29437255859375 542.5675659179688
191.29437255859375 542.5675659179688
191.29437255859375 542.5675659179688
191.29437255859375 542.5675659179688
191.29437255859375 542.5675659179688
191.29437255859375 542.5675659179688
191.29437255859375 542.5675659179688
191.29437255859375 542.5675659179688
191.32676696777344 541.7544555664062
191.37429809570312 540.9420776367188
191.43695068359375 540.1307373046875
191.5146942138672 539.32080078125
191.60752868652344 538.5123291015625
191.60752868652344 538.5123291015625
191.60752868652344 538.5123291015625
191.60752868652344 538.5123291015625
191.60752868652344 538.5123291015625
191.60752868652344 538.5123291015625
191.60752868652344 538.5123291015625
192.16351318359375 537.8936157226562
192.72982788085938 537.2843017578125
193.30630493164062 536.6846313476562
193.8927764892578 536.0947265625
194.4890899658203 535.5147705078125
195.09507751464844 534.9449462890625
195.71055603027344 534.3853759765625
196.33535766601562 533.8362426757812
196.96929931640625 533.2976684570312
197.61221313476562 532.7698364257812
198.263916015625 532.2528686523438
198.92420959472656 531.7469482421875
198.92420959472656 531.7469482421875
198.92420959472656 531.7469482421875
198.92420959472656 531.7469482421875
198.92420959472656 531.7469482421875
198.92420959472656 531.7469482421875
198.92420959472656 531.7469482421875
198.92420959472656 531.7469482421875
198.92420959472656 531.7469482421875
198.92420959472656 531.7469482421875
198.92420959472656 531.7469482421875
198.92420959472656 531.7469482421875
198.92420959472656 531.7469482421875
198.92420959472656 531.7469482421875
198.92420959472656 531.7469482421875
198.92420959472656 531.7469482421875
198.92420959472656 531.7469482421875
198.92420959472656 531.7469482421875
198.92420959472656 531.7469482421875
198.92420959472656 531.7469482421875
198.92420959472656 531.7469482421875
198.92420959472656 531.7469482421875
198.92420959472656 531.7469482421875
198.92420959472656 531.7469482421875
198.92420959472656 531.7469482421875
198.92420959472656 531.7469482421875
198.92420959472656 531.7469482421875
198.92420959472656 531.7469482421875
198.92420959472656 531.7469482421875
198.92420959472656 531.7469482421875
198.92420959472656 531.7469482421875
198.92420959472656 531.7469482421875
198.92420959472656 531.7469482421875
199.75680541992188 531.193115234375
200.5894012451172 530.6392822265625
201.42201232910156 530.08544921875
202.25462341308594 529.5316162109375
203.0872344970703 528.977783203125
203.9198455810547 528.4239501953125
204.75245666503906 527.8701171875
205.58506774902344 527.3163452148438
206.4176788330078 526.7625732421875
207.2502899169922 526.2088012695312
208.08290100097656 525.655029296875
208.91551208496094 525.1012573242188
209.74813842773438 524.5474853515625
210.5807647705078 523.9937133789062
211.41339111328125 523.43994140625
212.2460174560547 522.8861694335938
213.07864379882812 522.3323974609375
213.91127014160156 521.7786254882812
214.743896484375 521.224853515625
215.57652282714844 520.6710815429688
216.40914916992188 520.1173095703125
217.24179077148438 519.5635375976562
218.07443237304688 519.009765625
218.90707397460938 518.4559936523438
219.73971557617188 517.9022216796875
220.57235717773438 517.3484497070312
221.40499877929688 516.794677734375
222.23764038085938 516.2409057617188
223.07028198242188 515.6871337890625
223.90292358398438 515.1333618164062
224.73558044433594 514.57958984375
225.5682373046875 514.02587890625
226.40089416503906 513.47216796875
227.23355102539062 512.91845703125
228.0662078857422 512.36474609375
228.89886474609375 511.8110046386719
229.7315216064453 511.25726318359375
230.56417846679688 510.70355224609375
231.39683532714844 510.14984130859375
232.22950744628906 509.59613037109375
233.0621795654297 509.04241943359375
233.8948516845703 508.48870849609375
234.72752380371094 507.93499755859375
235.56019592285156 507.38128662109375
236.3928680419922 506.82757568359375
237.2255401611328 506.27386474609375
238.05821228027344 505.72015380859375
238.89088439941406 505.16644287109375
239.72357177734375 504.61273193359375
240.55625915527344 504.0590515136719
241.38894653320312 503.50537109375
242.2216339111328 502.9516906738281
243.0543212890625 502.39801025390625
243.8870086669922 501.8443298339844
244.71969604492188 501.2906494140625
245.55238342285156 500.7369689941406
246.38507080078125 500.18328857421875
247.2177734375 499.6296081542969
248.05047607421875 499.075927734375
248.8831787109375 498.5222473144531
249.71588134765625 497.96856689453125
250.548583984375 497.4149169921875
251.38128662109375 496.86126708984375
252.2139892578125 496.3076171875
253.04669189453125 495.75396728515625
253.87939453125 495.2003173828125
254.7121124267578 494.64666748046875
254.71713256835938 494.6436767578125
254.71714782714844 494.6436767578125
254.71714782714844 494.6436767578125
254.71714782714844 494.6436767578125
254.71714782714844 494.6436767578125
254.71714782714844 494.6436767578125
254.71714782714844 494.6436767578125
254.71714782714844 494.6436767578125
254.71714782714844 494.6436767578125
254.71714782714844 494.6436767578125
254.71714782714844 494.6436767578125
254.71714782714844 494.6436767578125
254.71714782714844 494.6436767578125
254.71714782714844 494.6436767578125
254.71714782714844 494.6436767578125
254.2254180908203 493.9952697753906
253.74853515625 493.3412170410156
253.74853515625 493.3412170410156
253.74853515625 493.3412170410156
253.74853515625 493.3412170410156
253.74853515625 493.3412170410156
253.74853515625 493.3412170410156
253.74853515625 493.3412170410156
253.74853515625 493.3412170410156
253.74853515625 493.3412170410156
253.74853515625 493.3412170410156
253.74853515625 493.3412170410156
254.06320190429688 492.5711975097656
254.39076232910156 491.80657958984375
254.73114013671875 491.0475769042969
255.084228515625 490.2944030761719
255.44993591308594 489.5472717285156
255.82815551757812 488.806396484375
256.2187805175781 488.0719909667969
256.6217041015625 487.3442687988281
257.03680419921875 486.6234130859375
257.4639587402344 485.9096374511719
257.903076171875 485.2031555175781
258.35400390625 484.504150390625
258.8166198730469 483.8128356933594
259.2908020019531 483.12939453125
259.7763977050781 482.4540100097656
260.2732849121094 481.7868957519531
260.78131103515625 481.12823486328125
261.30035400390625 480.47821044921875
261.83026123046875 479.8370056152344
262.370849609375 479.2048034667969
262.9219970703125 478.581787109375
263.4835510253906 477.9681091308594
264.05535888671875 477.36395263671875
264.6372375488281 476.7695007324219
265.2290344238281 476.1849365234375
265.83056640625 475.6103820800781
266.4416809082031 475.0460510253906
267.06219482421875 474.4920654296875
267.6919250488281 473.9485778808594
268.3307189941406 473.415771484375
268.3307189941406 473.415771484375
268.3307189941406 473.415771484375
268.3307189941406 473.415771484375
268.3307189941406 473.415771484375
268.3307189941406 473.415771484375
268.3307189941406 473.415771484375
268.3307189941406 473.415771484375
268.3307189941406 473.415771484375
268.3307189941406 473.415771484375
268.3307189941406 473.415771484375
268.3307189941406 473.415771484375
268.3307189941406 473.415771484375
268.3307189941406 473.415771484375
268.3307189941406 473.415771484375
268.3307189941406 473.415771484375
268.3307189941406 473.415771484375
268.3307189941406 473.415771484375
268.3307189941406 473.415771484375
268.3307189941406 473.415771484375
268.3307189941406 473.415771484375
268.3307189941406 473.415771484375
268.3307189941406 473.415771484375
268.3307189941406 473.415771484375
268.3307189941406 473.415771484375
268.3307189941406 473.415771484375
268.3307189941406 473.415771484375
268.3307189941406 473.415771484375
268.3307189941406 473.415771484375
268.3307189941406 473.415771484375
268.3307189941406 473.415771484375
269.00677490234375 472.678955078125
269.6828308105469 471.942138671875
270.35888671875 471.205322265625
271.0349426269531 470.468505859375
271.0349426269531 470.468505859375
271.78118896484375 469.8028869628906
272.5274353027344 469.13726806640625
273.273681640625 468.4716491699219
274.0199279785156 467.8060302734375
274.76617431640625 467.1404113769531
275.5124206542969 466.47479248046875
275.5124206542969 466.47479248046875
276.3214111328125 465.8869934082031
277.1304016113281 465.2991943359375
277.93939208984375 464.71142578125
278.7483825683594 464.1236572265625
279.557373046875 463.535888671875
280.3663635253906 462.9481201171875
281.17535400390625 462.3603515625
281.17535400390625 462.3603515625
282.0389709472656 461.8562927246094
282.902587890625 461.35223388671875
283.7662048339844 460.8481750488281
284.62982177734375 460.3441162109375
285.49346923828125 459.8400573730469
286.35711669921875 459.33599853515625
286.35711669921875 459.33599853515625
287.2667541503906 458.9206848144531
288.1763916015625 458.50537109375
289.0860290527344 458.0900573730469
289.99566650390625 457.67474365234375
290.9053039550781 457.2594299316406
290.9053039550781 457.2594299316406
291.85186767578125 456.93701171875
292.7984313964844 456.6145935058594
293.7449951171875 456.29217529296875
294.6915588378906 455.9697570800781
295.63812255859375 455.6473693847656
295.63812255859375 455.6473693847656
296.6121520996094 455.42108154296875
297.586181640625 455.1947937011719
298.5602111816406 454.968505859375
299.53424072265625 454.7422180175781
300.5082702636719 454.51593017578125
301.4822998046875 454.2896423339844
301.4822998046875 454.2896423339844
302.47406005859375 454.1617431640625
302.47406005859375 454.1617431640625
302.4742431640625 454.1617431640625
302.4742431640625 454.1617431640625
302.4742431640625 454.1617431640625
302.4742431640625 454.1617431640625
302.4742431640625 454.1617431640625
302.4742431640625 454.1617431640625
302.4742431640625 454.1617431640625
302.4742431640625 454.1617431640625
302.4742431640625 454.1617431640625
302.4742431640625 454.1617431640625
302.4742431640625 454.1617431640625
302.4742431640625 454.1617431640625
302.4742431640625 454.1617431640625
302.4742431640625 454.1617431640625
302.4742431640625 454.1617431640625
302.4742431640625 454.1617431640625
302.4742431640625 454.1617431640625
302.4742431640625 454.1617431640625
302.4742431640625 454.1617431640625
302.4742431640625 454.1617431640625
302.4742431640625 454.1617431640625
302.4742431640625 454.1617431640625
302.9503173828125 453.4796142578125
303.43780517578125 452.80560302734375
303.9365539550781 452.1398620605469
304.4464111328125 451.48260498046875
304.9672546386719 450.8340148925781
305.4989318847656 450.19427490234375
306.0412902832031 449.5635681152344
306.59417724609375 448.94207763671875
307.1574401855469 448.3299560546875
307.7309265136719 447.7274169921875
308.314453125 447.13458251953125
308.9078674316406 446.5516662597656
309.510986328125 445.9787902832031
310.1236572265625 445.4161376953125
310.7456970214844 444.8638916015625
311.376953125 444.3221740722656
312.0172119140625 443.7911376953125
312.66632080078125 443.27093505859375
313.3240966796875 442.76171875
313.9903259277344 442.2636413574219
314.6648254394531 441.77685546875
315.3474426269531 441.3014831542969
316.0379333496094 440.837646484375
316.73614501953125 440.385498046875
317.4418640136719 439.94512939453125
318.1548767089844 439.5166931152344
318.875 439.1003112792969
319.6020202636719 438.69610595703125
320.3357238769531 438.3041687011719
321.075927734375 437.92462158203125
321.8223876953125 437.5575866699219
322.5749206542969 437.2031555175781
323.33331298828125 436.8614196777344
324.09735107421875 436.5325012207031
324.8667907714844 436.2164611816406
325.6414489746094 435.9134216308594
326.42108154296875 435.6234436035156
327.20550537109375 435.34661865234375
327.9944763183594 435.0830078125
328.7877502441406 434.83270263671875
329.5851135253906 434.5957946777344
330.3863525390625 434.372314453125
331.1912536621094 434.162353515625
331.1912536621094 434.162353515625
331.1912536621094 434.162353515625
331.1912536621094 434.162353515625
331.1912536621094 434.162353515625
331.1912536621094 434.162353515625
331.1912536621094 434.162353515625
330.2530212402344 433.8164367675781
329.3147888183594 433.47052001953125
328.3765563964844 433.1246032714844
327.4383239746094 432.7786865234375
326.5000915527344 432.4327697753906
325.5618591308594 432.08685302734375
324.6236267089844 431.7409362792969
323.6853942871094 431.3949890136719
322.7471618652344 431.0490417480469
321.8089294433594 430.7030944824219
320.8706970214844 430.3571472167969
319.9324645996094 430.0111999511719
318.9942321777344 429.6652526855469
318.0559997558594 429.3193054199219
317.1177673339844 428.9733581542969
316.1795349121094 428.6274108886719
316.1795349121094 428.6274108886719
315.2805480957031 428.18951416015625
314.3815612792969 427.7516174316406
313.4825744628906 427.313720703125
312.5835876464844 426.8758239746094
311.6846008300781 426.43792724609375
310.7856140136719 426.0000305175781
309.8866271972656 425.5621032714844
308.9876403808594 425.1241760253906
308.0886535644531 424.6862487792969
307.1896667480469 424.2483215332031
306.2906799316406 423.8103942871094
305.3916931152344 423.3724670410156
304.4927062988281 422.9345397949219
303.5937194824219 422.4966125488281
302.6947326660156 422.0586853027344
301.7957763671875 421.6207580566406
300.8968200683594 421.1828308105469
299.99786376953125 420.744873046875
299.0989074707031 420.3069152832031
298.199951171875 419.86895751953125
297.3009948730469 419.4309997558594
296.40203857421875 418.9930419921875
295.5030822753906 418.5550842285156
294.6041259765625 418.11712646484375
293.7051696777344 417.6791687011719
292.80621337890625 417.2412109375
291.9072570800781 416.8032531738281
291.00830078125 416.36529541015625
290.1093444824219 415.92730712890625
289.21038818359375 415.48931884765625
288.3114318847656 415.05133056640625
287.4124755859375 414.61334228515625
286.5135192871094 414.17535400390625
285.61456298828125 413.73736572265625
284.7156066894531 413.29937744140625
283.816650390625 412.86138916015625
282.9176940917969 412.42340087890625
282.01873779296875 411.98541259765625
281.11981201171875 411.54742431640625
280.22088623046875 411.1094055175781
279.32196044921875 410.67138671875
278.42303466796875 410.2333679199219
277.52410888671875 409.79534912109375
276.62518310546875 409.3573303222656
275.72625732421875 408.9193115234375
274.82733154296875 408.4812927246094
273.92840576171875 408.04327392578125
273.02947998046875 407.6052551269531
272.13055419921875 407.167236328125
271.23162841796875 406.7292175292969
270.33270263671875 406.2911682128906
269.43377685546875 405.8531188964844
268.53485107421875 405.4150695800781
267.63592529296875 404.9770202636719
266.73699951171875 404.5389709472656
265.83807373046875 404.1009216308594
264.93914794921875 403.6628723144531
264.93914794921875 403.6628723144531
264.0884704589844 403.13726806640625
263.23779296875 402.6116638183594
262.3871154785156 402.0860595703125
261.53643798828125 401.5604553222656
260.6857604980469 401.03485107421875
259.8350830078125 400.50921630859375
258.9844055175781 399.98358154296875
258.13372802734375 399.45794677734375
257.2830505371094 398.93231201171875
256.432373046875 398.40667724609375
255.58169555664062 397.88104248046875
254.73101806640625 397.35540771484375
253.88034057617188 396.82977294921875
253.0296630859375 396.30413818359375
252.1790008544922 395.77850341796875
251.32833862304688 395.25286865234375
250.47767639160156 394.72723388671875
249.62701416015625 394.2015686035156
248.77635192871094 393.6759033203125
248.77635192871094 393.6759033203125
247.982421875 393.0679626464844
247.18849182128906 392.4599914550781
246.39456176757812 391.8520202636719
245.6006317138672 391.2440490722656
244.80670166015625 390.6360778808594
244.0127716064453 390.0281066894531
243.21885681152344 389.4201354980469
242.42494201660156 388.8121643066406
241.6310272216797 388.2041931152344
240.8371124267578 387.5962219238281
240.04319763183594 386.9882507324219
239.24928283691406 386.3802795410156
238.4553680419922 385.7723083496094
238.4553680419922 385.7723083496094
237.7261199951172 385.0881042480469
236.9968719482422 384.4039001464844
236.26763916015625 383.7196960449219
235.5384063720703 383.0354919433594
234.80917358398438 382.3512878417969
234.07994079589844 381.66705322265625
233.3507080078125 380.9828186035156
232.62147521972656 380.298583984375
231.89224243164062 379.6143493652344
231.1630096435547 378.93011474609375
230.4337921142578 378.2458801269531
229.70457458496094 377.5616455078125
228.97535705566406 376.8774108886719
228.2461395263672 376.19317626953125
227.5169219970703 375.5089416503906
226.78770446777344 374.82470703125
226.05848693847656 374.1404724121094
225.32928466796875 373.45623779296875
224.60008239746094 372.7720031738281
223.87088012695312 372.0877380371094
223.1416778564453 371.4034729003906
222.4124755859375 370.7192077636719
221.6832733154297 370.0349426269531
220.95407104492188 369.3506774902344
220.22488403320312 368.6664123535156
220.12197875976562 368.5612487792969
219.45372009277344 367.8173522949219
218.78546142578125 367.0734558105469
218.11720275878906 366.3295593261719
217.44895935058594 365.5856628417969
216.7807159423828 364.8417663574219
216.1124725341797 364.0978698730469
215.44422912597656 363.3539733886719
214.77598571777344 362.6100769042969
214.1077423095703 361.8661804199219
213.43951416015625 361.1222839355469
212.7712860107422 360.3783874511719
212.10305786132812 359.63446044921875
211.43482971191406 358.8905334472656
210.7666015625 358.1466064453125
210.76629638671875 358.146240234375
210.17564392089844 357.33935546875
209.58499145507812 356.532470703125
208.9943389892578 355.7255859375
208.4036865234375 354.918701171875
207.8130340576172 354.11181640625
207.22239685058594 353.304931640625
206.6317596435547 352.498046875
206.04112243652344 351.691162109375
205.4504852294922 350.88427734375
204.85984802246094 350.0773620605469
204.2692108154297 349.27044677734375
203.67857360839844 348.4635314941406
203.08795166015625 347.6566162109375
202.49732971191406 346.8497009277344
201.90670776367188 346.04278564453125
201.3160858154297 345.2358703613281
200.7254638671875 344.428955078125
200.1348419189453 343.6220397949219
199.5442352294922 342.81512451171875
198.95362854003906 342.0082092285156
198.36302185058594 341.2012939453125
197.7724151611328 340.3943786621094
197.1818084716797 339.58746337890625
196.59120178222656 338.7805480957031
196.0006103515625 337.9736328125
195.41001892089844 337.1667175292969
194.81942749023438 336.3597717285156
194.2288360595703 335.5528259277344
193.63824462890625 334.7458801269531
193.0476531982422 333.9389343261719
193.0476531982422 333.9389343261719
192.54058837890625 333.0770568847656
192.0335235595703 332.2151794433594
192.0335235595703 332.2151794433594
192.0335235595703 332.2151794433594
192.0335235595703 332.2151794433594
192.0335235595703 332.2151794433594
192.0335235595703 332.2151794433594
192.0335235595703 332.2151794433594
192.0335235595703 332.2151794433594
192.0335235595703 332.2151794433594
192.0335235595703 332.2151794433594
192.0335235595703 332.2151794433594
192.0335235595703 332.2151794433594
192.0335235595703 332.2151794433594
192.0335235595703 332.2151794433594
192.0335235595703 332.2151794433594
192.0335235595703 332.2151794433594
192.0335235595703 332.2151794433594
192.0335235595703 332.2151794433594
192.0335235595703 332.2151794433594
192.0335235595703 332.2151794433594
192.0335235595703 332.2151794433594
192.0335235595703 332.2151794433594
192.0335235595703 332.2151794433594
192.0335235595703 332.2151794433594
192.0335235595703 332.2151794433594
192.0335235595703 332.2151794433594
192.0335235595703 332.2151794433594
192.0335235595703 332.2151794433594
192.0335235595703 332.2151794433594
192.0335235595703 332.2151794433594
192.0335235595703 332.2151794433594
192.0335235595703 332.2151794433594
192.0335235595703 332.2151794433594
192.0335235595703 332.2151794433594
192.0335235595703 332.2151794433594
192.0335235595703 332.2151794433594
192.0335235595703 332.2151794433594
192.0335235595703 332.2151794433594
192.0335235595703 332.2151794433594
192.0335235595703 332.2151794433594
192.0335235595703 332.2151794433594
192.0335235595703 332.2151794433594
192.0335235595703 332.2151794433594
192.0335235595703 332.2151794433594
192.0335235595703 332.2151794433594
192.0335235595703 332.2151794433594
192.0335235595703 332.2151794433594
192.0335235595703 332.2151794433594
192.0335235595703 332.2151794433594
192.0335235595703 332.2151794433594
192.0335235595703 332.2151794433594
192.0335235595703 332.2151794433594
192.0335235595703 332.2151794433594
192.0335235595703 332.2151794433594
192.0335235595703 332.2151794433594
192.0335235595703 332.2151794433594
192.0335235595703 332.2151794433594
192.0335235595703 332.2151794433594
192.0335235595703 332.2151794433594
192.0335235595703 332.2151794433594
192.0335235595703 332.2151794433594
192.0335235595703 332.2151794433594
192.0335235595703 332.2151794433594
192.0335235595703 332.2151794433594
192.0335235595703 332.2151794433594
192.0335235595703 332.2151794433594
192.0335235595703 332.2151794433594
192.0335235595703 332.2151794433594
192.0335235595703 332.2151794433594
192.0335235595703 332.2151794433594
192.0335235595703 332.2151794433594
192.0335235595703 332.2151794433594
192.0335235595703 332.2151794433594
192.0335235595703 332.2151794433594
192.0335235595703 332.2151794433594
192.0335235595703 332.2151794433594
192.0335235595703 332.2151794433594
192.0335235595703 332.2151794433594
192.0335235595703 332.2151794433594
192.0335235595703 332.2151794433594
192.0335235595703 332.2151794433594
192.0335235595703 332.2151794433594
192.0335235595703 332.2151794433594
192.0335235595703 332.2151794433594
192.0335235595703 332.2151794433594
192.0335235595703 332.2151794433594
192.0335235595703 332.2151794433594
192.0335235595703 332.2151794433594
192.0335235595703 332.2151794433594
192.0335235595703 332.2151794433594
192.0335235595703 332.2151794433594
192.0335235595703 332.2151794433594
192.0335235595703 332.2151794433594
192.0335235595703 332.2151794433594
192.0335235595703 332.2151794433594
192.0335235595703 332.2151794433594
192.0335235595703 332.2151794433594
192.0335235595703 332.2151794433594
192.0335235595703 332.2151794433594
192.0335235595703 332.2151794433594
192.0335235595703 332.2151794433594
192.0335235595703 332.2151794433594
192.0335235595703 332.2151794433594
192.0335235595703 332.2151794433594
192.0335235595703 332.2151794433594
192.0335235595703 332.2151794433594
192.0335235595703 332.2151794433594
192.0335235595703 332.2151794433594
192.0335235595703 332.2151794433594
192.0335235595703 332.2151794433594
192.0335235595703 332.2151794433594
192.0335235595703 332.2151794433594
192.0335235595703 332.2151794433594
192.0335235595703 332.2151794433594
192.0335235595703 332.2151794433594
192.0335235595703 332.2151794433594
192.0335235595703 332.2151794433594
192.0335235595703 332.2151794433594
192.0335235595703 332.2151794433594
192.0335235595703 332.2151794433594
192.0335235595703 332.2151794433594
192.0335235595703 332.2151794433594
192.0335235595703 332.2151794433594
192.0335235595703 332.2151794433594
192.0335235595703 332.2151794433594
192.0335235595703 332.2151794433594
192.0335235595703 332.2151794433594
192.0335235595703 332.2151794433594
192.0335235595703 332.2151794433594
192.0335235595703 332.2151794433594
192.0335235595703 332.2151794433594
192.0335235595703 332.2151794433594
192.0335235595703 332.2151794433594
192.0335235595703 332.2151794433594
192.0335235595703 332.2151794433594
192.0335235595703 332.2151794433594
192.0335235595703 332.2151794433594
192.0335235595703 332.2151794433594
192.0335235595703 332.2151794433594
192.0335235595703 332.2151794433594
192.0335235595703 332.2151794433594
192.0335235595703 332.2151794433594
192.0335235595703 332.2151794433594
192.0335235595703 332.2151794433594
192.0335235595703 332.2151794433594
192.0335235595703 332.2151794433594
192.0335235595703 332.2151794433594
192.0335235595703 332.2151794433594
192.0335235595703 332.2151794433594
192.0335235595703 332.2151794433594
192.0335235595703 332.2151794433594
192.0335235595703 332.2151794433594
192.0335235595703 332.2151794433594
192.0335235595703 332.2151794433594
192.0335235595703 332.2151794433594
192.0335235595703 332.2151794433594
192.0335235595703 332.2151794433594
192.0335235595703 332.2151794433594
192.0335235595703 332.2151794433594
192.0335235595703 332.2151794433594
192.0335235595703 332.2151794433594
192.0335235595703 332.2151794433594
192.0335235595703 332.2151794433594
192.0335235595703 332.2151794433594
192.0335235595703 332.2151794433594
192.0335235595703 332.2151794433594
192.0335235595703 332.2151794433594
192.0335235595703 332.2151794433594
192.0335235595703 332.2151794433594
192.0335235595703 332.2151794433594
192.0335235595703 332.2151794433594
192.0335235595703 332.2151794433594
192.0335235595703 332.2151794433594
192.0335235595703 332.2151794433594
192.0335235595703 332.2151794433594
192.0335235595703 332.2151794433594
192.0335235595703 332.2151794433594
192.0335235595703 332.2151794433594
192.0335235595703 332.2151794433594
192.0335235595703 332.2151794433594
192.0335235595703 332.2151794433594
192.0335235595703 332.2151794433594
192.0335235595703 332.2151794433594
192.0335235595703 332.2151794433594
192.0335235595703 332.2151794433594
192.0335235595703 332.2151794433594
192.0335235595703 332.2151794433594
192.0335235595703 332.2151794433594
192.0335235595703 332.2151794433594
192.0335235595703 332.2151794433594
192.0335235595703 332.2151794433594
192.0335235595703 332.2151794433594
192.0335235595703 332.2151794433594
192.0335235595703 332.2151794433594
192.0335235595703 332.2151794433594
192.0335235595703 332.2151794433594
192.0335235595703 332.2151794433594
192.0335235595703 332.2151794433594
192.0335235595703 332.2151794433594
192.0335235595703 332.2151794433594
192.0335235595703 332.2151794433594
192.0335235595703 332.2151794433594
192.0335235595703 332.2151794433594
192.0335235595703 332.2151794433594
192.0335235595703 332.2151794433594
192.0335235595703 332.2151794433594
192.0335235595703 332.2151794433594
192.0335235595703 332.2151794433594
192.0335235595703 332.2151794433594
192.0335235595703 332.2151794433594
192.0335235595703 332.2151794433594
192.0335235595703 332.2151794433594
192.0335235595703 332.2151794433594
192.0335235595703 332.2151794433594
192.0335235595703 332.2151794433594
192.0335235595703 332.2151794433594
192.0335235595703 332.2151794433594
192.0335235595703 332.2151794433594
192.0335235595703 332.2151794433594
192.0335235595703 332.2151794433594
192.0335235595703 332.2151794433594
192.0335235595703 332.2151794433594
192.0335235595703 332.2151794433594
192.0335235595703 332.2151794433594
192.0335235595703 332.2151794433594
192.0335235595703 332.2151794433594
192.0335235595703 332.2151794433594
192.0335235595703 332.2151794433594
192.0335235595703 332.2151794433594
192.0335235595703 332.2151794433594
192.0335235595703 332.2151794433594
192.0335235595703 332.2151794433594
192.0335235595703 332.2151794433594
192.0335235595703 332.2151794433594
192.0335235595703 332.2151794433594
192.0335235595703 332.2151794433594
192.0335235595703 332.2151794433594
192.0335235595703 332.2151794433594
192.0335235595703 332.2151794433594
192.0335235595703 332.2151794433594
192.0335235595703 332.2151794433594
192.0335235595703 332.2151794433594
192.0335235595703 332.2151794433594
192.0335235595703 332.2151794433594
192.0335235595703 332.2151794433594
192.0335235595703 332.2151794433594
192.0335235595703 332.2151794433594
192.0335235595703 332.2151794433594
192.0335235595703 332.2151794433594
192.0335235595703 332.2151794433594
192.0335235595703 332.2151794433594
192.0335235595703 332.2151794433594
192.0335235595703 332.2151794433594
192.0335235595703 332.2151794433594
192.0335235595703 332.2151794433594
192.0335235595703 332.2151794433594
192.0335235595703 332.2151794433594
192.0335235595703 332.2151794433594
192.0335235595703 332.2151794433594
192.0335235595703 332.2151794433594
192.0335235595703 332.2151794433594
192.0335235595703 332.2151794433594
192.0335235595703 332.2151794433594
192.0335235595703 332.2151794433594
192.0335235595703 332.2151794433594
192.0335235595703 332.2151794433594
192.0335235595703 332.2151794433594
192.0335235595703 332.2151794433594
192.0335235595703 332.2151794433594
192.0335235595703 332.2151794433594
192.0335235595703 332.2151794433594
192.0335235595703 332.2151794433594
192.0335235595703 332.2151794433594
192.0335235595703 332.2151794433594
192.0335235595703 332.2151794433594
192.0335235595703 332.2151794433594
192.0335235595703 332.2151794433594
192.0335235595703 332.2151794433594
192.0335235595703 332.2151794433594
192.0335235595703 332.2151794433594
192.0335235595703 332.2151794433594
192.0335235595703 332.2151794433594
192.0335235595703 332.2151794433594
192.0335235595703 332.2151794433594
192.0335235595703 332.2151794433594
192.0335235595703 332.2151794433594
192.0335235595703 332.2151794433594
192.0335235595703 332.2151794433594
192.0335235595703 332.2151794433594
192.0335235595703 332.2151794433594
192.0335235595703 332.2151794433594
192.0335235595703 332.2151794433594
192.0335235595703 332.2151794433594
192.0335235595703 332.2151794433594
192.0335235595703 332.2151794433594
192.0335235595703 332.2151794433594
192.0335235595703 332.2151794433594
192.0335235595703 332.2151794433594
192.0335235595703 332.2151794433594
192.0335235595703 332.2151794433594
192.0335235595703 332.2151794433594
192.0335235595703 332.2151794433594
192.0335235595703 332.2151794433594
192.0335235595703 332.2151794433594
192.0335235595703 332.2151794433594
192.0335235595703 332.2151794433594
192.0335235595703 332.2151794433594
192.0335235595703 332.2151794433594
192.0335235595703 332.2151794433594
192.0335235595703 332.2151794433594
192.0335235595703 332.2151794433594
192.0335235595703 332.2151794433594
192.0335235595703 332.2151794433594
192.0335235595703 332.2151794433594
192.0335235595703 332.2151794433594
192.0335235595703 332.2151794433594
192.0335235595703 332.2151794433594
192.0335235595703 332.2151794433594
192.0335235595703 332.2151794433594
192.0335235595703 332.2151794433594
192.0335235595703 332.2151794433594
192.0335235595703 332.2151794433594
192.0335235595703 332.2151794433594
192.0335235595703 332.2151794433594
192.0335235595703 332.2151794433594
192.0335235595703 332.2151794433594
192.0335235595703 332.2151794433594
192.0335235595703 332.2151794433594
192.0335235595703 332.2151794433594
192.0335235595703 332.2151794433594
192.0335235595703 332.2151794433594
192.0335235595703 332.2151794433594
192.0335235595703 332.2151794433594
192.0335235595703 332.2151794433594
192.0335235595703 332.2151794433594
192.0335235595703 332.2151794433594
192.0335235595703 332.2151794433594
192.0335235595703 332.2151794433594
192.0335235595703 332.2151794433594
192.0335235595703 332.2151794433594
192.0335235595703 332.2151794433594
192.0335235595703 332.2151794433594
192.0335235595703 332.2151794433594
192.0335235595703 332.2151794433594
192.0335235595703 332.2151794433594
192.0335235595703 332.2151794433594
192.0335235595703 332.2151794433594
192.0335235595703 332.2151794433594
192.0335235595703 332.2151794433594
192.0335235595703 332.2151794433594
192.0335235595703 332.2151794433594
192.0335235595703 332.2151794433594
192.0335235595703 332.2151794433594
192.0335235595703 332.2151794433594
192.0335235595703 332.2151794433594
192.0335235595703 332.2151794433594
192.0335235595703 332.2151794433594
192.0335235595703 332.2151794433594
192.0335235595703 332.2151794433594
192.0335235595703 332.2151794433594
192.0335235595703 332.2151794433594
192.0335235595703 332.2151794433594
192.0335235595703 332.2151794433594
192.0335235595703 332.2151794433594
192.0335235595703 332.2151794433594
192.0335235595703 332.2151794433594
192.0335235595703 332.2151794433594
192.0335235595703 332.2151794433594
192.0335235595703 332.2151794433594
192.0335235595703 332.2151794433594
192.0335235595703 332.2151794433594
192.0335235595703 332.2151794433594
192.0335235595703 332.2151794433594
192.0335235595703 332.2151794433594
192.0335235595703 332.2151794433594
192.0335235595703 332.2151794433594
192.0335235595703 332.2151794433594
192.0335235595703 332.2151794433594
192.0335235595703 332.2151794433594
192.0335235595703 332.2151794433594
192.0335235595703 332.2151794433594
192.0335235595703 332.2151794433594
192.0335235595703 332.2151794433594
192.0335235595703 332.2151794433594
192.0335235595703 332.2151794433594
192.0335235595703 332.2151794433594
192.0335235595703 332.2151794433594
192.0335235595703 332.2151794433594
192.0335235595703 332.2151794433594
192.0335235595703 332.2151794433594
192.0335235595703 332.2151794433594
192.0335235595703 332.2151794433594
192.0335235595703 332.2151794433594
192.0335235595703 332.2151794433594
192.0335235595703 332.2151794433594
192.0335235595703 332.2151794433594
192.0335235595703 332.2151794433594
192.0335235595703 332.2151794433594
192.0335235595703 332.2151794433594
192.0335235595703 332.2151794433594
192.0335235595703 332.2151794433594
192.0335235595703 332.2151794433594
192.0335235595703 332.2151794433594
192.0335235595703 332.2151794433594
192.0335235595703 332.2151794433594
192.0335235595703 332.2151794433594
192.0335235595703 332.2151794433594
192.0335235595703 332.2151794433594
192.0335235595703 332.2151794433594
192.0335235595703 332.2151794433594
192.0335235595703 332.2151794433594
192.0335235595703 332.2151794433594
192.0335235595703 332.2151794433594
192.0335235595703 332.2151794433594
192.0335235595703 332.2151794433594
192.0335235595703 332.2151794433594
192.0335235595703 332.2151794433594
192.0335235595703 332.2151794433594
192.0335235595703 332.2151794433594
192.0335235595703 332.2151794433594
192.0335235595703 332.2151794433594
192.0335235595703 332.2151794433594
192.0335235595703 332.2151794433594
192.0335235595703 332.2151794433594
192.0335235595703 332.2151794433594
192.0335235595703 332.2151794433594
192.0335235595703 332.2151794433594
192.0335235595703 332.2151794433594
192.0335235595703 332.2151794433594
192.0335235595703 332.2151794433594
192.0335235595703 332.2151794433594
192.0335235595703 332.2151794433594
192.0335235595703 332.2151794433594
192.0335235595703 332.2151794433594
192.0335235595703 332.2151794433594
192.0335235595703 332.2151794433594
192.0335235595703 332.2151794433594
192.0335235595703 332.2151794433594
192.0335235595703 332.2151794433594
192.0335235595703 332.2151794433594
192.0335235595703 332.2151794433594
192.0335235595703 332.2151794433594
192.0335235595703 332.2151794433594
192.0335235595703 332.2151794433594
192.0335235595703 332.2151794433594
192.0335235595703 332.2151794433594
192.0335235595703 332.2151794433594
192.0335235595703 332.2151794433594
192.0335235595703 332.2151794433594
192.0335235595703 332.2151794433594
192.0335235595703 332.2151794433594
192.0335235595703 332.2151794433594
192.0335235595703 332.2151794433594
192.0335235595703 332.2151794433594
192.0335235595703 332.2151794433594
192.0335235595703 332.2151794433594
192.0335235595703 332.2151794433594
192.0335235595703 332.2151794433594
192.0335235595703 332.2151794433594
192.0335235595703 332.2151794433594
192.0335235595703 332.2151794433594
192.0335235595703 332.2151794433594
192.0335235595703 332.2151794433594
192.0335235595703 332.2151794433594
192.0335235595703 332.2151794433594
192.0335235595703 332.2151794433594
192.0335235595703 332.2151794433594
192.0335235595703 332.2151794433594
192.0335235595703 332.2151794433594
192.0335235595703 332.2151794433594
192.0335235595703 332.2151794433594
192.0335235595703 332.2151794433594
192.0335235595703 332.2151794433594
192.0335235595703 332.2151794433594
192.0335235595703 332.2151794433594
192.0335235595703 332.2151794433594
192.0335235595703 332.2151794433594
192.0335235595703 332.2151794433594
192.0335235595703 332.2151794433594
192.0335235595703 332.2151794433594
192.0335235595703 332.2151794433594
192.0335235595703 332.2151794433594
192.0335235595703 332.2151794433594
192.0335235595703 332.2151794433594
192.0335235595703 332.2151794433594
192.0335235595703 332.2151794433594
192.0335235595703 332.2151794433594
192.0335235595703 332.2151794433594
192.0335235595703 332.2151794433594
192.0335235595703 332.2151794433594
192.0335235595703 332.2151794433594
192.0335235595703 332.2151794433594
192.0335235595703 332.2151794433594
192.0335235595703 332.2151794433594
192.0335235595703 332.2151794433594
192.0335235595703 332.2151794433594
192.0335235595703 332.2151794433594
192.0335235595703 332.2151794433594
192.0335235595703 332.2151794433594
192.0335235595703 332.2151794433594
192.0335235595703 332.2151794433594
192.0335235595703 332.2151794433594
192.0335235595703 332.2151794433594
192.0335235595703 332.2151794433594
192.0335235595703 332.2151794433594
192.0335235595703 332.2151794433594
192.0335235595703 332.2151794433594
192.0335235595703 332.2151794433594
192.0335235595703 332.2151794433594
192.0335235595703 332.2151794433594
192.0335235595703 332.2151794433594
192.0335235595703 332.2151794433594
192.0335235595703 332.2151794433594
192.0335235595703 332.2151794433594
192.0335235595703 332.2151794433594
192.0335235595703 332.2151794433594
192.0335235595703 332.2151794433594
192.0335235595703 332.2151794433594
192.0335235595703 332.2151794433594
192.0335235595703 332.2151794433594
192.0335235595703 332.2151794433594
192.0335235595703 332.2151794433594
192.0335235595703 332.2151794433594
192.0335235595703 332.2151794433594
192.0335235595703 332.2151794433594
192.0335235595703 332.2151794433594
192.0335235595703 332.2151794433594
192.0335235595703 332.2151794433594
192.0335235595703 332.2151794433594
192.0335235595703 332.2151794433594
192.0335235595703 332.2151794433594
192.0335235595703 332.2151794433594
192.0335235595703 332.2151794433594
192.0335235595703 332.2151794433594
192.0335235595703 332.2151794433594
192.0335235595703 332.2151794433594
192.0335235595703 332.2151794433594
192.0335235595703 332.2151794433594
192.0335235595703 332.2151794433594
192.0335235595703 332.2151794433594
192.0335235595703 332.2151794433594
192.0335235595703 332.2151794433594
192.0335235595703 332.2151794433594
192.0335235595703 332.2151794433594
192.0335235595703 332.2151794433594
192.0335235595703 332.2151794433594
192.0335235595703 332.2151794433594
192.0335235595703 332.2151794433594
192.0335235595703 332.2151794433594
192.0335235595703 332.2151794433594
192.0335235595703 332.2151794433594
192.0335235595703 332.2151794433594
192.0335235595703 332.2151794433594
192.0335235595703 332.2151794433594
192.0335235595703 332.2151794433594
192.0335235595703 332.2151794433594
192.0335235595703 332.2151794433594
192.0335235595703 332.2151794433594
192.0335235595703 332.2151794433594
192.0335235595703 332.2151794433594
192.0335235595703 332.2151794433594
192.0335235595703 332.2151794433594
192.0335235595703 332.2151794433594
192.0335235595703 332.2151794433594
192.0335235595703 332.2151794433594
192.0335235595703 332.2151794433594
192.0335235595703 332.2151794433594
192.0335235595703 332.2151794433594
192.0335235595703 332.2151794433594
192.0335235595703 332.2151794433594
192.0335235595703 332.2151794433594
192.0335235595703 332.2151794433594
192.0335235595703 332.2151794433594
192.0335235595703 332.2151794433594
192.0335235595703 332.2151794433594
192.0335235595703 332.2151794433594
192.0335235595703 332.2151794433594
192.0335235595703 332.2151794433594
192.0335235595703 332.2151794433594
192.0335235595703 332.2151794433594
192.0335235595703 332.2151794433594
192.0335235595703 332.2151794433594
192.0335235595703 332.2151794433594
192.0335235595703 332.2151794433594
192.0335235595703 332.2151794433594
192.0335235595703 332.2151794433594
192.0335235595703 332.2151794433594
192.0335235595703 332.2151794433594
192.0335235595703 332.2151794433594
192.0335235595703 332.2151794433594
192.0335235595703 332.2151794433594
192.0335235595703 332.2151794433594
192.0335235595703 332.2151794433594
192.0335235595703 332.2151794433594
192.0335235595703 332.2151794433594
192.0335235595703 332.2151794433594
192.0335235595703 332.2151794433594
192.0335235595703 332.2151794433594
192.0335235595703 332.2151794433594
192.0335235595703 332.2151794433594
192.0335235595703 332.2151794433594
192.0335235595703 332.2151794433594
192.0335235595703 332.2151794433594
192.0335235595703 332.2151794433594
192.0335235595703 332.2151794433594
192.0335235595703 332.2151794433594
192.0335235595703 332.2151794433594
192.0335235595703 332.2151794433594
192.0335235595703 332.2151794433594
192.0335235595703 332.2151794433594
192.0335235595703 332.2151794433594
192.0335235595703 332.2151794433594
192.0335235595703 332.2151794433594
192.0335235595703 332.2151794433594
192.0335235595703 332.2151794433594
192.0335235595703 332.2151794433594
192.0335235595703 332.2151794433594
192.0335235595703 332.2151794433594
192.0335235595703 332.2151794433594
192.0335235595703 332.2151794433594
192.0335235595703 332.2151794433594
192.0335235595703 332.2151794433594
192.0335235595703 332.2151794433594
192.0335235595703 332.2151794433594
192.0335235595703 332.2151794433594
192.0335235595703 332.2151794433594
192.0335235595703 332.2151794433594
192.0335235595703 332.2151794433594
192.0335235595703 332.2151794433594
192.0335235595703 332.2151794433594
192.0335235595703 332.2151794433594
192.0335235595703 332.2151794433594
192.0335235595703 332.2151794433594
192.0335235595703 332.2151794433594
192.0335235595703 332.2151794433594
192.0335235595703 332.2151794433594
192.0335235595703 332.2151794433594
192.0335235595703 332.2151794433594
192.0335235595703 332.2151794433594
192.0335235595703 332.2151794433594
192.0335235595703 332.2151794433594
192.0335235595703 332.2151794433594
192.0335235595703 332.2151794433594
192.0335235595703 332.2151794433594
192.0335235595703 332.2151794433594
192.0335235595703 332.2151794433594
192.0335235595703 332.2151794433594
192.0335235595703 332.2151794433594
192.0335235595703 332.2151794433594
192.0335235595703 332.2151794433594
192.0335235595703 332.2151794433594
192.0335235595703 332.2151794433594
192.0335235595703 332.2151794433594
192.0335235595703 332.2151794433594
192.0335235595703 332.2151794433594
192.0335235595703 332.2151794433594
192.0335235595703 332.2151794433594
192.0335235595703 332.2151794433594
192.0335235595703 332.2151794433594
192.0335235595703 332.2151794433594
192.0335235595703 332.2151794433594
192.0335235595703 332.2151794433594
192.0335235595703 332.2151794433594
192.0335235595703 332.2151794433594
192.0335235595703 332.2151794433594
192.0335235595703 332.2151794433594
192.0335235595703 332.2151794433594
192.0335235595703 332.2151794433594
192.0335235595703 332.2151794433594
192.0335235595703 332.2151794433594
192.0335235595703 332.2151794433594
192.0335235595703 332.2151794433594
192.0335235595703 332.2151794433594
192.0335235595703 332.2151794433594
192.0335235595703 332.2151794433594
192.0335235595703 332.2151794433594
192.0335235595703 332.2151794433594
192.0335235595703 332.2151794433594
192.0335235595703 332.2151794433594
192.0335235595703 332.2151794433594
192.0335235595703 332.2151794433594
192.0335235595703 332.2151794433594
192.0335235595703 332.2151794433594
192.0335235595703 332.2151794433594
192.0335235595703 332.2151794433594
192.0335235595703 332.2151794433594
192.0335235595703 332.2151794433594
192.0335235595703 332.2151794433594
192.0335235595703 332.2151794433594
192.0335235595703 332.2151794433594
192.0335235595703 332.2151794433594
192.0335235595703 332.2151794433594
192.0335235595703 332.2151794433594
192.0335235595703 332.2151794433594
192.0335235595703 332.2151794433594
192.0335235595703 332.2151794433594
192.0335235595703 332.2151794433594
192.0335235595703 332.2151794433594
192.0335235595703 332.2151794433594
192.0335235595703 332.2151794433594
192.0335235595703 332.2151794433594
192.0335235595703 332.2151794433594
192.0335235595703 332.2151794433594
192.0335235595703 332.2151794433594
192.0335235595703 332.2151794433594
192.0335235595703 332.2151794433594
192.0335235595703 332.2151794433594
192.0335235595703 332.2151794433594
192.0335235595703 332.2151794433594
192.0335235595703 332.2151794433594
192.0335235595703 332.2151794433594
192.0335235595703 332.2151794433594
192.0335235595703 332.2151794433594
192.0335235595703 332.2151794433594
192.0335235595703 332.2151794433594
192.0335235595703 332.2151794433594
192.0335235595703 332.2151794433594
192.0335235595703 332.2151794433594
192.0335235595703 332.2151794433594
192.0335235595703 332.2151794433594
192.0335235595703 332.2151794433594
192.0335235595703 332.2151794433594
192.0335235595703 332.2151794433594
192.0335235595703 332.2151794433594
192.0335235595703 332.2151794433594
192.0335235595703 332.2151794433594
192.0335235595703 332.2151794433594
192.0335235595703 332.2151794433594
192.0335235595703 332.2151794433594
192.0335235595703 332.2151794433594
192.0335235595703 332.2151794433594
192.0335235595703 332.2151794433594
192.0335235595703 332.2151794433594
192.0335235595703 332.2151794433594
192.0335235595703 332.2151794433594
192.0335235595703 332.2151794433594
192.0335235595703 332.2151794433594
192.0335235595703 332.2151794433594
192.0335235595703 332.2151794433594
192.0335235595703 332.2151794433594
192.0335235595703 332.2151794433594
192.0335235595703 332.2151794433594
192.0335235595703 332.2151794433594
192.0335235595703 332.2151794433594
192.0335235595703 332.2151794433594
192.0335235595703 332.2151794433594
192.0335235595703 332.2151794433594
192.0335235595703 332.2151794433594
192.0335235595703 332.2151794433594
192.0335235595703 332.2151794433594
192.0335235595703 332.2151794433594
192.0335235595703 332.2151794433594
192.0335235595703 332.2151794433594
192.0335235595703 332.2151794433594
192.0335235595703 332.2151794433594
192.0335235595703 332.2151794433594
192.0335235595703 332.2151794433594
192.0335235595703 332.2151794433594
192.0335235595703 332.2151794433594
192.0335235595703 332.2151794433594
192.0335235595703 332.2151794433594
192.0335235595703 332.2151794433594
192.0335235595703 332.2151794433594
192.0335235595703 332.2151794433594
192.0335235595703 332.2151794433594
192.0335235595703 332.2151794433594
192.0335235595703 332.2151794433594
192.0335235595703 332.2151794433594
192.0335235595703 332.2151794433594
192.0335235595703 332.2151794433594
192.0335235595703 332.2151794433594
192.0335235595703 332.2151794433594
192.0335235595703 332.2151794433594
192.0335235595703 332.2151794433594
192.0335235595703 332.2151794433594
192.0335235595703 332.2151794433594
192.0335235595703 332.2151794433594
192.0335235595703 332.2151794433594
192.0335235595703 332.2151794433594
192.0335235595703 332.2151794433594
192.0335235595703 332.2151794433594
192.0335235595703 332.2151794433594
192.0335235595703 332.2151794433594
192.0335235595703 332.2151794433594
192.0335235595703 332.2151794433594
192.0335235595703 332.2151794433594
192.0335235595703 332.2151794433594
192.0335235595703 332.2151794433594
192.0335235595703 332.2151794433594
192.0335235595703 332.2151794433594
192.0335235595703 332.2151794433594
192.0335235595703 332.2151794433594
192.0335235595703 332.2151794433594
192.0335235595703 332.2151794433594
192.0335235595703 332.2151794433594
192.0335235595703 332.2151794433594
192.0335235595703 332.2151794433594
192.0335235595703 332.2151794433594
192.0335235595703 332.2151794433594
192.0335235595703 332.2151794433594
192.0335235595703 332.2151794433594
192.0335235595703 332.2151794433594
192.0335235595703 332.2151794433594
192.0335235595703 332.2151794433594
192.0335235595703 332.2151794433594
192.0335235595703 332.2151794433594
192.0335235595703 332.2151794433594
192.0335235595703 332.2151794433594
192.0335235595703 332.2151794433594
192.0335235595703 332.2151794433594
192.0335235595703 332.2151794433594
192.0335235595703 332.2151794433594
192.0335235595703 332.2151794433594
192.0335235595703 332.2151794433594
192.0335235595703 332.2151794433594
192.0335235595703 332.2151794433594
192.0335235595703 332.2151794433594
192.0335235595703 332.2151794433594
192.0335235595703 332.2151794433594
192.0335235595703 332.2151794433594
192.0335235595703 332.2151794433594
192.0335235595703 332.2151794433594
192.0335235595703 332.2151794433594
192.0335235595703 332.2151794433594
192.0335235595703 332.2151794433594
192.0335235595703 332.2151794433594
192.0335235595703 332.2151794433594
192.0335235595703 332.2151794433594
192.0335235595703 332.2151794433594
192.0335235595703 332.2151794433594
192.0335235595703 332.2151794433594
192.0335235595703 332.2151794433594
192.0335235595703 332.2151794433594
192.0335235595703 332.2151794433594
192.0335235595703 332.2151794433594
192.0335235595703 332.2151794433594
192.0335235595703 332.2151794433594
192.0335235595703 332.2151794433594
192.0335235595703 332.2151794433594
192.0335235595703 332.2151794433594
192.0335235595703 332.2151794433594
192.0335235595703 332.2151794433594
192.0335235595703 332.2151794433594
192.0335235595703 332.2151794433594
192.0335235595703 332.2151794433594
192.0335235595703 332.2151794433594
192.0335235595703 332.2151794433594
192.0335235595703 332.2151794433594
192.0335235595703 332.2151794433594
192.0335235595703 332.2151794433594
192.0335235595703 332.2151794433594
192.0335235595703 332.2151794433594
192.0335235595703 332.2151794433594
192.0335235595703 332.2151794433594
192.0335235595703 332.2151794433594
192.0335235595703 332.2151794433594
192.0335235595703 332.2151794433594
192.0335235595703 332.2151794433594
192.0335235595703 332.2151794433594
192.0335235595703 332.2151794433594
192.0335235595703 332.2151794433594
192.0335235595703 332.2151794433594
192.0335235595703 332.2151794433594
192.0335235595703 332.2151794433594
192.0335235595703 332.2151794433594
192.0335235595703 332.2151794433594
192.0335235595703 332.2151794433594
192.0335235595703 332.2151794433594
192.0335235595703 332.2151794433594
192.0335235595703 332.2151794433594
192.0335235595703 332.2151794433594
192.0335235595703 332.2151794433594
192.0335235595703 332.2151794433594
192.0335235595703 332.2151794433594
192.0335235595703 332.2151794433594
192.0335235595703 332.2151794433594
192.0335235595703 332.2151794433594
192.0335235595703 332.2151794433594
192.0335235595703 332.2151794433594
192.0335235595703 332.2151794433594
192.0335235595703 332.2151794433594
192.0335235595703 332.2151794433594
192.0335235595703 332.2151794433594
192.0335235595703 332.2151794433594
192.0335235595703 332.2151794433594
192.0335235595703 332.2151794433594
192.0335235595703 332.2151794433594
192.0335235595703 332.2151794433594
192.0335235595703 332.2151794433594
192.0335235595703 332.2151794433594
192.0335235595703 332.2151794433594
192.0335235595703 332.2151794433594
192.0335235595703 332.2151794433594
192.0335235595703 332.2151794433594
192.0335235595703 332.2151794433594
192.0335235595703 332.2151794433594
192.0335235595703 332.2151794433594
192.0335235595703 332.2151794433594
192.0335235595703 332.2151794433594
192.0335235595703 332.2151794433594
192.0335235595703 332.2151794433594
192.0335235595703 332.2151794433594
192.0335235595703 332.2151794433594
192.0335235595703 332.2151794433594
192.0335235595703 332.2151794433594
192.0335235595703 332.2151794433594
192.0335235595703 332.2151794433594
192.0335235595703 332.2151794433594
192.0335235595703 332.2151794433594
192.0335235595703 332.2151794433594
192.0335235595703 332.2151794433594
192.0335235595703 332.2151794433594
192.0335235595703 332.2151794433594
192.0335235595703 332.2151794433594
192.0335235595703 332.2151794433594
192.0335235595703 332.2151794433594
192.0335235595703 332.2151794433594
192.0335235595703 332.2151794433594
192.0335235595703 332.2151794433594
192.0335235595703 332.2151794433594
192.0335235595703 332.2151794433594
192.0335235595703 332.2151794433594
192.0335235595703 332.2151794433594
192.0335235595703 332.2151794433594
192.0335235595703 332.2151794433594
192.0335235595703 332.2151794433594
192.0335235595703 332.2151794433594
192.0335235595703 332.2151794433594
192.0335235595703 332.2151794433594
192.0335235595703 332.2151794433594
192.0335235595703 332.2151794433594
192.0335235595703 332.2151794433594
192.0335235595703 332.2151794433594
192.0335235595703 332.2151794433594
192.0335235595703 332.2151794433594
192.0335235595703 332.2151794433594
192.0335235595703 332.2151794433594
192.0335235595703 332.2151794433594
192.0335235595703 332.2151794433594
192.0335235595703 332.2151794433594
192.0335235595703 332.2151794433594
192.0335235595703 332.2151794433594
192.0335235595703 332.2151794433594
192.0335235595703 332.2151794433594
192.0335235595703 332.2151794433594
192.0335235595703 332.2151794433594
192.0335235595703 332.2151794433594
192.0335235595703 332.2151794433594
192.0335235595703 332.2151794433594
192.0335235595703 332.2151794433594
192.0335235595703 332.2151794433594
192.0335235595703 332.2151794433594
192.0335235595703 332.2151794433594
192.0335235595703 332.2151794433594
192.0335235595703 332.2151794433594
192.0335235595703 332.2151794433594
192.0335235595703 332.2151794433594
192.0335235595703 332.2151794433594
192.0335235595703 332.2151794433594
192.0335235595703 332.2151794433594
