60.70708465576172 450.70709228515625
60.70708465576172 450.70709228515625
60.70708465576172 450.70709228515625
60.70708465576172 450.70709228515625
60.70708465576172 450.70709228515625
60.70708465576172 450.70709228515625
60.70708465576172 450.70709228515625
60.70708465576172 450.70709228515625
60.70708465576172 450.70709228515625
60.70708465576172 450.70709228515625
60.70708465576172 450.70709228515625
60.70708465576172 450.70709228515625
60.70708465576172 450.70709228515625
60.30426788330078 451.6223449707031
59.90144729614258 452.53759765625
59.49862289428711 453.4528503417969
59.09579849243164 454.36810302734375
58.692970275878906 455.2833557128906
58.290138244628906 456.1986083984375
57.887306213378906 457.1138610839844
57.48447036743164 458.02911376953125
57.08163070678711 458.9443664550781
56.67878723144531 459.859619140625
56.275943756103516 460.77484130859375
55.87309646606445 461.6900634765625
55.470245361328125 462.60528564453125
55.0673942565918 463.5205078125
54.6645393371582 464.43572998046875
54.261680603027344 465.3509521484375
53.858821868896484 466.26617431640625
53.45595932006836 467.181396484375
53.05309295654297 468.09661865234375
52.65022659301758 469.0118408203125
52.24735641479492 469.92706298828125
51.844482421875 470.84228515625
51.44160842895508 471.75750732421875
51.03873062133789 472.6727294921875
50.63584899902344 473.58795166015625
50.23296356201172 474.503173828125
49.830078125 475.41839599609375
49.427188873291016 476.3336181640625
49.024295806884766 477.24884033203125
48.621402740478516 478.1640625
48.218505859375 479.07928466796875
47.81560516357422 479.9945068359375
47.41270446777344 480.90972900390625
47.00979995727539 481.824951171875
46.60689163208008 482.74017333984375
46.203983306884766 483.6553955078125
45.80107116699219 484.57061767578125
45.398155212402344 485.4858093261719
44.9952392578125 486.4010009765625
44.59231948852539 487.3161926269531
44.189395904541016 488.23138427734375
43.786468505859375 489.1465759277344
43.383541107177734 490.061767578125
42.98060989379883 490.9769592285156
42.577674865722656 491.89215087890625
42.17475891113281 492.8072814941406
42.17475128173828 492.8072814941406
42.17475128173828 492.8072814941406
42.17475128173828 492.8072814941406
42.17475128173828 492.8072814941406
42.17475128173828 492.8072814941406
42.17475128173828 492.8072814941406
42.17475128173828 492.8072814941406
42.17475128173828 492.8072814941406
42.17475128173828 492.8072814941406
42.17475128173828 492.8072814941406
42.17475128173828 492.8072814941406
42.17475128173828 492.8072814941406
42.17475128173828 492.8072814941406
42.17475128173828 492.8072814941406
42.17475128173828 492.8072814941406
42.17475128173828 492.8072814941406
42.17475128173828 492.8072814941406
42.17475128173828 492.8072814941406
42.17475128173828 492.8072814941406
42.17475128173828 492.8072814941406
42.17475128173828 492.8072814941406
42.17475128173828 492.8072814941406
42.17475128173828 492.8072814941406
42.51825714111328 493.57843017578125
42.849708557128906 494.3548278808594
43.16902542114258 495.13629150390625
43.47612762451172 495.9226379394531
43.77094268798828 496.71368408203125
44.05339813232422 497.50921630859375
44.32342529296875 498.3090515136719
44.58095932006836 499.1130065917969
44.82593536376953 499.9208679199219
45.05829620361328 500.7324523925781
45.277984619140625 501.54754638671875
45.48495101928711 502.365966796875
45.679141998291016 503.1875305175781
45.86050796508789 504.01202392578125
46.02900695800781 504.8392333984375
46.184600830078125 505.6689758300781
46.327247619628906 506.50103759765625
46.456912994384766 507.335205078125
46.573570251464844 508.1712951660156
46.67718505859375 509.00909423828125
46.76773452758789 509.8484191894531
46.84519958496094 510.6890563964844
46.9095573425293 511.5307922363281
46.96079635620117 512.3734130859375
46.9989013671875 513.2167358398438
47.023860931396484 514.060546875
47.03567123413086 514.9046630859375
47.034332275390625 515.7488403320312
47.01983642578125 516.5927734375
47.01983642578125 516.5927734375
47.01983642578125 516.5927734375
47.01983642578125 516.5927734375
47.01983642578125 516.5927734375
47.01983642578125 516.5927734375
47.01983642578125 516.5927734375
47.01983642578125 516.5927734375
47.01983642578125 516.5927734375
47.01983642578125 516.5927734375
47.01983642578125 516.5927734375
47.01983642578125 516.5927734375
47.01983642578125 516.5927734375
47.01983642578125 516.5927734375
47.01983642578125 516.5927734375
47.01983642578125 516.5927734375
47.01983642578125 516.5927734375
47.01983642578125 516.5927734375
47.01983642578125 516.5927734375
47.01983642578125 516.5927734375
47.01983642578125 516.5927734375
47.01983642578125 516.5927734375
47.01983642578125 516.5927734375
47.01983642578125 516.5927734375
47.01983642578125 516.5927734375
47.01983642578125 516.5927734375
47.01983642578125 516.5927734375
47.01983642578125 516.5927734375
47.01983642578125 516.5927734375
47.01983642578125 516.5927734375
47.01983642578125 516.5927734375
47.01983642578125 516.5927734375
47.01983642578125 516.5927734375
47.01983642578125 516.5927734375
47.01983642578125 516.5927734375
47.01983642578125 516.5927734375
46.645790100097656 517.5201416015625
46.2717399597168 518.447509765625
45.89768981933594 519.3748779296875
45.52363586425781 520.30224609375
45.14957809448242 521.2296142578125
44.77552032470703 522.156982421875
44.401458740234375 523.0843505859375
44.02739334106445 524.01171875
43.65332794189453 524.9390869140625
43.279258728027344 525.866455078125
42.90518569946289 526.7938232421875
42.53111267089844 527.72119140625
42.15703582763672 528.6485595703125
41.782955169677734 529.575927734375
41.409156799316406 530.50244140625
41.409156799316406 530.50244140625
40.94428253173828 531.3877563476562
40.47940444946289 532.2730712890625
40.014522552490234 533.1583862304688
39.54964065551758 534.043701171875
39.084754943847656 534.9290161132812
38.61986541748047 535.8143310546875
38.15497589111328 536.6996459960938
37.69008255004883 537.5849609375
37.22518539428711 538.4702758789062
36.76028823852539 539.3555908203125
36.295387268066406 540.2409057617188
35.830482482910156 541.126220703125
35.365577697753906 542.0115356445312
34.90066909790039 542.8968505859375
34.43575668334961 543.7821655273438
33.97084426879883 544.66748046875
33.50592803955078 545.5527954101562
33.04100799560547 546.4381103515625
32.576087951660156 547.3234252929688
32.11116409301758 548.208740234375
31.646236419677734 549.0940551757812
31.181320190429688 549.9793701171875
30.716384887695312 550.8646850585938
30.251447677612305 551.75
29.786508560180664 552.6353149414062
29.32156753540039 553.5206298828125
28.85662269592285 554.4059448242188
28.39167594909668 555.291259765625
27.926727294921875 556.1765747070312
27.461774826049805 557.0618896484375
26.9968204498291 557.9472045898438
26.531864166259766 558.83251953125
26.066904067993164 559.7178344726562
26.066904067993164 559.7178344726562
25.51588249206543 560.5523071289062
24.964859008789062 561.3867797851562
24.415054321289062 562.2191772460938
23.86409568786621 563.0530395507812
23.312820434570312 563.8873291015625
22.76154327392578 564.7216186523438
22.210262298583984 565.555908203125
22.210262298583984 565.555908203125
22.210262298583984 565.555908203125
22.210262298583984 565.555908203125
22.210262298583984 565.555908203125
22.210262298583984 565.555908203125
22.210262298583984 565.555908203125
22.210262298583984 565.555908203125
22.210262298583984 565.555908203125
22.210262298583984 565.555908203125
22.210262298583984 565.555908203125
22.210262298583984 565.555908203125
22.210262298583984 565.555908203125
22.220497131347656 565.5586547851562
22.220497131347656 565.5586547851562
22.220497131347656 565.5586547851562
22.220497131347656 565.5586547851562
22.220497131347656 565.5586547851562
22.220497131347656 565.5586547851562
22.220497131347656 565.5586547851562
22.220497131347656 565.5586547851562
22.220497131347656 565.5586547851562
22.220497131347656 565.5586547851562
22.220497131347656 565.5586547851562
22.220497131347656 565.5586547851562
22.220497131347656 565.5586547851562
22.263486862182617 566.4017333984375
22.293336868286133 567.2454223632812
22.310039520263672 568.0894775390625
22.31359100341797 568.9336547851562
22.303991317749023 569.7777709960938
22.281240463256836 570.6216430664062
22.245346069335938 571.465087890625
22.19631576538086 572.307861328125
22.13416290283203 573.1497802734375
22.058900833129883 573.9906005859375
21.970548629760742 574.8301391601562
21.86912727355957 575.668212890625
21.754661560058594 576.504638671875
21.627180099487305 577.3391723632812
21.486713409423828 578.1715698242188
21.333295822143555 579.001708984375
21.166963577270508 579.829345703125
21.166963577270508 579.829345703125
21.166963577270508 579.829345703125
21.166963577270508 579.829345703125
21.166963577270508 579.829345703125
21.166963577270508 579.829345703125
21.166963577270508 579.829345703125
21.166963577270508 579.829345703125
21.166963577270508 579.829345703125
21.166963577270508 579.829345703125
21.166963577270508 579.829345703125
21.166963577270508 579.829345703125
21.166963577270508 579.829345703125
21.166963577270508 579.829345703125
21.166963577270508 579.829345703125
21.166963577270508 579.829345703125
21.166963577270508 579.829345703125
21.166963577270508 579.829345703125
21.166963577270508 579.829345703125
21.166963577270508 579.829345703125
21.166963577270508 579.829345703125
21.166963577270508 579.829345703125
21.166963577270508 579.829345703125
21.166963577270508 579.829345703125
21.166963577270508 579.829345703125
21.166963577270508 579.829345703125
21.166963577270508 579.829345703125
22.025928497314453 579.3173828125
22.88489532470703 578.805419921875
23.743864059448242 578.29345703125
24.602834701538086 577.781494140625
25.46180534362793 577.26953125
26.320777893066406 576.757568359375
26.320777893066406 576.757568359375
26.32079315185547 576.757568359375
26.32080841064453 576.757568359375
26.320823669433594 576.757568359375
26.320838928222656 576.757568359375
26.32085418701172 576.757568359375
26.32086944580078 576.757568359375
26.32086944580078 576.757568359375
26.32086944580078 576.757568359375
26.32086944580078 576.757568359375
26.32086944580078 576.757568359375
26.32086944580078 576.757568359375
26.32086944580078 576.757568359375
26.32086944580078 576.757568359375
26.32086944580078 576.757568359375
26.32086944580078 576.757568359375
26.32086944580078 576.757568359375
26.32086944580078 576.757568359375
26.32086944580078 576.757568359375
26.32086944580078 576.757568359375
26.32086944580078 576.757568359375
26.32086944580078 576.757568359375
26.32086944580078 576.757568359375
26.32341194152832 576.7472534179688
26.323450088500977 576.7471313476562
26.32805824279785 576.7373657226562
26.32805824279785 576.7373657226562
26.32805824279785 576.7373657226562
26.32805824279785 576.7373657226562
26.32805824279785 576.7373657226562
26.32805824279785 576.7373657226562
26.32805824279785 576.7373657226562
26.32805824279785 576.7373657226562
26.32805824279785 576.7373657226562
26.32805824279785 576.7373657226562
27.159584045410156 576.5916748046875
27.159584045410156 576.5916748046875
28.00235366821289 576.5428466796875
28.845788955688477 576.5071411132812
29.689680099487305 576.484619140625
30.533809661865234 576.4752197265625
31.377994537353516 576.4789428710938
32.22201919555664 576.495849609375
32.22201919555664 576.495849609375
32.22201919555664 576.495849609375
32.22201919555664 576.495849609375
32.22201919555664 576.495849609375
32.22201919555664 576.495849609375
32.22201919555664 576.495849609375
32.22201919555664 576.495849609375
32.22201919555664 576.495849609375
32.22201919555664 576.495849609375
32.22201919555664 576.495849609375
32.22201919555664 576.495849609375
32.22201919555664 576.495849609375
32.22201919555664 576.495849609375
32.41874313354492 577.3167724609375
32.60265350341797 578.1406860351562
32.773704528808594 578.9673461914062
32.93185806274414 579.7965698242188
32.93185806274414 579.7965698242188
32.93185806274414 579.7965698242188
32.93185806274414 579.7965698242188
32.93185806274414 579.7965698242188
32.93185806274414 579.7965698242188
32.93185806274414 579.7965698242188
32.93185806274414 579.7965698242188
32.93185806274414 579.7965698242188
32.93185806274414 579.7965698242188
32.93185806274414 579.7965698242188
32.93185806274414 579.7965698242188
32.93185806274414 579.7965698242188
32.93185806274414 579.7965698242188
32.93185806274414 579.7965698242188
32.93185806274414 579.7965698242188
32.93185806274414 579.7965698242188
32.93185806274414 579.7965698242188
32.93185806274414 579.7965698242188
32.93185806274414 579.7965698242188
32.93185806274414 579.7965698242188
32.93185806274414 579.7965698242188
32.93185806274414 579.7965698242188
32.93185806274414 579.7965698242188
32.93185806274414 579.7965698242188
32.93185806274414 579.7965698242188
32.93185806274414 579.7965698242188
32.93185806274414 579.7965698242188
32.93185806274414 579.7965698242188
32.93185806274414 579.7965698242188
32.93185806274414 579.7965698242188
32.93185806274414 579.7965698242188
32.93185806274414 579.7965698242188
32.93185806274414 579.7965698242188
32.93185806274414 579.7965698242188
32.93185806274414 579.7965698242188
32.93185806274414 579.7965698242188
32.93185806274414 579.7965698242188
32.93185806274414 579.7965698242188
32.93185806274414 579.7965698242188
32.93185806274414 579.7965698242188
33.79091262817383 579.2847290039062
34.649967193603516 578.7728881835938
35.50902557373047 578.2610473632812
36.36808395385742 577.7492065429688
37.227142333984375 577.2373657226562
38.086204528808594 576.7255249023438
38.086204528808594 576.7255249023438
38.086219787597656 576.7255249023438
38.08623504638672 576.7255249023438
38.08625030517578 576.7255249023438
38.086265563964844 576.7255249023438
38.086280822753906 576.7255249023438
38.08629608154297 576.7255249023438
38.08629608154297 576.7255249023438
38.08629608154297 576.7255249023438
38.08629608154297 576.7255249023438
38.08629608154297 576.7255249023438
38.08629608154297 576.7255249023438
38.08629608154297 576.7255249023438
38.08629608154297 576.7255249023438
38.08629608154297 576.7255249023438
38.08629608154297 576.7255249023438
38.08629608154297 576.7255249023438
38.08629608154297 576.7255249023438
38.08629608154297 576.7255249023438
38.08629608154297 576.7255249023438
38.08629608154297 576.7255249023438
38.08629608154297 576.7255249023438
38.08629608154297 576.7255249023438
38.08892059326172 576.71484375
38.08892059326172 576.71484375
38.08892059326172 576.71484375
38.08892059326172 576.71484375
38.08892059326172 576.71484375
38.08892059326172 576.71484375
38.08892059326172 576.71484375
38.08892059326172 576.71484375
38.43623352050781 576.501708984375
39.17176818847656 576.08740234375
39.913665771484375 575.6846313476562
40.66175079345703 575.29345703125
41.41584014892578 574.9139404296875
42.175750732421875 574.5462646484375
42.9412956237793 574.1904296875
43.7122917175293 573.8465576171875
44.48855209350586 573.5147705078125
45.2698860168457 573.1951293945312
46.05610656738281 572.8876953125
46.84701919555664 572.592529296875
47.642433166503906 572.3097534179688
48.44215774536133 572.0393676757812
49.24599838256836 571.781494140625
50.05375671386719 571.5361328125
50.86524200439453 571.3034057617188
51.68025207519531 571.0833740234375
52.498592376708984 570.8760375976562
53.320064544677734 570.6815185546875
54.144466400146484 570.4998168945312
54.97159957885742 570.3309326171875
55.80126190185547 570.1749877929688
56.63325500488281 570.031982421875
57.46737289428711 569.9019775390625
58.30341339111328 569.7849731445312
59.141178131103516 569.6809692382812
59.141178131103516 569.6809692382812
59.141178131103516 569.6809692382812
59.141178131103516 569.6809692382812
59.141178131103516 569.6809692382812
59.141178131103516 569.6809692382812
59.141178131103516 569.6809692382812
59.141178131103516 569.6809692382812
59.141178131103516 569.6809692382812
59.141178131103516 569.6809692382812
59.73410415649414 570.2818603515625
60.317596435546875 570.8919677734375
60.89151382446289 571.5110473632812
61.45571517944336 572.1390380859375
62.010066986083984 572.7756958007812
62.5544319152832 573.4209594726562
63.088680267333984 574.0745849609375
63.61267852783203 574.7364501953125
64.12630462646484 575.4064331054688
64.62942504882812 576.0842895507812
64.62942504882812 576.0842895507812
64.62942504882812 576.0842895507812
64.62942504882812 576.0842895507812
64.62942504882812 576.0842895507812
64.62942504882812 576.0842895507812
64.62942504882812 576.0842895507812
64.62942504882812 576.0842895507812
64.62942504882812 576.0842895507812
64.62942504882812 576.0842895507812
64.62942504882812 576.0842895507812
64.62942504882812 576.0842895507812
64.62942504882812 576.0842895507812
64.62942504882812 576.0842895507812
64.62942504882812 576.0842895507812
64.62942504882812 576.0842895507812
64.62942504882812 576.0842895507812
64.62942504882812 576.0842895507812
65.50626373291016 575.6035766601562
66.38310241699219 575.1228637695312
67.25994873046875 574.6421508789062
68.13679504394531 574.1614379882812
69.01364135742188 573.6807250976562
69.89048767089844 573.2000122070312
69.89048767089844 573.2000122070312
70.81094360351562 572.8092651367188
71.73140716552734 572.4185180664062
72.65187072753906 572.0277709960938
73.57233428955078 571.6370239257812
74.4927978515625 571.2462768554688
75.41326141357422 570.8555297851562
76.33372497558594 570.4647827148438
77.25418853759766 570.0740356445312
78.1746597290039 569.6832885742188
79.09513092041016 569.2925415039062
80.0156021118164 568.9017944335938
80.93607330322266 568.5110473632812
81.8565444946289 568.1203002929688
82.77701568603516 567.7295532226562
82.77701568603516 567.7295532226562
83.73190307617188 567.4326782226562
84.6867904663086 567.1358032226562
85.64167785644531 566.8389282226562
86.59656524658203 566.5420532226562
87.55145263671875 566.2451782226562
88.50634002685547 565.9483032226562
89.46122741699219 565.6514282226562
90.4161148071289 565.3545532226562
91.37100219726562 565.0576782226562
92.32589721679688 564.7608032226562
93.28079223632812 564.4639282226562
94.23568725585938 564.1670532226562
95.19058227539062 563.8701782226562
96.14547729492188 563.5733032226562
96.14547729492188 563.5733032226562
97.12523651123047 563.373291015625
98.10499572753906 563.1732788085938
99.08475494384766 562.9732666015625
100.06451416015625 562.7732543945312
101.04427337646484 562.5732421875
102.02404022216797 562.3732299804688
103.0038070678711 562.1732177734375
103.98357391357422 561.9732055664062
104.96334075927734 561.773193359375
105.94310760498047 561.5731811523438
106.9228744506836 561.3731689453125
107.90264129638672 561.1731567382812
108.88240814208984 560.97314453125
109.86217498779297 560.7731323242188
110.8419418334961 560.5731201171875
111.82170867919922 560.3731079101562
112.80147552490234 560.173095703125
113.78124237060547 559.9730834960938
114.76101684570312 559.7731323242188
115.74079132080078 559.5731811523438
116.72056579589844 559.3732299804688
117.7003402709961 559.1732788085938
118.68011474609375 558.9733276367188
119.6598892211914 558.7733764648438
120.63966369628906 558.5734252929688
121.61943817138672 558.3734741210938
122.59921264648438 558.1735229492188
122.59921264648438 558.1735229492188
123.59405517578125 558.0723876953125
124.58889770507812 557.9712524414062
125.583740234375 557.8701171875
126.57858276367188 557.7689819335938
127.57342529296875 557.6678466796875
128.56826782226562 557.5667114257812
129.5631103515625 557.465576171875
130.55795288085938 557.3644409179688
131.55279541015625 557.2633056640625
132.54763793945312 557.1621704101562
133.54248046875 557.06103515625
134.53732299804688 556.9598999023438
135.53216552734375 556.8587646484375
136.52700805664062 556.7576904296875
137.5218505859375 556.6566162109375
138.51669311523438 556.5555419921875
139.51153564453125 556.4544677734375
140.50637817382812 556.3533935546875
141.501220703125 556.2523193359375
142.49606323242188 556.1512451171875
143.49090576171875 556.0501708984375
144.48574829101562 555.9490966796875
145.4805908203125 555.8480224609375
146.47543334960938 555.7469482421875
147.47027587890625 555.6458740234375
148.4651336669922 555.5447998046875
149.45999145507812 555.4437255859375
150.45484924316406 555.3426513671875
151.44970703125 555.2415771484375
152.44456481933594 555.1405029296875
152.44456481933594 555.1405029296875
153.4445343017578 555.1392822265625
154.4445037841797 555.1380615234375
155.44447326660156 555.1368408203125
155.44447326660156 555.1368408203125
155.44447326660156 555.1368408203125
155.44447326660156 555.1368408203125
155.44447326660156 555.1368408203125
155.44447326660156 555.1368408203125
155.44447326660156 555.1368408203125
155.44447326660156 555.1368408203125
155.44447326660156 555.1368408203125
155.44447326660156 555.1368408203125
155.44447326660156 555.1368408203125
155.44447326660156 555.1368408203125
155.44447326660156 555.1368408203125
155.44447326660156 555.1368408203125
155.44447326660156 555.1368408203125
155.44447326660156 555.1368408203125
155.44447326660156 555.1368408203125
155.44447326660156 555.1368408203125
155.44447326660156 555.1368408203125
155.44447326660156 555.1368408203125
155.44447326660156 555.1368408203125
155.44447326660156 555.1368408203125
155.44447326660156 555.1368408203125
155.44447326660156 555.1368408203125
155.44447326660156 555.1368408203125
155.44447326660156 555.1368408203125
155.44447326660156 555.1368408203125
155.44447326660156 555.1368408203125
156.1218719482422 554.8261108398438
156.89625549316406 554.4899291992188
157.67578125 554.1658935546875
158.4602508544922 553.85400390625
159.24948120117188 553.5543823242188
160.0432891845703 553.26708984375
160.8414764404297 552.9921875
161.6438446044922 552.7297973632812
162.45021057128906 552.4799194335938
163.2603759765625 552.2426147460938
164.07412719726562 552.0180053710938
164.8912811279297 551.8060913085938
165.71163940429688 551.60693359375
166.53500366210938 551.4205932617188
167.36117553710938 551.2470703125
168.18994140625 551.08642578125
169.0211181640625 550.938720703125
169.8544921875 550.8040161132812
170.6898651123047 550.6823120117188
171.52703857421875 550.5736083984375
172.3657989501953 550.4779663085938
173.20594787597656 550.3953857421875
174.04727172851562 550.325927734375
174.88958740234375 550.2695922851562
175.73268127441406 550.2263793945312
176.5763397216797 550.1962890625
177.4203643798828 550.1793823242188
178.26455688476562 550.1755981445312
179.10870361328125 550.1849365234375
179.9525909423828 550.2074584960938
179.9525909423828 550.2074584960938
179.9525909423828 550.2074584960938
179.9525909423828 550.2074584960938
179.9525909423828 550.2074584960938
179.9525909423828 550.2074584960938
179.9525909423828 550.2074584960938
179.9525909423828 550.2074584960938
179.9525909423828 550.2074584960938
179.9525909423828 550.2074584960938
179.9525909423828 550.2074584960938
179.9525909423828 550.2074584960938
179.9525909423828 550.2074584960938
179.9525909423828 550.2074584960938
179.9525909423828 550.2074584960938
179.9525909423828 550.2074584960938
179.9525909423828 550.2074584960938
179.9525909423828 550.2074584960938
179.9525909423828 550.2074584960938
179.9525909423828 550.2074584960938
179.9525909423828 550.2074584960938
179.9525909423828 550.2074584960938
179.9525909423828 550.2074584960938
179.9525909423828 550.2074584960938
179.9525909423828 550.2074584960938
179.9525909423828 550.2074584960938
179.9525909423828 550.2074584960938
180.8267059326172 549.7218017578125
181.70082092285156 549.2361450195312
182.57493591308594 548.75048828125
183.44906616210938 548.2648315429688
184.3231964111328 547.7791748046875
185.19732666015625 547.2935180664062
186.0714569091797 546.807861328125
186.94558715820312 546.3222045898438
187.81971740722656 545.8365478515625
188.69384765625 545.3508911132812
189.56797790527344 544.865234375
190.44210815429688 544.379638671875
191.3162384033203 543.89404296875
192.19036865234375 543.408447265625
193.06451416015625 542.9228515625
193.93865966796875 542.437255859375
194.81280517578125 541.95166015625
195.68695068359375 541.466064453125
196.56109619140625 540.98046875
197.43524169921875 540.494873046875
198.30938720703125 540.00927734375
199.18353271484375 539.523681640625
200.05767822265625 539.0380859375
200.93182373046875 538.552490234375
201.80596923828125 538.06689453125
202.6801300048828 537.581298828125
203.55429077148438 537.095703125
204.42845153808594 536.610107421875
205.3026123046875 536.12451171875
206.17677307128906 535.638916015625
207.05093383789062 535.1533203125
207.9250946044922 534.667724609375
208.79925537109375 534.18212890625
209.6734161376953 533.696533203125
210.54757690429688 533.2109375
211.4084930419922 532.7335815429688
211.40850830078125 532.7335815429688
212.327392578125 532.3391723632812
212.327392578125 532.3391723632812
212.327392578125 532.3391723632812
212.327392578125 532.3391723632812
212.327392578125 532.3391723632812
212.327392578125 532.3391723632812
212.327392578125 532.3391723632812
212.327392578125 532.3391723632812
212.327392578125 532.3391723632812
212.327392578125 532.3391723632812
212.327392578125 532.3391723632812
212.327392578125 532.3391723632812
212.327392578125 532.3391723632812
212.327392578125 532.3391723632812
212.327392578125 532.3391723632812
212.32704162597656 532.3385620117188
212.32249450683594 532.3285522460938
212.31971740722656 532.3203735351562
212.31971740722656 532.3203735351562
212.31971740722656 532.3203735351562
212.31971740722656 532.3203735351562
212.31971740722656 532.3203735351562
212.31971740722656 532.3203735351562
212.31971740722656 532.3203735351562
212.31971740722656 532.3203735351562
212.31971740722656 532.3203735351562
212.31971740722656 532.3203735351562
212.31971740722656 532.3203735351562
212.8823699951172 531.6910400390625
213.4547576904297 531.0704956054688
214.0367431640625 530.458984375
214.62818908691406 529.8566284179688
215.22894287109375 529.2635498046875
215.8388671875 528.6798706054688
215.84193420410156 528.67724609375
215.84193420410156 528.67724609375
215.84193420410156 528.67724609375
215.84193420410156 528.67724609375
215.84193420410156 528.67724609375
215.84193420410156 528.67724609375
215.84193420410156 528.67724609375
215.84193420410156 528.67724609375
215.84193420410156 528.67724609375
215.84193420410156 528.67724609375
215.84193420410156 528.67724609375
215.84193420410156 528.67724609375
215.84193420410156 528.67724609375
215.84193420410156 528.67724609375
215.84193420410156 528.67724609375
215.84193420410156 528.67724609375
215.84193420410156 528.67724609375
215.84193420410156 528.67724609375
215.84193420410156 528.67724609375
215.84193420410156 528.67724609375
215.84193420410156 528.67724609375
215.84193420410156 528.67724609375
215.84193420410156 528.67724609375
215.84193420410156 528.67724609375
215.84193420410156 528.67724609375
215.84193420410156 528.67724609375
215.84193420410156 528.67724609375
215.84193420410156 528.67724609375
215.84193420410156 528.67724609375
215.84193420410156 528.67724609375
216.46539306640625 527.8954467773438
217.08885192871094 527.1136474609375
217.7123260498047 526.3318481445312
218.33580017089844 525.550048828125
218.9592742919922 524.7682495117188
219.58274841308594 523.9864501953125
220.2062225341797 523.2046508789062
220.82969665527344 522.4228515625
221.4531707763672 521.6410522460938
222.07666015625 520.8592529296875
222.7001495361328 520.0774536132812
223.32363891601562 519.295654296875
223.94712829589844 518.5138549804688
224.57061767578125 517.7320556640625
225.19410705566406 516.9502563476562
225.81761169433594 516.16845703125
226.4411163330078 515.3866577148438
227.0646209716797 514.6048583984375
227.68812561035156 513.8230590820312
228.31163024902344 513.041259765625
228.9351348876953 512.2594604492188
229.5586395263672 511.4776916503906
230.18215942382812 510.6959228515625
230.80567932128906 509.9141540527344
231.42919921875 509.13238525390625
232.05271911621094 508.3506164550781
232.67623901367188 507.56884765625
233.2997589111328 506.7870788574219
233.92327880859375 506.00531005859375
234.54681396484375 505.2235412597656
235.17034912109375 504.4417724609375
235.79388427734375 503.6600036621094
236.41741943359375 502.87823486328125
237.04095458984375 502.0964660644531
237.66448974609375 501.314697265625
238.28802490234375 500.532958984375
238.9115753173828 499.751220703125
239.53512573242188 498.969482421875
240.15867614746094 498.187744140625
240.7822265625 497.406005859375
241.40577697753906 496.624267578125
242.02932739257812 495.842529296875
242.6528778076172 495.060791015625
243.2764434814453 494.279052734375
243.90000915527344 493.497314453125
243.90000915527344 493.497314453125
244.59849548339844 492.78173828125
245.2969970703125 492.066162109375
245.99549865722656 491.3505859375
246.69400024414062 490.635009765625
247.3925018310547 489.91943359375
248.09100341796875 489.203857421875
248.7895050048828 488.48828125
249.48800659179688 487.772705078125
250.18650817871094 487.05712890625
250.88502502441406 486.3415832519531
251.5835418701172 485.62603759765625
252.2820587158203 484.9104919433594
252.98057556152344 484.1949462890625
253.67909240722656 483.4794006347656
254.3776092529297 482.76385498046875
255.0761260986328 482.0483093261719
255.774658203125 481.332763671875
256.4731750488281 480.6172180175781
257.17169189453125 479.90167236328125
257.8702087402344 479.1861267089844
258.5687561035156 478.4705810546875
259.2673034667969 477.7550354003906
259.9658508300781 477.03948974609375
260.6643981933594 476.3239440917969
261.3629455566406 475.6084289550781
262.0614929199219 474.8929138183594
262.7600402832031 474.1773986816406
263.4585876464844 473.4618835449219
264.1571350097656 472.7463684082031
264.8556823730469 472.0308532714844
265.5542297363281 471.3153381347656
266.2527770996094 470.5998229980469
266.9513244628906 469.8843078613281
267.6498718261719 469.1687927246094
267.6498718261719 469.1687927246094
268.4163818359375 468.526611328125
269.1828918457031 467.8844299316406
269.94940185546875 467.24224853515625
270.7159118652344 466.6000671386719
271.482421875 465.9578857421875
272.2489318847656 465.3157043457031
273.01544189453125 464.67352294921875
273.7819519042969 464.0313415527344
274.5484619140625 463.38916015625
274.5484619140625 463.38916015625
275.3752746582031 462.82672119140625
276.20208740234375 462.2642822265625
277.0289001464844 461.70184326171875
277.855712890625 461.139404296875
278.6825256347656 460.57696533203125
279.50933837890625 460.0145263671875
279.50933837890625 460.0145263671875
280.3881530761719 459.5374450683594
281.2669982910156 459.06036376953125
282.1458435058594 458.5832824707031
283.0246887207031 458.106201171875
283.9035339355469 457.629150390625
284.7823791503906 457.152099609375
284.7823791503906 457.152099609375
285.7044677734375 456.7651672363281
286.6265563964844 456.37823486328125
287.54864501953125 455.9913024902344
288.4707336425781 455.6043701171875
288.4707336425781 455.6043701171875
289.42681884765625 455.3114318847656
290.3829345703125 455.01849365234375
291.33905029296875 454.7255554199219
292.295166015625 454.4326171875
293.25128173828125 454.1396789550781
293.25128173828125 454.1396789550781
294.2318420410156 453.94366455078125
295.21240234375 453.7476501464844
296.1929626464844 453.5516357421875
297.17352294921875 453.3556213378906
298.1540832519531 453.15960693359375
299.1346435546875 452.963623046875
299.1346435546875 452.963623046875
299.1346740722656 452.963623046875
299.13470458984375 452.963623046875
299.1347351074219 452.963623046875
299.134765625 452.963623046875
299.134765625 452.963623046875
299.134765625 452.963623046875
299.134765625 452.963623046875
299.134765625 452.963623046875
299.134765625 452.963623046875
299.134765625 452.963623046875
299.134765625 452.963623046875
299.134765625 452.963623046875
299.134765625 452.963623046875
299.134765625 452.963623046875
299.134765625 452.963623046875
299.134765625 452.963623046875
299.134765625 452.963623046875
299.134765625 452.963623046875
299.134765625 452.963623046875
299.134765625 452.963623046875
299.134765625 452.963623046875
299.134765625 452.963623046875
299.5685729980469 452.2394104003906
300.01361083984375 451.5220642089844
300.46978759765625 450.8117370605469
300.93695068359375 450.10858154296875
301.4150390625 449.4128112792969
301.9039001464844 448.7245788574219
302.4034118652344 448.0440368652344
302.9134826660156 447.3713684082031
303.4339599609375 446.70672607421875
303.9647216796875 446.0502624511719
304.5056457519531 445.4021301269531
305.0566101074219 444.76251220703125
305.6174621582031 444.1315612792969
306.1880798339844 443.5094299316406
306.7683410644531 442.8962707519531
307.3580627441406 442.2922058105469
307.9571228027344 441.6974182128906
308.56536865234375 441.1120300292969
309.18267822265625 440.53619384765625
309.8088684082031 439.97003173828125
310.4438171386719 439.4136962890625
311.08734130859375 438.8673095703125
311.73931884765625 438.3310241699219
312.3995666503906 437.8049621582031
313.06793212890625 437.28924560546875
313.7442626953125 436.7840270996094
314.4283752441406 436.2893981933594
315.1201171875 435.80548095703125
315.8193054199219 435.3323974609375
316.5257873535156 434.8702697753906
317.2393798828125 434.419189453125
317.95989990234375 433.9792785644531
318.68719482421875 433.5506591796875
319.42108154296875 433.1334228515625
320.161376953125 432.7276611328125
320.90789794921875 432.33349609375
321.66046142578125 431.95098876953125
322.41888427734375 431.58026123046875
323.1830139160156 431.2214050292969
323.95263671875 430.8744812011719
324.7275695800781 430.53961181640625
325.50762939453125 430.2168273925781
326.2926025390625 429.90625
327.08233642578125 429.6079406738281
327.08233642578125 429.6079406738281
327.08233642578125 429.6079406738281
327.08233642578125 429.6079406738281
327.08233642578125 429.6079406738281
327.08233642578125 429.6079406738281
327.08233642578125 429.6079406738281
326.11260986328125 429.36383056640625
325.14288330078125 429.11968994140625
325.14288330078125 429.11968994140625
324.202392578125 428.77996826171875
323.26190185546875 428.44024658203125
322.3214111328125 428.10052490234375
321.38092041015625 427.76080322265625
320.4404296875 427.42108154296875
319.49993896484375 427.08135986328125
318.5594482421875 426.74163818359375
317.61895751953125 426.4018859863281
316.678466796875 426.0621337890625
315.73797607421875 425.7223815917969
314.7974853515625 425.38262939453125
313.85699462890625 425.0428771972656
312.91650390625 424.703125
311.97601318359375 424.3633728027344
311.0355224609375 424.02362060546875
310.09503173828125 423.6838684082031
309.154541015625 423.3441162109375
308.21405029296875 423.0043640136719
307.2735595703125 422.66461181640625
306.33306884765625 422.3248291015625
305.392578125 421.98504638671875
304.45208740234375 421.645263671875
303.5116271972656 421.30548095703125
302.5711669921875 420.9656982421875
301.6307067871094 420.62591552734375
300.69024658203125 420.2861328125
299.7497863769531 419.94635009765625
298.809326171875 419.6065673828125
297.8688659667969 419.26678466796875
296.92840576171875 418.927001953125
295.9879455566406 418.5871887207031
295.0474853515625 418.24737548828125
295.0474853515625 418.24737548828125
294.1456298828125 417.81536865234375
293.2437744140625 417.38336181640625
292.3419189453125 416.95135498046875
291.4400939941406 416.51934814453125
290.53826904296875 416.08734130859375
289.6364440917969 415.65533447265625
288.734619140625 415.22332763671875
287.8327941894531 414.79132080078125
286.93096923828125 414.35931396484375
286.0291442871094 413.92730712890625
285.1273193359375 413.4952697753906
284.2254943847656 413.063232421875
283.32366943359375 412.6311950683594
282.4218444824219 412.19915771484375
281.52001953125 411.7671203613281
280.6181945800781 411.3350830078125
279.71636962890625 410.9030456542969
278.8145446777344 410.47100830078125
277.9127197265625 410.0389709472656
277.0108947753906 409.60693359375
276.10906982421875 409.1748962402344
275.2072448730469 408.74285888671875
274.305419921875 408.310791015625
273.4035949707031 407.87872314453125
272.50177001953125 407.4466552734375
271.5999450683594 407.01458740234375
270.6981201171875 406.58251953125
269.7962951660156 406.15045166015625
268.8945007324219 405.7183837890625
267.9927062988281 405.28631591796875
267.0909118652344 404.854248046875
266.1891174316406 404.42218017578125
265.2873229980469 403.9901123046875
265.2873229980469 403.9901123046875
264.43316650390625 403.47015380859375
263.5790100097656 402.9501953125
262.724853515625 402.43023681640625
261.8706970214844 401.9102783203125
261.01654052734375 401.39031982421875
260.1623840332031 400.870361328125
259.3082275390625 400.35040283203125
258.4540710449219 399.8304443359375
257.59991455078125 399.31048583984375
256.7457580566406 398.7904968261719
255.89161682128906 398.2705078125
255.0374755859375 397.7505187988281
254.18333435058594 397.23052978515625
253.32919311523438 396.7105407714844
252.4750518798828 396.1905517578125
251.62091064453125 395.6705627441406
250.7667694091797 395.15057373046875
249.91262817382812 394.6305847167969
249.91262817382812 394.6305847167969
249.1146697998047 394.0279235839844
248.31671142578125 393.4252624511719
247.5187530517578 392.8226013183594
246.72080993652344 392.2199401855469
245.92286682128906 391.61724853515625
245.1249237060547 391.0145568847656
244.3269805908203 390.411865234375
243.52903747558594 389.8091735839844
242.73109436035156 389.20648193359375
241.9331512451172 388.6037902832031
241.1352081298828 388.0010986328125
240.33726501464844 387.3984069824219
239.53933715820312 386.79571533203125
238.7414093017578 386.1930236816406
237.9434814453125 385.59033203125
237.94320678710938 385.590087890625
237.20941162109375 384.9107666015625
236.47561645507812 384.2314453125
235.7418212890625 383.5521240234375
235.00802612304688 382.872802734375
234.27423095703125 382.1934814453125
233.54043579101562 381.51416015625
232.80665588378906 380.8348083496094
232.0728759765625 380.15545654296875
231.33909606933594 379.4761047363281
230.60531616210938 378.7967529296875
229.8715362548828 378.1174011230469
229.13775634765625 377.43804931640625
228.4039764404297 376.7586975097656
227.67019653320312 376.079345703125
226.93643188476562 375.3999938964844
226.20266723632812 374.72064208984375
225.46890258789062 374.0412902832031
224.73513793945312 373.3619384765625
224.00137329101562 372.6825866699219
223.26760864257812 372.00323486328125
222.53384399414062 371.3238525390625
221.80007934570312 370.64447021484375
221.0663299560547 369.965087890625
221.0663299560547 369.965087890625
220.40406799316406 369.2158508300781
219.74180603027344 368.46661376953125
219.0795440673828 367.7173767089844
218.4172821044922 366.9681396484375
217.75502014160156 366.2189025878906
217.0927734375 365.46966552734375
216.43052673339844 364.7204284667969
215.76828002929688 363.97119140625
215.1060333251953 363.2219543457031
214.44378662109375 362.47271728515625
213.7815399169922 361.7234802246094
213.11929321289062 360.9742126464844
212.45706176757812 360.2249450683594
211.79483032226562 359.4756774902344
211.13259887695312 358.7264099121094
210.47036743164062 357.9771423339844
209.82778930664062 357.248046875
209.1678924560547 356.49713134765625
208.50784301757812 355.74603271484375
207.84779357910156 354.9949035644531
207.18771362304688 354.2437438964844
206.5276336669922 353.4925842285156
205.8675537109375 352.7414245605469
205.20748901367188 351.9902648925781
204.54742431640625 351.2391052246094
204.54742431640625 351.2391052246094
203.9656524658203 350.42578125
203.38388061523438 349.6124572753906
202.80210876464844 348.79913330078125
202.2203369140625 347.9858093261719
201.63856506347656 347.1724853515625
201.05679321289062 346.3591613769531
200.4750213623047 345.54583740234375
199.8932647705078 344.7325134277344
199.31150817871094 343.919189453125
198.72975158691406 343.1058654785156
198.1479949951172 342.29254150390625
197.5662384033203 341.4792175292969
196.98448181152344 340.6658935546875
196.40274047851562 339.8525695800781
195.8209991455078 339.03924560546875
195.2392578125 338.2259216308594
194.6575164794922 337.41259765625
194.07577514648438 336.5992431640625
193.49403381347656 335.785888671875
193.49403381347656 335.785888671875
192.99639892578125 334.91851806640625
192.498779296875 334.0511474609375
192.498779296875 334.0511474609375
192.498779296875 334.0511474609375
192.498779296875 334.0511474609375
192.498779296875 334.0511474609375
192.498779296875 334.0511474609375
192.498779296875 334.0511474609375
192.498779296875 334.0511474609375
192.498779296875 334.0511474609375
192.498779296875 334.0511474609375
192.498779296875 334.0511474609375
192.498779296875 334.0511474609375
192.498779296875 334.0511474609375
192.49147033691406 334.0593566894531
192.48338317871094 334.0668029785156
192.48338317871094 334.0668029785156
192.48338317871094 334.0668029785156
192.48338317871094 334.0668029785156
192.48338317871094 334.0668029785156
192.48338317871094 334.0668029785156
192.48338317871094 334.0668029785156
192.48338317871094 334.0668029785156
192.48338317871094 334.0668029785156
192.48338317871094 334.0668029785156
192.48338317871094 334.0668029785156
192.48338317871094 334.0668029785156
192.48338317871094 334.0668029785156
191.7482452392578 333.65179443359375
191.0196533203125 333.22540283203125
191.0196533203125 333.22540283203125
191.0196533203125 333.22540283203125
191.0196533203125 333.22540283203125
191.0196533203125 333.22540283203125
191.0196533203125 333.22540283203125
191.0196533203125 333.22540283203125
191.0196533203125 333.22540283203125
191.0196533203125 333.22540283203125
191.0196533203125 333.22540283203125
191.0196533203125 333.22540283203125
191.0196533203125 333.22540283203125
191.0196533203125 333.22540283203125
191.0196533203125 333.22540283203125
191.0196533203125 333.22540283203125
191.0196533203125 333.22540283203125
191.0196533203125 333.22540283203125
191.0196533203125 333.22540283203125
191.0196533203125 333.22540283203125
191.0196533203125 333.22540283203125
191.0196533203125 333.22540283203125
191.0196533203125 333.22540283203125
191.0196533203125 333.22540283203125
191.0196533203125 333.22540283203125
191.0196533203125 333.22540283203125
190.50755310058594 332.5542907714844
190.50755310058594 332.5542907714844
191.0954132080078 333.36322021484375
191.6832733154297 334.1721496582031
191.19232177734375 333.4853820800781
191.7675018310547 334.3033752441406
192.34268188476562 335.1213684082031
192.91786193847656 335.9393615722656
192.91786193847656 335.9393615722656
193.4084930419922 336.8106994628906
193.8991241455078 337.6820373535156
194.38975524902344 338.5533752441406
194.88038635253906 339.4247131347656
195.3710174560547 340.2960510253906
195.8616485595703 341.1673889160156
196.35226440429688 342.0387268066406
196.84288024902344 342.9100646972656
197.33349609375 343.7814025878906
197.33349609375 343.7814025878906
197.7346649169922 344.6973876953125
198.13583374023438 345.6133728027344
198.53700256347656 346.52935791015625
198.93817138671875 347.4453430175781
199.33934020996094 348.361328125
199.74050903320312 349.2773132324219
200.14166259765625 350.19329833984375
200.54281616210938 351.1092834472656
200.9439697265625 352.0252685546875
201.34512329101562 352.9412536621094
201.74627685546875 353.85723876953125
202.14743041992188 354.7732238769531
202.54856872558594 355.689208984375
202.54856872558594 355.689208984375
202.85626220703125 356.6406555175781
203.16395568847656 357.59210205078125
203.4716339111328 358.5435485839844
203.77931213378906 359.4949951171875
204.0869903564453 360.4464416503906
204.39466857910156 361.39788818359375
204.7023468017578 362.3493347167969
205.01002502441406 363.3008117675781
205.31768798828125 364.2522888183594
205.62535095214844 365.2037658691406
205.93301391601562 366.1552429199219
206.2406768798828 367.1067199707031
206.54830932617188 368.0581359863281
206.85595703125 369.0096130371094
206.85595703125 369.0096130371094
207.06707763671875 369.9870300292969
207.2781982421875 370.9644470214844
207.48931884765625 371.9418640136719
207.700439453125 372.9192810058594
207.9115447998047 373.896728515625
208.12265014648438 374.8741760253906
208.33375549316406 375.85162353515625
208.54486083984375 376.8290710449219
208.75596618652344 377.8065185546875
208.96705627441406 378.7839660644531
209.1781463623047 379.76141357421875
209.3892364501953 380.7388610839844
209.60032653808594 381.71630859375
209.81141662597656 382.6937561035156
210.0225067138672 383.67120361328125
210.23358154296875 384.6486511230469
210.4446563720703 385.6260986328125
210.65573120117188 386.6035461425781
210.86680603027344 387.58099365234375
211.077880859375 388.5584411621094
211.2889404296875 389.535888671875
211.5 390.5133361816406
211.7110595703125 391.49078369140625
211.922119140625 392.4682312011719
211.922119140625 392.4682312011719
212.03453063964844 393.46185302734375
212.14694213867188 394.4554748535156
212.2593536376953 395.4490966796875
212.37176513671875 396.4427185058594
212.4841766357422 397.43634033203125
212.59658813476562 398.4299621582031
212.708984375 399.423583984375
212.82138061523438 400.4172058105469
212.93377685546875 401.41082763671875
213.04617309570312 402.4044494628906
213.1585693359375 403.3980712890625
213.2709503173828 404.3916931152344
213.38333129882812 405.38531494140625
213.49571228027344 406.3789367675781
213.60809326171875 407.37255859375
213.72047424316406 408.3661804199219
213.8328399658203 409.3598327636719
213.94520568847656 410.3534851074219
214.0575714111328 411.3471374511719
214.16993713378906 412.3407897949219
214.2823028564453 413.3344421386719
214.39466857910156 414.3280944824219
214.50701904296875 415.3217468261719
214.50701904296875 415.3217468261719
214.5196075439453 416.3216247558594
214.53219604492188 417.3215026855469
214.54478454589844 418.3213806152344
214.557373046875 419.3212585449219
214.56996154785156 420.3211364746094
214.58253479003906 421.3210144042969
214.59510803222656 422.3208923339844
214.60768127441406 423.3207702636719
214.62025451660156 424.3206481933594
214.63282775878906 425.3205261230469
214.63282775878906 425.3205261230469
214.54550170898438 426.3166809082031
214.4581756591797 427.3128356933594
214.370849609375 428.3089904785156
214.2835235595703 429.3051452636719
214.19619750976562 430.3013000488281
214.10885620117188 431.2974548339844
214.10885620117188 431.2974548339844
213.92250061035156 432.2799072265625
213.73614501953125 433.2623596191406
213.54978942871094 434.24481201171875
213.36343383789062 435.2272644042969
213.1770782470703 436.209716796875
213.1770782470703 436.2097473144531
213.1770782470703 436.2097473144531
213.1770782470703 436.2097473144531
213.17706298828125 436.2097473144531
213.1770477294922 436.2097473144531
213.17703247070312 436.2097473144531
213.17701721191406 436.2097473144531
213.177001953125 436.2097473144531
213.177001953125 436.2097473144531
213.177001953125 436.2097473144531
213.177001953125 436.2097473144531
213.177001953125 436.2097473144531
213.177001953125 436.2097473144531
213.177001953125 436.2097473144531
213.177001953125 436.2097473144531
213.177001953125 436.2097473144531
213.177001953125 436.2097473144531
213.177001953125 436.2097473144531
213.177001953125 436.2097473144531
213.177001953125 436.2097473144531
213.177001953125 436.2097473144531
213.177001953125 436.2097473144531
213.177001953125 436.2097473144531
213.177001953125 436.2097473144531
213.177001953125 436.2097473144531
213.177001953125 436.2097473144531
213.4635772705078 437.0038146972656
213.7377471923828 437.80224609375
213.99945068359375 438.6048583984375
214.2486114501953 439.41143798828125
214.4851837158203 440.2218017578125
214.70909118652344 441.0357666015625
214.92030334472656 441.8531188964844
215.11874389648438 442.67364501953125
215.30438232421875 443.4971618652344
215.4771728515625 444.323486328125
215.63706970214844 445.15240478515625
215.78402709960938 445.98370361328125
215.9180145263672 446.81719970703125
216.03900146484375 447.6526794433594
216.14695739746094 448.48992919921875
216.2418670654297 449.3287658691406
216.3236846923828 450.1689758300781
216.3924102783203 451.0103759765625
216.44801330566406 451.85272216796875
216.49049377441406 452.69586181640625
216.51983642578125 453.53955078125
216.53602600097656 454.3835754394531
216.5390625 455.2277526855469
216.52894592285156 456.0718994140625
216.50567626953125 456.915771484375
216.46926879882812 457.7591857910156
216.4197235107422 458.6019287109375
216.3570556640625 459.44378662109375
216.28128051757812 460.2845764160156
216.19241333007812 461.12408447265625
216.09048461914062 461.96209716796875
215.9755096435547 462.7984313964844
215.84751892089844 463.63287353515625
215.71676635742188 464.38671875
215.71676635742188 464.38671875
215.71676635742188 464.38671875
215.71676635742188 464.38671875
215.71676635742188 464.38671875
215.71676635742188 464.38671875
215.71676635742188 464.38671875
215.71676635742188 464.38671875
215.71676635742188 464.38671875
215.71676635742188 464.38671875
215.71676635742188 464.38671875
215.71676635742188 464.38671875
215.71676635742188 464.38671875
215.71676635742188 464.38671875
215.71676635742188 464.38671875
215.71676635742188 464.38671875
215.71676635742188 464.38671875
215.71676635742188 464.38671875
215.71676635742188 464.38671875
215.71676635742188 464.38671875
215.71676635742188 464.38671875
215.71676635742188 464.38671875
215.71676635742188 464.38671875
215.71676635742188 464.38671875
215.71676635742188 464.38671875
215.71676635742188 464.38671875
215.71676635742188 464.38671875
215.71676635742188 464.38671875
215.71676635742188 464.38671875
215.71676635742188 464.38671875
215.71676635742188 464.38671875
215.71676635742188 464.38671875
215.71676635742188 464.38671875
215.71676635742188 464.38671875
215.71676635742188 464.38671875
215.71676635742188 464.38671875
215.71676635742188 464.38671875
215.71676635742188 464.38671875
215.71676635742188 464.38671875
215.71676635742188 464.38671875
214.9081268310547 464.9749755859375
214.09947204589844 465.563232421875
214.09947204589844 465.563232421875
214.09945678710938 465.563232421875
214.0994415283203 465.563232421875
214.09942626953125 465.563232421875
214.09939575195312 465.563232421875
213.10772705078125 465.6917724609375
212.11605834960938 465.8203125
211.12451171875 465.9488220214844
211.12449645996094 465.9488220214844
210.12493896484375 465.97772216796875
209.12538146972656 466.0066223144531
209.12515258789062 466.0066223144531
208.12770080566406 465.93560791015625
207.1302490234375 465.86456298828125
206.13279724121094 465.79351806640625
206.13270568847656 465.79351806640625
205.1473388671875 465.6232604980469
204.16197204589844 465.4530029296875
203.17660522460938 465.2827453613281
202.19200134277344 465.1125793457031
202.19198608398438 465.1125793457031
202.19198608398438 465.1125793457031
202.19198608398438 465.1125793457031
202.19198608398438 465.1125793457031
202.19198608398438 465.1125793457031
202.19198608398438 465.1125793457031
202.19198608398438 465.1125793457031
202.19198608398438 465.1125793457031
202.19198608398438 465.1125793457031
202.19198608398438 465.1125793457031
202.19198608398438 465.1125793457031
202.19198608398438 465.1125793457031
202.35293579101562 465.9412841796875
202.50096130371094 466.77239990234375
202.63601684570312 467.605712890625
202.75807189941406 468.4410400390625
202.86709594726562 469.2781677246094
202.96307373046875 470.11688232421875
203.0459747314453 470.9570007324219
203.1157684326172 471.7983093261719
203.17245483398438 472.6405944824219
203.21600341796875 473.4836730957031
203.2464141845703 474.32733154296875
203.26368713378906 475.1713562011719
203.26780700683594 476.0155334472656
203.25877380371094 476.85968017578125
203.23658752441406 477.7035827636719
203.20126342773438 478.5470275878906
203.15280151367188 479.38983154296875
203.09121704101562 480.2317810058594
203.01651000976562 481.0726623535156
202.92872619628906 481.91229248046875
202.82786560058594 482.75042724609375
202.71395874023438 483.5869140625
202.5870361328125 484.4215087890625
202.44712829589844 485.2540283203125
202.2942657470703 486.0842590332031
202.1284942626953 486.9120178222656
201.94984436035156 487.7370910644531
201.75836181640625 488.5592956542969
201.55409240722656 489.37841796875
201.3370819091797 490.1942443847656
201.10739135742188 491.006591796875
200.8650665283203 491.81524658203125
200.6101837158203 492.62005615234375
200.34278869628906 493.4207763671875
200.06295776367188 494.2172546386719
199.770751953125 495.00927734375
199.4662322998047 495.796630859375
199.1494903564453 496.57916259765625
198.82058715820312 497.3566589355469
198.4796142578125 498.1289367675781
198.12664794921875 498.89581298828125
197.76177978515625 499.6570739746094
197.38510131835938 500.4125671386719
196.9967041015625 501.162109375
196.59666442871094 501.905517578125
196.1851043701172 502.642578125
195.76210021972656 503.3731384277344
195.32781982421875 504.096923828125
195.32781982421875 504.096923828125
195.32781982421875 504.096923828125
195.32781982421875 504.096923828125
195.32781982421875 504.096923828125
195.32781982421875 504.096923828125
195.32781982421875 504.096923828125
195.32781982421875 504.096923828125
195.32781982421875 504.096923828125
195.32781982421875 504.096923828125
195.32781982421875 504.096923828125
195.32781982421875 504.096923828125
195.32781982421875 504.096923828125
195.32781982421875 504.096923828125
195.32781982421875 504.096923828125
195.32781982421875 504.096923828125
195.32781982421875 504.096923828125
195.32781982421875 504.096923828125
195.32781982421875 504.096923828125
195.32781982421875 504.096923828125
195.32781982421875 504.096923828125
195.32781982421875 504.096923828125
195.32781982421875 504.096923828125
195.32781982421875 504.096923828125
195.32781982421875 504.096923828125
195.32781982421875 504.096923828125
195.32781982421875 504.096923828125
195.32781982421875 504.096923828125
195.32781982421875 504.096923828125
195.32781982421875 504.096923828125
195.32781982421875 504.096923828125
195.32781982421875 504.096923828125
195.32781982421875 504.096923828125
195.32781982421875 504.096923828125
195.32781982421875 504.096923828125
195.32781982421875 504.096923828125
195.32781982421875 504.096923828125
195.32781982421875 504.096923828125
195.32781982421875 504.096923828125
195.32781982421875 504.096923828125
195.32781982421875 504.096923828125
195.32781982421875 504.096923828125
195.32781982421875 504.096923828125
195.32781982421875 504.096923828125
195.32781982421875 504.096923828125
194.35552978515625 503.86328125
194.35552978515625 503.86328125
193.4114227294922 503.53375244140625
192.46731567382812 503.2041931152344
191.52320861816406 502.8746337890625
190.5791015625 502.5450744628906
189.63499450683594 502.21551513671875
188.69088745117188 501.8859558105469
187.7467803955078 501.556396484375
186.80267333984375 501.2268371582031
186.80267333984375 501.2268371582031
185.8961944580078 500.8046569824219
184.98971557617188 500.3824768066406
184.08323669433594 499.9602966308594
183.1767578125 499.5381164550781
182.27027893066406 499.1159362792969
181.36380004882812 498.6937561035156
181.36380004882812 498.6937561035156
180.50399780273438 498.1831970214844
179.64419555664062 497.672607421875
178.78439331054688 497.1620178222656
177.92459106445312 496.65142822265625
177.06478881835938 496.1408386230469
176.2050018310547 495.6302490234375
176.13648986816406 495.585205078125
176.136474609375 495.585205078125
176.13645935058594 495.585205078125
176.13644409179688 495.585205078125
176.13644409179688 495.585205078125
176.13644409179688 495.585205078125
176.13644409179688 495.585205078125
176.13644409179688 495.585205078125
176.13644409179688 495.585205078125
176.13644409179688 495.585205078125
176.13644409179688 495.585205078125
176.13644409179688 495.585205078125
176.13644409179688 495.585205078125
176.13644409179688 495.585205078125
176.13644409179688 495.585205078125
176.13644409179688 495.585205078125
175.68467712402344 496.29833984375
175.22186279296875 497.0043640136719
174.74810791015625 497.7030944824219
174.26351928710938 498.39434814453125
173.76821899414062 499.0779724121094
173.2623291015625 499.7537841796875
172.7459716796875 500.4216613769531
172.21926879882812 501.0813903808594
171.68235778808594 501.73284912109375
171.13536071777344 502.3758544921875
170.5784149169922 503.01025390625
170.01165771484375 503.6358947753906
169.43521118164062 504.2526550292969
168.84922790527344 504.8603515625
168.25384521484375 505.4588317871094
167.6492156982422 506.0479736328125
167.0354766845703 506.62762451171875
166.4127960205078 507.1976318359375
165.78131103515625 507.75787353515625
165.14117431640625 508.3082275390625
164.49253845214844 508.8485412597656
163.83555603027344 509.378662109375
163.17039489746094 509.89849853515625
162.49722290039062 510.40789794921875
161.81619262695312 510.9067687988281
161.12747192382812 511.39495849609375
160.4312286376953 511.8723449707031
159.72763061523438 512.3388671875
159.01686096191406 512.7943725585938
158.299072265625 513.2387084960938
158.299072265625 513.2387084960938
158.299072265625 513.2387084960938
158.299072265625 513.2387084960938
158.299072265625 513.2387084960938
158.299072265625 513.2387084960938
158.299072265625 513.2387084960938
158.299072265625 513.2387084960938
158.299072265625 513.2387084960938
158.299072265625 513.2387084960938
158.299072265625 513.2387084960938
158.299072265625 513.2387084960938
158.299072265625 513.2387084960938
158.299072265625 513.2387084960938
158.299072265625 513.2387084960938
158.299072265625 513.2387084960938
158.299072265625 513.2387084960938
158.299072265625 513.2387084960938
158.299072265625 513.2387084960938
158.299072265625 513.2387084960938
158.299072265625 513.2387084960938
158.299072265625 513.2387084960938
158.299072265625 513.2387084960938
158.299072265625 513.2387084960938
158.299072265625 513.2387084960938
158.299072265625 513.2387084960938
158.299072265625 513.2387084960938
158.299072265625 513.2387084960938
158.299072265625 513.2387084960938
158.299072265625 513.2387084960938
158.299072265625 513.2387084960938
158.299072265625 513.2387084960938
158.299072265625 513.2387084960938
158.299072265625 513.2387084960938
158.299072265625 513.2387084960938
158.299072265625 513.2387084960938
158.299072265625 513.2387084960938
158.299072265625 513.2387084960938
158.299072265625 513.2387084960938
158.299072265625 513.2387084960938
158.299072265625 513.2387084960938
158.299072265625 513.2387084960938
158.299072265625 513.2387084960938
158.299072265625 513.2387084960938
158.299072265625 513.2387084960938
158.299072265625 513.2387084960938
158.299072265625 513.2387084960938
158.299072265625 513.2387084960938
157.76882934570312 512.3909301757812
157.23858642578125 511.5431213378906
156.70834350585938 510.6953125
156.1781005859375 509.8475036621094
155.64785766601562 508.99969482421875
155.11761474609375 508.1518859863281
154.58738708496094 507.3040771484375
154.05715942382812 506.4562683105469
153.5269317626953 505.60845947265625
152.9967041015625 504.7606506347656
152.9967041015625 504.7606506347656
152.55377197265625 503.8641357421875
152.11083984375 502.9676208496094
151.66790771484375 502.07110595703125
151.2249755859375 501.1745910644531
150.7820587158203 500.278076171875
150.33914184570312 499.3815612792969
149.89622497558594 498.48504638671875
149.45330810546875 497.5885009765625
149.01039123535156 496.69195556640625
148.56747436523438 495.79541015625
148.12457275390625 494.89886474609375
148.12457275390625 494.89886474609375
147.77337646484375 493.96258544921875
147.4221954345703 493.02630615234375
147.07101440429688 492.09002685546875
146.71983337402344 491.15374755859375
146.36865234375 490.21746826171875
146.01747131347656 489.28118896484375
145.6663055419922 488.34490966796875
145.3151397705078 487.40863037109375
144.96397399902344 486.47235107421875
144.61280822753906 485.53607177734375
144.2616424560547 484.59979248046875
143.9104766845703 483.66351318359375
143.559326171875 482.72723388671875
143.2081756591797 481.79095458984375
142.85702514648438 480.85467529296875
142.85702514648438 480.85467529296875
142.60110473632812 479.88800048828125
142.34518432617188 478.92132568359375
142.08926391601562 477.95465087890625
141.83334350585938 476.98797607421875
141.5774383544922 476.02130126953125
141.321533203125 475.05462646484375
141.0656280517578 474.08795166015625
140.80972290039062 473.12127685546875
140.55381774902344 472.15460205078125
140.2979278564453 471.18792724609375
140.0420379638672 470.22125244140625
139.78614807128906 469.25457763671875
139.53025817871094 468.28790283203125
139.2743682861328 467.32122802734375
139.0184783935547 466.35455322265625
138.76260375976562 465.38787841796875
138.50839233398438 464.4264221191406
138.2530517578125 463.4595947265625
137.99771118164062 462.4927673339844
137.99771118164062 462.4927673339844
137.8401641845703 461.5052795410156
137.6826171875 460.5177917480469
137.52508544921875 459.5303039550781
137.3675537109375 458.5428161621094
137.21002197265625 457.5553283691406
137.052490234375 456.5678405761719
136.89495849609375 455.5803527832031
136.73744201660156 454.5928649902344
136.57992553710938 453.6053771972656
136.4224090576172 452.6178894042969
136.264892578125 451.6304016113281
136.1073760986328 450.6429138183594
135.94985961914062 449.6554260253906
135.7923583984375 448.6679382324219
135.63485717773438 447.6804504394531
135.47735595703125 446.6929626464844
135.31985473632812 445.7054748535156
135.162353515625 444.7179870605469
135.00486755371094 443.7304992675781
134.84738159179688 442.7430114746094
134.6898956298828 441.7555236816406
134.53240966796875 440.7680358886719
134.3749237060547 439.7805480957031
134.21743774414062 438.7930603027344
134.05996704101562 437.8055725097656
133.90249633789062 436.8180847167969
133.74502563476562 435.8305969238281
133.58755493164062 434.8431091308594
133.43008422851562 433.8556213378906
133.2726287841797 432.8681335449219
133.2726287841797 432.8681335449219
133.21453857421875 431.8698425292969
133.1564483642578 430.8715515136719
133.09837341308594 429.8732604980469
133.04029846191406 428.8749694824219
132.9822235107422 427.8766784667969
132.9241485595703 426.8783874511719
132.86607360839844 425.8800964355469
132.80801391601562 424.8818054199219
132.7499542236328 423.8835144042969
132.69189453125 422.8852233886719
132.6338348388672 421.8869323730469
132.57577514648438 420.8886413574219
132.51771545410156 419.8903503417969
132.4596710205078 418.8920593261719
132.40162658691406 417.8937683105469
132.3435821533203 416.8954772949219
132.28553771972656 415.8971862792969
132.2274932861328 414.8988952636719
132.16946411132812 413.9006042480469
132.11143493652344 412.9023132324219
132.05340576171875 411.9040222167969
131.99537658691406 410.9057312011719
131.93734741210938 409.9074401855469
131.87933349609375 408.9091491699219
131.82131958007812 407.9108581542969
131.7633056640625 406.9125671386719
131.70529174804688 405.9142761230469
131.64727783203125 404.9159851074219
131.58926391601562 403.9176940917969
131.53126525878906 402.9194030761719
131.4732666015625 401.9211120605469
131.41526794433594 400.9228210449219
131.35726928710938 399.9245300292969
131.2992706298828 398.9262390136719
131.2412872314453 397.9279479980469
131.1833038330078 396.9296569824219
131.1253204345703 395.9313659667969
131.0673370361328 394.9330749511719
131.0093536376953 393.9347839355469
130.95138549804688 392.9364929199219
130.89341735839844 391.9382019042969
130.83544921875 390.9399108886719
130.77748107910156 389.9416198730469
130.71951293945312 388.9433288574219
130.6615447998047 387.9450378417969
130.6035919189453 386.9467468261719
130.54563903808594 385.9484558105469
130.48768615722656 384.9501647949219
130.4297332763672 383.9518737792969
130.3717803955078 382.9535827636719
130.3138427734375 381.9552917480469
130.2559051513672 380.9570007324219
130.19796752929688 379.9587097167969
130.14002990722656 378.9604187011719
130.08209228515625 377.9621276855469
130.024169921875 376.9638366699219
129.96624755859375 375.9655456542969
129.9083251953125 374.9672546386719
129.85040283203125 373.9689636230469
129.79248046875 372.9706726074219
129.73455810546875 371.9723815917969
129.67665100097656 370.9740905761719
129.61874389648438 369.9757995605469
129.5608367919922 368.9775085449219
129.5029296875 367.9792175292969
129.4450225830078 366.9809265136719
129.3871307373047 365.9826354980469
129.32923889160156 364.9843444824219
129.27134704589844 363.9860534667969
129.2134552001953 362.9877624511719
129.1555633544922 361.9894714355469
129.09768676757812 360.9911804199219
129.03981018066406 359.9928894042969
128.98193359375 358.9945983886719
128.92405700683594 357.9963073730469
128.86618041992188 356.9980163574219
128.8083038330078 355.9997253417969
128.7504425048828 355.0014343261719
128.6925811767578 354.0031433105469
128.6347198486328 353.0048522949219
128.5768585205078 352.0065612792969
128.5189971923828 351.0082702636719
128.46115112304688 350.0099792480469
128.40330505371094 349.0116882324219
128.345458984375 348.0133972167969
128.28761291503906 347.0151062011719
128.22976684570312 346.0168151855469
128.17193603515625 345.0185241699219
128.11410522460938 344.0202331542969
128.0562744140625 343.0219421386719
127.99844360351562 342.0236511230469
127.94061279296875 341.0253601074219
127.8827896118164 340.0270690917969
127.82496643066406 339.0287780761719
127.76715087890625 338.0304870605469
127.70933532714844 337.0321960449219
127.70933532714844 337.0321960449219
127.75147247314453 336.0331115722656
127.79361724853516 335.0340270996094
127.83576202392578 334.0349426269531
127.8779067993164 333.0358581542969
127.92005920410156 332.0367736816406
127.96221160888672 331.0376892089844
128.00436401367188 330.0386047363281
128.04652404785156 329.0395202636719
128.08868408203125 328.0404357910156
128.13084411621094 327.0413513183594
128.1730194091797 326.0422668457031
128.21519470214844 325.0431823730469
128.2573699951172 324.0440979003906
128.29954528808594 323.0450134277344
128.3417205810547 322.0459289550781
128.38389587402344 321.0468444824219
128.42608642578125 320.0477600097656
128.46827697753906 319.0486755371094
128.51046752929688 318.0495910644531
128.5526580810547 317.0505065917969
128.5948486328125 316.0514221191406
128.63705444335938 315.0523376464844
128.67926025390625 314.0532531738281
128.72146606445312 313.0541687011719
128.763671875 312.0550842285156
128.80587768554688 311.0559997558594
128.8480987548828 310.0569152832031
128.89031982421875 309.0578308105469
128.9325408935547 308.0587463378906
128.97476196289062 307.0596618652344
129.01698303222656 306.0605773925781
129.0592041015625 305.0614929199219
129.1014404296875 304.0624084472656
129.1436767578125 303.0633239746094
129.1859130859375 302.0642395019531
129.2281494140625 301.0651550292969
129.2703857421875 300.0660705566406
129.31263732910156 299.0669860839844
129.35488891601562 298.0679016113281
129.3971405029297 297.0688171386719
129.43939208984375 296.0697326660156
129.4816436767578 295.0706481933594
129.52391052246094 294.0715637207031
129.56617736816406 293.0724792480469
129.6084442138672 292.0733947753906
129.6507110595703 291.0743103027344
129.69297790527344 290.0752258300781
129.73524475097656 289.0761413574219
129.77752685546875 288.0770568847656
129.81980895996094 287.0779724121094
129.86209106445312 286.0788879394531
129.9043731689453 285.0798034667969
129.9466552734375 284.0807189941406
129.98895263671875 283.0816345214844
130.03125 282.0825500488281
130.07354736328125 281.0834655761719
130.1158447265625 280.0843811035156
130.15814208984375 279.0852966308594
130.20045471191406 278.0862121582031
130.24276733398438 277.0871276855469
130.2850799560547 276.0880432128906
130.327392578125 275.0889587402344
130.3697052001953 274.0898742675781
130.41201782226562 273.0907897949219
130.454345703125 272.0917053222656
130.49667358398438 271.0926208496094
130.53900146484375 270.0935363769531
130.58132934570312 269.0944519042969
130.6236572265625 268.0953674316406
130.66600036621094 267.0962829589844
130.70834350585938 266.0971984863281
130.7506866455078 265.0981140136719
130.79302978515625 264.0990295410156
130.8353729248047 263.0999450683594
130.8777313232422 262.1008605957031
130.9200897216797 261.1017761230469
130.9624481201172 260.1026916503906
131.0048065185547 259.1036071777344
131.0471649169922 258.1045227050781
131.0895233154297 257.1054382324219
131.13189697265625 256.1063537597656
131.1742706298828 255.10728454589844
131.21664428710938 254.10821533203125
131.25901794433594 253.10914611816406
131.3013916015625 252.11007690429688
131.34378051757812 251.1110076904297
131.38616943359375 250.1119384765625
131.42855834960938 249.1128692626953
131.470947265625 248.11380004882812
131.51333618164062 247.11473083496094
131.5557403564453 246.11566162109375
131.59814453125 245.11659240722656
131.6405487060547 244.11752319335938
131.68295288085938 243.1184539794922
131.72535705566406 242.119384765625
131.76776123046875 241.1203155517578
131.8101806640625 240.12124633789062
131.85260009765625 239.12217712402344
131.89501953125 238.12310791015625
131.89764404296875 238.0942840576172
132.03672790527344 237.10403442382812
132.17581176757812 236.11378479003906
132.17581176757812 236.11378479003906
132.17581176757812 236.11378479003906
132.5088653564453 235.17091369628906
132.8419189453125 234.22804260253906
133.1749725341797 233.28517150878906
133.50802612304688 232.34230041503906
133.84109497070312 231.39942932128906
134.17416381835938 230.45655822753906
134.50723266601562 229.51370239257812
134.50723266601562 229.51368713378906
134.93276977539062 228.60877990722656
135.35830688476562 227.70387268066406
135.78384399414062 226.79896545410156
136.20938110351562 225.89405822753906
136.6349334716797 224.98915100097656
137.06048583984375 224.08424377441406
137.4860382080078 223.17933654785156
137.91159057617188 222.27442932128906
138.33714294433594 221.36952209472656
138.7626953125 220.46463012695312
139.18826293945312 219.5597381591797
139.61383056640625 218.65484619140625
139.61402893066406 218.6544647216797
139.61402893066406 218.6544647216797
139.61402893066406 218.6544647216797
139.61402893066406 218.6544647216797
139.61402893066406 218.6544647216797
139.61402893066406 218.6544647216797
139.61402893066406 218.6544647216797
139.61402893066406 218.6544647216797
139.61402893066406 218.6544647216797
139.61402893066406 218.6544647216797
139.61402893066406 218.6544647216797
139.61402893066406 218.6544647216797
139.61402893066406 218.6544647216797
139.61402893066406 218.6544647216797
139.61402893066406 218.6544647216797
139.61402893066406 218.6544647216797
139.61402893066406 218.6544647216797
139.61402893066406 218.6544647216797
139.61402893066406 218.6544647216797
139.61402893066406 218.6544647216797
139.61402893066406 218.6544647216797
139.61402893066406 218.6544647216797
139.61402893066406 218.6544647216797
139.61402893066406 218.6544647216797
139.36920166015625 217.8465576171875
139.13699340820312 217.03492736816406
138.91744995117188 216.21978759765625
138.71063232421875 215.4013214111328
138.51658630371094 214.57972717285156
138.3353729248047 213.75521850585938
138.16702270507812 212.927978515625
138.01158142089844 212.0982208251953
137.86907958984375 211.26614379882812
137.73956298828125 210.43194580078125
137.62306213378906 209.5958251953125
137.51959228515625 208.75799560546875
137.42919921875 207.9186553955078
137.3518829345703 207.0780029296875
137.2876739501953 206.2362518310547
137.23658752441406 205.3936004638672
137.19863891601562 204.55026245117188
137.173828125 203.70643615722656
137.16217041015625 202.86231994628906
