60.078636169433594 450.0718994140625
60.16337585449219 450.1365051269531
60.2535400390625 450.19329833984375
60.348411560058594 450.2418212890625
60.447235107421875 450.28167724609375
60.54922103881836 450.31256103515625
60.65355682373047 450.334228515625
60.75940704345703 450.34649658203125
60.865928649902344 450.3492736816406
60.97227478027344 450.342529296875
61.07759475708008 450.3263244628906
61.18104934692383 450.30078125
61.28181076049805 450.26611328125
61.37907791137695 450.22259521484375
61.47207260131836 450.1705627441406
61.560054779052734 450.1104431152344
61.6423225402832 450.042724609375
61.71821975708008 449.9679260253906
61.78714370727539 449.88665771484375
61.848541259765625 449.799560546875
61.90192413330078 449.70733642578125
61.94686508178711 449.6107177734375
61.98300552368164 449.5104675292969
62.01005935668945 449.40740966796875
62.027809143066406 449.3023376464844
62.03611373901367 449.19610595703125
62.03490447998047 449.0895690917969
62.02419662475586 448.9835510253906
62.00407028198242 448.87890625
61.77153396606445 447.90631103515625
61.538997650146484 446.9337158203125
61.306461334228516 445.96112060546875
61.07392501831055 444.988525390625
60.84138870239258 444.01593017578125
60.60885238647461 443.0433349609375
60.37631607055664 442.07073974609375
60.14377975463867 441.09814453125
59.9112434387207 440.12554931640625
59.678707122802734 439.1529541015625
59.446170806884766 438.18035888671875
59.2136344909668 437.207763671875
58.98109817504883 436.23516845703125
58.74856185913086 435.2625732421875
58.51602554321289 434.28997802734375
58.28348922729492 433.3173828125
58.05095291137695 432.34478759765625
57.818416595458984 431.3721923828125
57.585880279541016 430.39959716796875
57.35334396362305 429.427001953125
57.12080764770508 428.45440673828125
56.88827133178711 427.4818115234375
56.65573501586914 426.50921630859375
56.42319869995117 425.53662109375
56.1906623840332 424.56402587890625
55.958126068115234 423.5914306640625
55.725589752197266 422.61883544921875
55.4930534362793 421.646240234375
55.26051712036133 420.67364501953125
55.02798080444336 419.7010498046875
54.79544448852539 418.72845458984375
54.56290817260742 417.755859375
54.33037185668945 416.78326416015625
54.097835540771484 415.8106689453125
53.865299224853516 414.83807373046875
53.63276290893555 413.865478515625
53.40022659301758 412.89288330078125
53.16769027709961 411.9202880859375
52.93515396118164 410.94769287109375
52.70261764526367 409.97509765625
52.4700813293457 409.00250244140625
52.237545013427734 408.0299072265625
52.005008697509766 407.05731201171875
51.7724723815918 406.084716796875
51.53993606567383 405.11212158203125
51.30739974975586 404.1395263671875
51.07486343383789 403.16693115234375
50.84232711791992 402.1943359375
50.60979080200195 401.22174072265625
50.377254486083984 400.2491455078125
50.144718170166016 399.27655029296875
49.91218185424805 398.303955078125
49.67964553833008 397.33135986328125
49.44710922241211 396.3587646484375
49.21457290649414 395.38616943359375
48.98203659057617 394.41357421875
48.7495002746582 393.44097900390625
48.516963958740234 392.4683837890625
48.284427642822266 391.49578857421875
48.0518913269043 390.523193359375
47.81935501098633 389.55059814453125
47.58681869506836 388.5780029296875
47.35428237915039 387.60540771484375
47.12174606323242 386.6328125
46.88920974731445 385.66021728515625
46.656673431396484 384.6876220703125
46.424137115478516 383.71502685546875
46.19160079956055 382.742431640625
45.95906448364258 381.76983642578125
45.72652816772461 380.7972412109375
45.49399185180664 379.82464599609375
45.26145553588867 378.85205078125
45.0289192199707 377.87945556640625
44.796382904052734 376.9068603515625
44.563846588134766 375.93426513671875
44.3313102722168 374.961669921875
44.09877395629883 373.98907470703125
43.86623764038086 373.0164794921875
43.63370132446289 372.04388427734375
43.40116500854492 371.0712890625
43.16862869262695 370.09869384765625
42.936092376708984 369.1260986328125
42.703556060791016 368.15350341796875
42.47101974487305 367.180908203125
42.23848342895508 366.20831298828125
42.00594711303711 365.2357177734375
41.77341079711914 364.26312255859375
41.54087448120117 363.29052734375
41.3083381652832 362.31793212890625
41.075801849365234 361.3453369140625
40.843265533447266 360.37274169921875
40.6107292175293 359.400146484375
40.37819290161133 358.42755126953125
40.14565658569336 357.4549560546875
39.91312026977539 356.48236083984375
39.68058395385742 355.509765625
39.44804763793945 354.53717041015625
39.215511322021484 353.5645751953125
38.982975006103516 352.59197998046875
38.75043869018555 351.619384765625
38.51790237426758 350.64678955078125
38.28536605834961 349.6741943359375
38.05282974243164 348.70159912109375
37.82029342651367 347.72900390625
37.5877571105957 346.75640869140625
37.355220794677734 345.7838134765625
37.122684478759766 344.81121826171875
36.8901481628418 343.838623046875
36.65761184692383 342.86602783203125
36.42507553100586 341.8934326171875
36.19253921508789 340.92083740234375
35.96000289916992 339.9482421875
35.72746658325195 338.97564697265625
35.49515914916992 338.0042724609375
35.262733459472656 337.0329284667969
35.02995300292969 336.0603942871094
34.7973518371582 335.08880615234375
34.5647087097168 334.1175231933594
34.33171463012695 333.1450500488281
34.09895324707031 332.1737976074219
33.8658447265625 331.2013854980469
33.632957458496094 330.23016357421875
33.39994812011719 329.25897216796875
33.166587829589844 328.2865905761719
32.9332275390625 327.314208984375
32.70009994506836 326.3430480957031
32.466617584228516 325.3706970214844
32.23313522338867 324.3983459472656
31.9998836517334 323.4272155761719
31.766281127929688 322.45489501953125
31.532678604125977 321.4825744628906
31.299076080322266 320.51025390625
31.065690994262695 319.5390625
30.83220672607422 318.5679931640625
30.598369598388672 317.595703125
30.364532470703125 316.6234130859375
30.130695343017578 315.651123046875
29.89685821533203 314.6788330078125
29.663021087646484 313.70654296875
29.429183959960938 312.7342529296875
29.19534683227539 311.761962890625
28.961509704589844 310.7896728515625
28.727672576904297 309.8173828125
28.49383544921875 308.8450927734375
28.259998321533203 307.872802734375
28.026161193847656 306.9005126953125
27.79232406616211 305.92822265625
27.558486938476562 304.9559326171875
27.324649810791016 303.983642578125
27.09081268310547 303.0113525390625
26.856975555419922 302.0390625
26.623138427734375 301.0667724609375
26.389301300048828 300.094482421875
26.15546417236328 299.1221923828125
25.921627044677734 298.14990234375
25.687789916992188 297.1776123046875
25.45395278930664 296.205322265625
25.220115661621094 295.2330322265625
24.986278533935547 294.2607421875
24.75244140625 293.2884521484375
24.518604278564453 292.316162109375
24.284767150878906 291.3438720703125
24.05093002319336 290.37158203125
23.817092895507812 289.3992919921875
23.583255767822266 288.427001953125
23.34941864013672 287.4547119140625
23.115581512451172 286.482421875
22.881744384765625 285.5101318359375
22.647907257080078 284.537841796875
22.41407012939453 283.5655517578125
22.180233001708984 282.59326171875
21.946395874023438 281.6209716796875
21.71255874633789 280.648681640625
21.478721618652344 279.6763916015625
21.244884490966797 278.7041015625
21.01104736328125 277.7318115234375
20.777210235595703 276.759521484375
20.543373107910156 275.7872314453125
20.30953598022461 274.81494140625
20.075698852539062 273.8426513671875
19.841861724853516 272.870361328125
19.60802459716797 271.8980712890625
19.374187469482422 270.92578125
19.140350341796875 269.9534912109375
18.906513214111328 268.981201171875
18.67267608642578 268.0089111328125
18.438838958740234 267.03662109375
18.205001831054688 266.0643310546875
17.97116470336914 265.092041015625
17.737327575683594 264.1197509765625
17.503490447998047 263.1474609375
17.2696533203125 262.1751708984375
17.035816192626953 261.202880859375
16.801979064941406 260.2305908203125
16.801979064941406 260.2305908203125
16.801979064941406 260.2305908203125
16.801979064941406 260.2305908203125
16.801979064941406 260.2305908203125
16.801979064941406 260.2305908203125
16.801979064941406 260.2305908203125
16.801979064941406 260.2305908203125
16.801979064941406 260.2305908203125
16.801979064941406 260.2305908203125
16.801979064941406 260.2305908203125
16.801979064941406 260.2305908203125
16.801979064941406 260.2305908203125
16.801979064941406 260.2305908203125
16.801979064941406 260.2305908203125
16.801979064941406 260.2305908203125
16.801979064941406 260.2305908203125
16.801979064941406 260.2305908203125
16.801979064941406 260.2305908203125
16.801979064941406 260.2305908203125
16.801979064941406 260.2305908203125
16.801979064941406 260.2305908203125
16.801979064941406 260.2305908203125
16.801979064941406 260.2305908203125
16.801979064941406 260.2305908203125
16.801979064941406 260.2305908203125
16.801979064941406 260.2305908203125
16.801979064941406 260.2305908203125
16.801979064941406 260.2305908203125
16.801979064941406 260.2305908203125
16.801979064941406 260.2305908203125
16.801979064941406 260.2305908203125
16.801979064941406 260.2305908203125
16.801979064941406 260.2305908203125
16.801979064941406 260.2305908203125
16.801979064941406 260.2305908203125
16.801979064941406 260.2305908203125
16.801979064941406 260.2305908203125
16.801979064941406 260.2305908203125
16.801979064941406 260.2305908203125
16.801979064941406 260.2305908203125
16.801979064941406 260.2305908203125
16.801979064941406 260.2305908203125
16.801979064941406 260.2305908203125
16.801979064941406 260.2305908203125
16.801979064941406 260.2305908203125
16.801979064941406 260.2305908203125
16.801979064941406 260.2305908203125
16.801979064941406 260.2305908203125
16.801979064941406 260.2305908203125
16.801979064941406 260.2305908203125
16.801979064941406 260.2305908203125
16.801979064941406 260.2305908203125
16.801979064941406 260.2305908203125
16.801979064941406 260.2305908203125
16.801979064941406 260.2305908203125
16.801979064941406 260.2305908203125
16.801979064941406 260.2305908203125
16.801979064941406 260.2305908203125
16.801979064941406 260.2305908203125
16.801979064941406 260.2305908203125
16.801979064941406 260.2305908203125
16.801979064941406 260.2305908203125
16.801979064941406 260.2305908203125
16.801979064941406 260.2305908203125
16.801979064941406 260.2305908203125
16.801979064941406 260.2305908203125
16.801979064941406 260.2305908203125
16.801979064941406 260.2305908203125
16.801979064941406 260.2305908203125
16.801979064941406 260.2305908203125
16.801979064941406 260.2305908203125
16.801979064941406 260.2305908203125
16.801979064941406 260.2305908203125
16.801979064941406 260.2305908203125
16.801979064941406 260.2305908203125
16.801979064941406 260.2305908203125
16.801979064941406 260.2305908203125
16.801979064941406 260.2305908203125
16.801979064941406 260.2305908203125
16.801979064941406 260.2305908203125
16.801979064941406 260.2305908203125
16.801979064941406 260.2305908203125
16.801979064941406 260.2305908203125
16.801979064941406 260.2305908203125
16.801979064941406 260.2305908203125
16.801979064941406 260.2305908203125
16.801979064941406 260.2305908203125
16.801979064941406 260.2305908203125
16.801979064941406 260.2305908203125
16.801979064941406 260.2305908203125
16.801979064941406 260.2305908203125
16.801979064941406 260.2305908203125
16.801979064941406 260.2305908203125
16.801979064941406 260.2305908203125
16.801979064941406 260.2305908203125
16.801979064941406 260.2305908203125
16.801979064941406 260.2305908203125
16.801979064941406 260.2305908203125
16.801979064941406 260.2305908203125
16.801979064941406 260.2305908203125
16.801979064941406 260.2305908203125
16.801979064941406 260.2305908203125
16.801979064941406 260.2305908203125
16.801979064941406 260.2305908203125
16.801979064941406 260.2305908203125
16.801979064941406 260.2305908203125
16.801979064941406 260.2305908203125
16.801979064941406 260.2305908203125
16.801979064941406 260.2305908203125
16.801979064941406 260.2305908203125
16.801979064941406 260.2305908203125
16.801979064941406 260.2305908203125
16.801979064941406 260.2305908203125
16.801979064941406 260.2305908203125
16.801979064941406 260.2305908203125
16.801979064941406 260.2305908203125
16.801979064941406 260.2305908203125
16.801979064941406 260.2305908203125
16.801979064941406 260.2305908203125
16.801979064941406 260.2305908203125
16.801979064941406 260.2305908203125
16.801979064941406 260.2305908203125
16.801979064941406 260.2305908203125
16.801979064941406 260.2305908203125
16.801979064941406 260.2305908203125
16.801979064941406 260.2305908203125
16.801979064941406 260.2305908203125
16.801979064941406 260.2305908203125
16.801979064941406 260.2305908203125
16.801979064941406 260.2305908203125
16.801979064941406 260.2305908203125
16.801979064941406 260.2305908203125
16.801979064941406 260.2305908203125
16.801979064941406 260.2305908203125
16.801979064941406 260.2305908203125
16.801979064941406 260.2305908203125
16.801979064941406 260.2305908203125
16.801979064941406 260.2305908203125
16.801979064941406 260.2305908203125
16.801979064941406 260.2305908203125
16.801979064941406 260.2305908203125
16.801979064941406 260.2305908203125
16.801979064941406 260.2305908203125
16.801979064941406 260.2305908203125
16.801979064941406 260.2305908203125
16.801979064941406 260.2305908203125
16.801979064941406 260.2305908203125
16.801979064941406 260.2305908203125
16.801979064941406 260.2305908203125
16.801979064941406 260.2305908203125
16.801979064941406 260.2305908203125
16.801979064941406 260.2305908203125
16.801979064941406 260.2305908203125
16.801979064941406 260.2305908203125
16.801979064941406 260.2305908203125
16.801979064941406 260.2305908203125
16.801979064941406 260.2305908203125
16.801979064941406 260.2305908203125
16.801979064941406 260.2305908203125
16.801979064941406 260.2305908203125
16.801979064941406 260.2305908203125
16.801979064941406 260.2305908203125
16.801979064941406 260.2305908203125
16.801979064941406 260.2305908203125
16.801979064941406 260.2305908203125
16.801979064941406 260.2305908203125
16.801979064941406 260.2305908203125
16.801979064941406 260.2305908203125
16.801979064941406 260.2305908203125
16.801979064941406 260.2305908203125
16.801979064941406 260.2305908203125
16.801979064941406 260.2305908203125
16.801979064941406 260.2305908203125
16.801979064941406 260.2305908203125
16.801979064941406 260.2305908203125
16.801979064941406 260.2305908203125
16.801979064941406 260.2305908203125
16.801979064941406 260.2305908203125
16.801979064941406 260.2305908203125
16.801979064941406 260.2305908203125
16.801979064941406 260.2305908203125
16.801979064941406 260.2305908203125
16.801979064941406 260.2305908203125
16.801979064941406 260.2305908203125
16.801979064941406 260.2305908203125
16.801979064941406 260.2305908203125
16.801979064941406 260.2305908203125
16.801979064941406 260.2305908203125
16.801979064941406 260.2305908203125
16.801979064941406 260.2305908203125
16.801979064941406 260.2305908203125
16.801979064941406 260.2305908203125
16.801979064941406 260.2305908203125
16.801979064941406 260.2305908203125
16.801979064941406 260.2305908203125
16.801979064941406 260.2305908203125
16.801979064941406 260.2305908203125
16.801979064941406 260.2305908203125
16.801979064941406 260.2305908203125
16.801979064941406 260.2305908203125
16.801979064941406 260.2305908203125
16.801979064941406 260.2305908203125
16.801979064941406 260.2305908203125
16.801979064941406 260.2305908203125
16.801979064941406 260.2305908203125
16.801979064941406 260.2305908203125
16.801979064941406 260.2305908203125
16.801979064941406 260.2305908203125
16.801979064941406 260.2305908203125
16.801979064941406 260.2305908203125
16.801979064941406 260.2305908203125
16.801979064941406 260.2305908203125
16.801979064941406 260.2305908203125
16.801979064941406 260.2305908203125
16.801979064941406 260.2305908203125
16.801979064941406 260.2305908203125
16.801979064941406 260.2305908203125
16.801979064941406 260.2305908203125
16.801979064941406 260.2305908203125
16.801979064941406 260.2305908203125
16.801979064941406 260.2305908203125
16.801979064941406 260.2305908203125
16.801979064941406 260.2305908203125
16.801979064941406 260.2305908203125
16.801979064941406 260.2305908203125
16.801979064941406 260.2305908203125
16.801979064941406 260.2305908203125
16.801979064941406 260.2305908203125
16.801979064941406 260.2305908203125
16.801979064941406 260.2305908203125
16.801979064941406 260.2305908203125
16.801979064941406 260.2305908203125
16.801979064941406 260.2305908203125
16.801979064941406 260.2305908203125
16.801979064941406 260.2305908203125
16.801979064941406 260.2305908203125
16.801979064941406 260.2305908203125
16.801979064941406 260.2305908203125
16.801979064941406 260.2305908203125
16.801979064941406 260.2305908203125
16.801979064941406 260.2305908203125
16.801979064941406 260.2305908203125
16.801979064941406 260.2305908203125
16.801979064941406 260.2305908203125
16.801979064941406 260.2305908203125
16.801979064941406 260.2305908203125
16.801979064941406 260.2305908203125
16.801979064941406 260.2305908203125
16.801979064941406 260.2305908203125
16.801979064941406 260.2305908203125
16.801979064941406 260.2305908203125
16.801979064941406 260.2305908203125
16.801979064941406 260.2305908203125
16.801979064941406 260.2305908203125
16.801979064941406 260.2305908203125
16.801979064941406 260.2305908203125
16.801979064941406 260.2305908203125
16.801979064941406 260.2305908203125
16.801979064941406 260.2305908203125
16.801979064941406 260.2305908203125
16.801979064941406 260.2305908203125
16.801979064941406 260.2305908203125
16.801979064941406 260.2305908203125
16.801979064941406 260.2305908203125
16.801979064941406 260.2305908203125
16.801979064941406 260.2305908203125
16.801979064941406 260.2305908203125
16.801979064941406 260.2305908203125
16.801979064941406 260.2305908203125
16.801979064941406 260.2305908203125
16.801979064941406 260.2305908203125
16.801979064941406 260.2305908203125
16.801979064941406 260.2305908203125
16.801979064941406 260.2305908203125
16.801979064941406 260.2305908203125
16.801979064941406 260.2305908203125
16.801979064941406 260.2305908203125
16.801979064941406 260.2305908203125
16.801979064941406 260.2305908203125
16.801979064941406 260.2305908203125
16.801979064941406 260.2305908203125
16.801979064941406 260.2305908203125
16.801979064941406 260.2305908203125
16.801979064941406 260.2305908203125
16.801979064941406 260.2305908203125
16.801979064941406 260.2305908203125
16.801979064941406 260.2305908203125
16.801979064941406 260.2305908203125
16.801979064941406 260.2305908203125
16.801979064941406 260.2305908203125
16.801979064941406 260.2305908203125
16.801979064941406 260.2305908203125
16.801979064941406 260.2305908203125
16.801979064941406 260.2305908203125
16.801979064941406 260.2305908203125
16.801979064941406 260.2305908203125
16.801979064941406 260.2305908203125
16.801979064941406 260.2305908203125
16.801979064941406 260.2305908203125
16.801979064941406 260.2305908203125
16.801979064941406 260.2305908203125
16.801979064941406 260.2305908203125
16.801979064941406 260.2305908203125
16.801979064941406 260.2305908203125
16.801979064941406 260.2305908203125
16.801979064941406 260.2305908203125
16.801979064941406 260.2305908203125
16.801979064941406 260.2305908203125
16.801979064941406 260.2305908203125
16.801979064941406 260.2305908203125
16.801979064941406 260.2305908203125
16.801979064941406 260.2305908203125
16.801979064941406 260.2305908203125
16.801979064941406 260.2305908203125
16.801979064941406 260.2305908203125
16.801979064941406 260.2305908203125
16.801979064941406 260.2305908203125
16.801979064941406 260.2305908203125
16.801979064941406 260.2305908203125
16.801979064941406 260.2305908203125
16.801979064941406 260.2305908203125
16.801979064941406 260.2305908203125
16.801979064941406 260.2305908203125
16.801979064941406 260.2305908203125
16.801979064941406 260.2305908203125
16.801979064941406 260.2305908203125
16.801979064941406 260.2305908203125
16.801979064941406 260.2305908203125
16.801979064941406 260.2305908203125
16.801979064941406 260.2305908203125
16.801979064941406 260.2305908203125
16.801979064941406 260.2305908203125
16.801979064941406 260.2305908203125
16.801979064941406 260.2305908203125
16.801979064941406 260.2305908203125
16.801979064941406 260.2305908203125
16.801979064941406 260.2305908203125
16.801979064941406 260.2305908203125
16.801979064941406 260.2305908203125
16.801979064941406 260.2305908203125
16.801979064941406 260.2305908203125
16.801979064941406 260.2305908203125
16.801979064941406 260.2305908203125
16.801979064941406 260.2305908203125
16.801979064941406 260.2305908203125
16.801979064941406 260.2305908203125
16.801979064941406 260.2305908203125
16.801979064941406 260.2305908203125
16.801979064941406 260.2305908203125
16.801979064941406 260.2305908203125
16.801979064941406 260.2305908203125
16.801979064941406 260.2305908203125
16.801979064941406 260.2305908203125
16.801979064941406 260.2305908203125
16.801979064941406 260.2305908203125
16.801979064941406 260.2305908203125
16.801979064941406 260.2305908203125
16.801979064941406 260.2305908203125
16.801979064941406 260.2305908203125
16.801979064941406 260.2305908203125
16.801979064941406 260.2305908203125
16.801979064941406 260.2305908203125
16.801979064941406 260.2305908203125
16.801979064941406 260.2305908203125
16.801979064941406 260.2305908203125
16.801979064941406 260.2305908203125
16.801979064941406 260.2305908203125
16.801979064941406 260.2305908203125
16.801979064941406 260.2305908203125
16.801979064941406 260.2305908203125
16.801979064941406 260.2305908203125
16.801979064941406 260.2305908203125
16.801979064941406 260.2305908203125
16.801979064941406 260.2305908203125
16.801979064941406 260.2305908203125
16.801979064941406 260.2305908203125
16.801979064941406 260.2305908203125
16.801979064941406 260.2305908203125
16.801979064941406 260.2305908203125
16.801979064941406 260.2305908203125
16.801979064941406 260.2305908203125
16.801979064941406 260.2305908203125
16.801979064941406 260.2305908203125
16.801979064941406 260.2305908203125
16.801979064941406 260.2305908203125
16.801979064941406 260.2305908203125
16.801979064941406 260.2305908203125
16.801979064941406 260.2305908203125
16.801979064941406 260.2305908203125
16.801979064941406 260.2305908203125
16.801979064941406 260.2305908203125
16.801979064941406 260.2305908203125
16.801979064941406 260.2305908203125
16.801979064941406 260.2305908203125
16.801979064941406 260.2305908203125
16.801979064941406 260.2305908203125
16.801979064941406 260.2305908203125
16.801979064941406 260.2305908203125
16.801979064941406 260.2305908203125
16.801979064941406 260.2305908203125
16.801979064941406 260.2305908203125
16.801979064941406 260.2305908203125
16.801979064941406 260.2305908203125
16.801979064941406 260.2305908203125
16.801979064941406 260.2305908203125
16.801979064941406 260.2305908203125
16.801979064941406 260.2305908203125
16.801979064941406 260.2305908203125
16.801979064941406 260.2305908203125
16.801979064941406 260.2305908203125
16.801979064941406 260.2305908203125
16.801979064941406 260.2305908203125
16.801979064941406 260.2305908203125
16.801979064941406 260.2305908203125
16.801979064941406 260.2305908203125
16.801979064941406 260.2305908203125
16.801979064941406 260.2305908203125
16.801979064941406 260.2305908203125
16.801979064941406 260.2305908203125
16.801979064941406 260.2305908203125
16.801979064941406 260.2305908203125
16.801979064941406 260.2305908203125
16.801979064941406 260.2305908203125
16.801979064941406 260.2305908203125
16.801979064941406 260.2305908203125
16.801979064941406 260.2305908203125
16.801979064941406 260.2305908203125
16.801979064941406 260.2305908203125
16.801979064941406 260.2305908203125
16.801979064941406 260.2305908203125
16.801979064941406 260.2305908203125
16.801979064941406 260.2305908203125
16.801979064941406 260.2305908203125
16.801979064941406 260.2305908203125
16.801979064941406 260.2305908203125
16.801979064941406 260.2305908203125
16.801979064941406 260.2305908203125
16.801979064941406 260.2305908203125
16.801979064941406 260.2305908203125
16.801979064941406 260.2305908203125
16.801979064941406 260.2305908203125
16.801979064941406 260.2305908203125
16.801979064941406 260.2305908203125
16.801979064941406 260.2305908203125
16.801979064941406 260.2305908203125
16.801979064941406 260.2305908203125
16.801979064941406 260.2305908203125
16.801979064941406 260.2305908203125
16.801979064941406 260.2305908203125
16.801979064941406 260.2305908203125
16.801979064941406 260.2305908203125
16.801979064941406 260.2305908203125
16.801979064941406 260.2305908203125
16.801979064941406 260.2305908203125
16.801979064941406 260.2305908203125
16.801979064941406 260.2305908203125
16.801979064941406 260.2305908203125
16.801979064941406 260.2305908203125
16.801979064941406 260.2305908203125
16.801979064941406 260.2305908203125
16.801979064941406 260.2305908203125
16.801979064941406 260.2305908203125
16.801979064941406 260.2305908203125
16.801979064941406 260.2305908203125
16.801979064941406 260.2305908203125
16.801979064941406 260.2305908203125
16.801979064941406 260.2305908203125
16.801979064941406 260.2305908203125
16.801979064941406 260.2305908203125
16.801979064941406 260.2305908203125
16.801979064941406 260.2305908203125
16.801979064941406 260.2305908203125
16.801979064941406 260.2305908203125
16.801979064941406 260.2305908203125
16.801979064941406 260.2305908203125
16.801979064941406 260.2305908203125
16.801979064941406 260.2305908203125
16.801979064941406 260.2305908203125
16.801979064941406 260.2305908203125
16.801979064941406 260.2305908203125
16.801979064941406 260.2305908203125
16.801979064941406 260.2305908203125
16.801979064941406 260.2305908203125
16.801979064941406 260.2305908203125
16.801979064941406 260.2305908203125
16.801979064941406 260.2305908203125
16.801979064941406 260.2305908203125
16.801979064941406 260.2305908203125
16.801979064941406 260.2305908203125
16.801979064941406 260.2305908203125
16.801979064941406 260.2305908203125
16.801979064941406 260.2305908203125
16.801979064941406 260.2305908203125
16.801979064941406 260.2305908203125
16.801979064941406 260.2305908203125
16.801979064941406 260.2305908203125
16.801979064941406 260.2305908203125
16.801979064941406 260.2305908203125
16.801979064941406 260.2305908203125
16.801979064941406 260.2305908203125
16.801979064941406 260.2305908203125
16.801979064941406 260.2305908203125
16.801979064941406 260.2305908203125
16.801979064941406 260.2305908203125
16.801979064941406 260.2305908203125
16.801979064941406 260.2305908203125
16.801979064941406 260.2305908203125
16.801979064941406 260.2305908203125
16.801979064941406 260.2305908203125
16.801979064941406 260.2305908203125
16.801979064941406 260.2305908203125
16.801979064941406 260.2305908203125
16.801979064941406 260.2305908203125
16.801979064941406 260.2305908203125
16.801979064941406 260.2305908203125
16.801979064941406 260.2305908203125
16.801979064941406 260.2305908203125
16.801979064941406 260.2305908203125
16.801979064941406 260.2305908203125
16.801979064941406 260.2305908203125
16.801979064941406 260.2305908203125
16.801979064941406 260.2305908203125
16.801979064941406 260.2305908203125
16.801979064941406 260.2305908203125
16.801979064941406 260.2305908203125
16.801979064941406 260.2305908203125
16.801979064941406 260.2305908203125
16.801979064941406 260.2305908203125
16.801979064941406 260.2305908203125
16.801979064941406 260.2305908203125
16.801979064941406 260.2305908203125
16.801979064941406 260.2305908203125
16.801979064941406 260.2305908203125
16.801979064941406 260.2305908203125
16.801979064941406 260.2305908203125
16.801979064941406 260.2305908203125
16.801979064941406 260.2305908203125
16.801979064941406 260.2305908203125
16.801979064941406 260.2305908203125
16.801979064941406 260.2305908203125
16.801979064941406 260.2305908203125
16.801979064941406 260.2305908203125
16.801979064941406 260.2305908203125
16.801979064941406 260.2305908203125
16.801979064941406 260.2305908203125
16.801979064941406 260.2305908203125
16.801979064941406 260.2305908203125
16.801979064941406 260.2305908203125
16.801979064941406 260.2305908203125
16.801979064941406 260.2305908203125
16.801979064941406 260.2305908203125
16.801979064941406 260.2305908203125
16.801979064941406 260.2305908203125
16.801979064941406 260.2305908203125
16.801979064941406 260.2305908203125
16.801979064941406 260.2305908203125
16.801979064941406 260.2305908203125
16.801979064941406 260.2305908203125
16.801979064941406 260.2305908203125
16.801979064941406 260.2305908203125
16.801979064941406 260.2305908203125
16.801979064941406 260.2305908203125
16.801979064941406 260.2305908203125
16.801979064941406 260.2305908203125
16.801979064941406 260.2305908203125
16.801979064941406 260.2305908203125
16.801979064941406 260.2305908203125
16.801979064941406 260.2305908203125
16.801979064941406 260.2305908203125
16.801979064941406 260.2305908203125
16.801979064941406 260.2305908203125
16.801979064941406 260.2305908203125
16.801979064941406 260.2305908203125
16.801979064941406 260.2305908203125
16.801979064941406 260.2305908203125
16.801979064941406 260.2305908203125
16.801979064941406 260.2305908203125
16.801979064941406 260.2305908203125
16.801979064941406 260.2305908203125
16.801979064941406 260.2305908203125
16.801979064941406 260.2305908203125
16.801979064941406 260.2305908203125
16.801979064941406 260.2305908203125
16.801979064941406 260.2305908203125
16.801979064941406 260.2305908203125
16.801979064941406 260.2305908203125
16.801979064941406 260.2305908203125
16.801979064941406 260.2305908203125
16.801979064941406 260.2305908203125
16.801979064941406 260.2305908203125
16.801979064941406 260.2305908203125
16.801979064941406 260.2305908203125
16.801979064941406 260.2305908203125
16.801979064941406 260.2305908203125
16.801979064941406 260.2305908203125
16.801979064941406 260.2305908203125
16.801979064941406 260.2305908203125
16.801979064941406 260.2305908203125
16.801979064941406 260.2305908203125
16.801979064941406 260.2305908203125
16.801979064941406 260.2305908203125
16.801979064941406 260.2305908203125
16.801979064941406 260.2305908203125
16.801979064941406 260.2305908203125
16.801979064941406 260.2305908203125
16.801979064941406 260.2305908203125
16.801979064941406 260.2305908203125
16.801979064941406 260.2305908203125
16.801979064941406 260.2305908203125
16.801979064941406 260.2305908203125
16.801979064941406 260.2305908203125
16.801979064941406 260.2305908203125
16.801979064941406 260.2305908203125
16.801979064941406 260.2305908203125
16.801979064941406 260.2305908203125
16.801979064941406 260.2305908203125
16.801979064941406 260.2305908203125
16.801979064941406 260.2305908203125
16.801979064941406 260.2305908203125
16.801979064941406 260.2305908203125
16.801979064941406 260.2305908203125
16.801979064941406 260.2305908203125
16.801979064941406 260.2305908203125
16.801979064941406 260.2305908203125
16.801979064941406 260.2305908203125
16.801979064941406 260.2305908203125
16.801979064941406 260.2305908203125
16.801979064941406 260.2305908203125
16.801979064941406 260.2305908203125
16.801979064941406 260.2305908203125
16.801979064941406 260.2305908203125
16.801979064941406 260.2305908203125
16.801979064941406 260.2305908203125
16.801979064941406 260.2305908203125
16.801979064941406 260.2305908203125
16.801979064941406 260.2305908203125
16.801979064941406 260.2305908203125
16.801979064941406 260.2305908203125
16.801979064941406 260.2305908203125
16.801979064941406 260.2305908203125
16.801979064941406 260.2305908203125
16.801979064941406 260.2305908203125
16.801979064941406 260.2305908203125
16.801979064941406 260.2305908203125
16.801979064941406 260.2305908203125
16.801979064941406 260.2305908203125
16.801979064941406 260.2305908203125
16.801979064941406 260.2305908203125
16.801979064941406 260.2305908203125
16.801979064941406 260.2305908203125
16.801979064941406 260.2305908203125
16.801979064941406 260.2305908203125
16.801979064941406 260.2305908203125
16.801979064941406 260.2305908203125
16.801979064941406 260.2305908203125
16.801979064941406 260.2305908203125
16.801979064941406 260.2305908203125
16.801979064941406 260.2305908203125
16.801979064941406 260.2305908203125
16.801979064941406 260.2305908203125
16.801979064941406 260.2305908203125
16.801979064941406 260.2305908203125
16.801979064941406 260.2305908203125
16.801979064941406 260.2305908203125
16.801979064941406 260.2305908203125
16.801979064941406 260.2305908203125
16.801979064941406 260.2305908203125
16.801979064941406 260.2305908203125
16.801979064941406 260.2305908203125
16.801979064941406 260.2305908203125
16.801979064941406 260.2305908203125
16.801979064941406 260.2305908203125
16.801979064941406 260.2305908203125
16.801979064941406 260.2305908203125
16.801979064941406 260.2305908203125
16.801979064941406 260.2305908203125
16.801979064941406 260.2305908203125
16.801979064941406 260.2305908203125
16.801979064941406 260.2305908203125
16.801979064941406 260.2305908203125
16.801979064941406 260.2305908203125
16.801979064941406 260.2305908203125
16.801979064941406 260.2305908203125
16.801979064941406 260.2305908203125
16.801979064941406 260.2305908203125
16.801979064941406 260.2305908203125
16.801979064941406 260.2305908203125
16.801979064941406 260.2305908203125
16.801979064941406 260.2305908203125
16.801979064941406 260.2305908203125
16.801979064941406 260.2305908203125
16.801979064941406 260.2305908203125
16.801979064941406 260.2305908203125
16.801979064941406 260.2305908203125
16.801979064941406 260.2305908203125
16.801979064941406 260.2305908203125
16.801979064941406 260.2305908203125
16.801979064941406 260.2305908203125
16.801979064941406 260.2305908203125
16.801979064941406 260.2305908203125
16.801979064941406 260.2305908203125
16.801979064941406 260.2305908203125
16.801979064941406 260.2305908203125
16.801979064941406 260.2305908203125
16.801979064941406 260.2305908203125
16.801979064941406 260.2305908203125
16.801979064941406 260.2305908203125
16.801979064941406 260.2305908203125
16.801979064941406 260.2305908203125
16.801979064941406 260.2305908203125
16.801979064941406 260.2305908203125
16.801979064941406 260.2305908203125
16.801979064941406 260.2305908203125
16.801979064941406 260.2305908203125
16.801979064941406 260.2305908203125
16.801979064941406 260.2305908203125
16.801979064941406 260.2305908203125
16.801979064941406 260.2305908203125
16.801979064941406 260.2305908203125
16.801979064941406 260.2305908203125
16.801979064941406 260.2305908203125
16.801979064941406 260.2305908203125
16.801979064941406 260.2305908203125
16.801979064941406 260.2305908203125
16.801979064941406 260.2305908203125
16.801979064941406 260.2305908203125
16.801979064941406 260.2305908203125
16.801979064941406 260.2305908203125
16.801979064941406 260.2305908203125
16.801979064941406 260.2305908203125
16.801979064941406 260.2305908203125
16.801979064941406 260.2305908203125
16.801979064941406 260.2305908203125
16.801979064941406 260.2305908203125
16.801979064941406 260.2305908203125
16.801979064941406 260.2305908203125
16.801979064941406 260.2305908203125
16.801979064941406 260.2305908203125
16.801979064941406 260.2305908203125
16.801979064941406 260.2305908203125
16.801979064941406 260.2305908203125
16.801979064941406 260.2305908203125
16.801979064941406 260.2305908203125
16.801979064941406 260.2305908203125
16.801979064941406 260.2305908203125
16.801979064941406 260.2305908203125
16.801979064941406 260.2305908203125
16.801979064941406 260.2305908203125
16.801979064941406 260.2305908203125
16.801979064941406 260.2305908203125
16.801979064941406 260.2305908203125
16.801979064941406 260.2305908203125
16.801979064941406 260.2305908203125
16.801979064941406 260.2305908203125
16.801979064941406 260.2305908203125
16.801979064941406 260.2305908203125
16.801979064941406 260.2305908203125
16.801979064941406 260.2305908203125
16.801979064941406 260.2305908203125
16.801979064941406 260.2305908203125
16.801979064941406 260.2305908203125
16.801979064941406 260.2305908203125
16.801979064941406 260.2305908203125
16.801979064941406 260.2305908203125
16.801979064941406 260.2305908203125
16.801979064941406 260.2305908203125
16.801979064941406 260.2305908203125
16.801979064941406 260.2305908203125
16.801979064941406 260.2305908203125
16.801979064941406 260.2305908203125
16.801979064941406 260.2305908203125
16.801979064941406 260.2305908203125
16.801979064941406 260.2305908203125
16.801979064941406 260.2305908203125
16.801979064941406 260.2305908203125
16.801979064941406 260.2305908203125
16.801979064941406 260.2305908203125
16.801979064941406 260.2305908203125
16.801979064941406 260.2305908203125
16.801979064941406 260.2305908203125
16.801979064941406 260.2305908203125
16.801979064941406 260.2305908203125
16.801979064941406 260.2305908203125
16.801979064941406 260.2305908203125
16.801979064941406 260.2305908203125
16.801979064941406 260.2305908203125
16.801979064941406 260.2305908203125
16.801979064941406 260.2305908203125
16.801979064941406 260.2305908203125
16.801979064941406 260.2305908203125
16.801979064941406 260.2305908203125
16.801979064941406 260.2305908203125
16.801979064941406 260.2305908203125
16.801979064941406 260.2305908203125
16.801979064941406 260.2305908203125
16.801979064941406 260.2305908203125
16.801979064941406 260.2305908203125
16.801979064941406 260.2305908203125
16.801979064941406 260.2305908203125
16.801979064941406 260.2305908203125
16.801979064941406 260.2305908203125
16.801979064941406 260.2305908203125
16.801979064941406 260.2305908203125
16.801979064941406 260.2305908203125
16.801979064941406 260.2305908203125
16.801979064941406 260.2305908203125
16.801979064941406 260.2305908203125
16.801979064941406 260.2305908203125
16.801979064941406 260.2305908203125
16.801979064941406 260.2305908203125
16.801979064941406 260.2305908203125
16.801979064941406 260.2305908203125
16.801979064941406 260.2305908203125
16.801979064941406 260.2305908203125
16.801979064941406 260.2305908203125
16.801979064941406 260.2305908203125
16.801979064941406 260.2305908203125
16.801979064941406 260.2305908203125
16.801979064941406 260.2305908203125
16.801979064941406 260.2305908203125
16.801979064941406 260.2305908203125
16.801979064941406 260.2305908203125
16.801979064941406 260.2305908203125
16.801979064941406 260.2305908203125
16.801979064941406 260.2305908203125
16.801979064941406 260.2305908203125
16.801979064941406 260.2305908203125
16.801979064941406 260.2305908203125
16.801979064941406 260.2305908203125
16.801979064941406 260.2305908203125
16.801979064941406 260.2305908203125
16.801979064941406 260.2305908203125
16.801979064941406 260.2305908203125
16.801979064941406 260.2305908203125
16.801979064941406 260.2305908203125
16.801979064941406 260.2305908203125
16.801979064941406 260.2305908203125
16.801979064941406 260.2305908203125
16.801979064941406 260.2305908203125
16.801979064941406 260.2305908203125
16.801979064941406 260.2305908203125
16.801979064941406 260.2305908203125
16.801979064941406 260.2305908203125
16.801979064941406 260.2305908203125
16.801979064941406 260.2305908203125
16.801979064941406 260.2305908203125
16.801979064941406 260.2305908203125
16.801979064941406 260.2305908203125
16.801979064941406 260.2305908203125
16.801979064941406 260.2305908203125
16.801979064941406 260.2305908203125
16.801979064941406 260.2305908203125
16.801979064941406 260.2305908203125
16.801979064941406 260.2305908203125
16.801979064941406 260.2305908203125
16.801979064941406 260.2305908203125
16.801979064941406 260.2305908203125
16.801979064941406 260.2305908203125
16.801979064941406 260.2305908203125
16.801979064941406 260.2305908203125
16.801979064941406 260.2305908203125
16.801979064941406 260.2305908203125
16.801979064941406 260.2305908203125
16.801979064941406 260.2305908203125
16.801979064941406 260.2305908203125
16.801979064941406 260.2305908203125
16.801979064941406 260.2305908203125
16.801979064941406 260.2305908203125
16.801979064941406 260.2305908203125
16.801979064941406 260.2305908203125
16.801979064941406 260.2305908203125
16.801979064941406 260.2305908203125
16.801979064941406 260.2305908203125
16.801979064941406 260.2305908203125
16.801979064941406 260.2305908203125
16.801979064941406 260.2305908203125
16.801979064941406 260.2305908203125
16.801979064941406 260.2305908203125
16.801979064941406 260.2305908203125
16.801979064941406 260.2305908203125
16.801979064941406 260.2305908203125
16.801979064941406 260.2305908203125
16.801979064941406 260.2305908203125
16.801979064941406 260.2305908203125
16.801979064941406 260.2305908203125
16.801979064941406 260.2305908203125
16.801979064941406 260.2305908203125
16.801979064941406 260.2305908203125
16.801979064941406 260.2305908203125
16.801979064941406 260.2305908203125
16.801979064941406 260.2305908203125
16.801979064941406 260.2305908203125
16.801979064941406 260.2305908203125
16.801979064941406 260.2305908203125
16.801979064941406 260.2305908203125
16.801979064941406 260.2305908203125
16.801979064941406 260.2305908203125
16.801979064941406 260.2305908203125
16.801979064941406 260.2305908203125
16.801979064941406 260.2305908203125
16.801979064941406 260.2305908203125
16.801979064941406 260.2305908203125
16.801979064941406 260.2305908203125
16.801979064941406 260.2305908203125
16.801979064941406 260.2305908203125
16.801979064941406 260.2305908203125
16.801979064941406 260.2305908203125
16.801979064941406 260.2305908203125
16.801979064941406 260.2305908203125
16.801979064941406 260.2305908203125
16.801979064941406 260.2305908203125
16.801979064941406 260.2305908203125
16.801979064941406 260.2305908203125
16.801979064941406 260.2305908203125
16.801979064941406 260.2305908203125
16.801979064941406 260.2305908203125
16.801979064941406 260.2305908203125
16.801979064941406 260.2305908203125
16.801979064941406 260.2305908203125
16.801979064941406 260.2305908203125
16.801979064941406 260.2305908203125
16.801979064941406 260.2305908203125
16.801979064941406 260.2305908203125
16.801979064941406 260.2305908203125
16.801979064941406 260.2305908203125
16.801979064941406 260.2305908203125
16.801979064941406 260.2305908203125
16.801979064941406 260.2305908203125
16.801979064941406 260.2305908203125
16.801979064941406 260.2305908203125
16.801979064941406 260.2305908203125
16.801979064941406 260.2305908203125
16.801979064941406 260.2305908203125
16.801979064941406 260.2305908203125
16.801979064941406 260.2305908203125
16.801979064941406 260.2305908203125
16.801979064941406 260.2305908203125
16.801979064941406 260.2305908203125
16.801979064941406 260.2305908203125
16.801979064941406 260.2305908203125
16.801979064941406 260.2305908203125
16.801979064941406 260.2305908203125
16.801979064941406 260.2305908203125
16.801979064941406 260.2305908203125
16.801979064941406 260.2305908203125
16.801979064941406 260.2305908203125
16.801979064941406 260.2305908203125
16.801979064941406 260.2305908203125
16.801979064941406 260.2305908203125
16.801979064941406 260.2305908203125
16.801979064941406 260.2305908203125
16.801979064941406 260.2305908203125
16.801979064941406 260.2305908203125
16.801979064941406 260.2305908203125
16.801979064941406 260.2305908203125
16.801979064941406 260.2305908203125
16.801979064941406 260.2305908203125
16.801979064941406 260.2305908203125
16.801979064941406 260.2305908203125
16.801979064941406 260.2305908203125
16.801979064941406 260.2305908203125
16.801979064941406 260.2305908203125
16.801979064941406 260.2305908203125
16.801979064941406 260.2305908203125
16.801979064941406 260.2305908203125
16.801979064941406 260.2305908203125
16.801979064941406 260.2305908203125
16.801979064941406 260.2305908203125
16.801979064941406 260.2305908203125
16.801979064941406 260.2305908203125
16.801979064941406 260.2305908203125
16.801979064941406 260.2305908203125
16.801979064941406 260.2305908203125
16.801979064941406 260.2305908203125
16.801979064941406 260.2305908203125
16.801979064941406 260.2305908203125
16.801979064941406 260.2305908203125
16.801979064941406 260.2305908203125
16.801979064941406 260.2305908203125
16.801979064941406 260.2305908203125
16.801979064941406 260.2305908203125
16.801979064941406 260.2305908203125
16.801979064941406 260.2305908203125
16.801979064941406 260.2305908203125
16.801979064941406 260.2305908203125
16.801979064941406 260.2305908203125
16.801979064941406 260.2305908203125
16.801979064941406 260.2305908203125
16.801979064941406 260.2305908203125
16.801979064941406 260.2305908203125
16.801979064941406 260.2305908203125
16.801979064941406 260.2305908203125
16.801979064941406 260.2305908203125
16.801979064941406 260.2305908203125
16.801979064941406 260.2305908203125
16.801979064941406 260.2305908203125
16.801979064941406 260.2305908203125
16.801979064941406 260.2305908203125
16.801979064941406 260.2305908203125
16.801979064941406 260.2305908203125
16.801979064941406 260.2305908203125
16.801979064941406 260.2305908203125
16.801979064941406 260.2305908203125
16.801979064941406 260.2305908203125
16.801979064941406 260.2305908203125
16.801979064941406 260.2305908203125
16.801979064941406 260.2305908203125
16.801979064941406 260.2305908203125
16.801979064941406 260.2305908203125
16.801979064941406 260.2305908203125
16.801979064941406 260.2305908203125
16.801979064941406 260.2305908203125
16.801979064941406 260.2305908203125
16.801979064941406 260.2305908203125
16.801979064941406 260.2305908203125
16.801979064941406 260.2305908203125
16.801979064941406 260.2305908203125
16.801979064941406 260.2305908203125
16.801979064941406 260.2305908203125
16.801979064941406 260.2305908203125
16.801979064941406 260.2305908203125
16.801979064941406 260.2305908203125
16.801979064941406 260.2305908203125
16.801979064941406 260.2305908203125
16.801979064941406 260.2305908203125
16.801979064941406 260.2305908203125
16.801979064941406 260.2305908203125
16.801979064941406 260.2305908203125
16.801979064941406 260.2305908203125
16.801979064941406 260.2305908203125
16.801979064941406 260.2305908203125
16.801979064941406 260.2305908203125
16.801979064941406 260.2305908203125
16.801979064941406 260.2305908203125
16.801979064941406 260.2305908203125
16.801979064941406 260.2305908203125
16.801979064941406 260.2305908203125
16.801979064941406 260.2305908203125
16.801979064941406 260.2305908203125
16.801979064941406 260.2305908203125
16.801979064941406 260.2305908203125
16.801979064941406 260.2305908203125
16.801979064941406 260.2305908203125
16.801979064941406 260.2305908203125
16.801979064941406 260.2305908203125
16.801979064941406 260.2305908203125
16.801979064941406 260.2305908203125
16.801979064941406 260.2305908203125
16.801979064941406 260.2305908203125
16.801979064941406 260.2305908203125
16.801979064941406 260.2305908203125
16.801979064941406 260.2305908203125
16.801979064941406 260.2305908203125
16.801979064941406 260.2305908203125
16.801979064941406 260.2305908203125
16.801979064941406 260.2305908203125
16.801979064941406 260.2305908203125
16.801979064941406 260.2305908203125
16.801979064941406 260.2305908203125
16.801979064941406 260.2305908203125
16.801979064941406 260.2305908203125
16.801979064941406 260.2305908203125
16.801979064941406 260.2305908203125
16.801979064941406 260.2305908203125
16.801979064941406 260.2305908203125
16.801979064941406 260.2305908203125
16.801979064941406 260.2305908203125
16.801979064941406 260.2305908203125
16.801979064941406 260.2305908203125
16.801979064941406 260.2305908203125
16.801979064941406 260.2305908203125
16.801979064941406 260.2305908203125
16.801979064941406 260.2305908203125
16.801979064941406 260.2305908203125
16.801979064941406 260.2305908203125
16.801979064941406 260.2305908203125
16.801979064941406 260.2305908203125
16.801979064941406 260.2305908203125
16.801979064941406 260.2305908203125
16.801979064941406 260.2305908203125
16.801979064941406 260.2305908203125
16.801979064941406 260.2305908203125
16.801979064941406 260.2305908203125
16.801979064941406 260.2305908203125
16.801979064941406 260.2305908203125
16.801979064941406 260.2305908203125
16.801979064941406 260.2305908203125
16.801979064941406 260.2305908203125
16.801979064941406 260.2305908203125
16.801979064941406 260.2305908203125
16.801979064941406 260.2305908203125
16.801979064941406 260.2305908203125
16.801979064941406 260.2305908203125
16.801979064941406 260.2305908203125
16.801979064941406 260.2305908203125
16.801979064941406 260.2305908203125
16.801979064941406 260.2305908203125
16.801979064941406 260.2305908203125
16.801979064941406 260.2305908203125
16.801979064941406 260.2305908203125
16.801979064941406 260.2305908203125
16.801979064941406 260.2305908203125
16.801979064941406 260.2305908203125
16.801979064941406 260.2305908203125
16.801979064941406 260.2305908203125
16.801979064941406 260.2305908203125
16.801979064941406 260.2305908203125
16.801979064941406 260.2305908203125
16.801979064941406 260.2305908203125
16.801979064941406 260.2305908203125
16.801979064941406 260.2305908203125
16.801979064941406 260.2305908203125
16.801979064941406 260.2305908203125
16.801979064941406 260.2305908203125
16.801979064941406 260.2305908203125
16.801979064941406 260.2305908203125
16.801979064941406 260.2305908203125
16.801979064941406 260.2305908203125
16.801979064941406 260.2305908203125
16.801979064941406 260.2305908203125
16.801979064941406 260.2305908203125
16.801979064941406 260.2305908203125
16.801979064941406 260.2305908203125
16.801979064941406 260.2305908203125
16.801979064941406 260.2305908203125
16.801979064941406 260.2305908203125
16.801979064941406 260.2305908203125
16.801979064941406 260.2305908203125
16.801979064941406 260.2305908203125
16.801979064941406 260.2305908203125
16.801979064941406 260.2305908203125
16.801979064941406 260.2305908203125
16.801979064941406 260.2305908203125
16.801979064941406 260.2305908203125
16.801979064941406 260.2305908203125
16.801979064941406 260.2305908203125
16.801979064941406 260.2305908203125
16.801979064941406 260.2305908203125
16.801979064941406 260.2305908203125
16.801979064941406 260.2305908203125
16.801979064941406 260.2305908203125
16.801979064941406 260.2305908203125
16.801979064941406 260.2305908203125
16.801979064941406 260.2305908203125
16.801979064941406 260.2305908203125
16.801979064941406 260.2305908203125
16.801979064941406 260.2305908203125
16.801979064941406 260.2305908203125
16.801979064941406 260.2305908203125
16.801979064941406 260.2305908203125
16.801979064941406 260.2305908203125
16.801979064941406 260.2305908203125
16.801979064941406 260.2305908203125
16.801979064941406 260.2305908203125
16.801979064941406 260.2305908203125
16.801979064941406 260.2305908203125
16.801979064941406 260.2305908203125
16.801979064941406 260.2305908203125
16.801979064941406 260.2305908203125
16.801979064941406 260.2305908203125
16.801979064941406 260.2305908203125
16.801979064941406 260.2305908203125
16.801979064941406 260.2305908203125
16.801979064941406 260.2305908203125
16.801979064941406 260.2305908203125
16.801979064941406 260.2305908203125
16.801979064941406 260.2305908203125
16.801979064941406 260.2305908203125
16.801979064941406 260.2305908203125
16.801979064941406 260.2305908203125
16.801979064941406 260.2305908203125
16.801979064941406 260.2305908203125
16.801979064941406 260.2305908203125
16.801979064941406 260.2305908203125
16.801979064941406 260.2305908203125
16.801979064941406 260.2305908203125
16.801979064941406 260.2305908203125
16.801979064941406 260.2305908203125
16.801979064941406 260.2305908203125
16.801979064941406 260.2305908203125
16.801979064941406 260.2305908203125
16.801979064941406 260.2305908203125
16.801979064941406 260.2305908203125
16.801979064941406 260.2305908203125
16.801979064941406 260.2305908203125
16.801979064941406 260.2305908203125
16.801979064941406 260.2305908203125
16.801979064941406 260.2305908203125
16.801979064941406 260.2305908203125
16.801979064941406 260.2305908203125
16.801979064941406 260.2305908203125
16.801979064941406 260.2305908203125
16.801979064941406 260.2305908203125
16.801979064941406 260.2305908203125
16.801979064941406 260.2305908203125
16.801979064941406 260.2305908203125
16.801979064941406 260.2305908203125
16.801979064941406 260.2305908203125
16.801979064941406 260.2305908203125
16.801979064941406 260.2305908203125
16.801979064941406 260.2305908203125
16.801979064941406 260.2305908203125
16.801979064941406 260.2305908203125
16.801979064941406 260.2305908203125
16.801979064941406 260.2305908203125
16.801979064941406 260.2305908203125
16.801979064941406 260.2305908203125
16.801979064941406 260.2305908203125
16.801979064941406 260.2305908203125
16.801979064941406 260.2305908203125
16.801979064941406 260.2305908203125
16.801979064941406 260.2305908203125
16.801979064941406 260.2305908203125
16.801979064941406 260.2305908203125
16.801979064941406 260.2305908203125
16.801979064941406 260.2305908203125
16.801979064941406 260.2305908203125
16.801979064941406 260.2305908203125
16.801979064941406 260.2305908203125
16.801979064941406 260.2305908203125
16.801979064941406 260.2305908203125
16.801979064941406 260.2305908203125
16.801979064941406 260.2305908203125
16.801979064941406 260.2305908203125
16.801979064941406 260.2305908203125
16.801979064941406 260.2305908203125
16.801979064941406 260.2305908203125
16.801979064941406 260.2305908203125
16.801979064941406 260.2305908203125
16.801979064941406 260.2305908203125
16.801979064941406 260.2305908203125
16.801979064941406 260.2305908203125
16.801979064941406 260.2305908203125
16.801979064941406 260.2305908203125
16.801979064941406 260.2305908203125
16.801979064941406 260.2305908203125
16.801979064941406 260.2305908203125
16.801979064941406 260.2305908203125
16.801979064941406 260.2305908203125
16.801979064941406 260.2305908203125
16.801979064941406 260.2305908203125
16.801979064941406 260.2305908203125
16.801979064941406 260.2305908203125
16.801979064941406 260.2305908203125
16.801979064941406 260.2305908203125
16.801979064941406 260.2305908203125
16.801979064941406 260.2305908203125
16.801979064941406 260.2305908203125
16.801979064941406 260.2305908203125
16.801979064941406 260.2305908203125
16.801979064941406 260.2305908203125
16.801979064941406 260.2305908203125
16.801979064941406 260.2305908203125
16.801979064941406 260.2305908203125
16.801979064941406 260.2305908203125
16.801979064941406 260.2305908203125
16.801979064941406 260.2305908203125
16.801979064941406 260.2305908203125
16.801979064941406 260.2305908203125
16.801979064941406 260.2305908203125
16.801979064941406 260.2305908203125
16.801979064941406 260.2305908203125
16.801979064941406 260.2305908203125
16.801979064941406 260.2305908203125
16.801979064941406 260.2305908203125
16.801979064941406 260.2305908203125
16.801979064941406 260.2305908203125
16.801979064941406 260.2305908203125
16.801979064941406 260.2305908203125
16.801979064941406 260.2305908203125
16.801979064941406 260.2305908203125
16.801979064941406 260.2305908203125
16.801979064941406 260.2305908203125
16.801979064941406 260.2305908203125
16.801979064941406 260.2305908203125
16.801979064941406 260.2305908203125
16.801979064941406 260.2305908203125
16.801979064941406 260.2305908203125
16.801979064941406 260.2305908203125
16.801979064941406 260.2305908203125
16.801979064941406 260.2305908203125
16.801979064941406 260.2305908203125
16.801979064941406 260.2305908203125
16.801979064941406 260.2305908203125
16.801979064941406 260.2305908203125
16.801979064941406 260.2305908203125
16.801979064941406 260.2305908203125
16.801979064941406 260.2305908203125
16.801979064941406 260.2305908203125
16.801979064941406 260.2305908203125
16.801979064941406 260.2305908203125
16.801979064941406 260.2305908203125
16.801979064941406 260.2305908203125
16.801979064941406 260.2305908203125
16.801979064941406 260.2305908203125
16.801979064941406 260.2305908203125
16.801979064941406 260.2305908203125
16.801979064941406 260.2305908203125
16.801979064941406 260.2305908203125
16.801979064941406 260.2305908203125
16.801979064941406 260.2305908203125
16.801979064941406 260.2305908203125
16.801979064941406 260.2305908203125
16.801979064941406 260.2305908203125
16.801979064941406 260.2305908203125
16.801979064941406 260.2305908203125
16.801979064941406 260.2305908203125
16.801979064941406 260.2305908203125
16.801979064941406 260.2305908203125
16.801979064941406 260.2305908203125
16.801979064941406 260.2305908203125
16.801979064941406 260.2305908203125
16.801979064941406 260.2305908203125
16.801979064941406 260.2305908203125
16.801979064941406 260.2305908203125
16.801979064941406 260.2305908203125
16.801979064941406 260.2305908203125
16.801979064941406 260.2305908203125
16.801979064941406 260.2305908203125
16.801979064941406 260.2305908203125
16.801979064941406 260.2305908203125
16.801979064941406 260.2305908203125
16.801979064941406 260.2305908203125
16.801979064941406 260.2305908203125
16.801979064941406 260.2305908203125
16.801979064941406 260.2305908203125
16.801979064941406 260.2305908203125
16.801979064941406 260.2305908203125
16.801979064941406 260.2305908203125
16.801979064941406 260.2305908203125
16.801979064941406 260.2305908203125
16.801979064941406 260.2305908203125
16.801979064941406 260.2305908203125
16.801979064941406 260.2305908203125
16.801979064941406 260.2305908203125
16.801979064941406 260.2305908203125
16.801979064941406 260.2305908203125
16.801979064941406 260.2305908203125
16.801979064941406 260.2305908203125
16.801979064941406 260.2305908203125
16.801979064941406 260.2305908203125
16.801979064941406 260.2305908203125
16.801979064941406 260.2305908203125
16.801979064941406 260.2305908203125
16.801979064941406 260.2305908203125
16.801979064941406 260.2305908203125
16.801979064941406 260.2305908203125
16.801979064941406 260.2305908203125
16.801979064941406 260.2305908203125
16.801979064941406 260.2305908203125
16.801979064941406 260.2305908203125
16.801979064941406 260.2305908203125
16.801979064941406 260.2305908203125
16.801979064941406 260.2305908203125
16.801979064941406 260.2305908203125
16.801979064941406 260.2305908203125
16.801979064941406 260.2305908203125
16.801979064941406 260.2305908203125
16.801979064941406 260.2305908203125
16.801979064941406 260.2305908203125
16.801979064941406 260.2305908203125
16.801979064941406 260.2305908203125
16.801979064941406 260.2305908203125
16.801979064941406 260.2305908203125
16.801979064941406 260.2305908203125
16.801979064941406 260.2305908203125
16.801979064941406 260.2305908203125
16.801979064941406 260.2305908203125
16.801979064941406 260.2305908203125
16.801979064941406 260.2305908203125
16.801979064941406 260.2305908203125
16.801979064941406 260.2305908203125
16.801979064941406 260.2305908203125
16.801979064941406 260.2305908203125
16.801979064941406 260.2305908203125
16.801979064941406 260.2305908203125
16.801979064941406 260.2305908203125
16.801979064941406 260.2305908203125
16.801979064941406 260.2305908203125
16.801979064941406 260.2305908203125
16.801979064941406 260.2305908203125
16.801979064941406 260.2305908203125
16.801979064941406 260.2305908203125
16.801979064941406 260.2305908203125
16.801979064941406 260.2305908203125
16.801979064941406 260.2305908203125
16.801979064941406 260.2305908203125
16.801979064941406 260.2305908203125
16.801979064941406 260.2305908203125
16.801979064941406 260.2305908203125
16.801979064941406 260.2305908203125
16.801979064941406 260.2305908203125
16.801979064941406 260.2305908203125
16.801979064941406 260.2305908203125
16.801979064941406 260.2305908203125
16.801979064941406 260.2305908203125
16.801979064941406 260.2305908203125
16.801979064941406 260.2305908203125
16.801979064941406 260.2305908203125
16.801979064941406 260.2305908203125
16.801979064941406 260.2305908203125
16.801979064941406 260.2305908203125
16.801979064941406 260.2305908203125
16.801979064941406 260.2305908203125
16.801979064941406 260.2305908203125
16.801979064941406 260.2305908203125
16.801979064941406 260.2305908203125
16.801979064941406 260.2305908203125
16.801979064941406 260.2305908203125
16.801979064941406 260.2305908203125
16.801979064941406 260.2305908203125
16.801979064941406 260.2305908203125
16.801979064941406 260.2305908203125
16.801979064941406 260.2305908203125
16.801979064941406 260.2305908203125
16.801979064941406 260.2305908203125
16.801979064941406 260.2305908203125
16.801979064941406 260.2305908203125
16.801979064941406 260.2305908203125
16.801979064941406 260.2305908203125
16.801979064941406 260.2305908203125
16.801979064941406 260.2305908203125
16.801979064941406 260.2305908203125
16.801979064941406 260.2305908203125
16.801979064941406 260.2305908203125
16.801979064941406 260.2305908203125
16.801979064941406 260.2305908203125
16.801979064941406 260.2305908203125
16.801979064941406 260.2305908203125
16.801979064941406 260.2305908203125
16.801979064941406 260.2305908203125
16.801979064941406 260.2305908203125
16.801979064941406 260.2305908203125
16.801979064941406 260.2305908203125
16.801979064941406 260.2305908203125
16.801979064941406 260.2305908203125
16.801979064941406 260.2305908203125
16.801979064941406 260.2305908203125
16.801979064941406 260.2305908203125
16.801979064941406 260.2305908203125
16.801979064941406 260.2305908203125
16.801979064941406 260.2305908203125
16.801979064941406 260.2305908203125
16.801979064941406 260.2305908203125
16.801979064941406 260.2305908203125
16.801979064941406 260.2305908203125
16.801979064941406 260.2305908203125
16.801979064941406 260.2305908203125
16.801979064941406 260.2305908203125
16.801979064941406 260.2305908203125
16.801979064941406 260.2305908203125
16.801979064941406 260.2305908203125
16.801979064941406 260.2305908203125
16.801979064941406 260.2305908203125
16.801979064941406 260.2305908203125
16.801979064941406 260.2305908203125
16.801979064941406 260.2305908203125
16.801979064941406 260.2305908203125
16.801979064941406 260.2305908203125
16.801979064941406 260.2305908203125
16.801979064941406 260.2305908203125
16.801979064941406 260.2305908203125
16.801979064941406 260.2305908203125
16.801979064941406 260.2305908203125
16.801979064941406 260.2305908203125
16.801979064941406 260.2305908203125
16.801979064941406 260.2305908203125
16.801979064941406 260.2305908203125
16.801979064941406 260.2305908203125
16.801979064941406 260.2305908203125
16.801979064941406 260.2305908203125
16.801979064941406 260.2305908203125
16.801979064941406 260.2305908203125
16.801979064941406 260.2305908203125
16.801979064941406 260.2305908203125
16.801979064941406 260.2305908203125
16.801979064941406 260.2305908203125
16.801979064941406 260.2305908203125
16.801979064941406 260.2305908203125
16.801979064941406 260.2305908203125
16.801979064941406 260.2305908203125
16.801979064941406 260.2305908203125
16.801979064941406 260.2305908203125
16.801979064941406 260.2305908203125
16.801979064941406 260.2305908203125
16.801979064941406 260.2305908203125
16.801979064941406 260.2305908203125
16.801979064941406 260.2305908203125
16.801979064941406 260.2305908203125
16.801979064941406 260.2305908203125
16.801979064941406 260.2305908203125
16.801979064941406 260.2305908203125
16.801979064941406 260.2305908203125
16.801979064941406 260.2305908203125
16.801979064941406 260.2305908203125
16.801979064941406 260.2305908203125
16.801979064941406 260.2305908203125
16.801979064941406 260.2305908203125
16.801979064941406 260.2305908203125
16.801979064941406 260.2305908203125
16.801979064941406 260.2305908203125
16.801979064941406 260.2305908203125
16.801979064941406 260.2305908203125
16.801979064941406 260.2305908203125
16.801979064941406 260.2305908203125
16.801979064941406 260.2305908203125
16.801979064941406 260.2305908203125
16.801979064941406 260.2305908203125
16.801979064941406 260.2305908203125
16.801979064941406 260.2305908203125
16.801979064941406 260.2305908203125
16.801979064941406 260.2305908203125
16.801979064941406 260.2305908203125
16.801979064941406 260.2305908203125
16.801979064941406 260.2305908203125
16.801979064941406 260.2305908203125
16.801979064941406 260.2305908203125
16.801979064941406 260.2305908203125
16.801979064941406 260.2305908203125
16.801979064941406 260.2305908203125
16.801979064941406 260.2305908203125
16.801979064941406 260.2305908203125
16.801979064941406 260.2305908203125
16.801979064941406 260.2305908203125
16.801979064941406 260.2305908203125
16.801979064941406 260.2305908203125
16.801979064941406 260.2305908203125
16.801979064941406 260.2305908203125
16.801979064941406 260.2305908203125
16.801979064941406 260.2305908203125
16.801979064941406 260.2305908203125
16.801979064941406 260.2305908203125
16.801979064941406 260.2305908203125
16.801979064941406 260.2305908203125
16.801979064941406 260.2305908203125
16.801979064941406 260.2305908203125
16.801979064941406 260.2305908203125
16.801979064941406 260.2305908203125
16.801979064941406 260.2305908203125
16.801979064941406 260.2305908203125
16.801979064941406 260.2305908203125
16.801979064941406 260.2305908203125
16.801979064941406 260.2305908203125
16.801979064941406 260.2305908203125
16.801979064941406 260.2305908203125
16.801979064941406 260.2305908203125
16.801979064941406 260.2305908203125
16.801979064941406 260.2305908203125
16.801979064941406 260.2305908203125
16.801979064941406 260.2305908203125
16.801979064941406 260.2305908203125
16.801979064941406 260.2305908203125
16.801979064941406 260.2305908203125
16.801979064941406 260.2305908203125
16.801979064941406 260.2305908203125
16.801979064941406 260.2305908203125
16.801979064941406 260.2305908203125
16.801979064941406 260.2305908203125
16.801979064941406 260.2305908203125
16.801979064941406 260.2305908203125
16.801979064941406 260.2305908203125
16.801979064941406 260.2305908203125
16.801979064941406 260.2305908203125
16.801979064941406 260.2305908203125
16.801979064941406 260.2305908203125
16.801979064941406 260.2305908203125
16.801979064941406 260.2305908203125
16.801979064941406 260.2305908203125
16.801979064941406 260.2305908203125
16.801979064941406 260.2305908203125
16.801979064941406 260.2305908203125
16.801979064941406 260.2305908203125
16.801979064941406 260.2305908203125
16.801979064941406 260.2305908203125
16.801979064941406 260.2305908203125
16.801979064941406 260.2305908203125
16.801979064941406 260.2305908203125
16.801979064941406 260.2305908203125
16.801979064941406 260.2305908203125
16.801979064941406 260.2305908203125
16.801979064941406 260.2305908203125
16.801979064941406 260.2305908203125
16.801979064941406 260.2305908203125
16.801979064941406 260.2305908203125
16.801979064941406 260.2305908203125
16.801979064941406 260.2305908203125
16.801979064941406 260.2305908203125
16.801979064941406 260.2305908203125
16.801979064941406 260.2305908203125
16.801979064941406 260.2305908203125
16.801979064941406 260.2305908203125
16.801979064941406 260.2305908203125
16.801979064941406 260.2305908203125
16.801979064941406 260.2305908203125
16.801979064941406 260.2305908203125
16.801979064941406 260.2305908203125
16.801979064941406 260.2305908203125
16.801979064941406 260.2305908203125
16.801979064941406 260.2305908203125
16.801979064941406 260.2305908203125
16.801979064941406 260.2305908203125
16.801979064941406 260.2305908203125
16.801979064941406 260.2305908203125
16.801979064941406 260.2305908203125
16.801979064941406 260.2305908203125
16.801979064941406 260.2305908203125
16.801979064941406 260.2305908203125
16.801979064941406 260.2305908203125
16.801979064941406 260.2305908203125
16.801979064941406 260.2305908203125
16.801979064941406 260.2305908203125
16.801979064941406 260.2305908203125
16.801979064941406 260.2305908203125
16.801979064941406 260.2305908203125
16.801979064941406 260.2305908203125
16.801979064941406 260.2305908203125
16.801979064941406 260.2305908203125
16.801979064941406 260.2305908203125
16.801979064941406 260.2305908203125
16.801979064941406 260.2305908203125
16.801979064941406 260.2305908203125
16.801979064941406 260.2305908203125
16.801979064941406 260.2305908203125
16.801979064941406 260.2305908203125
16.801979064941406 260.2305908203125
16.801979064941406 260.2305908203125
16.801979064941406 260.2305908203125
16.801979064941406 260.2305908203125
16.801979064941406 260.2305908203125
16.801979064941406 260.2305908203125
16.801979064941406 260.2305908203125
16.801979064941406 260.2305908203125
16.801979064941406 260.2305908203125
16.801979064941406 260.2305908203125
16.801979064941406 260.2305908203125
16.801979064941406 260.2305908203125
16.801979064941406 260.2305908203125
16.801979064941406 260.2305908203125
16.801979064941406 260.2305908203125
16.801979064941406 260.2305908203125
16.801979064941406 260.2305908203125
16.801979064941406 260.2305908203125
16.801979064941406 260.2305908203125
16.801979064941406 260.2305908203125
16.801979064941406 260.2305908203125
16.801979064941406 260.2305908203125
16.801979064941406 260.2305908203125
16.801979064941406 260.2305908203125
16.801979064941406 260.2305908203125
16.801979064941406 260.2305908203125
16.801979064941406 260.2305908203125
16.801979064941406 260.2305908203125
16.801979064941406 260.2305908203125
16.801979064941406 260.2305908203125
16.801979064941406 260.2305908203125
16.801979064941406 260.2305908203125
16.801979064941406 260.2305908203125
16.801979064941406 260.2305908203125
16.801979064941406 260.2305908203125
16.801979064941406 260.2305908203125
16.801979064941406 260.2305908203125
16.801979064941406 260.2305908203125
16.801979064941406 260.2305908203125
16.801979064941406 260.2305908203125
16.801979064941406 260.2305908203125
16.801979064941406 260.2305908203125
16.801979064941406 260.2305908203125
16.801979064941406 260.2305908203125
16.801979064941406 260.2305908203125
16.801979064941406 260.2305908203125
16.801979064941406 260.2305908203125
16.801979064941406 260.2305908203125
16.801979064941406 260.2305908203125
16.801979064941406 260.2305908203125
16.801979064941406 260.2305908203125
16.801979064941406 260.2305908203125
16.801979064941406 260.2305908203125
16.801979064941406 260.2305908203125
16.801979064941406 260.2305908203125
16.801979064941406 260.2305908203125
16.801979064941406 260.2305908203125
16.801979064941406 260.2305908203125
16.801979064941406 260.2305908203125
16.801979064941406 260.2305908203125
16.801979064941406 260.2305908203125
16.801979064941406 260.2305908203125
16.801979064941406 260.2305908203125
16.801979064941406 260.2305908203125
16.801979064941406 260.2305908203125
16.801979064941406 260.2305908203125
16.801979064941406 260.2305908203125
16.801979064941406 260.2305908203125
16.801979064941406 260.2305908203125
16.801979064941406 260.2305908203125
16.801979064941406 260.2305908203125
16.801979064941406 260.2305908203125
16.801979064941406 260.2305908203125
16.801979064941406 260.2305908203125
16.801979064941406 260.2305908203125
16.801979064941406 260.2305908203125
16.801979064941406 260.2305908203125
16.801979064941406 260.2305908203125
16.801979064941406 260.2305908203125
16.801979064941406 260.2305908203125
16.801979064941406 260.2305908203125
16.801979064941406 260.2305908203125
16.801979064941406 260.2305908203125
16.801979064941406 260.2305908203125
16.801979064941406 260.2305908203125
16.801979064941406 260.2305908203125
16.801979064941406 260.2305908203125
16.801979064941406 260.2305908203125
16.801979064941406 260.2305908203125
16.801979064941406 260.2305908203125
16.801979064941406 260.2305908203125
16.801979064941406 260.2305908203125
16.801979064941406 260.2305908203125
16.801979064941406 260.2305908203125
16.801979064941406 260.2305908203125
16.801979064941406 260.2305908203125
16.801979064941406 260.2305908203125
16.801979064941406 260.2305908203125
16.801979064941406 260.2305908203125
16.801979064941406 260.2305908203125
16.801979064941406 260.2305908203125
16.801979064941406 260.2305908203125
16.801979064941406 260.2305908203125
16.801979064941406 260.2305908203125
16.801979064941406 260.2305908203125
16.801979064941406 260.2305908203125
16.801979064941406 260.2305908203125
16.801979064941406 260.2305908203125
16.801979064941406 260.2305908203125
16.801979064941406 260.2305908203125
16.801979064941406 260.2305908203125
16.801979064941406 260.2305908203125
16.801979064941406 260.2305908203125
16.801979064941406 260.2305908203125
16.801979064941406 260.2305908203125
16.801979064941406 260.2305908203125
16.801979064941406 260.2305908203125
16.801979064941406 260.2305908203125
16.801979064941406 260.2305908203125
16.801979064941406 260.2305908203125
16.801979064941406 260.2305908203125
16.801979064941406 260.2305908203125
16.801979064941406 260.2305908203125
16.801979064941406 260.2305908203125
16.801979064941406 260.2305908203125
16.801979064941406 260.2305908203125
16.801979064941406 260.2305908203125
16.801979064941406 260.2305908203125
16.801979064941406 260.2305908203125
16.801979064941406 260.2305908203125
16.801979064941406 260.2305908203125
16.801979064941406 260.2305908203125
16.801979064941406 260.2305908203125
16.801979064941406 260.2305908203125
16.801979064941406 260.2305908203125
16.801979064941406 260.2305908203125
16.801979064941406 260.2305908203125
16.801979064941406 260.2305908203125
16.801979064941406 260.2305908203125
16.801979064941406 260.2305908203125
16.801979064941406 260.2305908203125
16.801979064941406 260.2305908203125
16.801979064941406 260.2305908203125
16.801979064941406 260.2305908203125
16.801979064941406 260.2305908203125
16.801979064941406 260.2305908203125
16.801979064941406 260.2305908203125
16.801979064941406 260.2305908203125
16.801979064941406 260.2305908203125
16.801979064941406 260.2305908203125
16.801979064941406 260.2305908203125
16.801979064941406 260.2305908203125
16.801979064941406 260.2305908203125
