60.0 450.0
60.0 450.0
60.0 450.0
60.0 450.0
60.0 450.0
60.0 450.0
60.0 450.0
60.0 450.0
60.0 450.0
60.0 450.0
60.0 450.0
60.0 450.0
59.59718322753906 450.9152526855469
59.194366455078125 451.83050537109375
58.79154586791992 452.7457580566406
58.38872146606445 453.6610107421875
57.985897064208984 454.5762634277344
57.58306884765625 455.49151611328125
57.18023681640625 456.4067687988281
56.77740478515625 457.322021484375
56.374568939208984 458.2372741699219
55.97172927856445 459.15252685546875
55.568885803222656 460.0677795410156
55.16604232788086 460.9830017089844
54.7631950378418 461.8982238769531
54.36034393310547 462.8134460449219
53.95749282836914 463.7286682128906
53.55463790893555 464.6438903808594
53.15177917480469 465.5591125488281
52.74892044067383 466.4743347167969
52.3460578918457 467.3895568847656
51.94319152832031 468.3047790527344
51.54032516479492 469.2200012207031
51.137454986572266 470.1352233886719
50.734580993652344 471.0504455566406
50.33170700073242 471.9656677246094
49.928829193115234 472.8808898925781
49.52594757080078 473.7961120605469
49.12306213378906 474.7113342285156
48.720176696777344 475.6265563964844
48.31728744506836 476.5417785644531
47.91439437866211 477.4570007324219
47.51150131225586 478.3722229003906
47.108604431152344 479.2874450683594
46.70570373535156 480.2026672363281
46.30280303955078 481.1178894042969
45.899898529052734 482.0331115722656
45.49699020385742 482.9483337402344
45.09408187866211 483.8635559082031
44.69116973876953 484.7787780761719
44.28825378417969 485.6939697265625
43.885337829589844 486.6091613769531
43.482418060302734 487.52435302734375
43.07949447631836 488.4395446777344
42.67656707763672 489.354736328125
42.273658752441406 490.2698974609375
42.273651123046875 490.2698974609375
42.273651123046875 490.2698974609375
42.273651123046875 490.2698974609375
42.273651123046875 490.2698974609375
42.273651123046875 490.2698974609375
42.273651123046875 490.2698974609375
42.273651123046875 490.2698974609375
42.273651123046875 490.2698974609375
42.273651123046875 490.2698974609375
42.273651123046875 490.2698974609375
42.273651123046875 490.2698974609375
42.273651123046875 490.2698974609375
42.273651123046875 490.2698974609375
42.273651123046875 490.2698974609375
42.273651123046875 490.2698974609375
42.273651123046875 490.2698974609375
42.273651123046875 490.2698974609375
42.273651123046875 490.2698974609375
42.273651123046875 490.2698974609375
42.273651123046875 490.2698974609375
42.273651123046875 490.2698974609375
42.273651123046875 490.2698974609375
42.273651123046875 490.2698974609375
42.621883392333984 491.050537109375
42.958744049072266 491.8361511230469
43.28416061401367 492.6265563964844
43.59806823730469 493.4216003417969
43.90039825439453 494.22113037109375
44.19108581542969 495.02496337890625
44.470069885253906 495.8329162597656
44.73728942871094 496.64483642578125
44.99269104003906 497.4605712890625
45.23622131347656 498.2799377441406
45.467830657958984 499.1027526855469
45.68746566772461 499.9288330078125
45.89508056640625 500.7580261230469
46.090633392333984 501.5901184082031
46.27408218383789 502.42498779296875
46.44538879394531 503.2624206542969
46.60451889038086 504.1022644042969
46.75143814086914 504.9443359375
46.886112213134766 505.7884521484375
47.008514404296875 506.6344299316406
47.118621826171875 507.4820861816406
47.216407775878906 508.33123779296875
47.30185317993164 509.1817321777344
47.37493896484375 510.03338623046875
47.43564987182617 510.8860168457031
47.48397445678711 511.73944091796875
47.519901275634766 512.5934448242188
47.54342269897461 513.4478759765625
47.554534912109375 514.3025512695312
47.5532341003418 515.1573486328125
47.539520263671875 516.011962890625
47.539520263671875 516.011962890625
47.539520263671875 516.011962890625
47.539520263671875 516.011962890625
47.539520263671875 516.011962890625
47.539520263671875 516.011962890625
47.539520263671875 516.011962890625
47.539520263671875 516.011962890625
47.539520263671875 516.011962890625
47.539520263671875 516.011962890625
47.539520263671875 516.011962890625
47.539520263671875 516.011962890625
47.539520263671875 516.011962890625
47.539520263671875 516.011962890625
47.539520263671875 516.011962890625
47.539520263671875 516.011962890625
47.539520263671875 516.011962890625
47.539520263671875 516.011962890625
47.539520263671875 516.011962890625
47.539520263671875 516.011962890625
47.539520263671875 516.011962890625
47.539520263671875 516.011962890625
47.539520263671875 516.011962890625
47.539520263671875 516.011962890625
47.539520263671875 516.011962890625
47.539520263671875 516.011962890625
47.539520263671875 516.011962890625
47.539520263671875 516.011962890625
47.539520263671875 516.011962890625
47.539520263671875 516.011962890625
47.539520263671875 516.011962890625
47.539520263671875 516.011962890625
47.539520263671875 516.011962890625
47.539520263671875 516.011962890625
47.539520263671875 516.011962890625
47.539520263671875 516.011962890625
47.167015075683594 516.93994140625
46.79450988769531 517.867919921875
46.422000885009766 518.7958984375
46.04948806762695 519.723876953125
45.67697525024414 520.65185546875
45.30445861816406 521.579833984375
44.93193817138672 522.5078125
44.559417724609375 523.435791015625
44.186893463134766 524.36376953125
43.81436538696289 525.291748046875
43.441837310791016 526.2197265625
43.069305419921875 527.147705078125
42.69676971435547 528.07568359375
42.3242301940918 529.003662109375
41.951690673828125 529.931640625
41.951690673828125 529.931640625
41.488365173339844 530.8178100585938
41.0250358581543 531.7039794921875
40.56170654296875 532.5901489257812
40.09837341308594 533.476318359375
39.63503646850586 534.3624877929688
39.17169952392578 535.2486572265625
38.70835876464844 536.1348266601562
38.24501419067383 537.02099609375
37.78166961669922 537.9071655273438
37.318321228027344 538.7933349609375
36.8549690246582 539.6795043945312
36.39161682128906 540.565673828125
35.928260803222656 541.4518432617188
35.464900970458984 542.3379516601562
35.00154113769531 543.2240600585938
34.538177490234375 544.1101684570312
34.07481002807617 544.9962768554688
33.61144256591797 545.8823852539062
33.1480712890625 546.7684936523438
32.684696197509766 547.6546020507812
32.22132110595703 548.5407104492188
31.75794219970703 549.4268188476562
31.2945613861084 550.3129272460938
30.8311767578125 551.1990356445312
30.36779022216797 552.0851440429688
29.904401779174805 552.9712524414062
29.441009521484375 553.8573608398438
28.977615356445312 554.7434692382812
28.514219284057617 555.6295776367188
28.05083465576172 556.5156860351562
27.58742904663086 557.4017944335938
27.124021530151367 558.2879028320312
27.124021530151367 558.2879028320312
26.574462890625 559.1233520507812
26.02490234375 559.9588012695312
25.475339889526367 560.794189453125
24.9257755279541 561.6295776367188
24.37620735168457 562.4649658203125
23.826637268066406 563.3003540039062
23.277063369750977 564.1357421875
22.727487564086914 564.9711303710938
22.17790985107422 565.8065185546875
22.17790985107422 565.8065185546875
22.17790985107422 565.8065185546875
22.17790985107422 565.8065185546875
22.17790985107422 565.8065185546875
22.17790985107422 565.8065185546875
22.17790985107422 565.8065185546875
22.17790985107422 565.8065185546875
22.17790985107422 565.8065185546875
22.17790985107422 565.8065185546875
22.17790985107422 565.8065185546875
22.17790985107422 565.8065185546875
22.17790985107422 565.8065185546875
22.17790985107422 565.8065185546875
22.17790985107422 565.8065185546875
22.17790985107422 565.8065185546875
22.17790985107422 565.8065185546875
22.17790985107422 565.8065185546875
22.17790985107422 565.8065185546875
22.17790985107422 565.8065185546875
22.17790985107422 565.8065185546875
22.17790985107422 565.8065185546875
22.17790985107422 565.8065185546875
22.17790985107422 565.8065185546875
22.17790985107422 565.8065185546875
22.17790985107422 565.8065185546875
22.222726821899414 566.6600952148438
22.255142211914062 567.5142822265625
22.2751522064209 568.3688354492188
22.282751083374023 569.2235717773438
22.277936935424805 570.0783081054688
22.260711669921875 570.9329223632812
22.2310791015625 571.7871704101562
22.189044952392578 572.6409301757812
22.13461685180664 573.4939575195312
22.067808151245117 574.3461303710938
21.988632202148438 575.1972045898438
21.897106170654297 576.0470581054688
21.793249130249023 576.8955078125
21.677082061767578 577.7423706054688
21.548629760742188 578.5874633789062
21.407920837402344 579.4306030273438
21.25498390197754 580.2716064453125
21.25498390197754 580.2716064453125
21.25498390197754 580.2716064453125
21.25498390197754 580.2716064453125
21.25498390197754 580.2716064453125
21.25498390197754 580.2716064453125
21.25498390197754 580.2716064453125
21.25498390197754 580.2716064453125
21.25498390197754 580.2716064453125
21.25498390197754 580.2716064453125
21.25498390197754 580.2716064453125
21.25498390197754 580.2716064453125
21.25498390197754 580.2716064453125
21.25498390197754 580.2716064453125
21.25498390197754 580.2716064453125
21.25498390197754 580.2716064453125
21.25498390197754 580.2716064453125
21.25498390197754 580.2716064453125
21.25498390197754 580.2716064453125
21.25498390197754 580.2716064453125
21.25498390197754 580.2716064453125
21.25498390197754 580.2716064453125
21.25498390197754 580.2716064453125
21.25498390197754 580.2716064453125
21.25498390197754 580.2716064453125
21.25498390197754 580.2716064453125
21.25498390197754 580.2716064453125
21.25498390197754 580.2716064453125
21.25498390197754 580.2716064453125
21.25498390197754 580.2716064453125
22.023481369018555 579.8216552734375
22.023494720458984 579.8216552734375
22.023509979248047 579.8216552734375
22.02352523803711 579.8216552734375
22.023540496826172 579.8216552734375
22.023555755615234 579.8216552734375
22.023571014404297 579.8216552734375
22.02358627319336 579.8216552734375
22.02358627319336 579.8216552734375
22.02358627319336 579.8216552734375
22.02358627319336 579.8216552734375
22.02358627319336 579.8216552734375
22.02358627319336 579.8216552734375
22.02358627319336 579.8216552734375
22.02358627319336 579.8216552734375
22.02358627319336 579.8216552734375
22.02358627319336 579.8216552734375
22.02358627319336 579.8216552734375
22.02358627319336 579.8216552734375
22.02358627319336 579.8216552734375
22.02358627319336 579.8216552734375
22.02358627319336 579.8216552734375
22.02358627319336 579.8216552734375
22.025230407714844 579.8110961914062
22.025230407714844 579.8110961914062
22.02935218811035 579.7999267578125
22.02935218811035 579.7999267578125
22.446596145629883 579.0540161132812
22.446596145629883 579.0540161132812
22.446596145629883 579.0540161132812
22.446596145629883 579.0540161132812
22.446596145629883 579.0540161132812
22.446596145629883 579.0540161132812
22.446596145629883 579.0540161132812
22.446596145629883 579.0540161132812
22.446596145629883 579.0540161132812
22.446596145629883 579.0540161132812
22.446596145629883 579.0540161132812
22.446596145629883 579.0540161132812
22.446596145629883 579.0540161132812
22.446596145629883 579.0540161132812
22.446596145629883 579.0540161132812
22.446596145629883 579.0540161132812
22.446596145629883 579.0540161132812
22.446596145629883 579.0540161132812
22.446596145629883 579.0540161132812
22.446596145629883 579.0540161132812
22.446596145629883 579.0540161132812
22.446596145629883 579.0540161132812
22.446596145629883 579.0540161132812
22.446596145629883 579.0540161132812
22.446596145629883 579.0540161132812
22.446596145629883 579.0540161132812
22.54642105102539 579.9029541015625
22.54642105102539 579.9029541015625
22.54642105102539 579.9029541015625
22.54642105102539 579.9029541015625
22.54642105102539 579.9029541015625
22.54642105102539 579.9029541015625
22.54642105102539 579.9029541015625
22.54642105102539 579.9029541015625
22.54642105102539 579.9029541015625
22.54642105102539 579.9029541015625
22.54642105102539 579.9029541015625
22.54642105102539 579.9029541015625
22.54642105102539 579.9029541015625
22.54642105102539 579.9029541015625
22.54642105102539 579.9029541015625
22.54642105102539 579.9029541015625
22.54642105102539 579.9029541015625
22.54642105102539 579.9029541015625
22.54642105102539 579.9029541015625
22.54642105102539 579.9029541015625
22.54642105102539 579.9029541015625
22.54642105102539 579.9029541015625
22.54642105102539 579.9029541015625
22.54642105102539 579.9029541015625
22.54642105102539 579.9029541015625
22.54642105102539 579.9029541015625
22.54642105102539 579.9029541015625
22.54642105102539 579.9029541015625
22.54642105102539 579.9029541015625
22.54642105102539 579.9029541015625
22.54642105102539 579.9029541015625
22.54642105102539 579.9029541015625
22.54642105102539 579.9029541015625
22.54642105102539 579.9029541015625
22.54642105102539 579.9029541015625
22.54642105102539 579.9029541015625
22.54642105102539 579.9029541015625
22.54642105102539 579.9029541015625
22.54642105102539 579.9029541015625
22.54642105102539 579.9029541015625
22.54642105102539 579.9029541015625
22.54642105102539 579.9029541015625
22.54642105102539 579.9029541015625
22.54642105102539 579.9029541015625
22.54642105102539 579.9029541015625
22.54642105102539 579.9029541015625
22.54642105102539 579.9029541015625
22.54642105102539 579.9029541015625
22.54642105102539 579.9029541015625
23.39568328857422 579.3750610351562
24.24494743347168 578.84716796875
25.094213485717773 578.3192749023438
25.9434814453125 577.7913818359375
26.792749404907227 577.2634887695312
27.642019271850586 576.735595703125
28.491291046142578 576.2077026367188
29.340564727783203 575.6798095703125
29.340564727783203 575.6798095703125
30.238298416137695 575.2393188476562
31.13603401184082 574.798828125
32.03377151489258 574.3583374023438
32.93151092529297 573.9178466796875
33.82925033569336 573.4773559570312
34.72698974609375 573.036865234375
35.624732971191406 572.596435546875
36.52247619628906 572.156005859375
37.42021942138672 571.715576171875
38.317962646484375 571.275146484375
38.317962646484375 571.275146484375
39.25519561767578 570.926513671875
40.19242858886719 570.577880859375
41.129661560058594 570.229248046875
42.066898345947266 569.880615234375
43.00413513183594 569.531982421875
43.94137191772461 569.183349609375
44.87860870361328 568.834716796875
45.81584930419922 568.486083984375
46.753089904785156 568.1375122070312
47.690330505371094 567.7889404296875
48.6275749206543 567.4403686523438
49.5648193359375 567.091796875
50.5020637512207 566.7432250976562
51.439308166503906 566.3946533203125
52.376556396484375 566.0460815429688
53.313804626464844 565.697509765625
53.313804626464844 565.697509765625
54.28116989135742 565.4442138671875
55.24853515625 565.19091796875
56.215904235839844 564.9376831054688
57.18327331542969 564.6844482421875
58.15064239501953 564.4312133789062
59.118011474609375 564.177978515625
60.08538055419922 563.9247436523438
61.05275344848633 563.6715087890625
62.02012634277344 563.4182739257812
62.98749923706055 563.1650390625
63.954872131347656 562.9118041992188
64.92224884033203 562.6585693359375
65.8896255493164 562.4053344726562
66.85700225830078 562.152099609375
67.82437896728516 561.8988647460938
68.79175567626953 561.6456298828125
69.7591323852539 561.3923950195312
70.72650909423828 561.13916015625
71.69388580322266 560.8859252929688
72.66126251220703 560.6326904296875
73.62864685058594 560.3794555664062
74.59603118896484 560.126220703125
75.56297302246094 559.8731689453125
75.56297302246094 559.8731689453125
76.55081176757812 559.7178344726562
77.53865051269531 559.5625
78.5264892578125 559.4071655273438
79.51432800292969 559.2518310546875
80.50216674804688 559.0964965820312
81.49000549316406 558.9412231445312
82.47784423828125 558.7859497070312
83.46568298339844 558.6306762695312
84.45352172851562 558.4754028320312
85.44136047363281 558.3201293945312
86.42919921875 558.1648559570312
87.41703796386719 558.0095825195312
88.40487670898438 557.8543090820312
89.39271545410156 557.6990356445312
90.38055419921875 557.5437622070312
91.36839294433594 557.3884887695312
92.35623931884766 557.2332153320312
93.34408569335938 557.0779418945312
94.3319320678711 556.9226684570312
95.31977844238281 556.7673950195312
96.30762481689453 556.6121215820312
97.29547119140625 556.4568481445312
98.28331756591797 556.3015747070312
99.27115631103516 556.1463012695312
100.25900268554688 555.9910278320312
101.2468490600586 555.8357543945312
101.24685668945312 555.8357543945312
102.24526977539062 555.7799072265625
103.24368286132812 555.7240600585938
104.24209594726562 555.668212890625
105.24050903320312 555.6123657226562
106.23892211914062 555.5565185546875
107.23733520507812 555.5006713867188
108.23574829101562 555.44482421875
109.23416137695312 555.3889770507812
110.23257446289062 555.3331298828125
111.23098754882812 555.2772827148438
112.22940063476562 555.221435546875
113.22781372070312 555.1655883789062
114.22622680664062 555.1098022460938
115.22463989257812 555.0540161132812
116.22305297851562 554.9982299804688
117.22146606445312 554.9424438476562
118.21987915039062 554.8866577148438
119.21829223632812 554.8308715820312
120.21670532226562 554.7750854492188
121.21511840820312 554.7192993164062
122.21353149414062 554.6635131835938
123.21194458007812 554.6077270507812
124.21035766601562 554.5519409179688
125.20877075195312 554.4961547851562
126.20718383789062 554.4403686523438
127.20559692382812 554.3845825195312
128.20401000976562 554.3287963867188
129.20242309570312 554.2730102539062
130.20083618164062 554.2172241210938
131.19924926757812 554.1614379882812
132.19766235351562 554.1056518554688
133.19607543945312 554.0498657226562
134.19448852539062 553.9940795898438
135.19290161132812 553.9383544921875
136.19131469726562 553.8826293945312
137.18972778320312 553.826904296875
138.18814086914062 553.7711791992188
139.18655395507812 553.7154541015625
140.18496704101562 553.6597290039062
141.18338012695312 553.60400390625
142.18179321289062 553.5482788085938
143.18020629882812 553.4925537109375
144.17861938476562 553.4368286132812
145.17703247070312 553.381103515625
146.17544555664062 553.3253784179688
147.17385864257812 553.2696533203125
148.17227172851562 553.2139282226562
149.17068481445312 553.158203125
150.16909790039062 553.1024780273438
151.16751098632812 553.0467529296875
152.16592407226562 552.9910278320312
153.16433715820312 552.935302734375
154.16275024414062 552.8795776367188
155.16116333007812 552.8238525390625
155.16116333007812 552.8238525390625
155.16116333007812 552.8238525390625
155.16116333007812 552.8238525390625
155.16116333007812 552.8238525390625
155.16116333007812 552.8238525390625
155.16116333007812 552.8238525390625
155.16116333007812 552.8238525390625
155.16116333007812 552.8238525390625
155.16116333007812 552.8238525390625
155.16116333007812 552.8238525390625
155.16116333007812 552.8238525390625
155.16116333007812 552.8238525390625
155.16116333007812 552.8238525390625
155.16116333007812 552.8238525390625
155.16116333007812 552.8238525390625
155.16116333007812 552.8238525390625
155.16116333007812 552.8238525390625
155.16116333007812 552.8238525390625
155.16116333007812 552.8238525390625
155.16116333007812 552.8238525390625
155.16116333007812 552.8238525390625
155.16116333007812 552.8238525390625
155.16116333007812 552.8238525390625
155.16116333007812 552.8238525390625
155.16116333007812 552.8238525390625
155.16116333007812 552.8238525390625
155.16116333007812 552.8238525390625
155.16116333007812 552.8238525390625
155.9517364501953 552.4988403320312
156.7469482421875 552.185302734375
157.546630859375 551.8833618164062
158.35060119628906 551.5930786132812
159.15870666503906 551.3145141601562
159.9707794189453 551.0477294921875
160.78663635253906 550.792724609375
161.60610961914062 550.5496215820312
162.4290313720703 550.3184204101562
163.25521850585938 550.0991821289062
164.08450317382812 549.8919677734375
164.9167022705078 549.6968383789062
165.75164794921875 549.5137939453125
166.58917236328125 549.3428955078125
167.42909240722656 549.1842041015625
168.27122497558594 549.0377197265625
169.11538696289062 548.9034423828125
169.96141052246094 548.781494140625
170.8091278076172 548.6718139648438
171.65834045410156 548.574462890625
172.50888061523438 548.4894409179688
173.36056518554688 548.4168090820312
174.2132110595703 548.3565063476562
175.066650390625 548.30859375
175.92054748535156 548.2731323242188
176.77500915527344 548.2500610351562
177.6297149658203 548.2393798828125
177.6297149658203 548.2393798828125
177.6297149658203 548.2393798828125
177.6297149658203 548.2393798828125
177.6297149658203 548.2393798828125
177.6297149658203 548.2393798828125
177.6297149658203 548.2393798828125
177.6297149658203 548.2393798828125
177.6297149658203 548.2393798828125
177.6297149658203 548.2393798828125
177.6297149658203 548.2393798828125
177.6297149658203 548.2393798828125
177.6297149658203 548.2393798828125
177.6297149658203 548.2393798828125
177.6297149658203 548.2393798828125
177.6297149658203 548.2393798828125
177.6297149658203 548.2393798828125
177.6297149658203 548.2393798828125
177.6297149658203 548.2393798828125
177.6297149658203 548.2393798828125
177.6297149658203 548.2393798828125
177.6297149658203 548.2393798828125
177.6297149658203 548.2393798828125
177.6297149658203 548.2393798828125
177.6297149658203 548.2393798828125
177.6297149658203 548.2393798828125
177.6297149658203 548.2393798828125
178.48387145996094 547.7194213867188
179.32752990722656 547.2066040039062
180.18235778808594 546.687744140625
181.0371856689453 546.1688842773438
181.8920135498047 545.6500244140625
181.8920440673828 545.6500244140625
182.79440307617188 545.2191162109375
183.69676208496094 544.7882080078125
184.59912109375 544.3572998046875
185.50148010253906 543.9263916015625
186.40383911132812 543.4954833984375
187.3061981201172 543.0645751953125
188.20855712890625 542.6336669921875
189.1109161376953 542.2027587890625
190.01327514648438 541.7718505859375
190.91563415527344 541.3409423828125
191.81800842285156 540.9100341796875
192.7203826904297 540.4791259765625
193.6227569580078 540.0482177734375
194.52513122558594 539.6173095703125
195.42750549316406 539.1864013671875
196.3298797607422 538.7554931640625
197.2322540283203 538.3245849609375
198.13462829589844 537.8936767578125
199.03700256347656 537.4627685546875
199.9393768310547 537.0319213867188
200.8417510986328 536.60107421875
201.74412536621094 536.1702270507812
202.64651489257812 535.7393798828125
203.5489044189453 535.3085327148438
204.4512939453125 534.877685546875
205.3536834716797 534.4468383789062
206.25607299804688 534.0159912109375
207.15846252441406 533.5851440429688
208.06085205078125 533.154296875
208.96324157714844 532.7234497070312
209.86563110351562 532.2926025390625
210.7680206298828 531.8617553710938
211.67041015625 531.430908203125
212.5727996826172 531.0000610351562
213.47520446777344 530.5692138671875
214.3776092529297 530.1383666992188
215.28001403808594 529.70751953125
215.280029296875 529.70751953125
215.280029296875 529.70751953125
215.280029296875 529.70751953125
215.280029296875 529.70751953125
215.280029296875 529.70751953125
215.280029296875 529.70751953125
215.280029296875 529.70751953125
215.280029296875 529.70751953125
215.280029296875 529.70751953125
215.280029296875 529.70751953125
215.280029296875 529.70751953125
215.280029296875 529.70751953125
215.280029296875 529.70751953125
215.280029296875 529.70751953125
215.280029296875 529.70751953125
215.280029296875 529.70751953125
215.280029296875 529.70751953125
215.280029296875 529.70751953125
215.280029296875 529.70751953125
215.280029296875 529.70751953125
215.280029296875 529.70751953125
215.280029296875 529.70751953125
215.280029296875 529.70751953125
215.280029296875 529.70751953125
215.280029296875 529.70751953125
215.280029296875 529.70751953125
215.280029296875 529.70751953125
215.82481384277344 529.048828125
216.3791046142578 528.3981323242188
216.94277954101562 527.7555541992188
217.51573181152344 527.1212158203125
218.0978240966797 526.4953002929688
218.68894958496094 525.8778686523438
219.2889862060547 525.2691040039062
219.89779663085938 524.6691284179688
220.5152587890625 524.0780639648438
221.1412353515625 523.4959716796875
221.77549743652344 522.9231567382812
221.77549743652344 522.9231567382812
221.77549743652344 522.9231567382812
221.77549743652344 522.9231567382812
221.77549743652344 522.9231567382812
221.77549743652344 522.9231567382812
221.77549743652344 522.9231567382812
221.77549743652344 522.9231567382812
221.77549743652344 522.9231567382812
221.77549743652344 522.9231567382812
221.77549743652344 522.9231567382812
221.77549743652344 522.9231567382812
221.77549743652344 522.9231567382812
221.77549743652344 522.9231567382812
221.77549743652344 522.9231567382812
221.77549743652344 522.9231567382812
221.77549743652344 522.9231567382812
221.77549743652344 522.9231567382812
221.77549743652344 522.9231567382812
221.77549743652344 522.9231567382812
221.77549743652344 522.9231567382812
221.77549743652344 522.9231567382812
221.77549743652344 522.9231567382812
221.77549743652344 522.9231567382812
221.77549743652344 522.9231567382812
221.77549743652344 522.9231567382812
221.77549743652344 522.9231567382812
221.77549743652344 522.9231567382812
221.77549743652344 522.9231567382812
221.77549743652344 522.9231567382812
222.3417205810547 522.0989379882812
222.90794372558594 521.2747192382812
223.4741668701172 520.4505004882812
223.4741668701172 520.4505004882812
224.11984252929688 519.6869506835938
224.76553344726562 518.9234008789062
225.41122436523438 518.1598510742188
226.05691528320312 517.3963012695312
226.70260620117188 516.6327514648438
227.34829711914062 515.8692016601562
227.99398803710938 515.1056518554688
228.63967895507812 514.3421020507812
229.28538513183594 513.5785522460938
229.93109130859375 512.8150024414062
230.57679748535156 512.0514526367188
231.22250366210938 511.28790283203125
231.8682098388672 510.52435302734375
232.513916015625 509.76080322265625
233.1596221923828 508.99725341796875
233.8053436279297 508.23370361328125
234.45106506347656 507.47015380859375
235.09678649902344 506.70660400390625
235.7425079345703 505.94305419921875
236.3882293701172 505.1795349121094
237.03395080566406 504.416015625
237.67967224121094 503.6524963378906
238.32540893554688 502.88897705078125
238.9711456298828 502.1254577636719
239.61688232421875 501.3619384765625
240.2626190185547 500.5984191894531
240.90835571289062 499.83489990234375
241.55409240722656 499.0713806152344
242.1998291015625 498.307861328125
242.8455810546875 497.5443420410156
243.4913330078125 496.78082275390625
244.1370849609375 496.0173034667969
244.7828369140625 495.2537841796875
245.4285888671875 494.4902648925781
246.0743408203125 493.72674560546875
246.7200927734375 492.9632263183594
247.36585998535156 492.1997375488281
248.01162719726562 491.4362487792969
248.6573944091797 490.6727600097656
249.30316162109375 489.9092712402344
249.9489288330078 489.1457824707031
250.59469604492188 488.3822937011719
251.24046325683594 487.6188049316406
251.88624572753906 486.8553161621094
252.5320281982422 486.0918273925781
253.1778106689453 485.3283386230469
253.82359313964844 484.5648498535156
254.46937561035156 483.8013610839844
255.1151580810547 483.0378723144531
255.7609405517578 482.2743835449219
256.40673828125 481.5108947753906
257.0525207519531 480.7474060058594
257.69830322265625 479.98394775390625
258.3441162109375 479.2204895019531
258.98992919921875 478.45703125
259.6357421875 477.6935729980469
260.28155517578125 476.93011474609375
260.9273681640625 476.1666564941406
261.57318115234375 475.4031982421875
262.218994140625 474.6397399902344
262.218994140625 474.6397399902344
262.93780517578125 473.944580078125
263.6566162109375 473.2494201660156
264.37542724609375 472.55426025390625
265.09423828125 471.8591003417969
265.81304931640625 471.1639404296875
266.5318603515625 470.4687805175781
267.25067138671875 469.77362060546875
267.969482421875 469.0784606933594
268.68829345703125 468.38330078125
269.4071044921875 467.6881408691406
269.4071044921875 467.6881408691406
270.1917419433594 467.0682373046875
270.97637939453125 466.4483337402344
271.7610168457031 465.82843017578125
272.545654296875 465.2085266113281
273.3302917480469 464.588623046875
274.11492919921875 463.9687194824219
274.8995666503906 463.34881591796875
274.8995666503906 463.34881591796875
275.7421875 462.8103332519531
276.5848083496094 462.2718811035156
277.42742919921875 461.7334289550781
278.2700500488281 461.1949768066406
279.1126708984375 460.6565246582031
279.9552917480469 460.1180725097656
280.79791259765625 459.5796203613281
280.79791259765625 459.5796203613281
281.6900939941406 459.12799072265625
282.582275390625 458.6763610839844
283.4744567871094 458.2247314453125
284.36663818359375 457.7731018066406
285.2588195800781 457.32147216796875
285.2588195800781 457.32147216796875
286.1916198730469 456.961181640625
287.1244201660156 456.60089111328125
288.0572204589844 456.2406005859375
288.9900207519531 455.88031005859375
289.9228210449219 455.52001953125
290.8556213378906 455.15972900390625
291.7884216308594 454.7994384765625
291.7884216308594 454.7994384765625
292.7525329589844 454.5340881347656
293.7166442871094 454.26873779296875
294.6807556152344 454.0033874511719
295.6448669433594 453.738037109375
295.6448669433594 453.738037109375
296.63067626953125 453.5702819824219
297.61614990234375 453.402587890625
297.6161804199219 453.402587890625
297.6162109375 453.402587890625
297.6162414550781 453.402587890625
297.61627197265625 453.402587890625
297.6163024902344 453.402587890625
297.6163024902344 453.402587890625
297.6163024902344 453.402587890625
297.6163024902344 453.402587890625
297.6163024902344 453.402587890625
297.6163024902344 453.402587890625
297.6163024902344 453.402587890625
297.6163024902344 453.402587890625
297.6163024902344 453.402587890625
297.6163024902344 453.402587890625
297.6163024902344 453.402587890625
297.6163024902344 453.402587890625
297.6163024902344 453.402587890625
297.6163024902344 453.402587890625
297.6163024902344 453.402587890625
297.6163024902344 453.402587890625
297.6163024902344 453.402587890625
297.6163024902344 453.402587890625
298.0018310546875 452.6396789550781
298.3984069824219 451.8824768066406
298.8059387207031 451.131103515625
299.2243347167969 450.3857116699219
299.65350341796875 449.646484375
300.0933532714844 448.91357421875
300.5438232421875 448.1871337890625
301.0047912597656 447.46728515625
301.4761657714844 446.75421142578125
301.95782470703125 446.0480651855469
302.44970703125 445.3489990234375
302.9516906738281 444.6571350097656
303.4636535644531 443.9726257324219
303.9855041503906 443.2956237792969
304.5171203613281 442.62628173828125
305.05841064453125 441.9647216796875
305.6092529296875 441.31109619140625
306.1695251464844 440.66552734375
306.7391052246094 440.0281677246094
307.31787109375 439.3991394042969
307.9057312011719 438.7785949707031
308.5025329589844 438.1666564941406
309.108154296875 437.5634460449219
309.72247314453125 436.9690856933594
310.3453674316406 436.38372802734375
310.9766845703125 435.8074645996094
311.6163024902344 435.24041748046875
312.26409912109375 434.6827392578125
312.919921875 434.134521484375
313.5836181640625 433.59588623046875
314.25506591796875 433.06695556640625
314.93414306640625 432.5478210449219
315.62066650390625 432.0386047363281
316.31451416015625 431.5393981933594
317.01556396484375 431.0503234863281
317.7236328125 430.57147216796875
318.4385681152344 430.10296630859375
319.1602478027344 429.6448974609375
319.88848876953125 429.1973571777344
320.6231689453125 428.76043701171875
321.3641052246094 428.334228515625
322.11114501953125 427.9188232421875
322.8641357421875 427.5143127441406
323.6229248046875 427.1207580566406
324.3873596191406 426.73828125
325.1572570800781 426.366943359375
325.9324645996094 426.0068359375
326.71282958984375 425.65802001953125
327.4981689453125 425.320556640625
328.288330078125 424.9945373535156
328.288330078125 424.9945373535156
328.288330078125 424.9945373535156
328.288330078125 424.9945373535156
328.288330078125 424.9945373535156
328.288330078125 424.9945373535156
328.288330078125 424.9945373535156
327.31158447265625 424.7802734375
326.3348388671875 424.5660095214844
325.35809326171875 424.35174560546875
324.38134765625 424.1374816894531
323.40460205078125 423.9232177734375
322.4278564453125 423.7089538574219
321.45111083984375 423.4946594238281
320.474365234375 423.2803649902344
319.49761962890625 423.0660705566406
318.5208740234375 422.8517761230469
317.54412841796875 422.6374816894531
316.5673828125 422.4231872558594
315.59063720703125 422.2088928222656
315.59063720703125 422.2088928222656
314.6401672363281 421.8981628417969
313.689697265625 421.5874328613281
312.7392272949219 421.27667236328125
311.78875732421875 420.9659118652344
310.8382873535156 420.6551513671875
309.8878173828125 420.3443908691406
308.9373474121094 420.03363037109375
307.98687744140625 419.7228698730469
307.0364074707031 419.412109375
306.0859375 419.1013488769531
305.1354675292969 418.79058837890625
304.18499755859375 418.4798278808594
303.23455810546875 418.1690673828125
302.28411865234375 417.8582763671875
301.33367919921875 417.5474853515625
300.38323974609375 417.2366943359375
299.43280029296875 416.9259033203125
298.48236083984375 416.6151123046875
297.53192138671875 416.3043212890625
296.58148193359375 415.9935302734375
295.63104248046875 415.6827392578125
294.68096923828125 415.3720397949219
293.73052978515625 415.0611877441406
292.78009033203125 414.7503356933594
291.82965087890625 414.4394836425781
290.87921142578125 414.1286315917969
289.92877197265625 413.8177795410156
288.97833251953125 413.5069274902344
288.97833251953125 413.5069274902344
288.0636901855469 413.1027526855469
287.1490478515625 412.6985778808594
286.2344055175781 412.29437255859375
285.31976318359375 411.8901672363281
284.4051208496094 411.4859619140625
283.490478515625 411.0817565917969
282.5758361816406 410.67755126953125
281.66119384765625 410.2733459472656
280.7465515136719 409.869140625
279.8319091796875 409.4649353027344
278.9172668457031 409.06072998046875
278.00262451171875 408.6565246582031
277.0879821777344 408.2523193359375
276.17333984375 407.8481140136719
275.2586975097656 407.4438781738281
274.34405517578125 407.0396423339844
273.4294128417969 406.6354064941406
272.5148010253906 406.2311706542969
271.6001892089844 405.8269348144531
270.6855773925781 405.4226989746094
269.7709655761719 405.0184631347656
268.8563537597656 404.6142272949219
267.9417419433594 404.2099914550781
267.0271301269531 403.8057556152344
266.1125183105469 403.4015197753906
265.1979064941406 402.9972839355469
265.1979064941406 402.9972839355469
264.3282165527344 402.5037536621094
263.4585266113281 402.0102233886719
262.5888366699219 401.51666259765625
261.7191467285156 401.0231018066406
260.8494567871094 400.529541015625
259.9797668457031 400.0359802246094
259.1100769042969 399.54241943359375
258.2403869628906 399.0488586425781
257.3706970214844 398.5552978515625
256.5010070800781 398.0617370605469
255.63133239746094 397.56817626953125
254.76165771484375 397.0746154785156
253.89198303222656 396.5810546875
253.02230834960938 396.0874938964844
252.1526336669922 395.5939025878906
251.282958984375 395.1003112792969
250.41329956054688 394.6067199707031
250.41329956054688 394.6067199707031
249.59725952148438 394.0287780761719
248.78121948242188 393.4508361816406
247.96517944335938 392.8728942871094
247.14913940429688 392.2949523925781
246.33309936523438 391.7170104980469
245.51705932617188 391.1390686035156
244.70101928710938 390.5611267089844
243.88499450683594 389.9831848144531
243.0689697265625 389.40521240234375
242.25294494628906 388.8272399902344
241.43692016601562 388.249267578125
240.6208953857422 387.6712951660156
239.80487060546875 387.09332275390625
238.9888458251953 386.5153503417969
238.17282104492188 385.9373779296875
238.17282104492188 385.9373779296875
237.4185791015625 385.28082275390625
236.66433715820312 384.624267578125
235.91009521484375 383.96771240234375
235.15585327148438 383.3111572265625
234.40162658691406 382.65460205078125
233.64739990234375 381.998046875
232.89317321777344 381.34149169921875
232.13894653320312 380.6849365234375
231.3847198486328 380.0283508300781
230.6304931640625 379.37176513671875
229.8762664794922 378.7151794433594
229.12203979492188 378.05859375
228.36782836914062 377.4020080566406
227.61361694335938 376.74542236328125
226.85940551757812 376.0888366699219
226.10519409179688 375.4322509765625
225.35098266601562 374.7756652832031
224.59677124023438 374.11907958984375
223.84255981445312 373.4624938964844
223.08834838867188 372.805908203125
223.08834838867188 372.805908203125
222.40345764160156 372.0773010253906
221.71856689453125 371.34869384765625
221.03369140625 370.6200866699219
220.34881591796875 369.8914794921875
219.6639404296875 369.1628723144531
218.97906494140625 368.43426513671875
218.294189453125 367.70562744140625
217.60931396484375 366.97698974609375
216.9244384765625 366.24835205078125
216.2395782470703 365.51971435546875
215.55471801757812 364.79107666015625
214.86985778808594 364.06243896484375
214.18499755859375 363.33380126953125
213.50013732910156 362.60516357421875
213.50013732910156 362.60516357421875
212.89144897460938 361.8117980957031
212.2827606201172 361.0184326171875
211.674072265625 360.2250671386719
211.0653839111328 359.43170166015625
210.45669555664062 358.6383361816406
209.84800720214844 357.844970703125
209.2393341064453 357.05157470703125
208.6306610107422 356.2581787109375
208.02198791503906 355.46478271484375
207.41331481933594 354.67138671875
206.8046417236328 353.87799072265625
206.1959686279297 353.0845947265625
205.58731079101562 352.29119873046875
204.97865295410156 351.497802734375
204.3699951171875 350.70440673828125
203.76133728027344 349.9110107421875
203.15267944335938 349.11761474609375
202.5440216064453 348.32421875
201.93536376953125 347.53082275390625
201.32672119140625 346.7374267578125
200.71807861328125 345.94403076171875
200.10943603515625 345.150634765625
199.50079345703125 344.35723876953125
198.89215087890625 343.5638427734375
198.28350830078125 342.7704162597656
197.67486572265625 341.97698974609375
197.0662384033203 341.1835632324219
196.45761108398438 340.39013671875
196.45761108398438 340.39013671875
195.9312286376953 339.5399169921875
195.40484619140625 338.689697265625
194.87847900390625 337.8394775390625
194.35211181640625 336.9892578125
193.82574462890625 336.1390380859375
193.29937744140625 335.288818359375
193.29937744140625 335.288818359375
193.29937744140625 335.288818359375
193.29937744140625 335.288818359375
193.29937744140625 335.288818359375
193.29937744140625 335.288818359375
193.29937744140625 335.288818359375
193.29937744140625 335.288818359375
193.29937744140625 335.288818359375
193.29937744140625 335.288818359375
193.29937744140625 335.288818359375
193.29937744140625 335.288818359375
193.29937744140625 335.288818359375
193.29937744140625 335.288818359375
193.29937744140625 335.288818359375
193.29937744140625 335.288818359375
193.29937744140625 335.288818359375
193.29937744140625 335.288818359375
193.29937744140625 335.288818359375
193.29937744140625 335.288818359375
193.29937744140625 335.288818359375
193.29937744140625 335.288818359375
193.29937744140625 335.288818359375
193.29937744140625 335.288818359375
193.29937744140625 335.288818359375
193.29937744140625 335.288818359375
193.29937744140625 335.288818359375
192.54208374023438 334.89251708984375
191.7905731201172 334.4852294921875
191.04505920410156 334.06707763671875
191.04505920410156 334.06707763671875
191.04505920410156 334.06707763671875
191.04505920410156 334.06707763671875
191.04505920410156 334.06707763671875
191.04505920410156 334.06707763671875
191.04505920410156 334.06707763671875
191.04505920410156 334.06707763671875
191.04505920410156 334.06707763671875
191.04505920410156 334.06707763671875
191.04505920410156 334.06707763671875
191.04505920410156 334.06707763671875
191.04505920410156 334.06707763671875
191.04505920410156 334.06707763671875
191.04505920410156 334.06707763671875
191.04505920410156 334.06707763671875
191.04505920410156 334.06707763671875
191.04505920410156 334.06707763671875
191.04505920410156 334.06707763671875
191.04505920410156 334.06707763671875
191.04505920410156 334.06707763671875
191.04505920410156 334.06707763671875
191.04505920410156 334.06707763671875
191.04505920410156 334.06707763671875
191.04505920410156 334.06707763671875
191.04505920410156 334.06707763671875
190.50621032714844 333.4035339355469
190.50621032714844 333.4035339355469
190.50621032714844 333.4035339355469
190.50621032714844 333.4035339355469
191.09632873535156 334.2108154296875
190.59690856933594 333.5171203613281
191.1752471923828 334.3328857421875
191.7535858154297 335.1486511230469
192.33192443847656 335.96441650390625
192.33192443847656 335.96441650390625
192.825927734375 336.8338317871094
193.31993103027344 337.7032470703125
193.8139190673828 338.57269287109375
194.3079071044922 339.442138671875
194.80189514160156 340.31158447265625
195.29588317871094 341.1810302734375
195.7898712158203 342.05047607421875
196.2838592529297 342.919921875
196.77784729003906 343.78936767578125
196.77784729003906 343.78936767578125
197.18255615234375 344.7037658691406
197.58726501464844 345.6181945800781
197.99197387695312 346.5326232910156
198.3966827392578 347.4470520019531
198.80137634277344 348.3614807128906
199.20606994628906 349.2759094238281
199.6107635498047 350.1903381347656
200.0154571533203 351.1047668457031
200.42015075683594 352.0191955566406
200.82484436035156 352.9336242675781
201.22952270507812 353.8480529785156
201.6342010498047 354.7624816894531
202.03887939453125 355.6769104003906
202.4435577392578 356.5913391113281
202.84823608398438 357.5057678222656
202.84823608398438 357.5057678222656
203.1595916748047 358.4560241699219
203.470947265625 359.4062805175781
203.7823028564453 360.3565368652344
204.09365844726562 361.3067932128906
204.40501403808594 362.2570495605469
204.7163543701172 363.2073059082031
205.02769470214844 364.1575622558594
205.3390350341797 365.1078186035156
205.65037536621094 366.0580749511719
205.9617156982422 367.0083312988281
206.27304077148438 367.9585876464844
206.58436584472656 368.90887451171875
206.58436584472656 368.90887451171875
206.7992706298828 369.8854675292969
207.01417541503906 370.862060546875
207.22906494140625 371.8386535644531
207.44395446777344 372.81524658203125
207.65884399414062 373.7918701171875
207.8737335205078 374.76849365234375
208.088623046875 375.7451171875
208.3035125732422 376.72174072265625
208.5183868408203 377.6983642578125
208.73326110839844 378.67498779296875
208.94813537597656 379.651611328125
209.1630096435547 380.62823486328125
209.3778839111328 381.6048583984375
209.59274291992188 382.58148193359375
209.80760192871094 383.55810546875
210.0224609375 384.53472900390625
210.23731994628906 385.5113525390625
210.45217895507812 386.48797607421875
210.6670379638672 387.464599609375
210.8818817138672 388.44122314453125
211.0967254638672 389.4178466796875
211.3115692138672 390.39447021484375
211.5264129638672 391.37109375
211.7412567138672 392.34771728515625
211.7412567138672 392.34771728515625
211.85751342773438 393.3409118652344
211.97377014160156 394.3341064453125
212.09002685546875 395.3273010253906
212.20628356933594 396.32049560546875
212.32254028320312 397.3136901855469
212.43878173828125 398.306884765625
212.55502319335938 399.3000793457031
212.6712646484375 400.29327392578125
212.78750610351562 401.2864685058594
212.90374755859375 402.2796630859375
213.01998901367188 403.2728576660156
213.13621520996094 404.26605224609375
213.25244140625 405.2592468261719
213.36866760253906 406.25244140625
213.48489379882812 407.2456359863281
213.6011199951172 408.23883056640625
213.7173309326172 409.2320251464844
213.8335418701172 410.2252197265625
213.9497528076172 411.2184143066406
214.0659637451172 412.21160888671875
214.1821746826172 413.2048034667969
214.29837036132812 414.197998046875
214.41456604003906 415.1911926269531
214.53076171875 416.18438720703125
214.53076171875 416.18438720703125
214.54722595214844 417.1842346191406
214.56369018554688 418.18408203125
214.58013916015625 419.1839294433594
214.59658813476562 420.18377685546875
214.613037109375 421.1836242675781
214.62948608398438 422.1834716796875
214.64593505859375 423.1833190917969
214.66236877441406 424.18316650390625
214.67880249023438 425.1830139160156
214.67880249023438 425.1830139160156
214.5953369140625 426.17950439453125
214.51187133789062 427.1759948730469
214.42840576171875 428.1724853515625
214.3449249267578 429.1689758300781
214.26144409179688 430.16546630859375
214.17796325683594 431.1619567871094
214.17796325683594 431.1619567871094
213.99542236328125 432.1451110839844
213.8128662109375 433.1282653808594
213.63031005859375 434.1114196777344
213.44775390625 435.0945739746094
213.26519775390625 436.0777282714844
213.0826416015625 437.0608825683594
213.0826416015625 437.0608825683594
213.0826416015625 437.0608825683594
213.0826416015625 437.0608825683594
213.08262634277344 437.0608825683594
213.08261108398438 437.0608825683594
213.0825958251953 437.0608825683594
213.08258056640625 437.0608825683594
213.0825653076172 437.0608825683594
213.08255004882812 437.0608825683594
213.08255004882812 437.0608825683594
213.08255004882812 437.0608825683594
213.08255004882812 437.0608825683594
213.08255004882812 437.0608825683594
213.08255004882812 437.0608825683594
213.08255004882812 437.0608825683594
213.08255004882812 437.0608825683594
213.08255004882812 437.0608825683594
213.08255004882812 437.0608825683594
213.08255004882812 437.0608825683594
213.08255004882812 437.0608825683594
213.08255004882812 437.0608825683594
213.08255004882812 437.0608825683594
213.08255004882812 437.0608825683594
213.08255004882812 437.0608825683594
213.08255004882812 437.0608825683594
213.08255004882812 437.0608825683594
213.37625122070312 437.8636169433594
213.65826416015625 438.6705322265625
213.92852783203125 439.4814453125
214.18699645996094 440.29620361328125
214.43359375 441.1146240234375
214.6682891845703 441.9365539550781
214.89102172851562 442.7618103027344
215.10174560546875 443.5902099609375
215.3004150390625 444.42156982421875
215.48699951171875 445.2557373046875
215.6614532470703 446.092529296875
215.82373046875 446.9317626953125
215.9738006591797 447.77325439453125
216.1116485595703 448.6168518066406
216.2372283935547 449.46234130859375
216.3505096435547 450.3095703125
216.45147705078125 451.1583557128906
216.5401153564453 452.0085144042969
216.61639404296875 452.8598937988281
216.6802978515625 453.7122802734375
216.73182678222656 454.56549072265625
216.77096557617188 455.41937255859375
216.79769897460938 456.27374267578125
216.81201171875 457.1283874511719
216.8139190673828 457.983154296875
216.8034210205078 458.8378601074219
216.78050231933594 459.69232177734375
216.74517822265625 460.5463562011719
216.6974639892578 461.3998107910156
216.63735961914062 462.2524719238281
216.56488037109375 463.1041564941406
216.48004150390625 463.9547119140625
216.3828582763672 464.803955078125
216.2733612060547 465.6517028808594
216.1515655517578 466.49774169921875
216.10543823242188 466.74029541015625
216.10543823242188 466.74029541015625
216.10543823242188 466.74029541015625
216.10543823242188 466.74029541015625
216.10543823242188 466.74029541015625
216.10543823242188 466.74029541015625
216.10543823242188 466.74029541015625
216.10543823242188 466.74029541015625
216.10543823242188 466.74029541015625
216.10543823242188 466.74029541015625
216.10543823242188 466.74029541015625
216.10543823242188 466.74029541015625
216.10543823242188 466.74029541015625
216.10543823242188 466.74029541015625
216.10543823242188 466.74029541015625
216.10543823242188 466.74029541015625
216.10543823242188 466.74029541015625
216.10543823242188 466.74029541015625
216.10543823242188 466.74029541015625
216.10543823242188 466.74029541015625
216.10543823242188 466.74029541015625
216.10543823242188 466.74029541015625
216.10543823242188 466.74029541015625
216.10543823242188 466.74029541015625
216.10543823242188 466.74029541015625
216.10543823242188 466.74029541015625
216.10543823242188 466.74029541015625
216.10543823242188 466.74029541015625
216.10543823242188 466.74029541015625
216.10543823242188 466.74029541015625
216.10543823242188 466.74029541015625
216.10543823242188 466.74029541015625
216.10543823242188 466.74029541015625
216.10543823242188 466.74029541015625
216.10543823242188 466.74029541015625
216.10543823242188 466.74029541015625
216.10543823242188 466.74029541015625
216.10543823242188 466.74029541015625
216.10543823242188 466.74029541015625
216.10543823242188 466.74029541015625
215.27276611328125 467.29400634765625
214.44009399414062 467.84771728515625
214.44009399414062 467.84771728515625
214.44007873535156 467.84771728515625
214.4400634765625 467.84771728515625
214.44004821777344 467.84771728515625
213.4574737548828 468.0334777832031
212.4748992919922 468.21923828125
212.47488403320312 468.21923828125
211.4786834716797 468.30596923828125
211.47866821289062 468.30596923828125
210.47879028320312 468.2928161621094
209.47891235351562 468.2796630859375
208.47903442382812 468.2664794921875
208.47901916503906 468.2664794921875
207.48544311523438 468.153564453125
206.4918670654297 468.0406188964844
205.498291015625 467.92767333984375
205.49827575683594 467.92767333984375
204.52093505859375 467.71612548828125
203.54359436035156 467.5045471191406
202.56625366210938 467.29296875
201.5889129638672 467.0813903808594
201.58889770507812 467.0813903808594
201.58889770507812 467.0813903808594
201.58889770507812 467.0813903808594
201.58889770507812 467.0813903808594
201.58889770507812 467.0813903808594
201.58889770507812 467.0813903808594
201.58889770507812 467.0813903808594
201.58889770507812 467.0813903808594
201.58889770507812 467.0813903808594
201.58889770507812 467.0813903808594
201.58889770507812 467.0813903808594
201.58889770507812 467.0813903808594
201.71693420410156 467.926513671875
201.83267211914062 468.7734069824219
201.9361114501953 469.6219177246094
202.02720642089844 470.4718322753906
202.10595703125 471.3229675292969
202.17234802246094 472.1751708984375
202.22634887695312 473.0282287597656
202.26795959472656 473.8819885253906
202.2971649169922 474.73626708984375
202.31396484375 475.59088134765625
202.318359375 476.4456481933594
202.31033325195312 477.3003845214844
202.28990173339844 478.1549072265625
202.25706481933594 479.0090637207031
202.21182250976562 479.8626403808594
202.15419006347656 480.7154846191406
202.0841827392578 481.5673828125
202.00181579589844 482.4181823730469
201.9071044921875 483.2677001953125
201.80006408691406 484.1157531738281
201.6807098388672 484.962158203125
201.54908752441406 485.8067321777344
201.40521240234375 486.6493225097656
201.24911499023438 487.4897155761719
201.08082580566406 488.3277587890625
200.900390625 489.16326904296875
200.7078399658203 489.9960632324219
200.5032196044922 490.82598876953125
200.2865753173828 491.6528625488281
200.0579376220703 492.47650146484375
199.81736755371094 493.2967224121094
199.56491088867188 494.1133728027344
199.30062866210938 494.92626953125
199.02456665039062 495.7352294921875
198.73678588867188 496.54010009765625
198.43734741210938 497.3406982421875
198.12631225585938 498.1368713378906
197.8037567138672 498.9284362792969
197.46974182128906 499.7152404785156
197.12432861328125 500.49713134765625
196.76759338378906 501.27392578125
196.39962768554688 502.0454406738281
196.02049255371094 502.8115234375
195.63027954101562 503.572021484375
195.22906494140625 504.3267822265625
194.81692504882812 505.0756530761719
194.39395141601562 505.8184509277344
193.96023559570312 506.5550231933594
193.515869140625 507.28521728515625
193.1733856201172 507.81683349609375
193.1733856201172 507.81683349609375
193.1733856201172 507.81683349609375
193.1733856201172 507.81683349609375
193.1733856201172 507.81683349609375
193.1733856201172 507.81683349609375
193.1733856201172 507.81683349609375
193.1733856201172 507.81683349609375
193.1733856201172 507.81683349609375
193.1733856201172 507.81683349609375
193.1733856201172 507.81683349609375
193.1733856201172 507.81683349609375
193.1733856201172 507.81683349609375
193.1733856201172 507.81683349609375
193.1733856201172 507.81683349609375
193.1733856201172 507.81683349609375
193.1733856201172 507.81683349609375
193.1733856201172 507.81683349609375
193.1733856201172 507.81683349609375
193.1733856201172 507.81683349609375
193.1733856201172 507.81683349609375
193.1733856201172 507.81683349609375
193.1733856201172 507.81683349609375
193.1733856201172 507.81683349609375
193.1733856201172 507.81683349609375
193.1733856201172 507.81683349609375
193.1733856201172 507.81683349609375
193.1733856201172 507.81683349609375
193.1733856201172 507.81683349609375
193.1733856201172 507.81683349609375
193.1733856201172 507.81683349609375
193.1733856201172 507.81683349609375
193.1733856201172 507.81683349609375
193.1733856201172 507.81683349609375
193.1733856201172 507.81683349609375
193.1733856201172 507.81683349609375
193.1733856201172 507.81683349609375
193.1733856201172 507.81683349609375
193.1733856201172 507.81683349609375
193.1733856201172 507.81683349609375
193.1733856201172 507.81683349609375
193.1733856201172 507.81683349609375
193.1733856201172 507.81683349609375
193.1733856201172 507.81683349609375
193.1733856201172 507.81683349609375
193.1733856201172 507.81683349609375
192.24412536621094 507.4474792480469
191.3148651123047 507.078125
190.38560485839844 506.7087707519531
189.4563446044922 506.33941650390625
188.52708435058594 505.9700622558594
187.5978240966797 505.6007080078125
186.66856384277344 505.2313537597656
186.66856384277344 505.2313537597656
185.78082275390625 504.77105712890625
184.89308166503906 504.3107604980469
184.00534057617188 503.8504638671875
183.11761474609375 503.3901672363281
182.22988891601562 502.92987060546875
181.3421630859375 502.4695739746094
181.3421630859375 502.4695739746094
180.50482177734375 501.9229431152344
179.66748046875 501.3763122558594
178.83013916015625 500.8296813964844
177.9927978515625 500.2830505371094
177.15545654296875 499.7364196777344
176.31813049316406 499.1897888183594
175.48080444335938 498.6431579589844
175.48080444335938 498.6431579589844
174.7022247314453 498.0156555175781
173.9236602783203 497.3881530761719
173.1450958251953 496.7606506347656
172.3665313720703 496.1331481933594
171.5879669189453 495.5056457519531
171.58795166015625 495.5056457519531
171.5879364013672 495.5056457519531
171.58792114257812 495.5056457519531
171.02957153320312 494.67608642578125
171.02955627441406 494.67608642578125
171.02955627441406 494.67608642578125
171.02955627441406 494.67608642578125
171.02955627441406 494.67608642578125
171.02955627441406 494.67608642578125
171.02955627441406 494.67608642578125
171.02955627441406 494.67608642578125
171.02955627441406 494.67608642578125
171.02955627441406 494.67608642578125
171.02955627441406 494.67608642578125
171.02955627441406 494.67608642578125
171.02955627441406 494.67608642578125
171.02955627441406 494.67608642578125
170.46925354003906 495.32159423828125
169.89962768554688 495.95892333984375
169.32081604003906 496.587890625
168.73292541503906 497.2084045410156
168.13609313964844 497.8203125
167.53042602539062 498.4234924316406
166.91607666015625 499.017822265625
166.29315185546875 499.6031494140625
165.66180419921875 500.17938232421875
165.02215576171875 500.7463684082031
164.37432861328125 501.30401611328125
163.71847534179688 501.8522033691406
163.0547332763672 502.39080810546875
162.38323974609375 502.9197082519531
161.70413208007812 503.4388122558594
161.01756286621094 503.947998046875
160.32366943359375 504.4471435546875
159.6226043701172 504.9361877441406
158.9145050048828 505.41497802734375
158.1995391845703 505.8834533691406
157.47784423828125 506.34149169921875
156.74957275390625 506.78900146484375
156.01487731933594 507.22589111328125
155.27391052246094 507.6520690917969
154.52684020996094 508.06744384765625
153.77381896972656 508.471923828125
153.01499938964844 508.86541748046875
152.25054931640625 509.24786376953125
151.48062133789062 509.6191711425781
150.70538330078125 509.979248046875
149.9250030517578 510.3280334472656
149.13963317871094 510.6654357910156
148.6685028076172 510.8502502441406
148.6685028076172 510.8502502441406
148.6685028076172 510.8502502441406
148.6685028076172 510.8502502441406
148.6685028076172 510.8502502441406
148.6685028076172 510.8502502441406
148.6685028076172 510.8502502441406
148.6685028076172 510.8502502441406
148.6685028076172 510.8502502441406
148.6685028076172 510.8502502441406
148.6685028076172 510.8502502441406
148.6685028076172 510.8502502441406
148.6685028076172 510.8502502441406
148.6685028076172 510.8502502441406
148.6685028076172 510.8502502441406
148.6685028076172 510.8502502441406
148.6685028076172 510.8502502441406
148.6685028076172 510.8502502441406
148.6685028076172 510.8502502441406
148.6685028076172 510.8502502441406
148.6685028076172 510.8502502441406
148.6685028076172 510.8502502441406
148.6685028076172 510.8502502441406
148.6685028076172 510.8502502441406
148.6685028076172 510.8502502441406
148.6685028076172 510.8502502441406
148.6685028076172 510.8502502441406
148.6685028076172 510.8502502441406
148.6685028076172 510.8502502441406
148.6685028076172 510.8502502441406
148.6685028076172 510.8502502441406
148.6685028076172 510.8502502441406
148.6685028076172 510.8502502441406
148.6685028076172 510.8502502441406
148.6685028076172 510.8502502441406
148.6685028076172 510.8502502441406
148.6685028076172 510.8502502441406
148.6685028076172 510.8502502441406
148.6685028076172 510.8502502441406
148.6685028076172 510.8502502441406
148.6685028076172 510.8502502441406
148.6685028076172 510.8502502441406
148.6685028076172 510.8502502441406
148.6685028076172 510.8502502441406
148.6685028076172 510.8502502441406
148.6685028076172 510.8502502441406
148.6685028076172 510.8502502441406
148.22320556640625 509.95489501953125
148.22320556640625 509.95489501953125
147.86952209472656 509.0195617675781
147.51583862304688 508.084228515625
147.1621551513672 507.1488952636719
146.8084716796875 506.21356201171875
146.4547882080078 505.2782287597656
146.1011199951172 504.3428955078125
145.74745178222656 503.4075622558594
145.39378356933594 502.47222900390625
145.0401153564453 501.5368957519531
144.6864471435547 500.6015625
144.33279418945312 499.6662292480469
143.97914123535156 498.73089599609375
143.62548828125 497.7955627441406
143.27183532714844 496.8602294921875
142.91818237304688 495.9248962402344
142.91818237304688 495.9248962402344
142.65968322753906 494.95892333984375
142.40118408203125 493.9929504394531
142.14268493652344 493.0269775390625
141.88418579101562 492.0610046386719
141.62570190429688 491.09503173828125
141.36721801757812 490.1290588378906
141.10873413085938 489.1630859375
140.85025024414062 488.1971130371094
140.59176635742188 487.23114013671875
140.3332977294922 486.2651672363281
140.0748291015625 485.2991638183594
139.8163604736328 484.3331604003906
139.55789184570312 483.3671569824219
139.29942321777344 482.4011535644531
139.04095458984375 481.4351501464844
138.78250122070312 480.4691467285156
138.5240478515625 479.5031433105469
138.26559448242188 478.5371398925781
138.00714111328125 477.5711364746094
137.74868774414062 476.6051330566406
137.49024963378906 475.6391296386719
137.2318115234375 474.6731262207031
137.2318115234375 474.6731262207031
137.07110595703125 473.6861572265625
136.910400390625 472.6991882324219
136.74969482421875 471.71221923828125
136.5889892578125 470.7252502441406
136.42828369140625 469.73828125
136.26759338378906 468.7513122558594
136.10690307617188 467.76434326171875
135.9462127685547 466.7773742675781
135.7855224609375 465.7904052734375
135.6248321533203 464.8034362792969
135.4641571044922 463.81646728515625
135.30348205566406 462.8294982910156
135.14280700683594 461.842529296875
134.9821319580078 460.8555603027344
134.8214569091797 459.86859130859375
134.66078186035156 458.8816223144531
134.5001220703125 457.8946533203125
134.33946228027344 456.9076843261719
134.17880249023438 455.92071533203125
134.0181427001953 454.9337463378906
133.85748291015625 453.94677734375
133.69683837890625 452.9598083496094
133.53619384765625 451.97283935546875
133.37554931640625 450.9858703613281
133.21543884277344 450.0013732910156
133.0550537109375 449.01434326171875
132.89466857910156 448.0273132324219
132.89466857910156 448.0273132324219
132.83363342285156 447.0292053222656
132.77259826660156 446.0310974121094
132.71156311035156 445.0329895019531
132.65052795410156 444.0348815917969
132.58949279785156 443.0367736816406
132.52845764160156 442.0386657714844
132.46743774414062 441.0405578613281
132.4064178466797 440.0424499511719
132.34539794921875 439.0443420410156
132.2843780517578 438.0462341308594
132.22335815429688 437.0481262207031
132.162353515625 436.0500183105469
132.10134887695312 435.0519104003906
132.04034423828125 434.0538024902344
131.97933959960938 433.0556945800781
131.9183349609375 432.0575866699219
131.8573455810547 431.0594787597656
131.79635620117188 430.0613708496094
131.73536682128906 429.0632629394531
131.67437744140625 428.0651550292969
131.61338806152344 427.0670471191406
131.55239868164062 426.0689392089844
131.49142456054688 425.0708312988281
131.43045043945312 424.0727233886719
131.36947631835938 423.0746154785156
131.30850219726562 422.0765075683594
131.24752807617188 421.0783996582031
131.1865692138672 420.0802917480469
131.1256103515625 419.0821838378906
131.0646514892578 418.0840759277344
131.00369262695312 417.0859680175781
130.94273376464844 416.0878601074219
130.8817901611328 415.0897521972656
130.8208465576172 414.0916442871094
130.75990295410156 413.0935363769531
130.69895935058594 412.0954284667969
130.6380157470703 411.0973205566406
130.5770721435547 410.0992126464844
130.51614379882812 409.1011047363281
130.45521545410156 408.1029968261719
130.394287109375 407.1048889160156
130.33335876464844 406.1067810058594
130.27243041992188 405.1086730957031
130.21151733398438 404.1105651855469
130.15060424804688 403.1124572753906
130.08969116210938 402.1143493652344
130.02877807617188 401.1162414550781
129.96786499023438 400.1181335449219
129.90696716308594 399.1200256347656
129.8460693359375 398.1219177246094
129.78517150878906 397.1238098144531
129.72427368164062 396.125732421875
129.6633758544922 395.12762451171875
129.6024932861328 394.1295166015625
129.54891967773438 393.19921875
129.49484252929688 392.2007141113281
129.44076538085938 391.20220947265625
129.38668823242188 390.2037048339844
129.33261108398438 389.2052001953125
129.27854919433594 388.2066955566406
129.2244873046875 387.20819091796875
129.17042541503906 386.2096862792969
129.11636352539062 385.211181640625
129.0623016357422 384.2126770019531
129.00823974609375 383.21417236328125
128.95419311523438 382.2156677246094
128.900146484375 381.2171630859375
128.84609985351562 380.2186584472656
128.79205322265625 379.22015380859375
128.73800659179688 378.2216491699219
128.68397521972656 377.2231750488281
128.62994384765625 376.22467041015625
128.57591247558594 375.2261657714844
128.52188110351562 374.2276611328125
128.46786499023438 373.2291564941406
128.41384887695312 372.23065185546875
128.35983276367188 371.2321472167969
128.30581665039062 370.233642578125
128.25180053710938 369.2351379394531
128.19778442382812 368.23663330078125
128.14378356933594 367.2381286621094
128.08978271484375 366.2396240234375
128.03578186035156 365.2411193847656
127.98178100585938 364.24261474609375
127.92778778076172 363.2441101074219
127.87379455566406 362.24560546875
127.81980895996094 361.2471008300781
127.76582336425781 360.24859619140625
127.71183776855469 359.2500915527344
127.6578598022461 358.2515869140625
127.6038818359375 357.2530822753906
127.5499038696289 356.25457763671875
127.49593353271484 355.2560729980469
127.44196319580078 354.257568359375
127.38800048828125 353.2590637207031
127.33403778076172 352.26055908203125
127.28007507324219 351.2620544433594
127.22611999511719 350.2635498046875
127.17216491699219 349.2650451660156
127.11820983886719 348.26654052734375
127.06426239013672 347.2680358886719
127.01031494140625 346.26953125
126.95637512207031 345.2710266113281
126.90243530273438 344.27252197265625
126.84849548339844 343.2740173339844
126.79456329345703 342.2755126953125
126.74063110351562 341.2770080566406
126.68669891357422 340.27850341796875
126.63277435302734 339.2799987792969
126.63277435302734 339.27984619140625
126.67879486083984 338.28094482421875
126.72481536865234 337.28204345703125
126.77083587646484 336.28314208984375
126.81686401367188 335.28424072265625
126.8628921508789 334.28533935546875
126.90892028808594 333.28643798828125
126.9549560546875 332.28753662109375
127.00099182128906 331.28863525390625
127.04703521728516 330.28973388671875
127.09307861328125 329.29083251953125
127.13912200927734 328.29193115234375
127.18517303466797 327.29302978515625
127.2312240600586 326.29412841796875
127.27727508544922 325.29522705078125
127.32333374023438 324.29632568359375
127.36939239501953 323.29742431640625
127.41545867919922 322.29852294921875
127.4615249633789 321.29962158203125
127.5075912475586 320.30072021484375
127.55366516113281 319.30181884765625
127.59973907470703 318.30291748046875
127.64581298828125 317.30401611328125
127.69189453125 316.30511474609375
127.73797607421875 315.30621337890625
127.78406524658203 314.30731201171875
127.83015441894531 313.30841064453125
127.8762435913086 312.30950927734375
127.9223403930664 311.31060791015625
127.96843719482422 310.31170654296875
128.01454162597656 309.31280517578125
128.06063842773438 308.31390380859375
128.10675048828125 307.31500244140625
128.15286254882812 306.31610107421875
128.198974609375 305.31719970703125
128.24508666992188 304.31829833984375
128.29119873046875 303.31939697265625
128.3373260498047 302.32049560546875
128.38345336914062 301.32159423828125
128.42958068847656 300.32269287109375
128.4757080078125 299.32379150390625
128.52183532714844 298.32489013671875
128.56796264648438 297.32598876953125
128.61410522460938 296.32708740234375
128.66024780273438 295.32818603515625
128.70639038085938 294.32928466796875
128.75253295898438 293.33038330078125
128.79867553710938 292.33148193359375
128.84483337402344 291.33258056640625
128.8909912109375 290.33367919921875
128.93714904785156 289.33477783203125
128.98330688476562 288.33587646484375
129.0294647216797 287.33697509765625
129.0756378173828 286.33807373046875
129.12181091308594 285.33917236328125
129.16798400878906 284.34027099609375
129.2141571044922 283.34136962890625
129.2603302001953 282.34246826171875
129.30650329589844 281.34356689453125
129.35269165039062 280.34466552734375
129.3988800048828 279.34576416015625
129.445068359375 278.34686279296875
129.4912567138672 277.34796142578125
129.53744506835938 276.34906005859375
129.58364868164062 275.35015869140625
129.62985229492188 274.35125732421875
129.67605590820312 273.35235595703125
129.72225952148438 272.35345458984375
129.76846313476562 271.35455322265625
129.81468200683594 270.35565185546875
129.86090087890625 269.35675048828125
129.90711975097656 268.35784912109375
129.95333862304688 267.35894775390625
129.9995574951172 266.36004638671875
130.0457763671875 265.36114501953125
130.09201049804688 264.36224365234375
130.13824462890625 263.36334228515625
130.18447875976562 262.36444091796875
130.230712890625 261.36553955078125
130.27694702148438 260.36663818359375
130.3231964111328 259.36773681640625
130.36944580078125 258.36883544921875
130.4156951904297 257.36993408203125
130.46194458007812 256.37103271484375
130.50819396972656 255.37213134765625
130.55445861816406 254.37322998046875
130.60072326660156 253.37432861328125
130.64698791503906 252.37542724609375
130.69325256347656 251.37652587890625
130.73951721191406 250.37762451171875
130.78578186035156 249.37872314453125
130.83206176757812 248.37982177734375
130.8783416748047 247.38092041015625
130.92462158203125 246.38201904296875
130.9709014892578 245.38311767578125
131.01718139648438 244.38421630859375
131.0634765625 243.38531494140625
131.10977172851562 242.38641357421875
131.15606689453125 241.38751220703125
131.20236206054688 240.38861083984375
131.2487030029297 239.40274047851562
131.2487030029297 239.40274047851562
131.39578247070312 238.4136505126953
131.54286193847656 237.424560546875
131.54286193847656 237.424560546875
131.54286193847656 237.424560546875
131.88351440429688 236.48440551757812
132.22418212890625 235.54425048828125
132.56484985351562 234.60409545898438
132.905517578125 233.66395568847656
132.91058349609375 233.65188598632812
132.91058349609375 233.65188598632812
132.91058349609375 233.65188598632812
132.91058349609375 233.65188598632812
132.91058349609375 233.65188598632812
132.91058349609375 233.65188598632812
132.91058349609375 233.65188598632812
132.91058349609375 233.65188598632812
132.91058349609375 233.65188598632812
132.91058349609375 233.65188598632812
132.91058349609375 233.65188598632812
132.91058349609375 233.65188598632812
132.91058349609375 233.65188598632812
132.91058349609375 233.65188598632812
132.91058349609375 233.65188598632812
132.91058349609375 233.65188598632812
132.91058349609375 233.65188598632812
132.91058349609375 233.65188598632812
132.91058349609375 233.65188598632812
132.91058349609375 233.65188598632812
132.91058349609375 233.65188598632812
132.91058349609375 233.65188598632812
132.91058349609375 233.65188598632812
132.91058349609375 233.65188598632812
132.58718872070312 232.8606414794922
132.2753143310547 232.06478881835938
131.97503662109375 231.26449584960938
131.6864013671875 230.45993041992188
131.40948486328125 229.6512451171875
131.14434814453125 228.838623046875
130.8910369873047 228.02224731445312
130.64959716796875 227.2022705078125
130.4200897216797 226.37887573242188
130.2025604248047 225.55224609375
129.9970703125 224.7225341796875
129.80364990234375 223.88992309570312
129.62232971191406 223.05459594726562
129.4531707763672 222.2167205810547
129.2961883544922 221.37648010253906
129.15142822265625 220.5340576171875
129.01890563964844 219.6896209716797
128.89866638183594 218.8433380126953
128.7907257080078 217.9954071044922
128.6951141357422 217.14599609375
128.61184692382812 216.2952880859375
128.5409393310547 215.44345092773438
128.48240661621094 214.59068298339844
128.43626403808594 213.73715209960938
128.40252685546875 212.88304138183594
128.38119506835938 212.02853393554688
128.3722686767578 211.17379760742188
128.3722686767578 211.17379760742188
128.3722686767578 211.17379760742188
128.3722686767578 211.17379760742188
128.3722686767578 211.17379760742188
128.3722686767578 211.17379760742188
128.3722686767578 211.17379760742188
128.3722686767578 211.17379760742188
128.3722686767578 211.17379760742188
128.3722686767578 211.17379760742188
128.3722686767578 211.17379760742188
128.3722686767578 211.17379760742188
128.3722686767578 211.17379760742188
128.3722686767578 211.17379760742188
128.3722686767578 211.17379760742188
128.3722686767578 211.17379760742188
128.3722686767578 211.17379760742188
128.3722686767578 211.17379760742188
128.3722686767578 211.17379760742188
128.3722686767578 211.17379760742188
128.3722686767578 211.17379760742188
128.3722686767578 211.17379760742188
128.3722686767578 211.17379760742188
128.3722686767578 211.17379760742188
128.3722686767578 211.17379760742188
128.3722686767578 211.17379760742188
128.3722686767578 211.17379760742188
128.3722686767578 211.17379760742188
128.3722686767578 211.17379760742188
128.3722686767578 211.17379760742188
128.3722686767578 211.17379760742188
128.3722686767578 211.17379760742188
128.3722686767578 211.17379760742188
128.3722686767578 211.17379760742188
128.3722686767578 211.17379760742188
128.3722686767578 211.17379760742188
128.3722686767578 211.17379760742188
128.3722686767578 211.17379760742188
128.89938354492188 210.32403564453125
129.42649841308594 209.47427368164062
129.95362854003906 208.62451171875
130.4807586669922 207.77476501464844
131.0078887939453 206.92501831054688
131.53501892089844 206.0752716064453
132.06214904785156 205.22552490234375
132.15081787109375 205.0951690673828
132.15081787109375 205.0951690673828
132.15081787109375 205.0951690673828
132.15081787109375 205.0951690673828
132.15081787109375 205.0951690673828
132.15081787109375 205.0951690673828
132.15081787109375 205.0951690673828
132.15081787109375 205.0951690673828
132.15081787109375 205.0951690673828
132.15081787109375 205.0951690673828
132.15081787109375 205.0951690673828
