60.0 450.0
60.0 450.0
60.0 450.0
60.0 450.0
60.0 450.0
60.0 450.0
60.0 450.0
60.0 450.0
60.0 450.0
60.0 450.0
60.0 450.0
60.0 450.0
59.59718704223633 450.9152526855469
59.19437026977539 451.83050537109375
58.79154968261719 452.7457580566406
58.38872528076172 453.6610107421875
57.98590087890625 454.5762634277344
57.583072662353516 455.49151611328125
57.180240631103516 456.4067687988281
56.77740478515625 457.322021484375
56.374568939208984 458.2372741699219
55.97172927856445 459.1524963378906
55.568885803222656 460.0677185058594
55.166038513183594 460.9829406738281
54.76319122314453 461.8981628417969
54.3603401184082 462.8133850097656
53.95748519897461 463.7286071777344
53.55462646484375 464.6438293457031
53.15176773071289 465.5590515136719
52.748905181884766 466.4742736816406
52.346038818359375 467.3894958496094
51.94316864013672 468.3047180175781
51.54029846191406 469.2199401855469
51.13742446899414 470.1351623535156
50.73454666137695 471.0503845214844
50.3316650390625 471.9656066894531
49.92878341674805 472.8808288574219
49.52589797973633 473.7960510253906
49.123008728027344 474.7112731933594
48.720115661621094 475.6264953613281
48.317222595214844 476.5417175292969
47.91432571411133 477.4569396972656
47.51142501831055 478.3721618652344
47.1085205078125 479.2873840332031
46.70561599731445 480.2026062011719
46.30270767211914 481.1177978515625
45.89979553222656 482.0329895019531
45.49687957763672 482.94818115234375
45.093963623046875 483.8633728027344
44.691043853759766 484.778564453125
44.28812026977539 485.6937561035156
43.885196685791016 486.60894775390625
43.482269287109375 487.5241394042969
43.07933807373047 488.4393310546875
42.6764030456543 489.3545227050781
42.273468017578125 490.26971435546875
41.87052917480469 491.1849060058594
41.467586517333984 492.10009765625
41.467586517333984 492.10009765625
41.467586517333984 492.10009765625
41.467586517333984 492.10009765625
41.467586517333984 492.10009765625
41.467586517333984 492.10009765625
41.467586517333984 492.10009765625
41.467586517333984 492.10009765625
41.467586517333984 492.10009765625
41.467586517333984 492.10009765625
41.467586517333984 492.10009765625
41.467586517333984 492.10009765625
41.467586517333984 492.10009765625
41.467586517333984 492.10009765625
41.467586517333984 492.10009765625
41.467586517333984 492.10009765625
41.467586517333984 492.10009765625
41.467586517333984 492.10009765625
41.467586517333984 492.10009765625
41.467586517333984 492.10009765625
41.467586517333984 492.10009765625
41.467586517333984 492.10009765625
41.467586517333984 492.10009765625
41.467586517333984 492.10009765625
41.80540084838867 492.8597717285156
42.13036346435547 493.6250305175781
42.442378997802734 494.3956604003906
42.74135971069336 495.17144775390625
43.027217864990234 495.9521789550781
43.29987335205078 496.73760986328125
43.55924987792969 497.52752685546875
43.805274963378906 498.3216857910156
44.03787612915039 499.1199035644531
44.256988525390625 499.9219055175781
44.46255111694336 500.7275085449219
44.654502868652344 501.5364685058594
44.83279037475586 502.3485412597656
44.99736404418945 503.1634826660156
45.14817810058594 503.9811096191406
45.285186767578125 504.8011474609375
45.40835189819336 505.6233825683594
45.51763916015625 506.44757080078125
45.61301803588867 507.27349853515625
45.6944580078125 508.1009216308594
45.761940002441406 508.9295959472656
45.8154411315918 509.75927734375
45.854949951171875 510.5897521972656
45.88045120239258 511.4207763671875
45.89194107055664 512.2520751953125
45.8894157409668 513.08349609375
45.87287521362305 513.9147338867188
45.842323303222656 514.7454833984375
45.842323303222656 514.7454833984375
45.842323303222656 514.7454833984375
45.842323303222656 514.7454833984375
45.842323303222656 514.7454833984375
45.842323303222656 514.7454833984375
45.842323303222656 514.7454833984375
45.842323303222656 514.7454833984375
45.842323303222656 514.7454833984375
45.842323303222656 514.7454833984375
45.842323303222656 514.7454833984375
45.842323303222656 514.7454833984375
45.842323303222656 514.7454833984375
45.842323303222656 514.7454833984375
45.842323303222656 514.7454833984375
45.842323303222656 514.7454833984375
45.842323303222656 514.7454833984375
45.842323303222656 514.7454833984375
45.842323303222656 514.7454833984375
45.842323303222656 514.7454833984375
45.842323303222656 514.7454833984375
45.842323303222656 514.7454833984375
45.842323303222656 514.7454833984375
45.842323303222656 514.7454833984375
45.842323303222656 514.7454833984375
45.842323303222656 514.7454833984375
45.842323303222656 514.7454833984375
45.842323303222656 514.7454833984375
45.842323303222656 514.7454833984375
45.842323303222656 514.7454833984375
45.842323303222656 514.7454833984375
45.842323303222656 514.7454833984375
45.842323303222656 514.7454833984375
45.842323303222656 514.7454833984375
45.842323303222656 514.7454833984375
45.543373107910156 515.69970703125
45.24441909790039 516.6539306640625
44.945465087890625 517.608154296875
44.646507263183594 518.5623779296875
44.3475456237793 519.5166015625
44.3475456237793 519.5166015625
43.954811096191406 520.4362182617188
43.56207275390625 521.3558349609375
43.16933059692383 522.2754516601562
42.776588439941406 523.195068359375
42.38384246826172 524.1146850585938
41.991092681884766 525.0343017578125
41.59833908081055 525.9539184570312
41.20558547973633 526.87353515625
40.812828063964844 527.7931518554688
40.420066833496094 528.7127685546875
40.02730178833008 529.6323852539062
39.63453674316406 530.552001953125
39.24176788330078 531.4716186523438
38.848995208740234 532.3912353515625
38.45621871948242 533.3108520507812
38.06344223022461 534.23046875
37.67066192626953 535.1500854492188
37.27787780761719 536.0697021484375
36.88508987426758 536.9893188476562
36.49230194091797 537.908935546875
36.099510192871094 538.8285522460938
35.70695877075195 539.7474975585938
35.31410217285156 540.6670532226562
34.92123794555664 541.5866088867188
34.92123794555664 541.5866088867188
34.43852615356445 542.4623413085938
33.955814361572266 543.3380737304688
33.47309875488281 544.2138061523438
32.990379333496094 545.0895385742188
32.507659912109375 545.9652709960938
32.02493667602539 546.8410034179688
31.54220962524414 547.7167358398438
31.059480667114258 548.5924682617188
30.576749801635742 549.4682006835938
30.09401512145996 550.3439331054688
29.611278533935547 551.2196655273438
29.128538131713867 552.0953979492188
28.645795822143555 552.9711303710938
28.163049697875977 553.8468627929688
27.680301666259766 554.7225952148438
27.197551727294922 555.5983276367188
26.714797973632812 556.4740600585938
26.23204231262207 557.3497924804688
25.749282836914062 558.2255249023438
25.266521453857422 559.1012573242188
24.78375816345215 559.9769897460938
24.30099105834961 560.8527221679688
23.818222045898438 561.7284545898438
23.33544921875 562.6041870117188
23.33544921875 562.6041870117188
23.29326820373535 562.6596069335938
23.29326820373535 562.6596069335938
23.29326820373535 562.6596069335938
23.29326820373535 562.6596069335938
23.29326820373535 562.6596069335938
23.29326820373535 562.6596069335938
23.29326820373535 562.6596069335938
23.29326820373535 562.6596069335938
23.29326820373535 562.6596069335938
23.29326820373535 562.6596069335938
23.29326820373535 562.6596069335938
23.29326820373535 562.6596069335938
24.07408905029297 562.8472900390625
24.07408905029297 562.8472900390625
24.07408905029297 562.8472900390625
24.07408905029297 562.8472900390625
24.07408905029297 562.8472900390625
24.07408905029297 562.8472900390625
24.07408905029297 562.8472900390625
24.07408905029297 562.8472900390625
24.07408905029297 562.8472900390625
24.07408905029297 562.8472900390625
24.07408905029297 562.8472900390625
24.07408905029297 562.8472900390625
24.07408905029297 562.8472900390625
24.17081642150879 563.6730346679688
24.253610610961914 564.5003051757812
24.322446823120117 565.328857421875
24.37730598449707 566.158447265625
24.41817283630371 566.9888305664062
24.44503402709961 567.81982421875
24.457883834838867 568.651123046875
24.45671844482422 569.4825439453125
24.441537857055664 570.3138427734375
24.41234588623047 571.1447143554688
24.369150161743164 571.9749755859375
24.31196403503418 572.804443359375
24.24080467224121 573.6328125
24.155691146850586 574.4598388671875
24.05664825439453 575.2853393554688
23.943702697753906 576.1090087890625
23.8168888092041 576.9306640625
23.676240921020508 577.7500610351562
23.521799087524414 578.5670166015625
23.353609085083008 579.3812255859375
23.171716690063477 580.1925048828125
23.171716690063477 580.1925048828125
23.171716690063477 580.1925048828125
23.171716690063477 580.1925048828125
23.171716690063477 580.1925048828125
23.171716690063477 580.1925048828125
23.171716690063477 580.1925048828125
23.171716690063477 580.1925048828125
23.171716690063477 580.1925048828125
23.171716690063477 580.1925048828125
23.171716690063477 580.1925048828125
23.171716690063477 580.1925048828125
23.171716690063477 580.1925048828125
23.171716690063477 580.1925048828125
23.171716690063477 580.1925048828125
23.171716690063477 580.1925048828125
23.171716690063477 580.1925048828125
23.171716690063477 580.1925048828125
23.171716690063477 580.1925048828125
23.171716690063477 580.1925048828125
23.171716690063477 580.1925048828125
23.171716690063477 580.1925048828125
23.171716690063477 580.1925048828125
24.0214786529541 579.6654052734375
24.87124252319336 579.1383056640625
25.72100830078125 578.6112060546875
26.570775985717773 578.0841064453125
27.420543670654297 577.5570068359375
28.270313262939453 577.0299072265625
29.120084762573242 576.5028076171875
29.120084762573242 576.5028076171875
30.018234252929688 576.0631713867188
30.916385650634766 575.62353515625
31.814537048339844 575.1838989257812
32.71268844604492 574.7442626953125
33.610843658447266 574.3046264648438
34.50899887084961 573.864990234375
35.40715789794922 573.4254150390625
36.30531692504883 572.98583984375
37.20347595214844 572.5462646484375
38.10163879394531 572.106689453125
38.99980163574219 571.6671142578125
39.89796447753906 571.2275390625
39.89796447753906 571.2275390625
40.83552932739258 570.8798217773438
41.773094177246094 570.5321044921875
42.71065902709961 570.1843872070312
43.64822769165039 569.836669921875
44.58579635620117 569.4889526367188
45.52336502075195 569.1412353515625
46.460933685302734 568.7935180664062
47.39850616455078 568.44580078125
48.33607864379883 568.0980834960938
49.273651123046875 567.7503662109375
50.21122741699219 567.4026489257812
51.1488037109375 567.054931640625
52.08638000488281 566.7072143554688
53.023956298828125 566.3594970703125
53.9615364074707 566.0118408203125
54.89911651611328 565.6641845703125
55.83660125732422 565.3165283203125
55.83660125732422 565.3165283203125
56.8042106628418 565.064208984375
57.771820068359375 564.8118896484375
58.73943328857422 564.5595703125
59.70704650878906 564.3072509765625
60.674659729003906 564.054931640625
61.64227294921875 563.8026123046875
62.609886169433594 563.55029296875
63.5775032043457 563.2979736328125
64.54512023925781 563.045654296875
65.51274108886719 562.7933349609375
66.48036193847656 562.541015625
67.44798278808594 562.2886962890625
68.41560363769531 562.036376953125
68.41560363769531 562.036376953125
69.40357971191406 561.8819580078125
70.39155578613281 561.7275390625
71.37953186035156 561.5731201171875
72.36750793457031 561.418701171875
73.35548400878906 561.2642822265625
74.34346008300781 561.10986328125
75.33143615722656 560.9554443359375
76.31941223144531 560.801025390625
77.30738830566406 560.6466064453125
78.29536437988281 560.4921875
79.28334045410156 560.3377685546875
80.27131652832031 560.183349609375
81.25929260253906 560.0289306640625
82.24726867675781 559.8745727539062
83.23524475097656 559.72021484375
84.22322845458984 559.5658569335938
85.21121215820312 559.4114990234375
86.1991958618164 559.2571411132812
87.18717956542969 559.102783203125
88.17516326904297 558.9484252929688
89.16314697265625 558.7940673828125
90.15113067626953 558.6397094726562
91.13911437988281 558.4853515625
92.1270980834961 558.3309936523438
93.11508178710938 558.1766357421875
94.10306549072266 558.0222778320312
95.09104919433594 557.867919921875
96.07903289794922 557.7135620117188
97.0670166015625 557.5592041015625
98.05500030517578 557.4048461914062
99.04298400878906 557.25048828125
100.03097534179688 557.0961303710938
101.01896667480469 556.9417724609375
102.0069580078125 556.7874755859375
102.99494934082031 556.6331787109375
103.98294067382812 556.4788818359375
103.98294067382812 556.4788818359375
104.98139953613281 556.4239501953125
105.9798583984375 556.3690185546875
106.97831726074219 556.3140869140625
107.97677612304688 556.2591552734375
108.97523498535156 556.2042846679688
109.97369384765625 556.1494140625
110.97215270996094 556.0945434570312
111.97061157226562 556.0396728515625
112.96907043457031 555.9848022460938
113.967529296875 555.929931640625
114.96598815917969 555.8750610351562
115.96444702148438 555.8201904296875
116.96290588378906 555.7653198242188
117.96136474609375 555.71044921875
118.95983123779297 555.6555786132812
119.95829772949219 555.6007080078125
120.9567642211914 555.5458374023438
121.95523071289062 555.490966796875
122.95369720458984 555.4360961914062
123.95216369628906 555.3812255859375
124.95063018798828 555.3263549804688
125.9490966796875 555.271484375
126.94756317138672 555.2166137695312
127.94602966308594 555.1617431640625
128.94448852539062 555.10693359375
129.9429473876953 555.0521240234375
130.94140625 554.997314453125
131.9398651123047 554.9425048828125
132.93832397460938 554.8876953125
133.93678283691406 554.8328857421875
134.93524169921875 554.778076171875
135.93370056152344 554.7232666015625
136.93215942382812 554.66845703125
137.9306182861328 554.6136474609375
138.9290771484375 554.558837890625
139.9275360107422 554.5040283203125
140.92601013183594 554.44921875
141.9244842529297 554.3944091796875
142.92295837402344 554.339599609375
143.9214324951172 554.2847900390625
144.91990661621094 554.22998046875
145.9183807373047 554.1751708984375
146.91685485839844 554.120361328125
147.9153289794922 554.0655517578125
148.91380310058594 554.0108032226562
149.9122772216797 553.9560546875
150.91075134277344 553.9013061523438
151.9092254638672 553.8465576171875
152.90769958496094 553.7918090820312
153.90614318847656 553.737060546875
154.90460205078125 553.6823120117188
155.90306091308594 553.6275634765625
155.90306091308594 553.6275634765625
155.90306091308594 553.6275634765625
155.90306091308594 553.6275634765625
155.90306091308594 553.6275634765625
155.90306091308594 553.6275634765625
155.90306091308594 553.6275634765625
155.90306091308594 553.6275634765625
155.90306091308594 553.6275634765625
155.90306091308594 553.6275634765625
155.90306091308594 553.6275634765625
155.90306091308594 553.6275634765625
155.90306091308594 553.6275634765625
155.90306091308594 553.6275634765625
155.90306091308594 553.6275634765625
155.90306091308594 553.6275634765625
155.90306091308594 553.6275634765625
155.90306091308594 553.6275634765625
155.90306091308594 553.6275634765625
156.05020141601562 552.8380737304688
156.05020141601562 552.8380737304688
156.05020141601562 552.8380737304688
156.05020141601562 552.8380737304688
156.05020141601562 552.8380737304688
156.05020141601562 552.8380737304688
156.05020141601562 552.8380737304688
156.05020141601562 552.8380737304688
156.05020141601562 552.8380737304688
156.05020141601562 552.8380737304688
156.7921142578125 552.4628295898438
157.54025268554688 552.1001586914062
158.2943878173828 551.7501220703125
159.0543212890625 551.412841796875
159.81983947753906 551.0884399414062
160.59071350097656 550.7769775390625
161.36672973632812 550.4785766601562
162.1476593017578 550.1932983398438
162.93328857421875 549.9212036132812
163.723388671875 549.6624145507812
164.5177459716797 549.4169921875
165.31613159179688 549.1849975585938
166.11830139160156 548.9664916992188
166.92404174804688 548.7615356445312
167.73312377929688 548.5701904296875
168.54531860351562 548.3925170898438
169.3603973388672 548.2285766601562
170.17813110351562 548.078369140625
170.99827575683594 547.9419555664062
171.8206024169922 547.8193969726562
172.64488220214844 547.7107543945312
173.4708709716797 547.615966796875
174.29833984375 547.53515625
175.12705993652344 547.4683227539062
175.956787109375 547.4154663085938
175.956787109375 547.4154663085938
175.956787109375 547.4154663085938
175.956787109375 547.4154663085938
175.956787109375 547.4154663085938
175.956787109375 547.4154663085938
175.956787109375 547.4154663085938
175.956787109375 547.4154663085938
175.956787109375 547.4154663085938
175.956787109375 547.4154663085938
175.956787109375 547.4154663085938
175.956787109375 547.4154663085938
175.956787109375 547.4154663085938
175.956787109375 547.4154663085938
175.956787109375 547.4154663085938
175.956787109375 547.4154663085938
175.956787109375 547.4154663085938
175.956787109375 547.4154663085938
175.956787109375 547.4154663085938
175.956787109375 547.4154663085938
175.956787109375 547.4154663085938
175.956787109375 547.4154663085938
175.956787109375 547.4154663085938
175.956787109375 547.4154663085938
175.956787109375 547.4154663085938
175.956787109375 547.4154663085938
175.956787109375 547.4154663085938
175.956787109375 547.4154663085938
175.956787109375 547.4154663085938
175.956787109375 547.4154663085938
176.91302490234375 547.1229858398438
177.8692626953125 546.8305053710938
178.8255157470703 546.5380249023438
179.78176879882812 546.2455444335938
180.73802185058594 545.9530639648438
181.69427490234375 545.6605834960938
182.65052795410156 545.3681640625
183.60678100585938 545.0757446289062
184.5630340576172 544.7833251953125
185.519287109375 544.4909057617188
186.4755401611328 544.198486328125
187.43179321289062 543.9060668945312
187.43179321289062 543.9060668945312
187.43179321289062 543.9060668945312
187.43179321289062 543.9060668945312
187.43179321289062 543.9060668945312
187.43179321289062 543.9060668945312
187.43179321289062 543.9060668945312
187.43179321289062 543.9060668945312
187.43179321289062 543.9060668945312
187.43179321289062 543.9060668945312
187.43179321289062 543.9060668945312
187.43179321289062 543.9060668945312
187.43179321289062 543.9060668945312
187.43179321289062 543.9060668945312
187.43179321289062 543.9060668945312
187.43179321289062 543.9060668945312
187.43179321289062 543.9060668945312
187.43179321289062 543.9060668945312
187.43179321289062 543.9060668945312
187.43179321289062 543.9060668945312
187.43179321289062 543.9060668945312
187.545654296875 543.1111450195312
187.67515563964844 542.318603515625
187.67515563964844 542.318603515625
187.67515563964844 542.318603515625
187.67515563964844 542.318603515625
187.67515563964844 542.318603515625
187.67515563964844 542.318603515625
187.67515563964844 542.318603515625
187.67515563964844 542.318603515625
188.3160858154297 541.7890014648438
188.96585083007812 541.2703247070312
189.624267578125 540.7626342773438
190.2911376953125 540.26611328125
190.96629333496094 539.7809448242188
191.64952087402344 539.3071899414062
192.3406524658203 538.8450317382812
193.0394744873047 538.3945922851562
193.74578857421875 537.9559936523438
194.4593963623047 537.5293579101562
195.18008422851562 537.1148071289062
195.9076690673828 536.7124633789062
196.6419219970703 536.3224487304688
197.3826446533203 535.9448852539062
198.129638671875 535.579833984375
198.88267517089844 535.2274780273438
198.88267517089844 535.2274780273438
198.88267517089844 535.2274780273438
198.88267517089844 535.2274780273438
198.88267517089844 535.2274780273438
198.88267517089844 535.2274780273438
198.88267517089844 535.2274780273438
198.88267517089844 535.2274780273438
198.88267517089844 535.2274780273438
198.88267517089844 535.2274780273438
198.88267517089844 535.2274780273438
198.88267517089844 535.2274780273438
198.88267517089844 535.2274780273438
198.88267517089844 535.2274780273438
198.88267517089844 535.2274780273438
198.88267517089844 535.2274780273438
198.88267517089844 535.2274780273438
198.88267517089844 535.2274780273438
198.88267517089844 535.2274780273438
198.88267517089844 535.2274780273438
198.88267517089844 535.2274780273438
198.88267517089844 535.2274780273438
198.88267517089844 535.2274780273438
198.88267517089844 535.2274780273438
198.88267517089844 535.2274780273438
198.88267517089844 535.2274780273438
198.88267517089844 535.2274780273438
198.88267517089844 535.2274780273438
198.88267517089844 535.2274780273438
198.88267517089844 535.2274780273438
199.66595458984375 534.6058349609375
200.44923400878906 533.9841918945312
201.23251342773438 533.362548828125
202.0157928466797 532.7409057617188
202.799072265625 532.1192626953125
203.5823516845703 531.4976196289062
204.36563110351562 530.8759765625
205.14891052246094 530.25439453125
205.9322052001953 529.6328125
206.7154998779297 529.01123046875
207.49879455566406 528.3896484375
208.28208923339844 527.76806640625
209.0653839111328 527.146484375
209.8486785888672 526.52490234375
210.63197326660156 525.9033203125
211.41526794433594 525.28173828125
212.19857788085938 524.66015625
212.9818878173828 524.03857421875
213.76519775390625 523.4169921875
214.5485076904297 522.79541015625
215.33181762695312 522.173828125
216.11512756347656 521.55224609375
216.8984375 520.9306640625
217.68174743652344 520.30908203125
218.46507263183594 519.6875
219.24839782714844 519.06591796875
220.03172302246094 518.4443359375
220.81504821777344 517.82275390625
221.59837341308594 517.201171875
222.38169860839844 516.57958984375
223.16502380371094 515.9580078125
223.94834899902344 515.33642578125
224.731689453125 514.71484375
225.51502990722656 514.0933227539062
226.29837036132812 513.4718017578125
227.0817108154297 512.8502807617188
227.86505126953125 512.228759765625
228.6483917236328 511.6072082519531
229.43173217773438 510.98565673828125
230.21507263183594 510.3641052246094
230.99842834472656 509.7425842285156
231.7817840576172 509.1210632324219
232.5651397705078 508.4995422363281
233.34849548339844 507.8780212402344
234.13185119628906 507.2565002441406
234.9152069091797 506.6349792480469
235.6985626220703 506.0134582519531
236.48191833496094 505.3919372558594
237.26527404785156 504.7704162597656
238.04864501953125 504.1488952636719
238.83201599121094 503.5273742675781
239.61538696289062 502.9058532714844
240.3987579345703 502.28436279296875
241.18212890625 501.6628723144531
241.9654998779297 501.0413818359375
242.74887084960938 500.4198913574219
243.53224182128906 499.79840087890625
244.3156280517578 499.1769104003906
245.09901428222656 498.555419921875
245.8824005126953 497.9339294433594
246.66578674316406 497.31243896484375
247.4491729736328 496.6909484863281
248.23255920410156 496.0694580078125
249.0159454345703 495.4479675292969
249.79933166503906 494.82647705078125
250.58273315429688 494.20501708984375
251.3661346435547 493.58355712890625
252.1495361328125 492.96209716796875
252.9329376220703 492.34063720703125
253.71633911132812 491.71917724609375
254.49974060058594 491.09771728515625
255.28314208984375 490.47625732421875
256.0665588378906 489.85479736328125
256.8499755859375 489.23333740234375
257.6333923339844 488.61187744140625
258.41680908203125 487.99041748046875
259.2002258300781 487.36895751953125
259.983642578125 486.74749755859375
260.7670593261719 486.1260681152344
261.55047607421875 485.504638671875
262.3338928222656 484.8832092285156
263.1173095703125 484.26177978515625
263.9007263183594 483.6403503417969
264.68414306640625 483.0189208984375
265.4675598144531 482.3974914550781
266.2510070800781 481.77606201171875
267.0344543457031 481.1546325683594
267.8179016113281 480.533203125
268.6013488769531 479.9117736816406
269.3847961425781 479.29034423828125
270.1682434082031 478.6689147949219
270.9516906738281 478.0475158691406
271.7351379394531 477.4261169433594
272.5185852050781 476.8047180175781
272.5185852050781 476.8047180175781
273.3600769042969 476.2646789550781
273.3600769042969 476.2646789550781
273.3600769042969 476.2646789550781
273.3600769042969 476.2646789550781
273.3600769042969 476.2646789550781
273.3600769042969 476.2646789550781
273.3600769042969 476.2646789550781
273.3600769042969 476.2646789550781
273.3600769042969 476.2646789550781
273.3600769042969 476.2646789550781
273.3600769042969 476.2646789550781
273.3600769042969 476.2646789550781
273.3600769042969 476.2646789550781
273.3600769042969 476.2646789550781
273.3600769042969 476.2646789550781
273.3600769042969 476.2646789550781
272.885986328125 475.6164855957031
272.42474365234375 474.9590759277344
272.42474365234375 474.9590759277344
272.42474365234375 474.9590759277344
272.42474365234375 474.9590759277344
272.42474365234375 474.9590759277344
272.42474365234375 474.9590759277344
272.42474365234375 474.9590759277344
272.42474365234375 474.9590759277344
272.42474365234375 474.9590759277344
272.42474365234375 474.9590759277344
272.42474365234375 474.9590759277344
272.7534484863281 474.1954040527344
273.094970703125 473.4373779296875
273.4492492675781 472.6852111816406
273.8161315917969 471.93914794921875
274.195556640625 471.1993713378906
274.58740234375 470.4660949707031
274.9915466308594 469.7395324707031
275.4078674316406 469.0198669433594
275.8362731933594 468.3073425292969
276.2766418457031 467.6021423339844
276.72882080078125 466.9044494628906
277.19268798828125 466.2144775390625
277.6681213378906 465.5324401855469
278.1549987792969 464.8584899902344
278.6531677246094 464.1928405761719
279.1624755859375 463.53570556640625
279.68280029296875 462.8872375488281
280.2139892578125 462.2476501464844
280.755859375 461.6170959472656
281.30828857421875 460.9957580566406
281.8711242675781 460.3838195800781
282.4441833496094 459.7814636230469
283.0273132324219 459.1888427734375
283.620361328125 458.60614013671875
284.22314453125 458.0335388183594
284.83551025390625 457.4711608886719
285.4572448730469 456.919189453125
286.08819580078125 456.3777770996094
286.72821044921875 455.8470764160156
287.3770751953125 455.3272399902344
288.03460693359375 454.81842041015625
288.70062255859375 454.3207702636719
288.70062255859375 454.3207702636719
288.70062255859375 454.3207702636719
288.70062255859375 454.3207702636719
288.70062255859375 454.3207702636719
288.70062255859375 454.3207702636719
288.70062255859375 454.3207702636719
288.70062255859375 454.3207702636719
288.70062255859375 454.3207702636719
288.70062255859375 454.3207702636719
288.70062255859375 454.3207702636719
288.70062255859375 454.3207702636719
288.70062255859375 454.3207702636719
288.70062255859375 454.3207702636719
288.70062255859375 454.3207702636719
288.70062255859375 454.3207702636719
288.70062255859375 454.3207702636719
288.70062255859375 454.3207702636719
288.70062255859375 454.3207702636719
288.70062255859375 454.3207702636719
288.70062255859375 454.3207702636719
288.70062255859375 454.3207702636719
288.70062255859375 454.3207702636719
288.70062255859375 454.3207702636719
288.70062255859375 454.3207702636719
288.70062255859375 454.3207702636719
288.70062255859375 454.3207702636719
288.70062255859375 454.3207702636719
288.70062255859375 454.3207702636719
288.70062255859375 454.3207702636719
288.70062255859375 454.3207702636719
288.70062255859375 454.3207702636719
288.70062255859375 454.3207702636719
288.70062255859375 454.3207702636719
288.70062255859375 454.3207702636719
288.70062255859375 454.3207702636719
289.6630554199219 454.0493469238281
290.62548828125 453.7779235839844
291.5879211425781 453.5065002441406
292.55035400390625 453.2350769042969
292.55035400390625 453.2350769042969
293.5350646972656 453.06109619140625
294.519775390625 452.8871154785156
295.5044860839844 452.713134765625
296.48919677734375 452.5391540527344
297.4739074707031 452.36517333984375
298.4586181640625 452.1911926269531
299.4433288574219 452.0172424316406
299.4433288574219 452.0172424316406
300.44049072265625 451.9424743652344
301.4376525878906 451.8677062988281
302.434814453125 451.7929382324219
302.434814453125 451.7929382324219
303.4344787597656 451.8180847167969
304.43414306640625 451.8432312011719
305.4338073730469 451.8683776855469
306.4334716796875 451.8935241699219
307.4331359863281 451.918701171875
308.43280029296875 451.9438781738281
308.43280029296875 451.9438781738281
309.4249572753906 452.0687255859375
310.4171142578125 452.1935729980469
310.4171142578125 452.1935729980469
310.4171142578125 452.1935729980469
310.4171142578125 452.1935729980469
310.4171142578125 452.1935729980469
310.4171142578125 452.1935729980469
310.4171142578125 452.1935729980469
310.4171142578125 452.1935729980469
310.4171142578125 452.1935729980469
310.4171142578125 452.1935729980469
310.4171142578125 452.1935729980469
310.4171142578125 452.1935729980469
310.4171142578125 452.1935729980469
310.4171142578125 452.1935729980469
310.4171142578125 452.1935729980469
310.4171142578125 452.1935729980469
310.4171142578125 452.1935729980469
310.4171142578125 452.1935729980469
310.4171142578125 452.1935729980469
310.4171142578125 452.1935729980469
310.4171142578125 452.1935729980469
310.4171142578125 452.1935729980469
310.9287109375 451.5382080078125
311.4512634277344 450.89154052734375
311.9846496582031 450.2537841796875
312.5287170410156 449.6251220703125
313.08331298828125 449.0057067871094
313.64825439453125 448.3957214355469
314.223388671875 447.79534912109375
314.8085632324219 447.20477294921875
315.40362548828125 446.6241455078125
316.0083923339844 446.0536193847656
316.6226806640625 445.4933776855469
317.246337890625 444.9435729980469
317.8791809082031 444.40435791015625
318.5210266113281 443.8758850097656
319.17169189453125 443.3583068847656
319.8309631347656 442.8517761230469
320.4986877441406 442.3564147949219
321.1746826171875 441.87237548828125
321.8587341308594 441.3998107910156
322.5506591796875 440.9388427734375
323.250244140625 440.4895935058594
323.9573059082031 440.0522155761719
324.671630859375 439.6268310546875
325.3930358886719 439.2135314941406
326.1213073730469 438.8124694824219
326.8562316894531 438.4237365722656
327.59759521484375 438.0474548339844
328.34521484375 437.6837158203125
329.0988464355469 437.3326110839844
329.8583068847656 436.9942626953125
330.62335205078125 436.66876220703125
331.3937683105469 436.3562316894531
332.1693420410156 436.0567321777344
332.9498596191406 435.77032470703125
333.735107421875 435.49713134765625
334.52484130859375 435.2372131347656
335.31884765625 434.9906311035156
336.11688232421875 434.7574768066406
336.9187316894531 434.5378112792969
337.72418212890625 434.3316955566406
338.5329895019531 434.1391906738281
339.3449401855469 433.9603576660156
340.1597900390625 433.79522705078125
340.977294921875 433.64385986328125
341.7972412109375 433.50628662109375
342.619384765625 433.382568359375
343.4435119628906 433.272705078125
344.2693786621094 433.1767578125
345.09674072265625 433.0947570800781
345.92535400390625 433.0267028808594
346.7550048828125 432.9726257324219
346.7550048828125 432.9726257324219
346.7550048828125 432.9726257324219
345.7652893066406 432.82977294921875
344.77557373046875 432.6869201660156
343.7858581542969 432.5440673828125
342.796142578125 432.4012145996094
341.8064270019531 432.25836181640625
340.81671142578125 432.115478515625
339.8269958496094 431.97259521484375
339.8269958496094 431.97259521484375
338.85650634765625 431.73162841796875
337.8860168457031 431.49066162109375
336.91552734375 431.24969482421875
335.9450378417969 431.00872802734375
334.97454833984375 430.76776123046875
334.0040588378906 430.5267639160156
333.0335693359375 430.2857666015625
332.0630798339844 430.0447692871094
331.09259033203125 429.80377197265625
330.1221008300781 429.5627746582031
329.151611328125 429.32177734375
328.1811218261719 429.0807800292969
327.21063232421875 428.83978271484375
326.2401428222656 428.5987854003906
325.2696533203125 428.3577880859375
325.2696533203125 428.3577880859375
324.32806396484375 428.0210876464844
323.386474609375 427.68438720703125
322.44488525390625 427.3476867675781
321.5032958984375 427.010986328125
320.56170654296875 426.6742858886719
319.6201171875 426.33758544921875
318.67852783203125 426.0008850097656
317.7369689941406 425.6641540527344
316.79541015625 425.3274230957031
315.8538513183594 424.9906921386719
314.91229248046875 424.6539611816406
313.9707336425781 424.3172302246094
313.0291748046875 423.9804992675781
312.0876159667969 423.6437683105469
311.14605712890625 423.3070373535156
310.2044982910156 422.9703063964844
309.262939453125 422.6335754394531
308.3213806152344 422.29681396484375
307.37982177734375 421.9600524902344
306.4382629394531 421.623291015625
305.4967041015625 421.2865295410156
304.5551452636719 420.94976806640625
303.61358642578125 420.6130065917969
302.6720275878906 420.2762451171875
301.73046875 419.9394836425781
300.7889099121094 419.60272216796875
299.84735107421875 419.2659606933594
298.9057922363281 418.92919921875
297.9642333984375 418.5924072265625
297.0226745605469 418.255615234375
296.08111572265625 417.9188232421875
295.1395568847656 417.58203125
295.1395568847656 417.58203125
294.236328125 417.1529235839844
293.3330993652344 416.72381591796875
292.42987060546875 416.2947082519531
291.5266418457031 415.8656005859375
290.6234130859375 415.4364929199219
289.7201843261719 415.00738525390625
288.8169860839844 414.5782775878906
287.9137878417969 414.1491394042969
287.0105895996094 413.7200012207031
286.1073913574219 413.2908630371094
285.2041931152344 412.8617248535156
284.3009948730469 412.4325866699219
283.3977966308594 412.0034484863281
282.4945983886719 411.5743103027344
281.5914001464844 411.1451721191406
280.6882019042969 410.7160339355469
279.7850036621094 410.2868957519531
278.8818054199219 409.8577575683594
277.9786071777344 409.4285888671875
277.0754089355469 408.9994201660156
276.1722106933594 408.57025146484375
275.2690124511719 408.1410827636719
274.3658142089844 407.7119140625
273.4626159667969 407.2827453613281
272.5594177246094 406.85357666015625
271.6562194824219 406.4244079589844
270.7530212402344 405.9952392578125
269.8498229980469 405.5660705566406
268.9466247558594 405.13690185546875
268.04345703125 404.70770263671875
267.1402893066406 404.27850341796875
266.23712158203125 403.84930419921875
265.3339538574219 403.42010498046875
264.4307861328125 402.99090576171875
263.5276184082031 402.56170654296875
262.62445068359375 402.13250732421875
262.62445068359375 402.13250732421875
261.7686462402344 401.6152648925781
260.912841796875 401.0980224609375
260.0570373535156 400.5807800292969
259.20123291015625 400.06353759765625
258.3454284667969 399.5462951660156
257.4896240234375 399.029052734375
256.6338195800781 398.5118103027344
255.77801513671875 397.99456787109375
254.92221069335938 397.4773254394531
254.06640625 396.9600830078125
253.2106170654297 396.4428405761719
252.35482788085938 395.9255676269531
251.49903869628906 395.4082946777344
250.64324951171875 394.8910217285156
249.78746032714844 394.3737487792969
249.78746032714844 394.3737487792969
248.9875946044922 393.77362060546875
248.18772888183594 393.1734924316406
247.3878631591797 392.5733642578125
246.58799743652344 391.9732360839844
245.7881317138672 391.37310791015625
244.98826599121094 390.7729797363281
244.1884002685547 390.1728515625
243.38853454589844 389.5727233886719
242.58868408203125 388.97259521484375
241.78883361816406 388.3724670410156
240.98898315429688 387.7723083496094
240.1891326904297 387.1721496582031
239.3892822265625 386.5719909667969
238.5894317626953 385.9718322753906
237.78958129882812 385.3716735839844
236.98973083496094 384.7715148925781
236.98973083496094 384.7715148925781
236.25379943847656 384.0945129394531
235.5178680419922 383.4175109863281
234.7819366455078 382.740478515625
234.0460205078125 382.0634460449219
233.3101043701172 381.38641357421875
232.57418823242188 380.7093811035156
231.83827209472656 380.0323486328125
231.10235595703125 379.3553161621094
230.36643981933594 378.67828369140625
229.63052368164062 378.0012512207031
228.8946075439453 377.32421875
228.15870666503906 376.6471862792969
227.4228057861328 375.97015380859375
226.68690490722656 375.2931213378906
225.9510040283203 374.6160888671875
225.21510314941406 373.9390563964844
224.4792022705078 373.2619934082031
223.74330139160156 372.5849304199219
223.00741577148438 371.9078674316406
222.2715301513672 371.2308044433594
221.53564453125 370.5537414550781
221.53564453125 370.5537414550781
220.87103271484375 369.8066101074219
220.2064208984375 369.0594787597656
219.54180908203125 368.31231689453125
218.877197265625 367.5651550292969
218.21258544921875 366.8179931640625
217.5479736328125 366.0708312988281
216.8833770751953 365.32366943359375
216.21878051757812 364.5765075683594
215.55418395996094 363.829345703125
214.88958740234375 363.0821838378906
214.22499084472656 362.33502197265625
213.56039428710938 361.5878601074219
212.89581298828125 360.8406982421875
212.23123168945312 360.0935363769531
211.566650390625 359.34637451171875
210.90206909179688 358.5992126464844
210.23748779296875 357.85205078125
210.23748779296875 357.85205078125
209.65081787109375 357.0422668457031
209.0641632080078 356.23248291015625
208.47750854492188 355.4226989746094
207.89085388183594 354.6129150390625
207.30419921875 353.8031005859375
206.71754455566406 352.9932861328125
206.13088989257812 352.1834716796875
205.54425048828125 351.3736572265625
204.95761108398438 350.5638427734375
204.3709716796875 349.7540283203125
203.78433227539062 348.9442138671875
203.19769287109375 348.1343994140625
202.61105346679688 347.3245849609375
202.02442932128906 346.5147705078125
201.43780517578125 345.7049560546875
200.85118103027344 344.8951416015625
200.26455688476562 344.0853271484375
199.6779327392578 343.2755126953125
199.09130859375 342.4656982421875
198.50469970703125 341.6558837890625
197.9180908203125 340.8460693359375
197.33148193359375 340.0362243652344
196.744873046875 339.22637939453125
196.15826416015625 338.4165344238281
195.5716552734375 337.606689453125
194.9850616455078 336.7968444824219
194.39846801757812 335.98699951171875
193.81187438964844 335.1771545410156
193.22528076171875 334.3673095703125
193.22528076171875 334.3673095703125
193.22528076171875 334.3673095703125
193.22528076171875 334.3673095703125
193.22528076171875 334.3673095703125
193.22528076171875 334.3673095703125
193.22528076171875 334.3673095703125
193.22528076171875 334.3673095703125
193.22528076171875 334.3673095703125
193.22528076171875 334.3673095703125
193.22528076171875 334.3673095703125
193.22528076171875 334.3673095703125
193.22528076171875 334.3673095703125
193.22528076171875 334.3673095703125
193.22528076171875 334.3673095703125
192.65879821777344 334.9365234375
192.65879821777344 334.9365234375
192.65879821777344 334.9365234375
192.65879821777344 334.9365234375
192.65879821777344 334.9365234375
192.65879821777344 334.9365234375
192.65879821777344 334.9365234375
192.65879821777344 334.9365234375
192.65879821777344 334.9365234375
192.65879821777344 334.9365234375
192.65879821777344 334.9365234375
192.65879821777344 334.9365234375
192.65879821777344 334.9365234375
191.9032440185547 334.589599609375
191.1536407470703 334.22998046875
191.1536407470703 334.22998046875
191.1536407470703 334.22998046875
191.1536407470703 334.22998046875
191.1536407470703 334.22998046875
191.1536407470703 334.22998046875
191.1536407470703 334.22998046875
191.1536407470703 334.22998046875
191.1536407470703 334.22998046875
191.1536407470703 334.22998046875
191.1536407470703 334.22998046875
191.1536407470703 334.22998046875
191.1536407470703 334.22998046875
190.50015258789062 333.71600341796875
190.50015258789062 333.71600341796875
190.50015258789062 333.71600341796875
190.50015258789062 333.71600341796875
190.50015258789062 333.71600341796875
190.50015258789062 333.71600341796875
190.50015258789062 333.71600341796875
190.50015258789062 333.71600341796875
190.50015258789062 333.71600341796875
190.50015258789062 333.71600341796875
190.50015258789062 333.71600341796875
190.50015258789062 333.71600341796875
190.50015258789062 333.71600341796875
190.50015258789062 333.71600341796875
190.50015258789062 333.71600341796875
190.50015258789062 333.71600341796875
190.50015258789062 333.71600341796875
191.08616638183594 334.5262756347656
191.67218017578125 335.3365478515625
191.19064331054688 334.6587829589844
191.76290893554688 335.47882080078125
192.33517456054688 336.2988586425781
192.90744018554688 337.118896484375
193.47970581054688 337.9389343261719
193.47970581054688 337.9389343261719
193.9672393798828 338.81201171875
194.45477294921875 339.6850891113281
194.9423065185547 340.55816650390625
195.42984008789062 341.4312438964844
195.9173583984375 342.3043212890625
196.40487670898438 343.1773986816406
196.89239501953125 344.05047607421875
196.89239501953125 344.05047607421875
197.29031372070312 344.9678649902344
197.688232421875 345.88525390625
198.08615112304688 346.8026428222656
198.4840545654297 347.72003173828125
198.8819580078125 348.6374206542969
199.2798614501953 349.5548095703125
199.67776489257812 350.4721984863281
200.07566833496094 351.38958740234375
200.4735565185547 352.3069763183594
200.87144470214844 353.224365234375
201.2693328857422 354.1417541503906
201.66722106933594 355.05914306640625
202.0651092529297 355.9765319824219
202.46299743652344 356.8939208984375
202.86087036132812 357.81134033203125
203.2587432861328 358.728759765625
203.2587432861328 358.728759765625
203.5630340576172 359.6813049316406
203.86732482910156 360.63385009765625
204.17161560058594 361.5863952636719
204.4759063720703 362.5389404296875
204.7801971435547 363.4914855957031
205.08447265625 364.44403076171875
205.3887481689453 365.3965759277344
205.69302368164062 366.34912109375
205.99729919433594 367.3016662597656
206.30157470703125 368.25421142578125
206.6058349609375 369.2067565917969
206.6058349609375 369.2067565917969
206.8134765625 370.1849365234375
207.0211181640625 371.1631164550781
207.228759765625 372.14129638671875
207.4364013671875 373.1194763183594
207.64404296875 374.09765625
207.85166931152344 375.0758361816406
208.05929565429688 376.05401611328125
208.2669219970703 377.0321960449219
208.47454833984375 378.0103759765625
208.6821746826172 378.9885559082031
208.88978576660156 379.96673583984375
209.09739685058594 380.9449157714844
209.3050079345703 381.923095703125
209.5126190185547 382.9012756347656
209.72023010253906 383.87945556640625
209.92782592773438 384.8576354980469
210.1354217529297 385.8358154296875
210.343017578125 386.8139953613281
210.5506134033203 387.79217529296875
210.75820922851562 388.7703552246094
210.96578979492188 389.74853515625
211.17337036132812 390.7267150878906
211.38095092773438 391.70489501953125
211.58853149414062 392.6830749511719
211.79611206054688 393.6612548828125
212.00367736816406 394.6394348144531
212.2112274169922 395.6175537109375
212.2112274169922 395.6175537109375
212.32009887695312 396.611572265625
212.428955078125 397.6055908203125
212.53781127929688 398.599609375
212.64666748046875 399.5936279296875
212.75552368164062 400.587646484375
212.8643798828125 401.5816650390625
212.9732208251953 402.57568359375
213.08206176757812 403.5697021484375
213.19090270996094 404.563720703125
213.29974365234375 405.5577392578125
213.40858459472656 406.5517578125
213.5174102783203 407.5457763671875
213.62623596191406 408.539794921875
213.7350616455078 409.5338134765625
213.84388732910156 410.52783203125
213.9527130126953 411.5218505859375
214.0615234375 412.515869140625
214.1703338623047 413.5098876953125
214.27914428710938 414.50390625
214.38795471191406 415.4979248046875
214.49676513671875 416.491943359375
214.49676513671875 416.491943359375
214.5057830810547 417.49188232421875
214.51480102539062 418.4918212890625
214.52381896972656 419.49176025390625
214.53282165527344 420.49169921875
214.5418243408203 421.49163818359375
214.5508270263672 422.4915771484375
214.55982971191406 423.49151611328125
214.56883239746094 424.491455078125
214.57781982421875 425.49139404296875
214.57781982421875 425.49139404296875
214.4869384765625 426.4872131347656
214.39605712890625 427.4830322265625
214.30517578125 428.4788513183594
214.2142791748047 429.47467041015625
214.12338256835938 430.4704895019531
214.03248596191406 431.46630859375
214.03248596191406 431.46630859375
213.84262084960938 432.4480895996094
213.6527557373047 433.42987060546875
213.462890625 434.4116516113281
213.2730255126953 435.3934326171875
213.08314514160156 436.3752136230469
212.8932647705078 437.35699462890625
212.8932647705078 437.35699462890625
212.6063232421875 438.3149108886719
212.3193817138672 439.2728271484375
212.0324249267578 440.2307434082031
212.0324249267578 440.2307434082031
211.65127563476562 441.15521240234375
211.27012634277344 442.0796813964844
211.27012634277344 442.0796813964844
211.27012634277344 442.0796813964844
211.27011108398438 442.0796813964844
211.2700958251953 442.0796813964844
211.27008056640625 442.0796813964844
211.2700653076172 442.0796813964844
211.27005004882812 442.0796813964844
211.27005004882812 442.0796813964844
211.27005004882812 442.0796813964844
211.27005004882812 442.0796813964844
211.27005004882812 442.0796813964844
211.27005004882812 442.0796813964844
211.27005004882812 442.0796813964844
211.27005004882812 442.0796813964844
211.27005004882812 442.0796813964844
211.27005004882812 442.0796813964844
211.27005004882812 442.0796813964844
211.27005004882812 442.0796813964844
211.27005004882812 442.0796813964844
211.27005004882812 442.0796813964844
211.27005004882812 442.0796813964844
211.27005004882812 442.0796813964844
211.27005004882812 442.0796813964844
211.27005004882812 442.0796813964844
211.54896545410156 442.8629150390625
211.81463623046875 443.6507263183594
212.06700134277344 444.4429016113281
212.30596923828125 445.2392272949219
212.53147888183594 446.0394592285156
212.74346923828125 446.8433837890625
212.94187927246094 447.6507568359375
213.12664794921875 448.46136474609375
213.2977294921875 449.2749938964844
213.45506286621094 450.09136962890625
213.59861755371094 450.9102783203125
213.7283477783203 451.73150634765625
213.84420776367188 452.5548095703125
213.94618225097656 453.37994384765625
214.0342254638672 454.2066650390625
214.1083221435547 455.0347595214844
214.16844177246094 455.8639831542969
214.21458435058594 456.6941223144531
214.24671936035156 457.52490234375
214.2648468017578 458.3561096191406
214.2689666748047 459.1875
214.25906372070312 460.01885986328125
214.2351531982422 460.84991455078125
214.19723510742188 461.6804504394531
214.14532470703125 462.5102233886719
214.0794219970703 463.3390197753906
213.9995574951172 464.1665954589844
213.90576171875 464.9927062988281
213.7980499267578 465.8171081542969
213.67645263671875 466.63958740234375
213.541015625 467.45989990234375
213.3917694091797 468.2778015136719
213.228759765625 469.09307861328125
213.228759765625 469.09307861328125
213.228759765625 469.09307861328125
213.228759765625 469.09307861328125
213.228759765625 469.09307861328125
213.228759765625 469.09307861328125
213.228759765625 469.09307861328125
213.228759765625 469.09307861328125
213.228759765625 469.09307861328125
213.228759765625 469.09307861328125
213.228759765625 469.09307861328125
213.228759765625 469.09307861328125
213.228759765625 469.09307861328125
213.228759765625 469.09307861328125
213.228759765625 469.09307861328125
213.228759765625 469.09307861328125
213.228759765625 469.09307861328125
213.228759765625 469.09307861328125
213.228759765625 469.09307861328125
213.228759765625 469.09307861328125
213.228759765625 469.09307861328125
213.228759765625 469.09307861328125
213.228759765625 469.09307861328125
213.228759765625 469.09307861328125
213.228759765625 469.09307861328125
213.228759765625 469.09307861328125
213.228759765625 469.09307861328125
213.228759765625 469.09307861328125
213.228759765625 469.09307861328125
213.228759765625 469.09307861328125
213.228759765625 469.09307861328125
213.228759765625 469.09307861328125
213.228759765625 469.09307861328125
213.228759765625 469.09307861328125
213.228759765625 469.09307861328125
213.228759765625 469.09307861328125
213.228759765625 469.09307861328125
213.228759765625 469.09307861328125
213.228759765625 469.09307861328125
213.228759765625 469.09307861328125
213.228759765625 469.09307861328125
212.35438537597656 469.5782775878906
211.48001098632812 470.0634765625
211.48001098632812 470.0634765625
210.5615692138672 470.4589538574219
209.64312744140625 470.85443115234375
208.7246856689453 471.2499084472656
207.80624389648438 471.6453857421875
206.88780212402344 472.0408630371094
205.9693603515625 472.43634033203125
205.0509033203125 472.831787109375
205.0509033203125 472.831787109375
204.09756469726562 473.1335754394531
203.14422607421875 473.43536376953125
202.19088745117188 473.7371520996094
201.237548828125 474.0389404296875
200.28421020507812 474.3407287597656
199.3308563232422 474.64251708984375
199.3308563232422 474.64251708984375
199.3293914794922 474.64276123046875
199.32937622070312 474.64276123046875
199.32936096191406 474.64276123046875
199.329345703125 474.64276123046875
199.32933044433594 474.64276123046875
198.37205505371094 474.3536682128906
197.41477966308594 474.0645751953125
196.45750427246094 473.7754821777344
196.45748901367188 473.7754821777344
195.5338592529297 473.39227294921875
194.6102294921875 473.0090637207031
193.68661499023438 472.6258239746094
192.76300048828125 472.2425842285156
192.7629852294922 472.2425842285156
191.88223266601562 471.7690734863281
191.88223266601562 471.7690734863281
191.88223266601562 471.7690734863281
191.88223266601562 471.7690734863281
191.88223266601562 471.7690734863281
191.88223266601562 471.7690734863281
191.88223266601562 471.7690734863281
191.88223266601562 471.7690734863281
191.88223266601562 471.7690734863281
191.88223266601562 471.7690734863281
191.88223266601562 471.7690734863281
191.93960571289062 472.5985107421875
191.9829864501953 473.42877197265625
192.01235961914062 474.2596740722656
192.02772521972656 475.0909423828125
192.02908325195312 475.92236328125
192.01641845703125 476.753662109375
191.98974609375 477.58465576171875
191.94906616210938 478.4150695800781
191.89439392089844 479.24468994140625
191.82574462890625 480.0732727050781
191.74313354492188 480.90057373046875
191.64659118652344 481.7263488769531
191.53614807128906 482.5503845214844
191.4118194580078 483.3724365234375
191.27365112304688 484.1922912597656
191.12168884277344 485.00970458984375
190.95596313476562 485.8244323730469
190.7765350341797 486.6362609863281
190.58343505859375 487.4449462890625
190.37673950195312 488.250244140625
190.156494140625 489.05194091796875
189.92276000976562 489.8498229980469
189.6756134033203 490.6436462402344
189.4151153564453 491.4331970214844
189.141357421875 492.2182312011719
188.85440063476562 492.99853515625
188.5543212890625 493.7738952636719
188.24122619628906 494.5440979003906
187.91519165039062 495.30889892578125
187.57630920410156 496.068115234375
187.22467041015625 496.8215026855469
186.86038208007812 497.56884765625
186.48355102539062 498.3099365234375
186.0942840576172 499.0445861816406
185.69268798828125 499.7725524902344
185.27886962890625 500.49365234375
184.8529510498047 501.2076721191406
184.41505432128906 501.9144287109375
183.96531677246094 502.6136779785156
183.50384521484375 503.3052673339844
183.03079223632812 503.9889831542969
182.54627990722656 504.66461181640625
182.05044555664062 505.33197021484375
181.54342651367188 505.9908752441406
181.02537536621094 506.6411437988281
180.49642944335938 507.2825927734375
179.95675659179688 507.9150390625
179.406494140625 508.5382995605469
178.84579467773438 509.1521911621094
178.2748260498047 509.75653076171875
177.69375610351562 510.3511657714844
177.10275268554688 510.9359130859375
176.50196838378906 511.5106201171875
175.89158630371094 512.0751342773438
175.2717742919922 512.6292724609375
174.64964294433594 513.1663818359375
174.64964294433594 513.1663818359375
174.64964294433594 513.1663818359375
174.64964294433594 513.1663818359375
174.64964294433594 513.1663818359375
174.64964294433594 513.1663818359375
174.64964294433594 513.1663818359375
174.64964294433594 513.1663818359375
174.64964294433594 513.1663818359375
174.64964294433594 513.1663818359375
174.64964294433594 513.1663818359375
174.64964294433594 513.1663818359375
174.64964294433594 513.1663818359375
174.64964294433594 513.1663818359375
174.64964294433594 513.1663818359375
174.64964294433594 513.1663818359375
174.64964294433594 513.1663818359375
174.64964294433594 513.1663818359375
174.64964294433594 513.1663818359375
174.64964294433594 513.1663818359375
174.64964294433594 513.1663818359375
174.64964294433594 513.1663818359375
174.64964294433594 513.1663818359375
174.64964294433594 513.1663818359375
174.64964294433594 513.1663818359375
174.64964294433594 513.1663818359375
174.64964294433594 513.1663818359375
174.64964294433594 513.1663818359375
174.64964294433594 513.1663818359375
174.64964294433594 513.1663818359375
174.64964294433594 513.1663818359375
174.64964294433594 513.1663818359375
174.64964294433594 513.1663818359375
174.64964294433594 513.1663818359375
174.64964294433594 513.1663818359375
174.64964294433594 513.1663818359375
174.64964294433594 513.1663818359375
174.64964294433594 513.1663818359375
174.64964294433594 513.1663818359375
174.64964294433594 513.1663818359375
174.64964294433594 513.1663818359375
174.64964294433594 513.1663818359375
174.64964294433594 513.1663818359375
174.64964294433594 513.1663818359375
174.64964294433594 513.1663818359375
174.64964294433594 513.1663818359375
173.85670471191406 512.55712890625
173.0637664794922 511.9478759765625
173.0637664794922 511.9478759765625
172.3356170654297 511.26251220703125
171.6074676513672 510.5771484375
170.8793182373047 509.89178466796875
170.1511688232422 509.2064208984375
169.4230194091797 508.5210266113281
169.4230194091797 508.5210266113281
168.76693725585938 507.7663879394531
168.11085510253906 507.0117492675781
167.45477294921875 506.257080078125
166.7987060546875 505.5024108886719
166.14263916015625 504.74774169921875
165.486572265625 503.9930725097656
164.83050537109375 503.2384033203125
164.1744384765625 502.4837341308594
163.51837158203125 501.72906494140625
162.86231994628906 500.9743957519531
162.20626831054688 500.2197265625
162.20626831054688 500.2197265625
161.6288299560547 499.4033203125
161.0513916015625 498.5869140625
160.47396850585938 497.7705078125
159.89654541015625 496.9541015625
159.31912231445312 496.1376953125
158.74169921875 495.3212890625
158.16427612304688 494.5048828125
157.58685302734375 493.6884765625
157.0094451904297 492.8720703125
157.0094451904297 492.8720703125
156.51641845703125 492.0020751953125
156.02340698242188 491.132080078125
155.5303955078125 490.2620849609375
155.03738403320312 489.39208984375
154.54437255859375 488.5220947265625
154.05136108398438 487.652099609375
153.558349609375 486.7821044921875
153.0653533935547 485.912109375
152.57235717773438 485.0421142578125
152.07936096191406 484.172119140625
151.58636474609375 483.3021240234375
151.58636474609375 483.3021240234375
151.1826934814453 482.38726806640625
150.77902221679688 481.472412109375
150.37535095214844 480.5575256347656
149.9716796875 479.64263916015625
149.56802368164062 478.7277526855469
149.16436767578125 477.8128662109375
148.76071166992188 476.8979797363281
148.3570556640625 475.98309326171875
147.95339965820312 475.0682067871094
147.54974365234375 474.1533203125
147.14610290527344 473.2384338378906
146.74246215820312 472.32354736328125
146.3388214111328 471.4086608886719
145.9351806640625 470.4937744140625
145.5315399169922 469.5788879394531
145.12791442871094 468.66400146484375
145.12791442871094 468.66400146484375
144.81764221191406 467.71337890625
144.5073699951172 466.76275634765625
144.1970977783203 465.8121337890625
143.88682556152344 464.86151123046875
143.57656860351562 463.910888671875
143.2663116455078 462.96026611328125
142.9560546875 462.0096435546875
142.6457977294922 461.05902099609375
142.33554077148438 460.1083984375
142.02529907226562 459.15777587890625
142.02529907226562 459.15777587890625
141.81150817871094 458.1809387207031
141.59771728515625 457.2041015625
141.38392639160156 456.2272644042969
141.17013549804688 455.25042724609375
140.95635986328125 454.2735900878906
140.74258422851562 453.2967529296875
140.52880859375 452.3199157714844
140.31503295898438 451.34307861328125
140.10125732421875 450.3662109375
139.8874969482422 449.38934326171875
139.67373657226562 448.4124755859375
139.45997619628906 447.43560791015625
139.2462158203125 446.458740234375
139.03245544433594 445.48187255859375
138.81871032714844 444.5050048828125
138.60496520996094 443.52813720703125
138.39122009277344 442.55126953125
138.17747497558594 441.57440185546875
137.96372985839844 440.5975341796875
137.75 439.62066650390625
137.53627014160156 438.643798828125
137.32254028320312 437.66693115234375
137.1088104248047 436.6900634765625
136.89508056640625 435.71319580078125
136.68136596679688 434.736328125
136.4676513671875 433.75946044921875
136.25868225097656 432.80010986328125
136.25868225097656 432.80010986328125
136.14537048339844 431.80657958984375
136.0320587158203 430.81304931640625
135.9187469482422 429.81951904296875
135.80543518066406 428.82598876953125
135.69212341308594 427.83245849609375
135.57882690429688 426.83892822265625
135.4655303955078 425.84539794921875
135.35223388671875 424.85186767578125
135.2389373779297 423.85833740234375
135.12564086914062 422.86480712890625
135.01235961914062 421.87127685546875
134.89907836914062 420.87774658203125
134.78579711914062 419.88421630859375
134.67251586914062 418.89068603515625
134.55923461914062 417.89715576171875
134.4459686279297 416.90362548828125
134.33270263671875 415.91009521484375
134.2194366455078 414.91656494140625
134.10617065429688 413.92303466796875
133.99290466308594 412.92950439453125
133.87965393066406 411.93597412109375
133.7664031982422 410.94244384765625
133.6531524658203 409.94891357421875
133.53990173339844 408.95538330078125
133.42665100097656 407.96185302734375
133.31341552734375 406.96832275390625
133.20018005371094 405.97479248046875
133.08694458007812 404.98126220703125
132.9737091064453 403.98773193359375
132.8604736328125 402.99420166015625
132.74725341796875 402.00067138671875
132.634033203125 401.00714111328125
132.52081298828125 400.01361083984375
132.4075927734375 399.02008056640625
132.29437255859375 398.02655029296875
132.18116760253906 397.03302001953125
132.06796264648438 396.03948974609375
131.9547576904297 395.04595947265625
131.841552734375 394.05242919921875
131.7283477783203 393.05889892578125
131.6151580810547 392.06536865234375
131.50196838378906 391.07183837890625
131.38877868652344 390.07830810546875
131.2755889892578 389.08477783203125
131.16241455078125 388.09124755859375
131.16241455078125 388.09124755859375
131.14898681640625 387.09136962890625
131.13555908203125 386.09149169921875
131.1221466064453 385.09161376953125
131.10873413085938 384.09173583984375
131.09532165527344 383.09185791015625
131.0819091796875 382.09197998046875
131.06849670410156 381.09210205078125
131.0550994873047 380.09222412109375
131.0417022705078 379.09234619140625
131.02830505371094 378.09246826171875
131.01490783691406 377.09259033203125
131.0015106201172 376.09271240234375
130.98812866210938 375.09283447265625
130.97474670410156 374.09295654296875
130.96136474609375 373.09307861328125
130.94798278808594 372.09320068359375
130.93460083007812 371.09332275390625
130.92123413085938 370.09344482421875
130.90786743164062 369.09356689453125
130.89450073242188 368.09368896484375
130.88113403320312 367.09381103515625
130.86776733398438 366.09393310546875
130.8544158935547 365.09405517578125
130.841064453125 364.09417724609375
130.8277130126953 363.09429931640625
130.81436157226562 362.09442138671875
130.80101013183594 361.09454345703125
130.7876739501953 360.09466552734375
130.7743377685547 359.09478759765625
130.76100158691406 358.09490966796875
130.74766540527344 357.09503173828125
130.7343292236328 356.09515380859375
130.72100830078125 355.09527587890625
130.7076873779297 354.09539794921875
130.69436645507812 353.09552001953125
130.68104553222656 352.09564208984375
130.667724609375 351.09576416015625
130.6544189453125 350.09588623046875
130.64111328125 349.09600830078125
130.6278076171875 348.09613037109375
130.614501953125 347.09625244140625
130.60121154785156 346.09637451171875
130.58792114257812 345.09649658203125
130.5746307373047 344.09661865234375
130.56134033203125 343.09674072265625
130.5480499267578 342.09686279296875
130.53477478027344 341.09698486328125
130.52149963378906 340.09710693359375
130.5082244873047 339.09722900390625
130.4949493408203 338.09735107421875
130.48167419433594 337.09747314453125
130.46841430664062 336.09759521484375
130.4551544189453 335.09771728515625
130.44189453125 334.09783935546875
130.4286346435547 333.09796142578125
130.41537475585938 332.09808349609375
130.40213012695312 331.09820556640625
130.38888549804688 330.09832763671875
130.37564086914062 329.09844970703125
130.36239624023438 328.09857177734375
130.34915161132812 327.09869384765625
130.33592224121094 326.09881591796875
130.32269287109375 325.09893798828125
130.30946350097656 324.09906005859375
130.29623413085938 323.09918212890625
130.2830047607422 322.09930419921875
130.26979064941406 321.09942626953125
130.25657653808594 320.09954833984375
130.2433624267578 319.09967041015625
130.2301483154297 318.09979248046875
130.21693420410156 317.09991455078125
130.2037353515625 316.10003662109375
130.19053649902344 315.10015869140625
130.17733764648438 314.10028076171875
130.1641387939453 313.10040283203125
130.15093994140625 312.10052490234375
130.13775634765625 311.10064697265625
130.12457275390625 310.10076904296875
130.11138916015625 309.10089111328125
130.09820556640625 308.10101318359375
130.08502197265625 307.10113525390625
130.0718536376953 306.10125732421875
130.05868530273438 305.10137939453125
130.04551696777344 304.10150146484375
130.0323486328125 303.10162353515625
130.01918029785156 302.10174560546875
130.0060272216797 301.10186767578125
129.9928741455078 300.10198974609375
129.97972106933594 299.10211181640625
129.96656799316406 298.10223388671875
129.9534149169922 297.10235595703125
129.94027709960938 296.10247802734375
129.92713928222656 295.10260009765625
129.91400146484375 294.10272216796875
129.90086364746094 293.10284423828125
129.88772583007812 292.10296630859375
129.87460327148438 291.10308837890625
129.86148071289062 290.10321044921875
129.84835815429688 289.10333251953125
129.83523559570312 288.10345458984375
129.82211303710938 287.10357666015625
129.8090057373047 286.10369873046875
129.7958984375 285.10382080078125
129.7827911376953 284.10394287109375
129.76968383789062 283.10406494140625
129.756591796875 282.10418701171875
129.74349975585938 281.10430908203125
129.73040771484375 280.10443115234375
129.71731567382812 279.10455322265625
129.7042236328125 278.10467529296875
129.69114685058594 277.10479736328125
129.67807006835938 276.10491943359375
129.6649932861328 275.10504150390625
129.65191650390625 274.10516357421875
129.6388397216797 273.10528564453125
129.6257781982422 272.10540771484375
129.6127166748047 271.10552978515625
129.5996551513672 270.10565185546875
129.5865936279297 269.10577392578125
129.5735321044922 268.10589599609375
129.56048583984375 267.10601806640625
129.5474395751953 266.10614013671875
129.53439331054688 265.10626220703125
129.52134704589844 264.10638427734375
129.50830078125 263.10650634765625
129.49526977539062 262.10662841796875
129.48223876953125 261.10675048828125
129.46920776367188 260.10687255859375
129.4561767578125 259.10699462890625
129.44314575195312 258.10711669921875
129.4301300048828 257.10723876953125
129.4171142578125 256.10736083984375
129.4040985107422 255.10748291015625
129.39108276367188 254.10760498046875
129.37806701660156 253.10772705078125
129.3650665283203 252.10784912109375
129.35206604003906 251.10797119140625
129.3390655517578 250.10809326171875
129.32606506347656 249.10821533203125
129.3130645751953 248.10833740234375
129.30007934570312 247.10845947265625
129.30007934570312 247.10845947265625
129.38697814941406 246.11227416992188
129.473876953125 245.1160888671875
129.56077575683594 244.11990356445312
129.64768981933594 243.12371826171875
129.73460388183594 242.12753295898438
129.82151794433594 241.13134765625
129.90843200683594 240.13516235351562
129.99534606933594 239.13897705078125
129.99534606933594 239.13897705078125
130.18128967285156 238.1564483642578
130.3672332763672 237.17391967773438
130.3672332763672 237.17391967773438
130.3672332763672 237.17391967773438
130.7446746826172 236.2479248046875
131.1221160888672 235.32192993164062
131.4995574951172 234.39593505859375
131.8769989013672 233.46994018554688
132.25445556640625 232.5439453125
132.6319122314453 231.61795043945312
133.00936889648438 230.69195556640625
133.38682556152344 229.76596069335938
133.7642822265625 228.8399658203125
134.14175415039062 227.91397094726562
134.51922607421875 226.98797607421875
134.89669799804688 226.06198120117188
135.274169921875 225.135986328125
135.65164184570312 224.2100067138672
136.02911376953125 223.28402709960938
136.40660095214844 222.35804748535156
136.78408813476562 221.43206787109375
137.1615753173828 220.50608825683594
137.5390625 219.58010864257812
137.9165496826172 218.6541290283203
138.29405212402344 217.7281494140625
138.6715545654297 216.8021697998047
139.04905700683594 215.87619018554688
139.4265594482422 214.95021057128906
139.80406188964844 214.02423095703125
140.18157958984375 213.09825134277344
140.55909729003906 212.1722869873047
140.93661499023438 211.24632263183594
141.3141326904297 210.3203582763672
141.691650390625 209.39439392089844
142.0691680908203 208.4684295654297
142.4467010498047 207.54246520996094
142.82423400878906 206.6165008544922
143.20176696777344 205.69053649902344
143.5792999267578 204.7645721435547
143.9568328857422 203.83860778808594
144.33438110351562 202.9126434326172
144.71192932128906 201.98667907714844
145.0894775390625 201.0607147216797
145.46702575683594 200.134765625
145.84457397460938 199.2088165283203
146.22213745117188 198.28286743164062
146.59970092773438 197.35691833496094
146.97726440429688 196.43096923828125
147.35482788085938 195.50502014160156
147.73239135742188 194.57907104492188
148.10997009277344 193.6531219482422
148.487548828125 192.7271728515625
148.86190795898438 191.81039428710938
149.24038696289062 190.8848114013672
149.61886596679688 189.959228515625
149.99734497070312 189.03366088867188
150.37583923339844 188.10809326171875
150.75433349609375 187.18252563476562
151.13282775878906 186.2569580078125
151.51132202148438 185.33139038085938
151.8898162841797 184.40582275390625
152.268310546875 183.48025512695312
152.64682006835938 182.5546875
153.02528381347656 181.6292266845703
153.02528381347656 181.6292266845703
153.49427795410156 180.74615478515625
153.96331787109375 179.86300659179688
154.43235778808594 178.97987365722656
154.90139770507812 178.09674072265625
154.90139770507812 178.09674072265625
154.90139770507812 178.09674072265625
154.90139770507812 178.09674072265625
154.90139770507812 178.09674072265625
154.90139770507812 178.09674072265625
154.90139770507812 178.09674072265625
154.90139770507812 178.09674072265625
154.90139770507812 178.09674072265625
154.90139770507812 178.09674072265625
154.90139770507812 178.09674072265625
154.90139770507812 178.09674072265625
154.90139770507812 178.09674072265625
154.90139770507812 178.09674072265625
154.90139770507812 178.09674072265625
154.90139770507812 178.09674072265625
154.90139770507812 178.09674072265625
154.90139770507812 178.09674072265625
154.90139770507812 178.09674072265625
154.90139770507812 178.09674072265625
154.90139770507812 178.09674072265625
154.90139770507812 178.09674072265625
154.90139770507812 178.09674072265625
154.90139770507812 178.09674072265625
154.90139770507812 178.09674072265625
154.90139770507812 178.09674072265625
154.90139770507812 178.09674072265625
154.86404418945312 177.26617431640625
154.8406982421875 176.43508911132812
154.8313751220703 175.60372924804688
154.8360595703125 174.7723388671875
154.85476684570312 173.94114685058594
154.88748168945312 173.11038208007812
154.93418884277344 172.28028869628906
154.99488830566406 171.4510955810547
155.06956481933594 170.623046875
155.15818786621094 169.79637145996094
155.26072692871094 168.9713134765625
155.37716674804688 168.14810180664062
155.50746154785156 167.32696533203125
155.65158081054688 166.50814819335938
155.80947875976562 165.69187927246094
155.9811248779297 164.87838745117188
156.1664581298828 164.06790161132812
156.1664581298828 164.06790161132812
156.1664581298828 164.06790161132812
156.1664581298828 164.06790161132812
156.1664581298828 164.06790161132812
156.1664581298828 164.06790161132812
156.1664581298828 164.06790161132812
156.1664581298828 164.06790161132812
156.1664581298828 164.06790161132812
156.1664581298828 164.06790161132812
156.1664581298828 164.06790161132812
156.1664581298828 164.06790161132812
156.1664581298828 164.06790161132812
156.1664581298828 164.06790161132812
156.1664581298828 164.06790161132812
156.1664581298828 164.06790161132812
156.1664581298828 164.06790161132812
156.1664581298828 164.06790161132812
156.1664581298828 164.06790161132812
156.1664581298828 164.06790161132812
156.1664581298828 164.06790161132812
156.1664581298828 164.06790161132812
156.1664581298828 164.06790161132812
156.1664581298828 164.06790161132812
156.1664581298828 164.06790161132812
156.1664581298828 164.06790161132812
156.1664581298828 164.06790161132812
156.1664581298828 164.06790161132812
155.27342224121094 164.517822265625
154.38038635253906 164.9677276611328
153.4873504638672 165.41763305664062
152.5943145751953 165.86753845214844
151.70126342773438 166.31744384765625
150.80821228027344 166.76734924316406
150.80821228027344 166.76734924316406
149.8747100830078 167.12583923339844
148.9412078857422 167.4843292236328
148.00770568847656 167.8428192138672
147.07420349121094 168.20130920410156
146.1407012939453 168.55978393554688
145.2071990966797 168.9182586669922
144.27369689941406 169.2767333984375
143.34019470214844 169.6352081298828
142.4066925048828 169.99368286132812
141.4731903076172 170.35215759277344
140.5396728515625 170.7106170654297
139.6061553955078 171.06907653808594
138.67263793945312 171.4275360107422
138.67263793945312 171.4275360107422
137.7080078125 171.69100952148438
136.74337768554688 171.95448303222656
135.77874755859375 172.2179412841797
134.81410217285156 172.4813995361328
133.84945678710938 172.74485778808594
132.8848114013672 173.00831604003906
131.920166015625 173.2717742919922
130.9555206298828 173.53521728515625
129.99087524414062 173.7986602783203
129.02622985839844 174.06210327148438
128.06158447265625 174.32554626464844
127.09693908691406 174.5889892578125
126.13229370117188 174.8524169921875
125.16764831542969 175.1158447265625
124.2030029296875 175.3792724609375
123.23835754394531 175.6427001953125
122.27371215820312 175.9061279296875
121.3090591430664 176.16954040527344
121.3090591430664 176.16954040527344
120.32292938232422 176.33534240722656
119.33679962158203 176.50112915039062
118.35066986083984 176.6669158935547
117.36454010009766 176.83270263671875
116.37841033935547 176.9984893798828
115.39228057861328 177.16427612304688
114.4061508178711 177.33004760742188
113.4200210571289 177.49581909179688
112.43389129638672 177.66159057617188
111.44775390625 177.82736206054688
110.46161651611328 177.99313354492188
109.47547912597656 178.1588897705078
108.48934173583984 178.32464599609375
107.50320434570312 178.4904022216797
106.5170669555664 178.65615844726562
106.5170669555664 178.65615844726562
105.5193099975586 178.72262573242188
104.52155303955078 178.78909301757812
103.52379608154297 178.85556030273438
102.52603912353516 178.92202758789062
101.52828216552734 178.9884796142578
100.53052520751953 179.054931640625
99.53276824951172 179.1213836669922
98.5350112915039 179.18783569335938
97.5372543334961 179.25428771972656
96.53949737548828 179.3207244873047
96.53949737548828 179.3207244873047
95.54009246826172 179.28721618652344
94.54068756103516 179.2537078857422
93.5412826538086 179.22019958496094
92.54187774658203 179.1866912841797
91.54247283935547 179.15318298339844
90.5430679321289 179.11965942382812
89.54366302490234 179.0861358642578
88.54425811767578 179.0526123046875
87.54485321044922 179.0190887451172
87.54485321044922 179.0190887451172
86.55378723144531 178.88595581054688
