60.70710754394531 450.70709228515625
60.78734588623047 450.7804870605469
60.87379837036133 450.846435546875
60.96577835083008 450.9044189453125
61.06255340576172 450.9540100097656
61.16335678100586 450.9947814941406
61.267391204833984 451.02642822265625
61.37382888793945 451.0486755371094
61.4818229675293 451.0613708496094
61.590518951416016 451.06439208984375
61.69905090332031 451.0577392578125
61.80656051635742 451.04144287109375
61.912193298339844 451.0156555175781
62.01511001586914 450.9805603027344
62.114498138427734 450.9364318847656
62.209564208984375 450.8836364746094
62.29955291748047 450.8226013183594
62.38375473022461 450.7537841796875
62.46149826049805 450.6777648925781
62.53216552734375 450.5951232910156
62.59519577026367 450.50653076171875
62.650089263916016 450.41265869140625
62.6964111328125 450.31427001953125
62.73379135131836 450.212158203125
62.76193618774414 450.10711669921875
62.78062057495117 450.0
62.789695739746094 449.8916320800781
62.789093017578125 449.78289794921875
62.778812408447266 449.6746520996094
62.75893783569336 449.5677490234375
62.532554626464844 448.5937194824219
62.30617141723633 447.61968994140625
62.07978820800781 446.6456604003906
61.8534049987793 445.671630859375
61.62702178955078 444.6976013183594
61.400638580322266 443.72357177734375
61.17425537109375 442.7495422363281
60.947872161865234 441.7755126953125
60.72148895263672 440.8014831542969
60.4951057434082 439.82745361328125
60.26872253417969 438.8534240722656
60.04233932495117 437.87939453125
59.815956115722656 436.9053649902344
59.58957290649414 435.93133544921875
59.363189697265625 434.9573059082031
59.13680648803711 433.9832763671875
58.910423278808594 433.0092468261719
58.68404006958008 432.03521728515625
58.45765686035156 431.0611877441406
58.23127365112305 430.087158203125
58.00489044189453 429.1131286621094
57.778507232666016 428.13909912109375
57.5521240234375 427.1650695800781
57.325740814208984 426.1910400390625
57.09935760498047 425.2170104980469
56.87297439575195 424.24298095703125
56.64659118652344 423.2689514160156
56.42020797729492 422.294921875
56.193824768066406 421.3208923339844
55.96744155883789 420.34686279296875
55.741058349609375 419.3728332519531
55.51467514038086 418.3988037109375
55.288291931152344 417.4247741699219
55.06190872192383 416.45074462890625
54.83552551269531 415.4767150878906
54.6091423034668 414.502685546875
54.38275909423828 413.5286560058594
54.156375885009766 412.55462646484375
53.92999267578125 411.5805969238281
53.703609466552734 410.6065673828125
53.47722625732422 409.6325378417969
53.2508430480957 408.65850830078125
53.02445983886719 407.6844787597656
52.79807662963867 406.71044921875
52.571693420410156 405.7364196777344
52.34531021118164 404.76239013671875
52.118927001953125 403.7883605957031
51.89254379272461 402.8143310546875
51.666160583496094 401.8403015136719
51.43977737426758 400.86627197265625
51.21339416503906 399.8922424316406
50.98701095581055 398.918212890625
50.76062774658203 397.9441833496094
50.534244537353516 396.97015380859375
50.307861328125 395.9961242675781
50.081478118896484 395.0220947265625
49.85509490966797 394.0480651855469
49.62871170043945 393.07403564453125
49.40232849121094 392.1000061035156
49.17594528198242 391.1259765625
48.949562072753906 390.1519470214844
48.72317886352539 389.17791748046875
48.496795654296875 388.2038879394531
48.27041244506836 387.2298583984375
48.044029235839844 386.2558288574219
47.81764602661133 385.28179931640625
47.59126281738281 384.3077697753906
47.3648796081543 383.333740234375
47.13849639892578 382.3597106933594
46.912113189697266 381.38568115234375
46.68572998046875 380.4116516113281
46.459346771240234 379.4376220703125
46.23296356201172 378.4635925292969
46.0065803527832 377.48956298828125
45.78019714355469 376.5155334472656
45.55381393432617 375.54150390625
45.327430725097656 374.5674743652344
45.10104751586914 373.59344482421875
44.874664306640625 372.6194152832031
44.64828109741211 371.6453857421875
44.421897888183594 370.6713562011719
44.19551467895508 369.69732666015625
43.96913146972656 368.7232971191406
43.74274826049805 367.749267578125
43.51636505126953 366.7752380371094
43.289981842041016 365.80120849609375
43.0635986328125 364.8271789550781
42.837215423583984 363.8531494140625
42.61083221435547 362.8791198730469
42.38444900512695 361.90509033203125
42.15806579589844 360.9310607910156
41.93168258666992 359.95703125
41.705299377441406 358.9830017089844
41.47891616821289 358.00897216796875
41.252532958984375 357.0349426269531
41.02614974975586 356.0609130859375
40.799766540527344 355.0868835449219
40.57338333129883 354.11285400390625
40.34700012207031 353.1388244628906
40.1206169128418 352.164794921875
39.89423370361328 351.1907653808594
39.667850494384766 350.21673583984375
39.44146728515625 349.2427062988281
39.215084075927734 348.2686767578125
38.98870086669922 347.2946472167969
38.7623176574707 346.32061767578125
38.53593444824219 345.3465881347656
38.30955123901367 344.37255859375
38.083168029785156 343.3985290527344
37.85678482055664 342.42449951171875
37.630401611328125 341.4504699707031
37.40401840209961 340.4764404296875
37.177635192871094 339.5024108886719
36.95125198364258 338.52838134765625
36.72486877441406 337.5543518066406
36.49848556518555 336.580322265625
36.27210235595703 335.6062927246094
36.045719146728516 334.63226318359375
35.8193359375 333.6582336425781
35.592952728271484 332.6842041015625
35.36656951904297 331.7101745605469
35.14018630981445 330.73614501953125
34.91380310058594 329.7621154785156
34.68741989135742 328.7880859375
34.461036682128906 327.8140563964844
34.23465347290039 326.84002685546875
34.008270263671875 325.8659973144531
33.78188705444336 324.8919677734375
33.555503845214844 323.9179382324219
33.32912063598633 322.94390869140625
33.10273742675781 321.9698791503906
32.8763542175293 320.995849609375
32.64997100830078 320.0218200683594
32.423587799072266 319.04779052734375
32.19720458984375 318.0737609863281
31.970821380615234 317.0997314453125
31.74443817138672 316.1257019042969
31.518054962158203 315.15167236328125
31.291671752929688 314.1776428222656
31.065288543701172 313.20361328125
30.838905334472656 312.2295837402344
30.61252212524414 311.25555419921875
30.386138916015625 310.2815246582031
30.15975570678711 309.3074951171875
29.933372497558594 308.3334655761719
29.706989288330078 307.35943603515625
29.480606079101562 306.3854064941406
29.254222869873047 305.411376953125
29.02783966064453 304.4373474121094
28.801456451416016 303.46331787109375
28.5750732421875 302.4892883300781
28.348690032958984 301.5152587890625
28.12230682373047 300.5412292480469
27.895923614501953 299.56719970703125
27.669540405273438 298.5931701660156
27.443157196044922 297.619140625
27.216773986816406 296.6451110839844
26.99039077758789 295.67108154296875
26.764007568359375 294.6970520019531
26.53762435913086 293.7230224609375
26.311241149902344 292.7489929199219
26.084857940673828 291.77496337890625
25.858474731445312 290.8009338378906
25.632091522216797 289.826904296875
25.40570831298828 288.8528747558594
25.179325103759766 287.87884521484375
24.95294189453125 286.9048156738281
24.726558685302734 285.9307861328125
24.50017547607422 284.9567565917969
24.273792266845703 283.98272705078125
24.047409057617188 283.0086975097656
23.821025848388672 282.03466796875
23.594642639160156 281.0606384277344
23.36825942993164 280.08660888671875
23.141876220703125 279.1125793457031
22.91549301147461 278.1385498046875
22.689109802246094 277.1645202636719
22.462726593017578 276.19049072265625
22.236343383789062 275.2164611816406
22.009960174560547 274.242431640625
21.78357696533203 273.2684020996094
21.557193756103516 272.29437255859375
21.330810546875 271.3203430175781
21.104427337646484 270.3463134765625
20.87804412841797 269.3722839355469
20.651660919189453 268.39825439453125
20.425277709960938 267.4242248535156
20.198894500732422 266.4501953125
19.972511291503906 265.4761657714844
19.74612808227539 264.50213623046875
19.519744873046875 263.5281066894531
19.29336166381836 262.5540771484375
19.066978454589844 261.5800476074219
18.840595245361328 260.60601806640625
18.614212036132812 259.6319885253906
18.614212036132812 259.6319885253906
18.614212036132812 259.6319885253906
18.614212036132812 259.6319885253906
18.614212036132812 259.6319885253906
18.614212036132812 259.6319885253906
18.614212036132812 259.6319885253906
18.614212036132812 259.6319885253906
18.614212036132812 259.6319885253906
18.614212036132812 259.6319885253906
18.614212036132812 259.6319885253906
18.614212036132812 259.6319885253906
18.614212036132812 259.6319885253906
18.614212036132812 259.6319885253906
18.614212036132812 259.6319885253906
18.614212036132812 259.6319885253906
18.614212036132812 259.6319885253906
18.614212036132812 259.6319885253906
18.614212036132812 259.6319885253906
18.614212036132812 259.6319885253906
18.614212036132812 259.6319885253906
18.614212036132812 259.6319885253906
18.614212036132812 259.6319885253906
18.614212036132812 259.6319885253906
18.614212036132812 259.6319885253906
18.614212036132812 259.6319885253906
18.614212036132812 259.6319885253906
18.614212036132812 259.6319885253906
18.614212036132812 259.6319885253906
18.614212036132812 259.6319885253906
18.614212036132812 259.6319885253906
18.614212036132812 259.6319885253906
18.614212036132812 259.6319885253906
18.614212036132812 259.6319885253906
18.614212036132812 259.6319885253906
18.614212036132812 259.6319885253906
18.614212036132812 259.6319885253906
18.614212036132812 259.6319885253906
18.614212036132812 259.6319885253906
18.614212036132812 259.6319885253906
18.614212036132812 259.6319885253906
18.614212036132812 259.6319885253906
18.614212036132812 259.6319885253906
18.614212036132812 259.6319885253906
18.614212036132812 259.6319885253906
18.614212036132812 259.6319885253906
18.614212036132812 259.6319885253906
18.614212036132812 259.6319885253906
18.614212036132812 259.6319885253906
18.614212036132812 259.6319885253906
18.614212036132812 259.6319885253906
18.614212036132812 259.6319885253906
18.614212036132812 259.6319885253906
18.614212036132812 259.6319885253906
18.614212036132812 259.6319885253906
18.614212036132812 259.6319885253906
18.614212036132812 259.6319885253906
18.614212036132812 259.6319885253906
18.614212036132812 259.6319885253906
18.614212036132812 259.6319885253906
18.614212036132812 259.6319885253906
18.614212036132812 259.6319885253906
18.614212036132812 259.6319885253906
18.614212036132812 259.6319885253906
18.614212036132812 259.6319885253906
18.614212036132812 259.6319885253906
18.614212036132812 259.6319885253906
18.614212036132812 259.6319885253906
18.614212036132812 259.6319885253906
18.614212036132812 259.6319885253906
18.614212036132812 259.6319885253906
18.614212036132812 259.6319885253906
18.614212036132812 259.6319885253906
18.614212036132812 259.6319885253906
18.614212036132812 259.6319885253906
18.614212036132812 259.6319885253906
18.614212036132812 259.6319885253906
18.614212036132812 259.6319885253906
18.614212036132812 259.6319885253906
18.614212036132812 259.6319885253906
18.614212036132812 259.6319885253906
18.614212036132812 259.6319885253906
18.614212036132812 259.6319885253906
18.614212036132812 259.6319885253906
18.614212036132812 259.6319885253906
18.614212036132812 259.6319885253906
18.614212036132812 259.6319885253906
18.614212036132812 259.6319885253906
18.614212036132812 259.6319885253906
18.614212036132812 259.6319885253906
18.614212036132812 259.6319885253906
18.614212036132812 259.6319885253906
18.614212036132812 259.6319885253906
18.614212036132812 259.6319885253906
18.614212036132812 259.6319885253906
18.614212036132812 259.6319885253906
18.614212036132812 259.6319885253906
18.614212036132812 259.6319885253906
18.614212036132812 259.6319885253906
18.614212036132812 259.6319885253906
18.614212036132812 259.6319885253906
18.614212036132812 259.6319885253906
18.614212036132812 259.6319885253906
18.614212036132812 259.6319885253906
18.614212036132812 259.6319885253906
18.614212036132812 259.6319885253906
18.614212036132812 259.6319885253906
18.614212036132812 259.6319885253906
18.614212036132812 259.6319885253906
18.614212036132812 259.6319885253906
18.614212036132812 259.6319885253906
18.614212036132812 259.6319885253906
18.614212036132812 259.6319885253906
18.614212036132812 259.6319885253906
18.614212036132812 259.6319885253906
18.614212036132812 259.6319885253906
18.614212036132812 259.6319885253906
18.614212036132812 259.6319885253906
18.614212036132812 259.6319885253906
18.614212036132812 259.6319885253906
18.614212036132812 259.6319885253906
18.614212036132812 259.6319885253906
18.614212036132812 259.6319885253906
18.614212036132812 259.6319885253906
18.614212036132812 259.6319885253906
18.614212036132812 259.6319885253906
18.614212036132812 259.6319885253906
18.614212036132812 259.6319885253906
18.614212036132812 259.6319885253906
18.614212036132812 259.6319885253906
18.614212036132812 259.6319885253906
18.614212036132812 259.6319885253906
18.614212036132812 259.6319885253906
18.614212036132812 259.6319885253906
18.614212036132812 259.6319885253906
18.614212036132812 259.6319885253906
18.614212036132812 259.6319885253906
18.614212036132812 259.6319885253906
18.614212036132812 259.6319885253906
18.614212036132812 259.6319885253906
18.614212036132812 259.6319885253906
18.614212036132812 259.6319885253906
18.614212036132812 259.6319885253906
18.614212036132812 259.6319885253906
18.614212036132812 259.6319885253906
18.614212036132812 259.6319885253906
18.614212036132812 259.6319885253906
18.614212036132812 259.6319885253906
18.614212036132812 259.6319885253906
18.614212036132812 259.6319885253906
18.614212036132812 259.6319885253906
18.614212036132812 259.6319885253906
18.614212036132812 259.6319885253906
18.614212036132812 259.6319885253906
18.614212036132812 259.6319885253906
18.614212036132812 259.6319885253906
18.614212036132812 259.6319885253906
18.614212036132812 259.6319885253906
18.614212036132812 259.6319885253906
18.614212036132812 259.6319885253906
18.614212036132812 259.6319885253906
18.614212036132812 259.6319885253906
18.614212036132812 259.6319885253906
18.614212036132812 259.6319885253906
18.614212036132812 259.6319885253906
18.614212036132812 259.6319885253906
18.614212036132812 259.6319885253906
18.614212036132812 259.6319885253906
18.614212036132812 259.6319885253906
18.614212036132812 259.6319885253906
18.614212036132812 259.6319885253906
18.614212036132812 259.6319885253906
18.614212036132812 259.6319885253906
18.614212036132812 259.6319885253906
18.614212036132812 259.6319885253906
18.614212036132812 259.6319885253906
18.614212036132812 259.6319885253906
18.614212036132812 259.6319885253906
18.614212036132812 259.6319885253906
18.614212036132812 259.6319885253906
18.614212036132812 259.6319885253906
18.614212036132812 259.6319885253906
18.614212036132812 259.6319885253906
18.614212036132812 259.6319885253906
18.614212036132812 259.6319885253906
18.614212036132812 259.6319885253906
18.614212036132812 259.6319885253906
18.614212036132812 259.6319885253906
18.614212036132812 259.6319885253906
18.614212036132812 259.6319885253906
18.614212036132812 259.6319885253906
18.614212036132812 259.6319885253906
18.614212036132812 259.6319885253906
18.614212036132812 259.6319885253906
18.614212036132812 259.6319885253906
18.614212036132812 259.6319885253906
18.614212036132812 259.6319885253906
18.614212036132812 259.6319885253906
18.614212036132812 259.6319885253906
18.614212036132812 259.6319885253906
18.614212036132812 259.6319885253906
18.614212036132812 259.6319885253906
18.614212036132812 259.6319885253906
18.614212036132812 259.6319885253906
18.614212036132812 259.6319885253906
18.614212036132812 259.6319885253906
18.614212036132812 259.6319885253906
18.614212036132812 259.6319885253906
18.614212036132812 259.6319885253906
18.614212036132812 259.6319885253906
18.614212036132812 259.6319885253906
18.614212036132812 259.6319885253906
18.614212036132812 259.6319885253906
18.614212036132812 259.6319885253906
18.614212036132812 259.6319885253906
18.614212036132812 259.6319885253906
18.614212036132812 259.6319885253906
18.614212036132812 259.6319885253906
18.614212036132812 259.6319885253906
18.614212036132812 259.6319885253906
18.614212036132812 259.6319885253906
18.614212036132812 259.6319885253906
18.614212036132812 259.6319885253906
18.614212036132812 259.6319885253906
18.614212036132812 259.6319885253906
18.614212036132812 259.6319885253906
18.614212036132812 259.6319885253906
18.614212036132812 259.6319885253906
18.614212036132812 259.6319885253906
18.614212036132812 259.6319885253906
18.614212036132812 259.6319885253906
18.614212036132812 259.6319885253906
18.614212036132812 259.6319885253906
18.614212036132812 259.6319885253906
18.614212036132812 259.6319885253906
18.614212036132812 259.6319885253906
18.614212036132812 259.6319885253906
18.614212036132812 259.6319885253906
18.614212036132812 259.6319885253906
18.614212036132812 259.6319885253906
18.614212036132812 259.6319885253906
18.614212036132812 259.6319885253906
18.614212036132812 259.6319885253906
18.614212036132812 259.6319885253906
18.614212036132812 259.6319885253906
18.614212036132812 259.6319885253906
18.614212036132812 259.6319885253906
18.614212036132812 259.6319885253906
18.614212036132812 259.6319885253906
18.614212036132812 259.6319885253906
18.614212036132812 259.6319885253906
18.614212036132812 259.6319885253906
18.614212036132812 259.6319885253906
18.614212036132812 259.6319885253906
18.614212036132812 259.6319885253906
18.614212036132812 259.6319885253906
18.614212036132812 259.6319885253906
18.614212036132812 259.6319885253906
18.614212036132812 259.6319885253906
18.614212036132812 259.6319885253906
18.614212036132812 259.6319885253906
18.614212036132812 259.6319885253906
18.614212036132812 259.6319885253906
18.614212036132812 259.6319885253906
18.614212036132812 259.6319885253906
18.614212036132812 259.6319885253906
18.614212036132812 259.6319885253906
18.614212036132812 259.6319885253906
18.614212036132812 259.6319885253906
18.614212036132812 259.6319885253906
18.614212036132812 259.6319885253906
18.614212036132812 259.6319885253906
18.614212036132812 259.6319885253906
18.614212036132812 259.6319885253906
18.614212036132812 259.6319885253906
18.614212036132812 259.6319885253906
18.614212036132812 259.6319885253906
18.614212036132812 259.6319885253906
18.614212036132812 259.6319885253906
18.614212036132812 259.6319885253906
18.614212036132812 259.6319885253906
18.614212036132812 259.6319885253906
18.614212036132812 259.6319885253906
18.614212036132812 259.6319885253906
18.614212036132812 259.6319885253906
18.614212036132812 259.6319885253906
18.614212036132812 259.6319885253906
18.614212036132812 259.6319885253906
18.614212036132812 259.6319885253906
18.614212036132812 259.6319885253906
18.614212036132812 259.6319885253906
18.614212036132812 259.6319885253906
18.614212036132812 259.6319885253906
18.614212036132812 259.6319885253906
18.614212036132812 259.6319885253906
18.614212036132812 259.6319885253906
18.614212036132812 259.6319885253906
18.614212036132812 259.6319885253906
18.614212036132812 259.6319885253906
18.614212036132812 259.6319885253906
18.614212036132812 259.6319885253906
18.614212036132812 259.6319885253906
18.614212036132812 259.6319885253906
18.614212036132812 259.6319885253906
18.614212036132812 259.6319885253906
18.614212036132812 259.6319885253906
18.614212036132812 259.6319885253906
18.614212036132812 259.6319885253906
18.614212036132812 259.6319885253906
18.614212036132812 259.6319885253906
18.614212036132812 259.6319885253906
18.614212036132812 259.6319885253906
18.614212036132812 259.6319885253906
18.614212036132812 259.6319885253906
18.614212036132812 259.6319885253906
18.614212036132812 259.6319885253906
18.614212036132812 259.6319885253906
18.614212036132812 259.6319885253906
18.614212036132812 259.6319885253906
18.614212036132812 259.6319885253906
18.614212036132812 259.6319885253906
18.614212036132812 259.6319885253906
18.614212036132812 259.6319885253906
18.614212036132812 259.6319885253906
18.614212036132812 259.6319885253906
18.614212036132812 259.6319885253906
18.614212036132812 259.6319885253906
18.614212036132812 259.6319885253906
18.614212036132812 259.6319885253906
18.614212036132812 259.6319885253906
18.614212036132812 259.6319885253906
18.614212036132812 259.6319885253906
18.614212036132812 259.6319885253906
18.614212036132812 259.6319885253906
18.614212036132812 259.6319885253906
18.614212036132812 259.6319885253906
18.614212036132812 259.6319885253906
18.614212036132812 259.6319885253906
18.614212036132812 259.6319885253906
18.614212036132812 259.6319885253906
18.614212036132812 259.6319885253906
18.614212036132812 259.6319885253906
18.614212036132812 259.6319885253906
18.614212036132812 259.6319885253906
18.614212036132812 259.6319885253906
18.614212036132812 259.6319885253906
18.614212036132812 259.6319885253906
18.614212036132812 259.6319885253906
18.614212036132812 259.6319885253906
18.614212036132812 259.6319885253906
18.614212036132812 259.6319885253906
18.614212036132812 259.6319885253906
18.614212036132812 259.6319885253906
18.614212036132812 259.6319885253906
18.614212036132812 259.6319885253906
18.614212036132812 259.6319885253906
18.614212036132812 259.6319885253906
18.614212036132812 259.6319885253906
18.614212036132812 259.6319885253906
18.614212036132812 259.6319885253906
18.614212036132812 259.6319885253906
18.614212036132812 259.6319885253906
18.614212036132812 259.6319885253906
18.614212036132812 259.6319885253906
18.614212036132812 259.6319885253906
18.614212036132812 259.6319885253906
18.614212036132812 259.6319885253906
18.614212036132812 259.6319885253906
18.614212036132812 259.6319885253906
18.614212036132812 259.6319885253906
18.614212036132812 259.6319885253906
18.614212036132812 259.6319885253906
18.614212036132812 259.6319885253906
18.614212036132812 259.6319885253906
18.614212036132812 259.6319885253906
18.614212036132812 259.6319885253906
18.614212036132812 259.6319885253906
18.614212036132812 259.6319885253906
18.614212036132812 259.6319885253906
18.614212036132812 259.6319885253906
18.614212036132812 259.6319885253906
18.614212036132812 259.6319885253906
18.614212036132812 259.6319885253906
18.614212036132812 259.6319885253906
18.614212036132812 259.6319885253906
18.614212036132812 259.6319885253906
18.614212036132812 259.6319885253906
18.614212036132812 259.6319885253906
18.614212036132812 259.6319885253906
18.614212036132812 259.6319885253906
18.614212036132812 259.6319885253906
18.614212036132812 259.6319885253906
18.614212036132812 259.6319885253906
18.614212036132812 259.6319885253906
18.614212036132812 259.6319885253906
18.614212036132812 259.6319885253906
18.614212036132812 259.6319885253906
18.614212036132812 259.6319885253906
18.614212036132812 259.6319885253906
18.614212036132812 259.6319885253906
18.614212036132812 259.6319885253906
18.614212036132812 259.6319885253906
18.614212036132812 259.6319885253906
18.614212036132812 259.6319885253906
18.614212036132812 259.6319885253906
18.614212036132812 259.6319885253906
18.614212036132812 259.6319885253906
18.614212036132812 259.6319885253906
18.614212036132812 259.6319885253906
18.614212036132812 259.6319885253906
18.614212036132812 259.6319885253906
18.614212036132812 259.6319885253906
18.614212036132812 259.6319885253906
18.614212036132812 259.6319885253906
18.614212036132812 259.6319885253906
18.614212036132812 259.6319885253906
18.614212036132812 259.6319885253906
18.614212036132812 259.6319885253906
18.614212036132812 259.6319885253906
18.614212036132812 259.6319885253906
18.614212036132812 259.6319885253906
18.614212036132812 259.6319885253906
18.614212036132812 259.6319885253906
18.614212036132812 259.6319885253906
18.614212036132812 259.6319885253906
18.614212036132812 259.6319885253906
18.614212036132812 259.6319885253906
18.614212036132812 259.6319885253906
18.614212036132812 259.6319885253906
18.614212036132812 259.6319885253906
18.614212036132812 259.6319885253906
18.614212036132812 259.6319885253906
18.614212036132812 259.6319885253906
18.614212036132812 259.6319885253906
18.614212036132812 259.6319885253906
18.614212036132812 259.6319885253906
18.614212036132812 259.6319885253906
18.614212036132812 259.6319885253906
18.614212036132812 259.6319885253906
18.614212036132812 259.6319885253906
18.614212036132812 259.6319885253906
18.614212036132812 259.6319885253906
18.614212036132812 259.6319885253906
18.614212036132812 259.6319885253906
18.614212036132812 259.6319885253906
18.614212036132812 259.6319885253906
18.614212036132812 259.6319885253906
18.614212036132812 259.6319885253906
18.614212036132812 259.6319885253906
18.614212036132812 259.6319885253906
18.614212036132812 259.6319885253906
18.614212036132812 259.6319885253906
18.614212036132812 259.6319885253906
18.614212036132812 259.6319885253906
18.614212036132812 259.6319885253906
18.614212036132812 259.6319885253906
18.614212036132812 259.6319885253906
18.614212036132812 259.6319885253906
18.614212036132812 259.6319885253906
18.614212036132812 259.6319885253906
18.614212036132812 259.6319885253906
18.614212036132812 259.6319885253906
18.614212036132812 259.6319885253906
18.614212036132812 259.6319885253906
18.614212036132812 259.6319885253906
18.614212036132812 259.6319885253906
18.614212036132812 259.6319885253906
18.614212036132812 259.6319885253906
18.614212036132812 259.6319885253906
18.614212036132812 259.6319885253906
18.614212036132812 259.6319885253906
18.614212036132812 259.6319885253906
18.614212036132812 259.6319885253906
18.614212036132812 259.6319885253906
18.614212036132812 259.6319885253906
18.614212036132812 259.6319885253906
18.614212036132812 259.6319885253906
18.614212036132812 259.6319885253906
18.614212036132812 259.6319885253906
18.614212036132812 259.6319885253906
18.614212036132812 259.6319885253906
18.614212036132812 259.6319885253906
18.614212036132812 259.6319885253906
18.614212036132812 259.6319885253906
18.614212036132812 259.6319885253906
18.614212036132812 259.6319885253906
18.614212036132812 259.6319885253906
18.614212036132812 259.6319885253906
18.614212036132812 259.6319885253906
18.614212036132812 259.6319885253906
18.614212036132812 259.6319885253906
18.614212036132812 259.6319885253906
18.614212036132812 259.6319885253906
18.614212036132812 259.6319885253906
18.614212036132812 259.6319885253906
18.614212036132812 259.6319885253906
18.614212036132812 259.6319885253906
18.614212036132812 259.6319885253906
18.614212036132812 259.6319885253906
18.614212036132812 259.6319885253906
18.614212036132812 259.6319885253906
18.614212036132812 259.6319885253906
18.614212036132812 259.6319885253906
18.614212036132812 259.6319885253906
18.614212036132812 259.6319885253906
18.614212036132812 259.6319885253906
18.614212036132812 259.6319885253906
18.614212036132812 259.6319885253906
18.614212036132812 259.6319885253906
18.614212036132812 259.6319885253906
18.614212036132812 259.6319885253906
18.614212036132812 259.6319885253906
18.614212036132812 259.6319885253906
18.614212036132812 259.6319885253906
18.614212036132812 259.6319885253906
18.614212036132812 259.6319885253906
18.614212036132812 259.6319885253906
18.614212036132812 259.6319885253906
18.614212036132812 259.6319885253906
18.614212036132812 259.6319885253906
18.614212036132812 259.6319885253906
18.614212036132812 259.6319885253906
18.614212036132812 259.6319885253906
18.614212036132812 259.6319885253906
18.614212036132812 259.6319885253906
18.614212036132812 259.6319885253906
18.614212036132812 259.6319885253906
18.614212036132812 259.6319885253906
18.614212036132812 259.6319885253906
18.614212036132812 259.6319885253906
18.614212036132812 259.6319885253906
18.614212036132812 259.6319885253906
18.614212036132812 259.6319885253906
18.614212036132812 259.6319885253906
18.614212036132812 259.6319885253906
18.614212036132812 259.6319885253906
18.614212036132812 259.6319885253906
18.614212036132812 259.6319885253906
18.614212036132812 259.6319885253906
18.614212036132812 259.6319885253906
18.614212036132812 259.6319885253906
18.614212036132812 259.6319885253906
18.614212036132812 259.6319885253906
18.614212036132812 259.6319885253906
18.614212036132812 259.6319885253906
18.614212036132812 259.6319885253906
18.614212036132812 259.6319885253906
18.614212036132812 259.6319885253906
18.614212036132812 259.6319885253906
18.614212036132812 259.6319885253906
18.614212036132812 259.6319885253906
18.614212036132812 259.6319885253906
18.614212036132812 259.6319885253906
18.614212036132812 259.6319885253906
18.614212036132812 259.6319885253906
18.614212036132812 259.6319885253906
18.614212036132812 259.6319885253906
18.614212036132812 259.6319885253906
18.614212036132812 259.6319885253906
18.614212036132812 259.6319885253906
18.614212036132812 259.6319885253906
18.614212036132812 259.6319885253906
18.614212036132812 259.6319885253906
18.614212036132812 259.6319885253906
18.614212036132812 259.6319885253906
18.614212036132812 259.6319885253906
18.614212036132812 259.6319885253906
18.614212036132812 259.6319885253906
18.614212036132812 259.6319885253906
18.614212036132812 259.6319885253906
18.614212036132812 259.6319885253906
18.614212036132812 259.6319885253906
18.614212036132812 259.6319885253906
18.614212036132812 259.6319885253906
18.614212036132812 259.6319885253906
18.614212036132812 259.6319885253906
18.614212036132812 259.6319885253906
18.614212036132812 259.6319885253906
18.614212036132812 259.6319885253906
18.614212036132812 259.6319885253906
18.614212036132812 259.6319885253906
18.614212036132812 259.6319885253906
18.614212036132812 259.6319885253906
18.614212036132812 259.6319885253906
18.614212036132812 259.6319885253906
18.614212036132812 259.6319885253906
18.614212036132812 259.6319885253906
18.614212036132812 259.6319885253906
18.614212036132812 259.6319885253906
18.614212036132812 259.6319885253906
18.614212036132812 259.6319885253906
18.614212036132812 259.6319885253906
18.614212036132812 259.6319885253906
18.614212036132812 259.6319885253906
18.614212036132812 259.6319885253906
18.614212036132812 259.6319885253906
18.614212036132812 259.6319885253906
18.614212036132812 259.6319885253906
18.614212036132812 259.6319885253906
18.614212036132812 259.6319885253906
18.614212036132812 259.6319885253906
18.614212036132812 259.6319885253906
18.614212036132812 259.6319885253906
18.614212036132812 259.6319885253906
18.614212036132812 259.6319885253906
18.614212036132812 259.6319885253906
18.614212036132812 259.6319885253906
18.614212036132812 259.6319885253906
18.614212036132812 259.6319885253906
18.614212036132812 259.6319885253906
18.614212036132812 259.6319885253906
18.614212036132812 259.6319885253906
18.614212036132812 259.6319885253906
18.614212036132812 259.6319885253906
18.614212036132812 259.6319885253906
18.614212036132812 259.6319885253906
18.614212036132812 259.6319885253906
18.614212036132812 259.6319885253906
18.614212036132812 259.6319885253906
18.614212036132812 259.6319885253906
18.614212036132812 259.6319885253906
18.614212036132812 259.6319885253906
18.614212036132812 259.6319885253906
18.614212036132812 259.6319885253906
18.614212036132812 259.6319885253906
18.614212036132812 259.6319885253906
18.614212036132812 259.6319885253906
18.614212036132812 259.6319885253906
18.614212036132812 259.6319885253906
18.614212036132812 259.6319885253906
18.614212036132812 259.6319885253906
18.614212036132812 259.6319885253906
18.614212036132812 259.6319885253906
18.614212036132812 259.6319885253906
18.614212036132812 259.6319885253906
18.614212036132812 259.6319885253906
18.614212036132812 259.6319885253906
18.614212036132812 259.6319885253906
18.614212036132812 259.6319885253906
18.614212036132812 259.6319885253906
18.614212036132812 259.6319885253906
18.614212036132812 259.6319885253906
18.614212036132812 259.6319885253906
18.614212036132812 259.6319885253906
18.614212036132812 259.6319885253906
18.614212036132812 259.6319885253906
18.614212036132812 259.6319885253906
18.614212036132812 259.6319885253906
18.614212036132812 259.6319885253906
18.614212036132812 259.6319885253906
18.614212036132812 259.6319885253906
18.614212036132812 259.6319885253906
18.614212036132812 259.6319885253906
18.614212036132812 259.6319885253906
18.614212036132812 259.6319885253906
18.614212036132812 259.6319885253906
18.614212036132812 259.6319885253906
18.614212036132812 259.6319885253906
18.614212036132812 259.6319885253906
18.614212036132812 259.6319885253906
18.614212036132812 259.6319885253906
18.614212036132812 259.6319885253906
18.614212036132812 259.6319885253906
18.614212036132812 259.6319885253906
18.614212036132812 259.6319885253906
18.614212036132812 259.6319885253906
18.614212036132812 259.6319885253906
18.614212036132812 259.6319885253906
18.614212036132812 259.6319885253906
18.614212036132812 259.6319885253906
18.614212036132812 259.6319885253906
18.614212036132812 259.6319885253906
18.614212036132812 259.6319885253906
18.614212036132812 259.6319885253906
18.614212036132812 259.6319885253906
18.614212036132812 259.6319885253906
18.614212036132812 259.6319885253906
18.614212036132812 259.6319885253906
18.614212036132812 259.6319885253906
18.614212036132812 259.6319885253906
18.614212036132812 259.6319885253906
18.614212036132812 259.6319885253906
18.614212036132812 259.6319885253906
18.614212036132812 259.6319885253906
18.614212036132812 259.6319885253906
18.614212036132812 259.6319885253906
18.614212036132812 259.6319885253906
18.614212036132812 259.6319885253906
18.614212036132812 259.6319885253906
18.614212036132812 259.6319885253906
18.614212036132812 259.6319885253906
18.614212036132812 259.6319885253906
18.614212036132812 259.6319885253906
18.614212036132812 259.6319885253906
18.614212036132812 259.6319885253906
18.614212036132812 259.6319885253906
18.614212036132812 259.6319885253906
18.614212036132812 259.6319885253906
18.614212036132812 259.6319885253906
18.614212036132812 259.6319885253906
18.614212036132812 259.6319885253906
18.614212036132812 259.6319885253906
18.614212036132812 259.6319885253906
18.614212036132812 259.6319885253906
18.614212036132812 259.6319885253906
18.614212036132812 259.6319885253906
18.614212036132812 259.6319885253906
18.614212036132812 259.6319885253906
18.614212036132812 259.6319885253906
18.614212036132812 259.6319885253906
18.614212036132812 259.6319885253906
18.614212036132812 259.6319885253906
18.614212036132812 259.6319885253906
18.614212036132812 259.6319885253906
18.614212036132812 259.6319885253906
18.614212036132812 259.6319885253906
18.614212036132812 259.6319885253906
18.614212036132812 259.6319885253906
18.614212036132812 259.6319885253906
18.614212036132812 259.6319885253906
18.614212036132812 259.6319885253906
18.614212036132812 259.6319885253906
18.614212036132812 259.6319885253906
18.614212036132812 259.6319885253906
18.614212036132812 259.6319885253906
18.614212036132812 259.6319885253906
18.614212036132812 259.6319885253906
18.614212036132812 259.6319885253906
18.614212036132812 259.6319885253906
18.614212036132812 259.6319885253906
18.614212036132812 259.6319885253906
18.614212036132812 259.6319885253906
18.614212036132812 259.6319885253906
18.614212036132812 259.6319885253906
18.614212036132812 259.6319885253906
18.614212036132812 259.6319885253906
18.614212036132812 259.6319885253906
18.614212036132812 259.6319885253906
18.614212036132812 259.6319885253906
18.614212036132812 259.6319885253906
18.614212036132812 259.6319885253906
18.614212036132812 259.6319885253906
18.614212036132812 259.6319885253906
18.614212036132812 259.6319885253906
18.614212036132812 259.6319885253906
18.614212036132812 259.6319885253906
18.614212036132812 259.6319885253906
18.614212036132812 259.6319885253906
18.614212036132812 259.6319885253906
18.614212036132812 259.6319885253906
18.614212036132812 259.6319885253906
18.614212036132812 259.6319885253906
18.614212036132812 259.6319885253906
18.614212036132812 259.6319885253906
18.614212036132812 259.6319885253906
18.614212036132812 259.6319885253906
18.614212036132812 259.6319885253906
18.614212036132812 259.6319885253906
18.614212036132812 259.6319885253906
18.614212036132812 259.6319885253906
18.614212036132812 259.6319885253906
18.614212036132812 259.6319885253906
18.614212036132812 259.6319885253906
18.614212036132812 259.6319885253906
18.614212036132812 259.6319885253906
18.614212036132812 259.6319885253906
18.614212036132812 259.6319885253906
18.614212036132812 259.6319885253906
18.614212036132812 259.6319885253906
18.614212036132812 259.6319885253906
18.614212036132812 259.6319885253906
18.614212036132812 259.6319885253906
18.614212036132812 259.6319885253906
18.614212036132812 259.6319885253906
18.614212036132812 259.6319885253906
18.614212036132812 259.6319885253906
18.614212036132812 259.6319885253906
18.614212036132812 259.6319885253906
18.614212036132812 259.6319885253906
18.614212036132812 259.6319885253906
18.614212036132812 259.6319885253906
18.614212036132812 259.6319885253906
18.614212036132812 259.6319885253906
18.614212036132812 259.6319885253906
18.614212036132812 259.6319885253906
18.614212036132812 259.6319885253906
18.614212036132812 259.6319885253906
18.614212036132812 259.6319885253906
18.614212036132812 259.6319885253906
18.614212036132812 259.6319885253906
18.614212036132812 259.6319885253906
18.614212036132812 259.6319885253906
18.614212036132812 259.6319885253906
18.614212036132812 259.6319885253906
18.614212036132812 259.6319885253906
18.614212036132812 259.6319885253906
18.614212036132812 259.6319885253906
18.614212036132812 259.6319885253906
18.614212036132812 259.6319885253906
18.614212036132812 259.6319885253906
18.614212036132812 259.6319885253906
18.614212036132812 259.6319885253906
18.614212036132812 259.6319885253906
18.614212036132812 259.6319885253906
18.614212036132812 259.6319885253906
18.614212036132812 259.6319885253906
18.614212036132812 259.6319885253906
18.614212036132812 259.6319885253906
18.614212036132812 259.6319885253906
18.614212036132812 259.6319885253906
18.614212036132812 259.6319885253906
18.614212036132812 259.6319885253906
18.614212036132812 259.6319885253906
18.614212036132812 259.6319885253906
18.614212036132812 259.6319885253906
18.614212036132812 259.6319885253906
18.614212036132812 259.6319885253906
18.614212036132812 259.6319885253906
18.614212036132812 259.6319885253906
18.614212036132812 259.6319885253906
18.614212036132812 259.6319885253906
18.614212036132812 259.6319885253906
18.614212036132812 259.6319885253906
18.614212036132812 259.6319885253906
18.614212036132812 259.6319885253906
18.614212036132812 259.6319885253906
18.614212036132812 259.6319885253906
18.614212036132812 259.6319885253906
18.614212036132812 259.6319885253906
18.614212036132812 259.6319885253906
18.614212036132812 259.6319885253906
18.614212036132812 259.6319885253906
18.614212036132812 259.6319885253906
18.614212036132812 259.6319885253906
18.614212036132812 259.6319885253906
18.614212036132812 259.6319885253906
18.614212036132812 259.6319885253906
18.614212036132812 259.6319885253906
18.614212036132812 259.6319885253906
18.614212036132812 259.6319885253906
18.614212036132812 259.6319885253906
18.614212036132812 259.6319885253906
18.614212036132812 259.6319885253906
18.614212036132812 259.6319885253906
18.614212036132812 259.6319885253906
18.614212036132812 259.6319885253906
18.614212036132812 259.6319885253906
18.614212036132812 259.6319885253906
18.614212036132812 259.6319885253906
18.614212036132812 259.6319885253906
18.614212036132812 259.6319885253906
18.614212036132812 259.6319885253906
18.614212036132812 259.6319885253906
18.614212036132812 259.6319885253906
18.614212036132812 259.6319885253906
18.614212036132812 259.6319885253906
18.614212036132812 259.6319885253906
18.614212036132812 259.6319885253906
18.614212036132812 259.6319885253906
18.614212036132812 259.6319885253906
18.614212036132812 259.6319885253906
18.614212036132812 259.6319885253906
18.614212036132812 259.6319885253906
18.614212036132812 259.6319885253906
18.614212036132812 259.6319885253906
18.614212036132812 259.6319885253906
18.614212036132812 259.6319885253906
18.614212036132812 259.6319885253906
18.614212036132812 259.6319885253906
18.614212036132812 259.6319885253906
18.614212036132812 259.6319885253906
18.614212036132812 259.6319885253906
18.614212036132812 259.6319885253906
18.614212036132812 259.6319885253906
18.614212036132812 259.6319885253906
18.614212036132812 259.6319885253906
18.614212036132812 259.6319885253906
18.614212036132812 259.6319885253906
18.614212036132812 259.6319885253906
18.614212036132812 259.6319885253906
18.614212036132812 259.6319885253906
18.614212036132812 259.6319885253906
18.614212036132812 259.6319885253906
18.614212036132812 259.6319885253906
18.614212036132812 259.6319885253906
18.614212036132812 259.6319885253906
18.614212036132812 259.6319885253906
18.614212036132812 259.6319885253906
18.614212036132812 259.6319885253906
18.614212036132812 259.6319885253906
18.614212036132812 259.6319885253906
18.614212036132812 259.6319885253906
18.614212036132812 259.6319885253906
18.614212036132812 259.6319885253906
18.614212036132812 259.6319885253906
18.614212036132812 259.6319885253906
18.614212036132812 259.6319885253906
18.614212036132812 259.6319885253906
18.614212036132812 259.6319885253906
18.614212036132812 259.6319885253906
18.614212036132812 259.6319885253906
18.614212036132812 259.6319885253906
18.614212036132812 259.6319885253906
18.614212036132812 259.6319885253906
18.614212036132812 259.6319885253906
18.614212036132812 259.6319885253906
18.614212036132812 259.6319885253906
18.614212036132812 259.6319885253906
18.614212036132812 259.6319885253906
18.614212036132812 259.6319885253906
18.614212036132812 259.6319885253906
18.614212036132812 259.6319885253906
18.614212036132812 259.6319885253906
18.614212036132812 259.6319885253906
18.614212036132812 259.6319885253906
18.614212036132812 259.6319885253906
18.614212036132812 259.6319885253906
18.614212036132812 259.6319885253906
18.614212036132812 259.6319885253906
18.614212036132812 259.6319885253906
18.614212036132812 259.6319885253906
18.614212036132812 259.6319885253906
18.614212036132812 259.6319885253906
18.614212036132812 259.6319885253906
18.614212036132812 259.6319885253906
18.614212036132812 259.6319885253906
18.614212036132812 259.6319885253906
18.614212036132812 259.6319885253906
18.614212036132812 259.6319885253906
18.614212036132812 259.6319885253906
18.614212036132812 259.6319885253906
18.614212036132812 259.6319885253906
18.614212036132812 259.6319885253906
18.614212036132812 259.6319885253906
18.614212036132812 259.6319885253906
18.614212036132812 259.6319885253906
18.614212036132812 259.6319885253906
18.614212036132812 259.6319885253906
18.614212036132812 259.6319885253906
18.614212036132812 259.6319885253906
18.614212036132812 259.6319885253906
18.614212036132812 259.6319885253906
18.614212036132812 259.6319885253906
18.614212036132812 259.6319885253906
18.614212036132812 259.6319885253906
18.614212036132812 259.6319885253906
18.614212036132812 259.6319885253906
18.614212036132812 259.6319885253906
18.614212036132812 259.6319885253906
18.614212036132812 259.6319885253906
18.614212036132812 259.6319885253906
18.614212036132812 259.6319885253906
18.614212036132812 259.6319885253906
18.614212036132812 259.6319885253906
18.614212036132812 259.6319885253906
18.614212036132812 259.6319885253906
18.614212036132812 259.6319885253906
18.614212036132812 259.6319885253906
18.614212036132812 259.6319885253906
18.614212036132812 259.6319885253906
18.614212036132812 259.6319885253906
18.614212036132812 259.6319885253906
18.614212036132812 259.6319885253906
18.614212036132812 259.6319885253906
18.614212036132812 259.6319885253906
18.614212036132812 259.6319885253906
18.614212036132812 259.6319885253906
18.614212036132812 259.6319885253906
18.614212036132812 259.6319885253906
18.614212036132812 259.6319885253906
18.614212036132812 259.6319885253906
18.614212036132812 259.6319885253906
18.614212036132812 259.6319885253906
18.614212036132812 259.6319885253906
18.614212036132812 259.6319885253906
18.614212036132812 259.6319885253906
18.614212036132812 259.6319885253906
18.614212036132812 259.6319885253906
18.614212036132812 259.6319885253906
18.614212036132812 259.6319885253906
18.614212036132812 259.6319885253906
18.614212036132812 259.6319885253906
18.614212036132812 259.6319885253906
18.614212036132812 259.6319885253906
18.614212036132812 259.6319885253906
18.614212036132812 259.6319885253906
18.614212036132812 259.6319885253906
18.614212036132812 259.6319885253906
18.614212036132812 259.6319885253906
18.614212036132812 259.6319885253906
18.614212036132812 259.6319885253906
18.614212036132812 259.6319885253906
18.614212036132812 259.6319885253906
18.614212036132812 259.6319885253906
18.614212036132812 259.6319885253906
18.614212036132812 259.6319885253906
18.614212036132812 259.6319885253906
18.614212036132812 259.6319885253906
18.614212036132812 259.6319885253906
18.614212036132812 259.6319885253906
18.614212036132812 259.6319885253906
18.614212036132812 259.6319885253906
18.614212036132812 259.6319885253906
18.614212036132812 259.6319885253906
18.614212036132812 259.6319885253906
18.614212036132812 259.6319885253906
18.614212036132812 259.6319885253906
18.614212036132812 259.6319885253906
18.614212036132812 259.6319885253906
18.614212036132812 259.6319885253906
18.614212036132812 259.6319885253906
18.614212036132812 259.6319885253906
18.614212036132812 259.6319885253906
18.614212036132812 259.6319885253906
18.614212036132812 259.6319885253906
18.614212036132812 259.6319885253906
18.614212036132812 259.6319885253906
18.614212036132812 259.6319885253906
18.614212036132812 259.6319885253906
18.614212036132812 259.6319885253906
18.614212036132812 259.6319885253906
18.614212036132812 259.6319885253906
18.614212036132812 259.6319885253906
18.614212036132812 259.6319885253906
18.614212036132812 259.6319885253906
18.614212036132812 259.6319885253906
18.614212036132812 259.6319885253906
18.614212036132812 259.6319885253906
18.614212036132812 259.6319885253906
18.614212036132812 259.6319885253906
18.614212036132812 259.6319885253906
18.614212036132812 259.6319885253906
18.614212036132812 259.6319885253906
18.614212036132812 259.6319885253906
18.614212036132812 259.6319885253906
18.614212036132812 259.6319885253906
18.614212036132812 259.6319885253906
18.614212036132812 259.6319885253906
18.614212036132812 259.6319885253906
18.614212036132812 259.6319885253906
18.614212036132812 259.6319885253906
18.614212036132812 259.6319885253906
18.614212036132812 259.6319885253906
18.614212036132812 259.6319885253906
18.614212036132812 259.6319885253906
18.614212036132812 259.6319885253906
18.614212036132812 259.6319885253906
18.614212036132812 259.6319885253906
18.614212036132812 259.6319885253906
18.614212036132812 259.6319885253906
18.614212036132812 259.6319885253906
18.614212036132812 259.6319885253906
18.614212036132812 259.6319885253906
18.614212036132812 259.6319885253906
18.614212036132812 259.6319885253906
18.614212036132812 259.6319885253906
18.614212036132812 259.6319885253906
18.614212036132812 259.6319885253906
18.614212036132812 259.6319885253906
18.614212036132812 259.6319885253906
18.614212036132812 259.6319885253906
18.614212036132812 259.6319885253906
18.614212036132812 259.6319885253906
18.614212036132812 259.6319885253906
18.614212036132812 259.6319885253906
18.614212036132812 259.6319885253906
18.614212036132812 259.6319885253906
18.614212036132812 259.6319885253906
18.614212036132812 259.6319885253906
18.614212036132812 259.6319885253906
18.614212036132812 259.6319885253906
18.614212036132812 259.6319885253906
18.614212036132812 259.6319885253906
18.614212036132812 259.6319885253906
18.614212036132812 259.6319885253906
18.614212036132812 259.6319885253906
18.614212036132812 259.6319885253906
18.614212036132812 259.6319885253906
18.614212036132812 259.6319885253906
18.614212036132812 259.6319885253906
18.614212036132812 259.6319885253906
18.614212036132812 259.6319885253906
18.614212036132812 259.6319885253906
18.614212036132812 259.6319885253906
18.614212036132812 259.6319885253906
18.614212036132812 259.6319885253906
18.614212036132812 259.6319885253906
18.614212036132812 259.6319885253906
18.614212036132812 259.6319885253906
18.614212036132812 259.6319885253906
18.614212036132812 259.6319885253906
18.614212036132812 259.6319885253906
18.614212036132812 259.6319885253906
18.614212036132812 259.6319885253906
18.614212036132812 259.6319885253906
18.614212036132812 259.6319885253906
18.614212036132812 259.6319885253906
18.614212036132812 259.6319885253906
18.614212036132812 259.6319885253906
18.614212036132812 259.6319885253906
18.614212036132812 259.6319885253906
18.614212036132812 259.6319885253906
18.614212036132812 259.6319885253906
18.614212036132812 259.6319885253906
18.614212036132812 259.6319885253906
18.614212036132812 259.6319885253906
18.614212036132812 259.6319885253906
18.614212036132812 259.6319885253906
18.614212036132812 259.6319885253906
18.614212036132812 259.6319885253906
18.614212036132812 259.6319885253906
18.614212036132812 259.6319885253906
18.614212036132812 259.6319885253906
18.614212036132812 259.6319885253906
18.614212036132812 259.6319885253906
18.614212036132812 259.6319885253906
18.614212036132812 259.6319885253906
18.614212036132812 259.6319885253906
18.614212036132812 259.6319885253906
18.614212036132812 259.6319885253906
18.614212036132812 259.6319885253906
18.614212036132812 259.6319885253906
18.614212036132812 259.6319885253906
18.614212036132812 259.6319885253906
18.614212036132812 259.6319885253906
18.614212036132812 259.6319885253906
18.614212036132812 259.6319885253906
18.614212036132812 259.6319885253906
18.614212036132812 259.6319885253906
18.614212036132812 259.6319885253906
18.614212036132812 259.6319885253906
18.614212036132812 259.6319885253906
18.614212036132812 259.6319885253906
18.614212036132812 259.6319885253906
18.614212036132812 259.6319885253906
18.614212036132812 259.6319885253906
18.614212036132812 259.6319885253906
18.614212036132812 259.6319885253906
18.614212036132812 259.6319885253906
18.614212036132812 259.6319885253906
18.614212036132812 259.6319885253906
18.614212036132812 259.6319885253906
18.614212036132812 259.6319885253906
18.614212036132812 259.6319885253906
18.614212036132812 259.6319885253906
18.614212036132812 259.6319885253906
18.614212036132812 259.6319885253906
18.614212036132812 259.6319885253906
18.614212036132812 259.6319885253906
18.614212036132812 259.6319885253906
18.614212036132812 259.6319885253906
18.614212036132812 259.6319885253906
18.614212036132812 259.6319885253906
18.614212036132812 259.6319885253906
18.614212036132812 259.6319885253906
18.614212036132812 259.6319885253906
18.614212036132812 259.6319885253906
18.614212036132812 259.6319885253906
18.614212036132812 259.6319885253906
18.614212036132812 259.6319885253906
18.614212036132812 259.6319885253906
18.614212036132812 259.6319885253906
18.614212036132812 259.6319885253906
18.614212036132812 259.6319885253906
18.614212036132812 259.6319885253906
18.614212036132812 259.6319885253906
18.614212036132812 259.6319885253906
18.614212036132812 259.6319885253906
18.614212036132812 259.6319885253906
18.614212036132812 259.6319885253906
18.614212036132812 259.6319885253906
18.614212036132812 259.6319885253906
18.614212036132812 259.6319885253906
18.614212036132812 259.6319885253906
18.614212036132812 259.6319885253906
18.614212036132812 259.6319885253906
18.614212036132812 259.6319885253906
18.614212036132812 259.6319885253906
18.614212036132812 259.6319885253906
18.614212036132812 259.6319885253906
18.614212036132812 259.6319885253906
18.614212036132812 259.6319885253906
18.614212036132812 259.6319885253906
18.614212036132812 259.6319885253906
18.614212036132812 259.6319885253906
18.614212036132812 259.6319885253906
18.614212036132812 259.6319885253906
18.614212036132812 259.6319885253906
18.614212036132812 259.6319885253906
18.614212036132812 259.6319885253906
18.614212036132812 259.6319885253906
18.614212036132812 259.6319885253906
18.614212036132812 259.6319885253906
18.614212036132812 259.6319885253906
18.614212036132812 259.6319885253906
18.614212036132812 259.6319885253906
18.614212036132812 259.6319885253906
18.614212036132812 259.6319885253906
18.614212036132812 259.6319885253906
18.614212036132812 259.6319885253906
18.614212036132812 259.6319885253906
18.614212036132812 259.6319885253906
18.614212036132812 259.6319885253906
18.614212036132812 259.6319885253906
18.614212036132812 259.6319885253906
18.614212036132812 259.6319885253906
18.614212036132812 259.6319885253906
18.614212036132812 259.6319885253906
18.614212036132812 259.6319885253906
18.614212036132812 259.6319885253906
18.614212036132812 259.6319885253906
18.614212036132812 259.6319885253906
18.614212036132812 259.6319885253906
18.614212036132812 259.6319885253906
18.614212036132812 259.6319885253906
18.614212036132812 259.6319885253906
18.614212036132812 259.6319885253906
18.614212036132812 259.6319885253906
18.614212036132812 259.6319885253906
18.614212036132812 259.6319885253906
18.614212036132812 259.6319885253906
18.614212036132812 259.6319885253906
18.614212036132812 259.6319885253906
18.614212036132812 259.6319885253906
18.614212036132812 259.6319885253906
18.614212036132812 259.6319885253906
18.614212036132812 259.6319885253906
18.614212036132812 259.6319885253906
18.614212036132812 259.6319885253906
18.614212036132812 259.6319885253906
18.614212036132812 259.6319885253906
18.614212036132812 259.6319885253906
18.614212036132812 259.6319885253906
18.614212036132812 259.6319885253906
18.614212036132812 259.6319885253906
18.614212036132812 259.6319885253906
18.614212036132812 259.6319885253906
18.614212036132812 259.6319885253906
18.614212036132812 259.6319885253906
18.614212036132812 259.6319885253906
18.614212036132812 259.6319885253906
18.614212036132812 259.6319885253906
18.614212036132812 259.6319885253906
18.614212036132812 259.6319885253906
18.614212036132812 259.6319885253906
18.614212036132812 259.6319885253906
18.614212036132812 259.6319885253906
18.614212036132812 259.6319885253906
18.614212036132812 259.6319885253906
18.614212036132812 259.6319885253906
18.614212036132812 259.6319885253906
18.614212036132812 259.6319885253906
18.614212036132812 259.6319885253906
18.614212036132812 259.6319885253906
18.614212036132812 259.6319885253906
18.614212036132812 259.6319885253906
18.614212036132812 259.6319885253906
18.614212036132812 259.6319885253906
18.614212036132812 259.6319885253906
18.614212036132812 259.6319885253906
18.614212036132812 259.6319885253906
18.614212036132812 259.6319885253906
18.614212036132812 259.6319885253906
18.614212036132812 259.6319885253906
18.614212036132812 259.6319885253906
18.614212036132812 259.6319885253906
18.614212036132812 259.6319885253906
18.614212036132812 259.6319885253906
18.614212036132812 259.6319885253906
18.614212036132812 259.6319885253906
18.614212036132812 259.6319885253906
18.614212036132812 259.6319885253906
18.614212036132812 259.6319885253906
18.614212036132812 259.6319885253906
18.614212036132812 259.6319885253906
18.614212036132812 259.6319885253906
18.614212036132812 259.6319885253906
18.614212036132812 259.6319885253906
18.614212036132812 259.6319885253906
18.614212036132812 259.6319885253906
18.614212036132812 259.6319885253906
18.614212036132812 259.6319885253906
18.614212036132812 259.6319885253906
18.614212036132812 259.6319885253906
18.614212036132812 259.6319885253906
18.614212036132812 259.6319885253906
18.614212036132812 259.6319885253906
18.614212036132812 259.6319885253906
18.614212036132812 259.6319885253906
18.614212036132812 259.6319885253906
18.614212036132812 259.6319885253906
18.614212036132812 259.6319885253906
18.614212036132812 259.6319885253906
18.614212036132812 259.6319885253906
18.614212036132812 259.6319885253906
18.614212036132812 259.6319885253906
18.614212036132812 259.6319885253906
18.614212036132812 259.6319885253906
18.614212036132812 259.6319885253906
18.614212036132812 259.6319885253906
18.614212036132812 259.6319885253906
18.614212036132812 259.6319885253906
18.614212036132812 259.6319885253906
18.614212036132812 259.6319885253906
18.614212036132812 259.6319885253906
18.614212036132812 259.6319885253906
18.614212036132812 259.6319885253906
18.614212036132812 259.6319885253906
18.614212036132812 259.6319885253906
18.614212036132812 259.6319885253906
18.614212036132812 259.6319885253906
18.614212036132812 259.6319885253906
18.614212036132812 259.6319885253906
18.614212036132812 259.6319885253906
18.614212036132812 259.6319885253906
18.614212036132812 259.6319885253906
18.614212036132812 259.6319885253906
18.614212036132812 259.6319885253906
18.614212036132812 259.6319885253906
18.614212036132812 259.6319885253906
18.614212036132812 259.6319885253906
18.614212036132812 259.6319885253906
18.614212036132812 259.6319885253906
18.614212036132812 259.6319885253906
18.614212036132812 259.6319885253906
18.614212036132812 259.6319885253906
18.614212036132812 259.6319885253906
18.614212036132812 259.6319885253906
18.614212036132812 259.6319885253906
18.614212036132812 259.6319885253906
18.614212036132812 259.6319885253906
18.614212036132812 259.6319885253906
18.614212036132812 259.6319885253906
18.614212036132812 259.6319885253906
18.614212036132812 259.6319885253906
18.614212036132812 259.6319885253906
18.614212036132812 259.6319885253906
18.614212036132812 259.6319885253906
18.614212036132812 259.6319885253906
18.614212036132812 259.6319885253906
18.614212036132812 259.6319885253906
18.614212036132812 259.6319885253906
18.614212036132812 259.6319885253906
18.614212036132812 259.6319885253906
18.614212036132812 259.6319885253906
18.614212036132812 259.6319885253906
18.614212036132812 259.6319885253906
18.614212036132812 259.6319885253906
18.614212036132812 259.6319885253906
18.614212036132812 259.6319885253906
18.614212036132812 259.6319885253906
18.614212036132812 259.6319885253906
18.614212036132812 259.6319885253906
18.614212036132812 259.6319885253906
18.614212036132812 259.6319885253906
18.614212036132812 259.6319885253906
18.614212036132812 259.6319885253906
18.614212036132812 259.6319885253906
18.614212036132812 259.6319885253906
18.614212036132812 259.6319885253906
18.614212036132812 259.6319885253906
18.614212036132812 259.6319885253906
18.614212036132812 259.6319885253906
18.614212036132812 259.6319885253906
18.614212036132812 259.6319885253906
18.614212036132812 259.6319885253906
18.614212036132812 259.6319885253906
18.614212036132812 259.6319885253906
18.614212036132812 259.6319885253906
18.614212036132812 259.6319885253906
18.614212036132812 259.6319885253906
18.614212036132812 259.6319885253906
18.614212036132812 259.6319885253906
18.614212036132812 259.6319885253906
18.614212036132812 259.6319885253906
18.614212036132812 259.6319885253906
18.614212036132812 259.6319885253906
18.614212036132812 259.6319885253906
18.614212036132812 259.6319885253906
18.614212036132812 259.6319885253906
18.614212036132812 259.6319885253906
18.614212036132812 259.6319885253906
18.614212036132812 259.6319885253906
18.614212036132812 259.6319885253906
18.614212036132812 259.6319885253906
18.614212036132812 259.6319885253906
18.614212036132812 259.6319885253906
18.614212036132812 259.6319885253906
18.614212036132812 259.6319885253906
18.614212036132812 259.6319885253906
18.614212036132812 259.6319885253906
18.614212036132812 259.6319885253906
18.614212036132812 259.6319885253906
18.614212036132812 259.6319885253906
18.614212036132812 259.6319885253906
18.614212036132812 259.6319885253906
18.614212036132812 259.6319885253906
18.614212036132812 259.6319885253906
18.614212036132812 259.6319885253906
18.614212036132812 259.6319885253906
18.614212036132812 259.6319885253906
18.614212036132812 259.6319885253906
18.614212036132812 259.6319885253906
18.614212036132812 259.6319885253906
18.614212036132812 259.6319885253906
18.614212036132812 259.6319885253906
18.614212036132812 259.6319885253906
18.614212036132812 259.6319885253906
18.614212036132812 259.6319885253906
18.614212036132812 259.6319885253906
18.614212036132812 259.6319885253906
18.614212036132812 259.6319885253906
18.614212036132812 259.6319885253906
18.614212036132812 259.6319885253906
18.614212036132812 259.6319885253906
18.614212036132812 259.6319885253906
18.614212036132812 259.6319885253906
18.614212036132812 259.6319885253906
18.614212036132812 259.6319885253906
18.614212036132812 259.6319885253906
18.614212036132812 259.6319885253906
18.614212036132812 259.6319885253906
18.614212036132812 259.6319885253906
18.614212036132812 259.6319885253906
18.614212036132812 259.6319885253906
18.614212036132812 259.6319885253906
18.614212036132812 259.6319885253906
18.614212036132812 259.6319885253906
18.614212036132812 259.6319885253906
18.614212036132812 259.6319885253906
18.614212036132812 259.6319885253906
18.614212036132812 259.6319885253906
18.614212036132812 259.6319885253906
18.614212036132812 259.6319885253906
18.614212036132812 259.6319885253906
18.614212036132812 259.6319885253906
18.614212036132812 259.6319885253906
18.614212036132812 259.6319885253906
18.614212036132812 259.6319885253906
18.614212036132812 259.6319885253906
18.614212036132812 259.6319885253906
18.614212036132812 259.6319885253906
18.614212036132812 259.6319885253906
18.614212036132812 259.6319885253906
18.614212036132812 259.6319885253906
18.614212036132812 259.6319885253906
18.614212036132812 259.6319885253906
18.614212036132812 259.6319885253906
18.614212036132812 259.6319885253906
18.614212036132812 259.6319885253906
18.614212036132812 259.6319885253906
18.614212036132812 259.6319885253906
18.614212036132812 259.6319885253906
18.614212036132812 259.6319885253906
18.614212036132812 259.6319885253906
18.614212036132812 259.6319885253906
18.614212036132812 259.6319885253906
18.614212036132812 259.6319885253906
18.614212036132812 259.6319885253906
18.614212036132812 259.6319885253906
18.614212036132812 259.6319885253906
18.614212036132812 259.6319885253906
18.614212036132812 259.6319885253906
18.614212036132812 259.6319885253906
18.614212036132812 259.6319885253906
18.614212036132812 259.6319885253906
18.614212036132812 259.6319885253906
18.614212036132812 259.6319885253906
18.614212036132812 259.6319885253906
18.614212036132812 259.6319885253906
18.614212036132812 259.6319885253906
18.614212036132812 259.6319885253906
18.614212036132812 259.6319885253906
18.614212036132812 259.6319885253906
18.614212036132812 259.6319885253906
18.614212036132812 259.6319885253906
18.614212036132812 259.6319885253906
18.614212036132812 259.6319885253906
18.614212036132812 259.6319885253906
18.614212036132812 259.6319885253906
18.614212036132812 259.6319885253906
18.614212036132812 259.6319885253906
18.614212036132812 259.6319885253906
18.614212036132812 259.6319885253906
18.614212036132812 259.6319885253906
18.614212036132812 259.6319885253906
18.614212036132812 259.6319885253906
18.614212036132812 259.6319885253906
18.614212036132812 259.6319885253906
18.614212036132812 259.6319885253906
18.614212036132812 259.6319885253906
18.614212036132812 259.6319885253906
18.614212036132812 259.6319885253906
18.614212036132812 259.6319885253906
18.614212036132812 259.6319885253906
18.614212036132812 259.6319885253906
18.614212036132812 259.6319885253906
18.614212036132812 259.6319885253906
18.614212036132812 259.6319885253906
18.614212036132812 259.6319885253906
18.614212036132812 259.6319885253906
18.614212036132812 259.6319885253906
18.614212036132812 259.6319885253906
18.614212036132812 259.6319885253906
18.614212036132812 259.6319885253906
18.614212036132812 259.6319885253906
18.614212036132812 259.6319885253906
18.614212036132812 259.6319885253906
18.614212036132812 259.6319885253906
18.614212036132812 259.6319885253906
18.614212036132812 259.6319885253906
18.614212036132812 259.6319885253906
18.614212036132812 259.6319885253906
18.614212036132812 259.6319885253906
18.614212036132812 259.6319885253906
18.614212036132812 259.6319885253906
18.614212036132812 259.6319885253906
18.614212036132812 259.6319885253906
18.614212036132812 259.6319885253906
18.614212036132812 259.6319885253906
18.614212036132812 259.6319885253906
18.614212036132812 259.6319885253906
18.614212036132812 259.6319885253906
18.614212036132812 259.6319885253906
18.614212036132812 259.6319885253906
18.614212036132812 259.6319885253906
18.614212036132812 259.6319885253906
18.614212036132812 259.6319885253906
18.614212036132812 259.6319885253906
18.614212036132812 259.6319885253906
18.614212036132812 259.6319885253906
18.614212036132812 259.6319885253906
18.614212036132812 259.6319885253906
18.614212036132812 259.6319885253906
18.614212036132812 259.6319885253906
18.614212036132812 259.6319885253906
18.614212036132812 259.6319885253906
18.614212036132812 259.6319885253906
18.614212036132812 259.6319885253906
18.614212036132812 259.6319885253906
18.614212036132812 259.6319885253906
18.614212036132812 259.6319885253906
18.614212036132812 259.6319885253906
18.614212036132812 259.6319885253906
18.614212036132812 259.6319885253906
18.614212036132812 259.6319885253906
18.614212036132812 259.6319885253906
18.614212036132812 259.6319885253906
18.614212036132812 259.6319885253906
18.614212036132812 259.6319885253906
18.614212036132812 259.6319885253906
18.614212036132812 259.6319885253906
18.614212036132812 259.6319885253906
18.614212036132812 259.6319885253906
18.614212036132812 259.6319885253906
18.614212036132812 259.6319885253906
18.614212036132812 259.6319885253906
18.614212036132812 259.6319885253906
18.614212036132812 259.6319885253906
18.614212036132812 259.6319885253906
18.614212036132812 259.6319885253906
18.614212036132812 259.6319885253906
18.614212036132812 259.6319885253906
18.614212036132812 259.6319885253906
18.614212036132812 259.6319885253906
18.614212036132812 259.6319885253906
18.614212036132812 259.6319885253906
18.614212036132812 259.6319885253906
18.614212036132812 259.6319885253906
18.614212036132812 259.6319885253906
18.614212036132812 259.6319885253906
18.614212036132812 259.6319885253906
18.614212036132812 259.6319885253906
18.614212036132812 259.6319885253906
18.614212036132812 259.6319885253906
18.614212036132812 259.6319885253906
18.614212036132812 259.6319885253906
18.614212036132812 259.6319885253906
18.614212036132812 259.6319885253906
18.614212036132812 259.6319885253906
18.614212036132812 259.6319885253906
18.614212036132812 259.6319885253906
18.614212036132812 259.6319885253906
18.614212036132812 259.6319885253906
18.614212036132812 259.6319885253906
18.614212036132812 259.6319885253906
18.614212036132812 259.6319885253906
18.614212036132812 259.6319885253906
18.614212036132812 259.6319885253906
18.614212036132812 259.6319885253906
18.614212036132812 259.6319885253906
18.614212036132812 259.6319885253906
18.614212036132812 259.6319885253906
18.614212036132812 259.6319885253906
18.614212036132812 259.6319885253906
18.614212036132812 259.6319885253906
18.614212036132812 259.6319885253906
18.614212036132812 259.6319885253906
18.614212036132812 259.6319885253906
18.614212036132812 259.6319885253906
18.614212036132812 259.6319885253906
18.614212036132812 259.6319885253906
18.614212036132812 259.6319885253906
18.614212036132812 259.6319885253906
18.614212036132812 259.6319885253906
18.614212036132812 259.6319885253906
18.614212036132812 259.6319885253906
18.614212036132812 259.6319885253906
18.614212036132812 259.6319885253906
18.614212036132812 259.6319885253906
18.614212036132812 259.6319885253906
18.614212036132812 259.6319885253906
18.614212036132812 259.6319885253906
18.614212036132812 259.6319885253906
18.614212036132812 259.6319885253906
18.614212036132812 259.6319885253906
18.614212036132812 259.6319885253906
18.614212036132812 259.6319885253906
18.614212036132812 259.6319885253906
18.614212036132812 259.6319885253906
18.614212036132812 259.6319885253906
18.614212036132812 259.6319885253906
18.614212036132812 259.6319885253906
18.614212036132812 259.6319885253906
18.614212036132812 259.6319885253906
18.614212036132812 259.6319885253906
18.614212036132812 259.6319885253906
18.614212036132812 259.6319885253906
18.614212036132812 259.6319885253906
18.614212036132812 259.6319885253906
18.614212036132812 259.6319885253906
18.614212036132812 259.6319885253906
18.614212036132812 259.6319885253906
18.614212036132812 259.6319885253906
18.614212036132812 259.6319885253906
18.614212036132812 259.6319885253906
18.614212036132812 259.6319885253906
18.614212036132812 259.6319885253906
18.614212036132812 259.6319885253906
18.614212036132812 259.6319885253906
18.614212036132812 259.6319885253906
18.614212036132812 259.6319885253906
18.614212036132812 259.6319885253906
18.614212036132812 259.6319885253906
18.614212036132812 259.6319885253906
18.614212036132812 259.6319885253906
18.614212036132812 259.6319885253906
18.614212036132812 259.6319885253906
18.614212036132812 259.6319885253906
18.614212036132812 259.6319885253906
18.614212036132812 259.6319885253906
18.614212036132812 259.6319885253906
18.614212036132812 259.6319885253906
18.614212036132812 259.6319885253906
18.614212036132812 259.6319885253906
18.614212036132812 259.6319885253906
18.614212036132812 259.6319885253906
18.614212036132812 259.6319885253906
18.614212036132812 259.6319885253906
18.614212036132812 259.6319885253906
18.614212036132812 259.6319885253906
18.614212036132812 259.6319885253906
18.614212036132812 259.6319885253906
18.614212036132812 259.6319885253906
18.614212036132812 259.6319885253906
18.614212036132812 259.6319885253906
18.614212036132812 259.6319885253906
18.614212036132812 259.6319885253906
18.614212036132812 259.6319885253906
18.614212036132812 259.6319885253906
18.614212036132812 259.6319885253906
18.614212036132812 259.6319885253906
18.614212036132812 259.6319885253906
18.614212036132812 259.6319885253906
18.614212036132812 259.6319885253906
18.614212036132812 259.6319885253906
18.614212036132812 259.6319885253906
18.614212036132812 259.6319885253906
18.614212036132812 259.6319885253906
18.614212036132812 259.6319885253906
18.614212036132812 259.6319885253906
18.614212036132812 259.6319885253906
18.614212036132812 259.6319885253906
18.614212036132812 259.6319885253906
18.614212036132812 259.6319885253906
18.614212036132812 259.6319885253906
18.614212036132812 259.6319885253906
18.614212036132812 259.6319885253906
18.614212036132812 259.6319885253906
18.614212036132812 259.6319885253906
18.614212036132812 259.6319885253906
18.614212036132812 259.6319885253906
18.614212036132812 259.6319885253906
18.614212036132812 259.6319885253906
18.614212036132812 259.6319885253906
18.614212036132812 259.6319885253906
18.614212036132812 259.6319885253906
18.614212036132812 259.6319885253906
18.614212036132812 259.6319885253906
18.614212036132812 259.6319885253906
18.614212036132812 259.6319885253906
18.614212036132812 259.6319885253906
18.614212036132812 259.6319885253906
18.614212036132812 259.6319885253906
18.614212036132812 259.6319885253906
18.614212036132812 259.6319885253906
18.614212036132812 259.6319885253906
18.614212036132812 259.6319885253906
18.614212036132812 259.6319885253906
18.614212036132812 259.6319885253906
18.614212036132812 259.6319885253906
18.614212036132812 259.6319885253906
18.614212036132812 259.6319885253906
18.614212036132812 259.6319885253906
18.614212036132812 259.6319885253906
18.614212036132812 259.6319885253906
18.614212036132812 259.6319885253906
18.614212036132812 259.6319885253906
18.614212036132812 259.6319885253906
18.614212036132812 259.6319885253906
18.614212036132812 259.6319885253906
18.614212036132812 259.6319885253906
18.614212036132812 259.6319885253906
18.614212036132812 259.6319885253906
18.614212036132812 259.6319885253906
18.614212036132812 259.6319885253906
18.614212036132812 259.6319885253906
18.614212036132812 259.6319885253906
18.614212036132812 259.6319885253906
18.614212036132812 259.6319885253906
18.614212036132812 259.6319885253906
18.614212036132812 259.6319885253906
18.614212036132812 259.6319885253906
18.614212036132812 259.6319885253906
18.614212036132812 259.6319885253906
18.614212036132812 259.6319885253906
18.614212036132812 259.6319885253906
18.614212036132812 259.6319885253906
18.614212036132812 259.6319885253906
18.614212036132812 259.6319885253906
18.614212036132812 259.6319885253906
18.614212036132812 259.6319885253906
18.614212036132812 259.6319885253906
18.614212036132812 259.6319885253906
18.614212036132812 259.6319885253906
18.614212036132812 259.6319885253906
18.614212036132812 259.6319885253906
18.614212036132812 259.6319885253906
18.614212036132812 259.6319885253906
18.614212036132812 259.6319885253906
18.614212036132812 259.6319885253906
18.614212036132812 259.6319885253906
18.614212036132812 259.6319885253906
18.614212036132812 259.6319885253906
18.614212036132812 259.6319885253906
18.614212036132812 259.6319885253906
18.614212036132812 259.6319885253906
18.614212036132812 259.6319885253906
18.614212036132812 259.6319885253906
18.614212036132812 259.6319885253906
18.614212036132812 259.6319885253906
18.614212036132812 259.6319885253906
18.614212036132812 259.6319885253906
18.614212036132812 259.6319885253906
18.614212036132812 259.6319885253906
18.614212036132812 259.6319885253906
18.614212036132812 259.6319885253906
18.614212036132812 259.6319885253906
18.614212036132812 259.6319885253906
18.614212036132812 259.6319885253906
18.614212036132812 259.6319885253906
18.614212036132812 259.6319885253906
18.614212036132812 259.6319885253906
18.614212036132812 259.6319885253906
18.614212036132812 259.6319885253906
18.614212036132812 259.6319885253906
